[04/12/2019, 03:38] 001(127.0.0.1) sunucuya giriþ yaptý.
[04/12/2019, 03:38] (komut) Veronica_Renfrow(2): /git ls
[04/12/2019, 03:39] (komut) Veronica_Renfrow(2): /liderayarla 0 0
[04/12/2019, 03:39] [ADM] viathegod(2), Veronica_Renfrow(2) adlý kiþiyi Los Santos Police Department birlik lideri yaptý.
[04/12/2019, 03:39] (komut) Veronica_Renfrow(2): /aracver 0 
[04/12/2019, 03:39] (komut) Veronica_Renfrow(2): /aracver 0 522
[04/12/2019, 03:39] viathegod(2), Veronica_Renfrow(2) adlý kiþiye NRG-500 model arac verdi. (SID: 0)
[04/12/2019, 03:40] (komut) Veronica_Renfrow(2): /aracduzenle 10 renk1 0
[04/12/2019, 03:40] (komut) Veronica_Renfrow(2): /aracduzenle 10 renk2 0
[04/12/2019, 03:40] (komut) Veronica_Renfrow(2): /ymac
[04/12/2019, 03:40] [cmd_ame] Veronica_Renfrow(2) anahtarý saat yönünde çevirir ve aracýn motorunu açmaya çalýþýr.
[04/12/2019, 03:40] (komut) Veronica_Renfrow(2): /git ls
[04/12/2019, 03:40] (komut) Veronica_Renfrow(2): /aliste
[04/12/2019, 03:40] (komut) Veronica_Renfrow(2): /aracabin 10
[04/12/2019, 03:40] (komut) Veronica_Renfrow(2): /garaj
[04/12/2019, 03:40] [cmd_ame] Veronica_Renfrow(2) sað eliyle kontaðý çevirir ve aracýn motorunu kapatýr.
[04/12/2019, 03:40] (komut) Veronica_Renfrow(2): /garaj
[04/12/2019, 03:40] (komut) Veronica_Renfrow(2): /garaj
[04/12/2019, 03:41] (komut) Veronica_Renfrow(2): /silahsifirla 0
[04/12/2019, 03:41] (komut) Veronica_Renfrow(2): /asilahsifirla 0
[04/12/2019, 03:41] viathegod(2), Veronica_Renfrow(2) adlý kiþinin silahlarýný sýfýrladý.
[04/12/2019, 03:41] [cmd_ame] Veronica_Renfrow(2) anahtarý saat yönünde çevirir ve aracýn motorunu açmaya çalýþýr.
[04/12/2019, 03:41] (komut) Veronica_Renfrow(2): /telefon
[04/12/2019, 03:41] [cmd_me] Veronica_Renfrow(2) elini cebine götürür, telefonunu çýkarýr.
[04/12/2019, 03:41] (komut) Veronica_Renfrow(2): /telefon
[04/12/2019, 03:41] [cmd_me] Veronica_Renfrow(2) elini cebine götürür, telefonunu çýkarýr.
[04/12/2019, 03:41] (komut) Veronica_Renfrow(2): /telefon
[04/12/2019, 03:41] [cmd_me] Veronica_Renfrow(2) elini cebine götürür, telefonunu çýkarýr.
[04/12/2019, 03:42] (komut) Veronica_Renfrow(2): /git ev 5
[04/12/2019, 03:42] (komut) Veronica_Renfrow(2): /acek 10
[04/12/2019, 03:42] viathegod(2) bir aracý yanýna çekti. (SQL: 27)
[04/12/2019, 03:43] (komut) Veronica_Renfrow(2): /aracsil 1
[04/12/2019, 03:43] viathegod(2) bir aracý sildi. (SAHIP: 1 / Model: Huntley)
[04/12/2019, 03:44] [cmd_ame] Veronica_Renfrow(2) sað eliyle kontaðý çevirir ve aracýn motorunu kapatýr.
[04/12/2019, 03:44] (komut) Veronica_Renfrow(2): /arac
[04/12/2019, 03:44] [cmd_ame] Veronica_Renfrow(2) anahtarý saat yönünde çevirir ve aracýn motorunu açmaya çalýþýr.
[04/12/2019, 03:44] [cmd_ame] Veronica_Renfrow(2) sað eliyle kontaðý çevirir ve aracýn motorunu kapatýr.
[04/12/2019, 03:44] (komut) Veronica_Renfrow(2): /arac
[04/12/2019, 03:44] (komut) Veronica_Renfrow(2): /telefon
[04/12/2019, 03:44] [cmd_me] Veronica_Renfrow(2) elini cebine götürür, telefonunu çýkarýr.
[04/12/2019, 03:50] (komut) Veronica_Renfrow(2): /karakter 0
[04/12/2019, 03:57] 538(25.4.91.44) sunucuya giriþ yaptý.
[04/12/2019, 03:59] (komut) Batuhan_Test(32): /git 0
[04/12/2019, 03:59] Darly(32), Veronica_Renfrow(2) adlý kiþiye ýþýnlandý.
[04/12/2019, 04:00] (komut) Batuhan_Test(32): /isimdegistir
[04/12/2019, 04:00] (komut) Batuhan_Test(32): /setname
[04/12/2019, 04:00] (komut) Batuhan_Test(32): /aname
[04/12/2019, 04:00] (komut) Batuhan_Test(32): /ah
[04/12/2019, 04:00] (komut) Batuhan_Test(32): /aisimdegistir
[04/12/2019, 04:00] (komut) Batuhan_Test(32): /aisimdegistir 1 Ragnar_Lothbrook
[04/12/2019, 04:00] Darly(32), Batuhan_Test(32) adlý kiþinin ismini Ragnar_Lothbrook olarak deðiþtirdi.
[04/12/2019, 04:01] (komut) Ragnar_Lothbrook(32): /telefon
[04/12/2019, 04:01] [cmd_me] Ragnar_Lothbrook(32) elini cebine götürür, telefonunu çýkarýr.
[04/12/2019, 04:01] (komut) Ragnar_Lothbrook(32): /karakter
[04/12/2019, 04:01] (komut) Ragnar_Lothbrook(32): /id 1
[04/12/2019, 04:01] (komut) Ragnar_Lothbrook(32): /id ragnar
[04/12/2019, 04:01] (komut) Ragnar_Lothbrook(32): /amoto
[04/12/2019, 04:01] (komut) Ragnar_Lothbrook(32): /amotoer
[04/12/2019, 04:01] (komut) Ragnar_Lothbrook(32): /amotor
[04/12/2019, 04:01] [cmd_ame] Ragnar_Lothbrook(32) anahtarý saat yönünde çevirir ve aracýn motorunu açmaya çalýþýr.
[04/12/2019, 04:04] (komut) Veronica_Renfrow(2): /restart
[04/12/2019, 04:04] (komut) Veronica_Renfrow(2): /restart 1 1
[04/12/2019, 04:04] 001(127.0.0.1) oyundan çýkýþ yaptý.
[04/12/2019, 04:04] 538(25.4.91.44) oyundan çýkýþ yaptý.
[04/12/2019, 04:05] 001(127.0.0.1) sunucuya giriþ yaptý.
[04/12/2019, 04:05] 538(25.4.91.44) sunucuya giriþ yaptý.
[04/12/2019, 04:05] (komut) Biddy_Boelter(1): /KARAKTER
[04/12/2019, 04:05] 538(255.255.255.255) oyundan çýkýþ yaptý.
[04/12/2019, 04:05] (komut) Biddy_Boelter(1): /KARAKTER
[04/12/2019, 04:10] 538(25.4.91.44) sunucuya giriþ yaptý.
[04/12/2019, 04:10] (komut) Ragnar_Lothbrook(32): /amotor
[04/12/2019, 04:10] [cmd_ame] Ragnar_Lothbrook(32) anahtarý saat yönünde çevirir ve aracýn motorunu açmaya çalýþýr.
[04/12/2019, 04:15] (komut) Ragnar_Lothbrook(32): /git grotti
[04/12/2019, 04:33] (komut) Biddy_Boelter(1): /git bina 1
[04/12/2019, 04:33] (komut) Biddy_Boelter(1): /git bina 2
[04/12/2019, 04:33] (komut) Biddy_Boelter(1): /lisanslar
[04/12/2019, 04:33] (komut) Biddy_Boelter(1): /lisans
[04/12/2019, 04:34] (komut) Biddy_Boelter(1): /lisans
[04/12/2019, 04:34] (komut) Biddy_Boelter(1): /lisans
[04/12/2019, 04:37] (komut) Biddy_Boelter(1): /git arac 10
[04/12/2019, 04:37] (komut) Biddy_Boelter(1): /git arac 9
[04/12/2019, 04:37] (komut) Biddy_Boelter(1): /aliste
[04/12/2019, 04:37] (komut) Biddy_Boelter(1): /git arac
[04/12/2019, 04:37] (komut) Biddy_Boelter(1): /git ls
[04/12/2019, 04:37] (komut) Biddy_Boelter(1): /aracver 0 
[04/12/2019, 04:37] (komut) Biddy_Boelter(1): /aracver 0 522 3 1
[04/12/2019, 04:37] viathegod(1), Biddy_Boelter(1) adlý kiþiye NRG-500 model arac verdi. (SID: 0)
[04/12/2019, 04:37] (komut) Biddy_Boelter(1): /arac
[04/12/2019, 04:37] (komut) Ragnar_Lothbrook(32): /git 0
[04/12/2019, 04:37] Darly(32), Biddy_Boelter(1) adlý kiþiye ýþýnlandý.
[04/12/2019, 04:38] (komut) Biddy_Boelter(1): /aracres 8
[04/12/2019, 04:38] viathegod(1) bir araç respawnladý. (SQL: 13)
[04/12/2019, 04:38] (komut) Biddy_Boelter(1): /aracres 4
[04/12/2019, 04:38] viathegod(1) bir araç respawnladý. (SQL: 24)
[04/12/2019, 04:38] (komut) Biddy_Boelter(1): /aracres 8
[04/12/2019, 04:38] viathegod(1) bir araç respawnladý. (SQL: 13)
[04/12/2019, 04:38] (komut) Biddy_Boelter(1): /arasil 8
[04/12/2019, 04:38] (komut) Biddy_Boelter(1): /aracsil 8
[04/12/2019, 04:38] viathegod(1) bir aracý sildi. (SAHIP: 13 / Model: Infernus)
[04/12/2019, 04:38] (komut) Biddy_Boelter(1): /aracres
[04/12/2019, 04:38] (komut) Biddy_Boelter(1): /aliste
[04/12/2019, 04:38] (komut) Biddy_Boelter(1): /aracres 10
[04/12/2019, 04:38] viathegod(1) bir araç respawnladý. (SQL: 28)
[04/12/2019, 04:39] (komut) Biddy_Boelter(1): /karakter
[04/12/2019, 04:39] (komut) Biddy_Boelter(1): /yardim
[04/12/2019, 04:39] (komut) Biddy_Boelter(1): /dilsec
[04/12/2019, 04:40] (komut) Biddy_Boelter(1): /aksesuar
[04/12/2019, 04:40] (komut) Biddy_Boelter(1): /yardim
[04/12/2019, 04:40] (komut) Biddy_Boelter(1): /gatelerim
[04/12/2019, 04:41] (komut) Biddy_Boelter(1): /telefon
[04/12/2019, 04:41] [cmd_me] Biddy_Boelter(1) elini cebine götürür, telefonunu çýkarýr.
[04/12/2019, 04:41] (komut) Biddy_Boelter(1): /telefon
[04/12/2019, 04:41] [cmd_me] Biddy_Boelter(1) elini cebine götürür, telefonunu çýkarýr.
[04/12/2019, 04:44] (komut) Biddy_Boelter(1): /restart 1 1
[04/12/2019, 04:44] 001(127.0.0.1) oyundan çýkýþ yaptý.
[04/12/2019, 04:44] 538(25.4.91.44) oyundan çýkýþ yaptý.
[04/12/2019, 04:45] 001(127.0.0.1) sunucuya giriþ yaptý.
[04/12/2019, 04:45] 538(25.4.91.44) sunucuya giriþ yaptý.
[04/12/2019, 04:45] 001(127.0.0.1) oyundan çýkýþ yaptý.
[04/12/2019, 04:45] 538(255.255.255.255) oyundan çýkýþ yaptý.
[04/12/2019, 04:47] 001(127.0.0.1) sunucuya giriþ yaptý.
[04/12/2019, 04:48] (komut) Biddy_Boelter(1): /git atm 2
[04/12/2019, 04:48] (komut) Biddy_Boelter(1): /git atm 4
[04/12/2019, 04:48] (komut) Biddy_Boelter(1): /git atm 5
[04/12/2019, 04:50] (komut) Biddy_Boelter(1): /git ls
[04/12/2019, 04:50] (komut) Biddy_Boelter(1): /yardim
[04/12/2019, 04:50] (komut) Biddy_Boelter(1): /kimlikgoster 0
[04/12/2019, 04:50] [cmd_me] Biddy_Boelter(1) kimliðini çýkarýr ve görebileceði hizada kaldýrýr.
[04/12/2019, 04:50] (komut) Biddy_Boelter(1): /ason
[04/12/2019, 04:50] (komut) Biddy_Boelter(1): /arac
[04/12/2019, 04:50] (komut) Biddy_Boelter(1): /arac
[04/12/2019, 04:51] Biddy_Boelter(255.255.255.255) oyundan çýkýþ yaptý.
