[06/12/2019, 04:12] 001(127.0.0.1) sunucuya giriþ yaptý.
[06/12/2019, 04:12] (komut) Veronica_Renfrow(2): /birlikler
[06/12/2019, 04:12] (komut) Veronica_Renfrow(2): /liderayarla 0 6
[06/12/2019, 04:12] [ADM] viathegod(2), Veronica_Renfrow(2) adlý kiþiyi Los Santos News birlik lideri yaptý.
[06/12/2019, 04:12] (komut) Veronica_Renfrow(2): /git dolap 6
[06/12/2019, 04:12] (komut) Veronica_Renfrow(2): /dolap
[06/12/2019, 04:12] (komut) Veronica_Renfrow(2): /git
[06/12/2019, 04:12] (komut) Veronica_Renfrow(2): /git isyeri 0
[06/12/2019, 04:12] (komut) Veronica_Renfrow(2): /git isyeri 1
[06/12/2019, 04:12] (komut) Veronica_Renfrow(2): /git isyeri 2
[06/12/2019, 04:12] (komut) Veronica_Renfrow(2): /git isyeri 3
[06/12/2019, 04:13] (komut) Veronica_Renfrow(2): /satinal
[06/12/2019, 04:13] (komut) Veronica_Renfrow(2): /satinal
[06/12/2019, 04:21] Veronica_Renfrow(255.255.255.255) oyundan çýkýþ yaptý.
[06/12/2019, 04:32] 001(127.0.0.1) sunucuya giriþ yaptý.
[06/12/2019, 04:32] (komut) Veronica_Renfrow(2): /git ls
[06/12/2019, 04:32] (komut) Veronica_Renfrow(2): /aliste
[06/12/2019, 04:33] (komut) Veronica_Renfrow(2): /acek 4
[06/12/2019, 04:33] viathegod(2) bir aracý yanýna çekti. (SQL: 27)
[06/12/2019, 04:33] [cmd_ame] Veronica_Renfrow(2) anahtarý saat yönünde çevirir ve aracýn motorunu açmaya çalýþýr.
[06/12/2019, 04:36] Veronica_Renfrow(255.255.255.255) oyundan çýkýþ yaptý.
