[06/02/2020, 23:06] 001(127.0.0.1) sunucuya giriþ yaptý.
[06/02/2020, 23:08] (komut) Clara_Sherwood(10): /KARAKTERSec
[06/02/2020, 23:08] Clara_Sherwood(127.0.0.1) oyundan çýkýþ yaptý.
[06/02/2020, 23:08] 001(127.0.0.1) sunucuya giriþ yaptý.
[06/02/2020, 23:08] (komut) Clara_Sherwood(10): /GÝT LS
[06/02/2020, 23:08] (komut) Clara_Sherwood(10): /git ls
[06/02/2020, 23:08] (komut) Clara_Sherwood(10): /git sf
[06/02/2020, 23:09] (komut) Clara_Sherwood(10): /ahelp
[06/02/2020, 23:09] (komut) Clara_Sherwood(10): /aev
[06/02/2020, 23:09] (komut) Clara_Sherwood(10): /mulklerim
[06/02/2020, 23:09] (komut) Clara_Sherwood(10): /git ev 2
[06/02/2020, 23:09] (komut) Clara_Sherwood(10): /ev
[06/02/2020, 23:09] (komut) Clara_Sherwood(10): /ev
[06/02/2020, 23:09] [cmd_me] Clara_Sherwood(10) evin kapýsýný kilitler.
[06/02/2020, 23:10] (komut) Clara_Sherwood(10): /evlamba
[06/02/2020, 23:10] [cmd_me] Clara_Sherwood(10) ýþýklarý açar.
[06/02/2020, 23:10] (komut) Clara_Sherwood(10): /ev
[06/02/2020, 23:10] (komut) Clara_Sherwood(10): /ev
[06/02/2020, 23:10] (komut) Clara_Sherwood(10): /ev
[06/02/2020, 23:10] (komut) Clara_Sherwood(10): /aksesuar
[06/02/2020, 23:10] (komut) Clara_Sherwood(10): /git isyeri 1
[06/02/2020, 23:10] (komut) Clara_Sherwood(10): /satinal
[06/02/2020, 23:11] (komut) Clara_Sherwood(10): /git isyeri 0
[06/02/2020, 23:11] (komut) Clara_Sherwood(10): /git isyeri 1
[06/02/2020, 23:11] (komut) Clara_Sherwood(10): /git isyeri 2
[06/02/2020, 23:11] (komut) Clara_Sherwood(10): /git isyeri 3
[06/02/2020, 23:11] (komut) Clara_Sherwood(10): /ev
[06/02/2020, 23:11] (komut) Clara_Sherwood(10): /satinal
[06/02/2020, 23:11] (komut) Clara_Sherwood(10): /aksesuar
[06/02/2020, 23:11] (komut) Clara_Sherwood(10): /aksesuar
[06/02/2020, 23:11] (komut) Clara_Sherwood(10): /aksesuar
[06/02/2020, 23:12] (komut) Clara_Sherwood(10): /aksesuar
[06/02/2020, 23:13] (komut) Clara_Sherwood(10): /git 
[06/02/2020, 23:13] (komut) Clara_Sherwood(10): /git isyeri 5
[06/02/2020, 23:13] (komut) Clara_Sherwood(10): /git isyeri 6
[06/02/2020, 23:13] (komut) Clara_Sherwood(10): /git isyeri 7
[06/02/2020, 23:13] (komut) Clara_Sherwood(10): /git isyeri 14
[06/02/2020, 23:13] (komut) Clara_Sherwood(10): /git isyeri 15
[06/02/2020, 23:13] (komut) Clara_Sherwood(10): /git isyeri 20
[06/02/2020, 23:13] (komut) Clara_Sherwood(10): /git isyeri 18
[06/02/2020, 23:13] (komut) Clara_Sherwood(10): /git isyeri 17
[06/02/2020, 23:13] (komut) Clara_Sherwood(10): /git isyeri 15
[06/02/2020, 23:13] (komut) Clara_Sherwood(10): /git isyeri 14
[06/02/2020, 23:13] (komut) Clara_Sherwood(10): /git isyeri 13
[06/02/2020, 23:13] Clara_Sherwood(255.255.255.255) oyundan çýkýþ yaptý.
[06/02/2020, 23:16] 001(127.0.0.1) sunucuya giriþ yaptý.
[06/02/2020, 23:16] (komut) Clara_Sherwood(10): /git isyeri 4
[06/02/2020, 23:16] (komut) Clara_Sherwood(10): /git isyeri 5
[06/02/2020, 23:16] (komut) Clara_Sherwood(10): /git isyeri 3
[06/02/2020, 23:16] (komut) Clara_Sherwood(10): /git isyeri 6
[06/02/2020, 23:16] (komut) Clara_Sherwood(10): /git isyeri 7
[06/02/2020, 23:16] (komut) Clara_Sherwood(10): /git isyeri 8
[06/02/2020, 23:16] (komut) Clara_Sherwood(10): /git isyeri 9
[06/02/2020, 23:17] (komut) Clara_Sherwood(10): /git isyeri 10
[06/02/2020, 23:17] (komut) Clara_Sherwood(10): /git isyeri 11
[06/02/2020, 23:17] (komut) Clara_Sherwood(10): /git isyeri 12
[06/02/2020, 23:17] (komut) Clara_Sherwood(10): /git isyeri 13
[06/02/2020, 23:17] (komut) Clara_Sherwood(10): /git isyeri 14
[06/02/2020, 23:17] (komut) Clara_Sherwood(10): /git isyeri 15
[06/02/2020, 23:17] (komut) Clara_Sherwood(10): /git isyeri 16
[06/02/2020, 23:17] (komut) Clara_Sherwood(10): /git isyeri 17
[06/02/2020, 23:17] (komut) Clara_Sherwood(10): /git isyeri 18
[06/02/2020, 23:17] (komut) Clara_Sherwood(10): /git isyeri 19
[06/02/2020, 23:17] (komut) Clara_Sherwood(10): /git isyeri 20
[06/02/2020, 23:17] (komut) Clara_Sherwood(10): /c
[06/02/2020, 23:17] (komut) Clara_Sherwood(10): /cc
[06/02/2020, 23:17] (komut) Clara_Sherwood(10): /asilahver 0 24
[06/02/2020, 23:17] via(10), Clara_Sherwood(10) adlý kiþiye Deagle model silah verdi.
[06/02/2020, 23:17] (komut) Clara_Sherwood(10): /satinal
[06/02/2020, 23:18] (komut) Clara_Sherwood(10): /satinal
[06/02/2020, 23:18] (komut) Clara_Sherwood(10): /git isyeri 5
[06/02/2020, 23:18] (komut) Clara_Sherwood(10): /git isyeri 11
[06/02/2020, 23:18] (komut) Clara_Sherwood(10): /git isyeri 20
[06/02/2020, 23:18] (komut) Clara_Sherwood(10): /git isyeri 21
[06/02/2020, 23:18] (komut) Clara_Sherwood(10): /satinal
[06/02/2020, 23:19] (komut) Clara_Sherwood(10): /envanter
[06/02/2020, 23:19] (komut) Clara_Sherwood(10): /git santa
[06/02/2020, 23:19] (komut) Clara_Sherwood(10): /jetpack
[06/02/2020, 23:19] (komut) Clara_Sherwood(10): /sigara
[06/02/2020, 23:20] (komut) Clara_Sherwood(10): /git santa
[06/02/2020, 23:20] (komut) Clara_Sherwood(10): /jetpack
[06/02/2020, 23:20] (komut) Clara_Sherwood(10): /balikci
[06/02/2020, 23:20] (komut) Clara_Sherwood(10): /sunucu
[06/02/2020, 23:32] Clara_Sherwood(255.255.255.255) oyundan çýkýþ yaptý.
