[11/02/2020, 07:58] 001(127.0.0.1) sunucuya giriþ yaptý.
[11/02/2020, 07:59] (komut) Clara_Sherwood(10): /oocmarket
[11/02/2020, 07:59] (komut) Clara_Sherwood(10): /oocmarket
[11/02/2020, 08:00] (komut) Clara_Sherwood(10): /agraffiti
[11/02/2020, 08:00] (komut) Clara_Sherwood(10): /agraffiti olustur
[11/02/2020, 08:00] (komut) Clara_Sherwood(10): /graffiti
[11/02/2020, 08:00] (komut) Clara_Sherwood(10): /liderayarlar
[11/02/2020, 08:00] (komut) Clara_Sherwood(10): /liderayarla
[11/02/2020, 08:00] (komut) Clara_Sherwood(10): /birlikler
[11/02/2020, 08:00] (komut) Clara_Sherwood(10): /abirlik 0 izin
[11/02/2020, 08:00] [ADM]via(10) birlik onayý düzenledi. (ID: 2 / Graffiti: var)
[11/02/2020, 08:00] (komut) Clara_Sherwood(10): /liderayarla 0 0
[11/02/2020, 08:00] [ADM] via(10), Clara_Sherwood(10) adlý kiþiyi Los Santos Police Department birlik lideri yaptý.
[11/02/2020, 08:00] (komut) Clara_Sherwood(10): /hbirlik
[11/02/2020, 08:01] (komut) Clara_Sherwood(10): /graffiti
[11/02/2020, 08:01] [cmd_me] Clara_Sherwood(10) sprey boyanýn kapaðýný açar ve duvara püskürtmeye baþlar.
[11/02/2020, 08:01] (komut) Clara_Sherwood(10): /agraffiti 0 sil
[11/02/2020, 08:01] (komut) Clara_Sherwood(10): /git idlewood
[11/02/2020, 08:01] (komut) Clara_Sherwood(10): /aisimdegistir 0 James_Sherwood
[11/02/2020, 08:01] via(10), Clara_Sherwood(10) adlý kiþinin ismini James_Sherwood olarak deðiþtirdi.
[11/02/2020, 08:01] (komut) James_Sherwood(10): /oyuncuduzenle 0 cinsiyet
[11/02/2020, 08:01] via, James_Sherwood(10) adlý kiþinin cinsiyetini deðiþtirdi. (Erkek)
[11/02/2020, 08:02] (komut) James_Sherwood(10): /git isyeri
[11/02/2020, 08:02] (komut) James_Sherwood(10): /git isyeri 1
[11/02/2020, 08:02] (komut) James_Sherwood(10): /satinal
[11/02/2020, 08:02] (komut) James_Sherwood(10): /asilahver
[11/02/2020, 08:02] (komut) James_Sherwood(10): /asilahver 0 spray
[11/02/2020, 08:02] (komut) James_Sherwood(10): /asilahver 0 41
[11/02/2020, 08:02] via(10), James_Sherwood(10) adlý kiþiye Spraycan model silah verdi.
[11/02/2020, 08:02] (komut) James_Sherwood(10): /git ls
[11/02/2020, 08:02] (komut) James_Sherwood(10): /git idlewood
[11/02/2020, 08:02] (komut) James_Sherwood(10): /git idlewood
[11/02/2020, 08:02] (komut) James_Sherwood(10): /agraffiti olustur
[11/02/2020, 08:03] (komut) James_Sherwood(10): /agraffiti 0 pos
[11/02/2020, 08:03] (komut) James_Sherwood(10): /agraffiti 0 pos
[11/02/2020, 08:03] (komut) James_Sherwood(10): /graffiti
[11/02/2020, 08:03] [cmd_me] James_Sherwood(10) sprey boyanýn kapaðýný açar ve duvara püskürtmeye baþlar.
[11/02/2020, 08:04] (komut) James_Sherwood(10): /agraffiti 0 sil
