[20/02/2020, 02:54] 001(127.0.0.1) sunucuya giriþ yaptý.
[20/02/2020, 02:54] (komut) James_Sherwood(10): /petlerim
[20/02/2020, 02:54] (komut) James_Sherwood(10): /petlerim
[20/02/2020, 02:55] (komut) James_Sherwood(10): /pet
[20/02/2020, 02:55] (komut) James_Sherwood(10): /pet
[20/02/2020, 02:55] (komut) James_Sherwood(10): /pet
[20/02/2020, 02:55] (komut) James_Sherwood(10): /pet
[20/02/2020, 02:55] (komut) James_Sherwood(10): /pet
[20/02/2020, 02:56] (komut) James_Sherwood(10): /pet
[20/02/2020, 02:56] James Sherwood(HESAP ID: 1) can hilesi kullanýyor olabilir. (#015)
[20/02/2020, 02:56] (komut) James_Sherwood(10): /pet
[20/02/2020, 02:56] (komut) James_Sherwood(10): /pet
[20/02/2020, 02:56] (komut) James_Sherwood(10): /petlreim
[20/02/2020, 02:56] (komut) James_Sherwood(10): /petlerim
[20/02/2020, 02:56] pet_0(255.255.255.255) oyundan çýkýþ yaptý.
[20/02/2020, 02:56] (komut) James_Sherwood(10): /petlerim
[20/02/2020, 02:57] (komut) James_Sherwood(10): /karakter
[20/02/2020, 02:57] (komut) James_Sherwood(10): /setskin 0 20111
[20/02/2020, 02:57] via(10), James_Sherwood(10) adlý kiþinin kýyafetini 20111 olarak deðiþtirdi.
[20/02/2020, 02:57] (komut) James_Sherwood(10): /pet
[20/02/2020, 02:57] (komut) James_Sherwood(10): /pet
[20/02/2020, 02:57] (komut) James_Sherwood(10): /pet
[20/02/2020, 02:57] (komut) James_Sherwood(10): /pet
[20/02/2020, 02:57] (komut) James_Sherwood(10): /pet
[20/02/2020, 02:57] (komut) James_Sherwood(10): /pet
[20/02/2020, 02:58] (komut) James_Sherwood(10): /petlerim
[20/02/2020, 02:58] pet_0(255.255.255.255) oyundan çýkýþ yaptý.
[20/02/2020, 02:58] (komut) James_Sherwood(10): /petlerim
[20/02/2020, 10:22] pet_0(255.255.255.255) oyundan çýkýþ yaptý.
[20/02/2020, 10:22] James_Sherwood(255.255.255.255) oyundan çýkýþ yaptý.
