[21/02/2020, 05:19] 001(127.0.0.1) sunucuya giriþ yaptý.
[21/02/2020, 05:19] (komut) James_Sherwood(10): /petlerim
[21/02/2020, 05:20] (komut) James_Sherwood(10): /pet
[21/02/2020, 05:20] (komut) James_Sherwood(10): /pet
[21/02/2020, 05:20] (komut) James_Sherwood(10): /pet
[21/02/2020, 05:21] (komut) James_Sherwood(10): /pet
[21/02/2020, 05:22] (komut) James_Sherwood(10): /petlerim
[21/02/2020, 05:22] (komut) James_Sherwood(10): /petlerim
[21/02/2020, 05:22] vinepet 0(HESAP ID: 0) hile yaptýðý için kicklendi. (#001)
[21/02/2020, 05:26] James_Sherwood(127.0.0.1) sunucuya giriþ yaptý.
[21/02/2020, 05:26] James_Sherwood(255.255.255.255) oyundan çýkýþ yaptý.
[21/02/2020, 05:26] 001(127.0.0.1) sunucuya giriþ yaptý.
[21/02/2020, 05:27] (komut) James_Sherwood(10): /petlerim
[21/02/2020, 05:27] (komut) James_Sherwood(10): /petlerim
[21/02/2020, 05:27] (komut) James_Sherwood(10): /petlerim
[21/02/2020, 05:27] vinepet 0(HESAP ID: 0) hile yaptýðý için kicklendi. (#001)
[21/02/2020, 05:29] 001(127.0.0.1) sunucuya giriþ yaptý.
[21/02/2020, 05:29] (komut) James_Sherwood(10): /petlerim
[21/02/2020, 05:29] (komut) James_Sherwood(10): /petlerim
[21/02/2020, 05:29] (komut) James_Sherwood(10): /petlerim
[21/02/2020, 05:29] (komut) James_Sherwood(10): /petlerim
[21/02/2020, 05:29] (komut) James_Sherwood(10): /petlerim
[21/02/2020, 05:30] (komut) James_Sherwood(10): /pet
[21/02/2020, 05:49] (komut) James_Sherwood(10): /pet
[21/02/2020, 05:49] (komut) James_Sherwood(10): /pet
[21/02/2020, 05:51] (komut) James_Sherwood(10): /restart 1 1
[21/02/2020, 05:51] 001(127.0.0.1) oyundan çýkýþ yaptý.
[21/02/2020, 05:51] 001(127.0.0.1) sunucuya giriþ yaptý.
[21/02/2020, 05:51] 001(127.0.0.1) oyundan çýkýþ yaptý.
[21/02/2020, 05:52] 001(127.0.0.1) sunucuya giriþ yaptý.
[21/02/2020, 05:52] (komut) James_Sherwood(10): /petlerim
[21/02/2020, 05:55] (komut) James_Sherwood(10): /restart 1 1
[21/02/2020, 05:55] 001(127.0.0.1) oyundan çýkýþ yaptý.
[21/02/2020, 05:55] 001(127.0.0.1) sunucuya giriþ yaptý.
[21/02/2020, 05:55] 001(127.0.0.1) oyundan çýkýþ yaptý.
[21/02/2020, 05:56] 001(127.0.0.1) sunucuya giriþ yaptý.
[21/02/2020, 05:56] (komut) James_Sherwood(10): /petlerim
[21/02/2020, 05:57] James_Sherwood(127.0.0.1) oyundan çýkýþ yaptý.
[21/02/2020, 05:58] 001(127.0.0.1) sunucuya giriþ yaptý.
[21/02/2020, 05:58] James Sherwood(HESAP ID: 1) teleport hilesi kullanýyor olabilir. (#019)
[21/02/2020, 05:58] (komut) James_Sherwood(10): /git ev 43
[21/02/2020, 05:58] (komut) James_Sherwood(10): /petlerim
[21/02/2020, 05:59] (komut) James_Sherwood(10): /karakter
[21/02/2020, 05:59] (komut) James_Sherwood(10): /pet
[21/02/2020, 06:07] (komut) James_Sherwood(10): /petlerim
[21/02/2020, 06:07] James_Sherwood(255.255.255.255) oyundan çýkýþ yaptý.
[21/02/2020, 06:20] 001(127.0.0.1) sunucuya giriþ yaptý.
[21/02/2020, 06:20] (komut) James_Sherwood(10): /karakter
[21/02/2020, 06:20] (komut) James_Sherwood(10): /git ls
[21/02/2020, 06:20] (komut) James_Sherwood(10): /aliste
[21/02/2020, 06:20] (komut) James_Sherwood(10): /aracver 0 522
[21/02/2020, 06:20] via(10), James_Sherwood(10) adlý kiþiye NRG-500 model arac verdi. (SID: 0)
[21/02/2020, 06:20] [cmd_ame] James_Sherwood(10) anahtarý saat yönünde çevirir ve aracýn motorunu açmaya çalýþýr.
[21/02/2020, 06:20] (komut) James_Sherwood(10): /cezalari
[21/02/2020, 06:20] (komut) James_Sherwood(10): /cezalarim
[21/02/2020, 06:21] (komut) James_Sherwood(10): /cezalarim
[21/02/2020, 06:21] (komut) James_Sherwood(10): /cezalarim
[21/02/2020, 06:21] (komut) James_Sherwood(10): /envanter
[21/02/2020, 06:21] (komut) James_Sherwood(10): /karaktersec
[21/02/2020, 06:21] James_Sherwood(127.0.0.1) oyundan çýkýþ yaptý.
[21/02/2020, 06:21] 001(127.0.0.1) sunucuya giriþ yaptý.
[21/02/2020, 06:22] 001(127.0.0.1) oyundan çýkýþ yaptý.
[21/02/2020, 06:24] 001(127.0.0.1) sunucuya giriþ yaptý.
[21/02/2020, 06:25] (komut) James_Sherwood(10): /karaktersec
[21/02/2020, 06:25] James_Sherwood(127.0.0.1) oyundan çýkýþ yaptý.
[21/02/2020, 06:25] 001(127.0.0.1) sunucuya giriþ yaptý.
[21/02/2020, 06:25] 001(127.0.0.1) oyundan çýkýþ yaptý.
[21/02/2020, 06:25] 001(127.0.0.1) sunucuya giriþ yaptý.
[21/02/2020, 06:25] (komut) Clara_Sherwood(87): /git isyeri 1
[21/02/2020, 06:25] (komut) Clara_Sherwood(87): /satinal
[21/02/2020, 06:32] Clara_Sherwood(255.255.255.255) oyundan çýkýþ yaptý.
[21/02/2020, 06:46] 001(127.0.0.1) sunucuya giriþ yaptý.
[21/02/2020, 06:47] (komut) James_Sherwood(10): /setskin
[21/02/2020, 06:47] (komut) James_Sherwood(10): /setskin 0 20512
[21/02/2020, 06:47] via(10), James_Sherwood(10) adlý kiþinin kýyafetini 20512 olarak deðiþtirdi.
[21/02/2020, 06:47] (komut) James_Sherwood(10): /setskin 0 20511
[21/02/2020, 06:47] via(10), James_Sherwood(10) adlý kiþinin kýyafetini 20511 olarak deðiþtirdi.
[21/02/2020, 06:47] (komut) James_Sherwood(10): /setskin 0 20123
[21/02/2020, 06:47] via(10), James_Sherwood(10) adlý kiþinin kýyafetini 20123 olarak deðiþtirdi.
[21/02/2020, 06:47] (komut) James_Sherwood(10): /setskin 0 20124
[21/02/2020, 06:47] via(10), James_Sherwood(10) adlý kiþinin kýyafetini 20124 olarak deðiþtirdi.
[21/02/2020, 06:47] (komut) James_Sherwood(10): /setskin 0 20125
[21/02/2020, 06:47] via(10), James_Sherwood(10) adlý kiþinin kýyafetini 20125 olarak deðiþtirdi.
[21/02/2020, 06:47] (komut) James_Sherwood(10): /setskin 0 20122
[21/02/2020, 06:47] via(10), James_Sherwood(10) adlý kiþinin kýyafetini 20122 olarak deðiþtirdi.
[21/02/2020, 06:47] (komut) James_Sherwood(10): /setskin 0 20123
[21/02/2020, 06:47] via(10), James_Sherwood(10) adlý kiþinin kýyafetini 20123 olarak deðiþtirdi.
[21/02/2020, 06:47] (komut) James_Sherwood(10): /setskin 0 20124
[21/02/2020, 06:47] via(10), James_Sherwood(10) adlý kiþinin kýyafetini 20124 olarak deðiþtirdi.
[21/02/2020, 06:47] (komut) James_Sherwood(10): /setskin 0 20125
[21/02/2020, 06:47] via(10), James_Sherwood(10) adlý kiþinin kýyafetini 20125 olarak deðiþtirdi.
[21/02/2020, 06:47] (komut) James_Sherwood(10): /ozelmodel
[21/02/2020, 06:47] (komut) James_Sherwood(10): /ozelmodel 0 20511
[21/02/2020, 06:48] (komut) James_Sherwood(10): /ozelmodel 0 20510
[21/02/2020, 06:48] (komut) James_Sherwood(10): /ozelmodel 0 20509
[21/02/2020, 06:48] (komut) James_Sherwood(10): /ozelmodel 0 20508
[21/02/2020, 06:48] (komut) James_Sherwood(10): /git isyeri 2
[21/02/2020, 06:48] (komut) James_Sherwood(10): /git isyeri 1
[21/02/2020, 06:48] (komut) James_Sherwood(10): /satinal
[21/02/2020, 06:48] (komut) James_Sherwood(10): /satinal
[21/02/2020, 06:48] (komut) James_Sherwood(10): /satinal
[21/02/2020, 06:48] (komut) James_Sherwood(10): /satinal
[21/02/2020, 06:49] James_Sherwood(255.255.255.255) oyundan çýkýþ yaptý.
[21/02/2020, 06:49] 001(127.0.0.1) sunucuya giriþ yaptý.
[21/02/2020, 06:49] (komut) James_Sherwood(10): /ozelmodel 
[21/02/2020, 06:49] (komut) James_Sherwood(10): /ozelmodel 0 20512
[21/02/2020, 06:49] (komut) James_Sherwood(10): /satinal
[21/02/2020, 07:17] James_Sherwood(255.255.255.255) oyundan çýkýþ yaptý.
[21/02/2020, 07:19] 001(127.0.0.1) sunucuya giriþ yaptý.
[21/02/2020, 07:19] (komut) James_Sherwood(10): /setskin
[21/02/2020, 07:19] (komut) James_Sherwood(10): /setskin 0 20513
[21/02/2020, 07:19] via(10), James_Sherwood(10) adlý kiþinin kýyafetini 20513 olarak deðiþtirdi.
[21/02/2020, 07:19] (komut) James_Sherwood(10): /setskin 0 20514
[21/02/2020, 07:19] via(10), James_Sherwood(10) adlý kiþinin kýyafetini 20514 olarak deðiþtirdi.
[21/02/2020, 07:20] (komut) James_Sherwood(10): /setskin 0 20515
[21/02/2020, 07:20] via(10), James_Sherwood(10) adlý kiþinin kýyafetini 20515 olarak deðiþtirdi.
[21/02/2020, 07:20] (komut) James_Sherwood(10): /setskin 0 20516
[21/02/2020, 07:20] via(10), James_Sherwood(10) adlý kiþinin kýyafetini 20516 olarak deðiþtirdi.
[21/02/2020, 07:20] (komut) James_Sherwood(10): /setskin 0 20514
[21/02/2020, 07:20] via(10), James_Sherwood(10) adlý kiþinin kýyafetini 20514 olarak deðiþtirdi.
[21/02/2020, 07:20] (komut) James_Sherwood(10): /setskin 0 20513
[21/02/2020, 07:20] via(10), James_Sherwood(10) adlý kiþinin kýyafetini 20513 olarak deðiþtirdi.
[21/02/2020, 07:20] (komut) James_Sherwood(10): /setskin 0 20512
[21/02/2020, 07:20] via(10), James_Sherwood(10) adlý kiþinin kýyafetini 20512 olarak deðiþtirdi.
[21/02/2020, 07:20] (komut) James_Sherwood(10): /setskin 0 20511
[21/02/2020, 07:20] via(10), James_Sherwood(10) adlý kiþinin kýyafetini 20511 olarak deðiþtirdi.
[21/02/2020, 07:20] (komut) James_Sherwood(10): /setskin 0 20512
[21/02/2020, 07:20] via(10), James_Sherwood(10) adlý kiþinin kýyafetini 20512 olarak deðiþtirdi.
[21/02/2020, 07:20] (komut) James_Sherwood(10): /setskin 0 20513
[21/02/2020, 07:20] via(10), James_Sherwood(10) adlý kiþinin kýyafetini 20513 olarak deðiþtirdi.
[21/02/2020, 07:20] (komut) James_Sherwood(10): /setskin 0 20514
[21/02/2020, 07:20] via(10), James_Sherwood(10) adlý kiþinin kýyafetini 20514 olarak deðiþtirdi.
[21/02/2020, 07:20] (komut) James_Sherwood(10): /setskin
[21/02/2020, 07:20] (komut) James_Sherwood(10): /setskin 0 20125
[21/02/2020, 07:20] via(10), James_Sherwood(10) adlý kiþinin kýyafetini 20125 olarak deðiþtirdi.
[21/02/2020, 07:20] (komut) James_Sherwood(10): /setskin 0 20126
[21/02/2020, 07:20] via(10), James_Sherwood(10) adlý kiþinin kýyafetini 20126 olarak deðiþtirdi.
[21/02/2020, 07:20] (komut) James_Sherwood(10): /setskin 0 20127
[21/02/2020, 07:20] via(10), James_Sherwood(10) adlý kiþinin kýyafetini 20127 olarak deðiþtirdi.
[21/02/2020, 07:20] (komut) James_Sherwood(10): /setskin 0 20128
[21/02/2020, 07:20] via(10), James_Sherwood(10) adlý kiþinin kýyafetini 20128 olarak deðiþtirdi.
[21/02/2020, 07:20] (komut) James_Sherwood(10): /setskin 0 20129
[21/02/2020, 07:20] via(10), James_Sherwood(10) adlý kiþinin kýyafetini 20129 olarak deðiþtirdi.
[21/02/2020, 07:20] (komut) James_Sherwood(10): /setskin 0 20130
[21/02/2020, 07:20] via(10), James_Sherwood(10) adlý kiþinin kýyafetini 20130 olarak deðiþtirdi.
[21/02/2020, 07:20] (komut) James_Sherwood(10): /setskin 0 20131
[21/02/2020, 07:20] via(10), James_Sherwood(10) adlý kiþinin kýyafetini 20131 olarak deðiþtirdi.
[21/02/2020, 07:20] (komut) James_Sherwood(10): /setskin 0 20132
[21/02/2020, 07:20] via(10), James_Sherwood(10) adlý kiþinin kýyafetini 20132 olarak deðiþtirdi.
[21/02/2020, 07:20] (komut) James_Sherwood(10): /setskin 0 20133
[21/02/2020, 07:20] via(10), James_Sherwood(10) adlý kiþinin kýyafetini 20133 olarak deðiþtirdi.
[21/02/2020, 07:20] (komut) James_Sherwood(10): /setskin 0 20134
[21/02/2020, 07:20] via(10), James_Sherwood(10) adlý kiþinin kýyafetini 20134 olarak deðiþtirdi.
[21/02/2020, 07:20] (komut) James_Sherwood(10): /setskin 0 20135
[21/02/2020, 07:20] via(10), James_Sherwood(10) adlý kiþinin kýyafetini 20135 olarak deðiþtirdi.
[21/02/2020, 07:20] (komut) James_Sherwood(10): /setskin 0 20136
[21/02/2020, 07:20] via(10), James_Sherwood(10) adlý kiþinin kýyafetini 20136 olarak deðiþtirdi.
[21/02/2020, 07:20] (komut) James_Sherwood(10): /setskin 0 20137
[21/02/2020, 07:20] via(10), James_Sherwood(10) adlý kiþinin kýyafetini 20137 olarak deðiþtirdi.
[21/02/2020, 07:20] (komut) James_Sherwood(10): /setskin 0 20138
[21/02/2020, 07:20] via(10), James_Sherwood(10) adlý kiþinin kýyafetini 20138 olarak deðiþtirdi.
[21/02/2020, 07:20] (komut) James_Sherwood(10): /setskin 0 20139
[21/02/2020, 07:20] via(10), James_Sherwood(10) adlý kiþinin kýyafetini 20139 olarak deðiþtirdi.
[21/02/2020, 07:20] (komut) James_Sherwood(10): /setskin 0 20140
[21/02/2020, 07:20] via(10), James_Sherwood(10) adlý kiþinin kýyafetini 20140 olarak deðiþtirdi.
[21/02/2020, 07:20] (komut) James_Sherwood(10): /setskin 0 20141
[21/02/2020, 07:20] via(10), James_Sherwood(10) adlý kiþinin kýyafetini 20141 olarak deðiþtirdi.
[21/02/2020, 07:20] (komut) James_Sherwood(10): /setskin 0 20142
[21/02/2020, 07:20] via(10), James_Sherwood(10) adlý kiþinin kýyafetini 20142 olarak deðiþtirdi.
[21/02/2020, 07:21] (komut) James_Sherwood(10): /setskin 0 20143
[21/02/2020, 07:21] via(10), James_Sherwood(10) adlý kiþinin kýyafetini 20143 olarak deðiþtirdi.
[21/02/2020, 07:21] (komut) James_Sherwood(10): /setskin 0 20142
[21/02/2020, 07:21] via(10), James_Sherwood(10) adlý kiþinin kýyafetini 20142 olarak deðiþtirdi.
[21/02/2020, 07:21] (komut) James_Sherwood(10): /satinal
[21/02/2020, 07:21] (komut) James_Sherwood(10): /setskin 0 20139
[21/02/2020, 07:21] via(10), James_Sherwood(10) adlý kiþinin kýyafetini 20139 olarak deðiþtirdi.
[21/02/2020, 07:21] (komut) James_Sherwood(10): /setskin 0 20138
[21/02/2020, 07:21] via(10), James_Sherwood(10) adlý kiþinin kýyafetini 20138 olarak deðiþtirdi.
[21/02/2020, 07:21] (komut) James_Sherwood(10): /setskin 0 20139
[21/02/2020, 07:21] via(10), James_Sherwood(10) adlý kiþinin kýyafetini 20139 olarak deðiþtirdi.
[21/02/2020, 07:21] (komut) James_Sherwood(10): /setskin 0 20140
[21/02/2020, 07:21] via(10), James_Sherwood(10) adlý kiþinin kýyafetini 20140 olarak deðiþtirdi.
[21/02/2020, 07:21] (komut) James_Sherwood(10): /setskin 0 20141
[21/02/2020, 07:21] via(10), James_Sherwood(10) adlý kiþinin kýyafetini 20141 olarak deðiþtirdi.
[21/02/2020, 07:21] (komut) James_Sherwood(10): /setskin 0 20142
[21/02/2020, 07:21] via(10), James_Sherwood(10) adlý kiþinin kýyafetini 20142 olarak deðiþtirdi.
[21/02/2020, 07:21] (komut) James_Sherwood(10): /setskin 0 20143
[21/02/2020, 07:21] via(10), James_Sherwood(10) adlý kiþinin kýyafetini 20143 olarak deðiþtirdi.
[21/02/2020, 07:21] (komut) James_Sherwood(10): /setskin 0 20142
[21/02/2020, 07:21] via(10), James_Sherwood(10) adlý kiþinin kýyafetini 20142 olarak deðiþtirdi.
[21/02/2020, 07:21] (komut) James_Sherwood(10): /satinal
[21/02/2020, 07:21] (komut) James_Sherwood(10): /setskin 0 20141
[21/02/2020, 07:21] via(10), James_Sherwood(10) adlý kiþinin kýyafetini 20141 olarak deðiþtirdi.
[21/02/2020, 07:21] (komut) James_Sherwood(10): /setskin 0 20141
[21/02/2020, 07:21] via(10), James_Sherwood(10) adlý kiþinin kýyafetini 20141 olarak deðiþtirdi.
[21/02/2020, 07:21] (komut) James_Sherwood(10): /satinal
[21/02/2020, 07:22] (komut) James_Sherwood(10): /yetenekler
[21/02/2020, 07:22] (komut) James_Sherwood(10): /yetenekler 1
[21/02/2020, 07:22] (komut) James_Sherwood(10): /yetenekler 2
[21/02/2020, 07:23] (komut) James_Sherwood(10): /yetenekler 3
[21/02/2020, 07:23] (komut) James_Sherwood(10): /yetenekler 4
[21/02/2020, 07:23] (komut) James_Sherwood(10): /yetenekler 3
[21/02/2020, 07:23] (komut) James_Sherwood(10): /yetenekler 2
[21/02/2020, 07:23] James_Sherwood(255.255.255.255) oyundan çýkýþ yaptý.
