[23/02/2020, 04:46] 001(127.0.0.1) sunucuya giriþ yaptý.
[23/02/2020, 04:52] (komut) James_Sherwood(10): /karakter
[23/02/2020, 04:52] James_Sherwood(255.255.255.255) oyundan çýkýþ yaptý.
[23/02/2020, 04:53] 001(127.0.0.1) sunucuya giriþ yaptý.
[23/02/2020, 04:54] 001(255.255.255.255) oyundan çýkýþ yaptý.
[23/02/2020, 04:55] 001(127.0.0.1) sunucuya giriþ yaptý.
[23/02/2020, 04:55] (komut) James_Sherwood(10): /canlandir 0
[23/02/2020, 04:55] via(10), James_Sherwood(10) adlý kiþiyi yaralý durumdan çýkardý.
[23/02/2020, 04:55] (komut) James_Sherwood(10): /git isyeri 1
[23/02/2020, 04:55] (komut) James_Sherwood(10): /satinal
[23/02/2020, 04:55] (komut) James_Sherwood(10): /karakter
[23/02/2020, 04:56] (komut) James_Sherwood(10): /satinal
[23/02/2020, 04:56] (komut) James_Sherwood(10): /satinal
[23/02/2020, 04:56] (komut) James_Sherwood(10): /karakter
[23/02/2020, 04:56] (komut) James_Sherwood(10): /satinal
[23/02/2020, 04:56] (komut) James_Sherwood(10): /karakter
[23/02/2020, 04:57] (komut) James_Sherwood(10): /satinal
[23/02/2020, 04:57] (komut) James_Sherwood(10): /karakter
[23/02/2020, 04:57] (komut) James_Sherwood(10): /satinal
[23/02/2020, 04:58] (komut) James_Sherwood(10): /karakter
[23/02/2020, 04:59] (komut) James_Sherwood(10): /setskin 0 20168
[23/02/2020, 04:59] via(10), James_Sherwood(10) adlý kiþinin kýyafetini 20168 olarak deðiþtirdi.
[23/02/2020, 05:01] (komut) James_Sherwood(10): /oyuncuduzenle 0 
[23/02/2020, 05:01] (komut) James_Sherwood(10): /oyuncuduzenle 0 cinsiyet
[23/02/2020, 05:01] via, James_Sherwood(10) adlý kiþinin cinsiyetini deðiþtirdi. (Kadýn)
[23/02/2020, 05:01] (komut) James_Sherwood(10): /satinal
[23/02/2020, 05:01] (komut) James_Sherwood(10): /karakter
[23/02/2020, 05:02] (komut) James_Sherwood(10): /karakter
[23/02/2020, 05:02] (komut) James_Sherwood(10): /satinal
[23/02/2020, 05:02] (komut) James_Sherwood(10): /karakter
[23/02/2020, 05:02] (komut) James_Sherwood(10): /satinal
[23/02/2020, 05:02] (komut) James_Sherwood(10): /karakter
[23/02/2020, 05:03] (komut) James_Sherwood(10): /satinal
[23/02/2020, 05:03] (komut) James_Sherwood(10): /karakter
[23/02/2020, 05:04] (komut) James_Sherwood(10): /satinal
[23/02/2020, 05:04] (komut) James_Sherwood(10): /karakter
[23/02/2020, 05:13] (komut) James_Sherwood(10): /cc
[23/02/2020, 05:13] (komut) James_Sherwood(10): /satinal
[23/02/2020, 05:13] (komut) James_Sherwood(10): /soyun
[23/02/2020, 05:13] [cmd_me] James_Sherwood(10) kýyafetlerini çýkardý.
[23/02/2020, 05:14] (komut) James_Sherwood(10): /soyun
[23/02/2020, 05:14] [cmd_me] James_Sherwood(10) kýyafetlerini giydi.
[23/02/2020, 05:14] (komut) James_Sherwood(10): /oyuncuduzenle 0 cinsiyet
[23/02/2020, 05:14] via, James_Sherwood(10) adlý kiþinin cinsiyetini deðiþtirdi. (Erkek)
[23/02/2020, 05:14] (komut) James_Sherwood(10): /soyun
[23/02/2020, 05:14] [cmd_me] James_Sherwood(10) kýyafetlerini çýkardý.
[23/02/2020, 05:14] (komut) James_Sherwood(10): /soyun
[23/02/2020, 05:14] [cmd_me] James_Sherwood(10) kýyafetlerini giydi.
[23/02/2020, 05:14] (komut) James_Sherwood(10): /soyun
[23/02/2020, 05:14] [cmd_me] James_Sherwood(10) kýyafetlerini çýkardý.
[23/02/2020, 05:14] (komut) James_Sherwood(10): /soyun
[23/02/2020, 05:14] [cmd_me] James_Sherwood(10) kýyafetlerini giydi.
[23/02/2020, 05:14] (komut) James_Sherwood(10): /satinal
[23/02/2020, 05:14] (komut) James_Sherwood(10): /satinal
[23/02/2020, 05:15] (komut) James_Sherwood(10): /karakter
[23/02/2020, 05:15] (komut) James_Sherwood(10): /satinal
[23/02/2020, 05:15] (komut) James_Sherwood(10): /satinal
[23/02/2020, 05:15] (komut) James_Sherwood(10): /satinal
[23/02/2020, 05:15] (komut) James_Sherwood(10): /satinal
[23/02/2020, 05:16] (komut) James_Sherwood(10): /karakter
[23/02/2020, 05:16] (komut) James_Sherwood(10): /satinal
[23/02/2020, 05:16] (komut) James_Sherwood(10): /karakter
[23/02/2020, 05:16] (komut) James_Sherwood(10): /satinal
[23/02/2020, 05:17] (komut) James_Sherwood(10): /karakter
[23/02/2020, 05:17] (komut) James_Sherwood(10): /satinal
[23/02/2020, 05:17] (komut) James_Sherwood(10): /karakter
[23/02/2020, 05:17] (komut) James_Sherwood(10): /satinal
[23/02/2020, 05:18] (komut) James_Sherwood(10): /satinal
[23/02/2020, 05:18] (komut) James_Sherwood(10): /satinal
[23/02/2020, 05:18] (komut) James_Sherwood(10): /satinal
[23/02/2020, 05:19] (komut) James_Sherwood(10): /karakter
[23/02/2020, 05:22] (komut) James_Sherwood(10): /satinal
[23/02/2020, 05:22] (komut) James_Sherwood(10): /satinal
[23/02/2020, 05:25] (komut) James_Sherwood(10): /liderayarla
[23/02/2020, 05:25] (komut) James_Sherwood(10): /liderayarla 0 0
[23/02/2020, 05:25] [ADM] via(10), James_Sherwood(10) adlý kiþiyi Los Santos Police Department birlik lideri yaptý.
[23/02/2020, 05:25] (komut) James_Sherwood(10): /git dolap 0
[23/02/2020, 05:25] (komut) James_Sherwood(10): /setskin 0 20168
[23/02/2020, 05:25] via(10), James_Sherwood(10) adlý kiþinin kýyafetini 20168 olarak deðiþtirdi.
[23/02/2020, 05:25] (komut) James_Sherwood(10): /satinal
[23/02/2020, 05:26] (komut) James_Sherwood(10): /dolap
[23/02/2020, 05:26] (komut) James_Sherwood(10): /dolap
[23/02/2020, 05:26] [cmd_me] James_Sherwood(10) dolaptan rozetini ve ekipmanlarýný alýr.
[23/02/2020, 05:26] (komut) James_Sherwood(10): /satinal
[23/02/2020, 05:26] (komut) James_Sherwood(10): /dolap
[23/02/2020, 05:26] (komut) James_Sherwood(10): /karakter
[23/02/2020, 05:27] (komut) James_Sherwood(10): /dolap
[23/02/2020, 05:27] [cmd_me] James_Sherwood(10) ekipmanlarýný býrakýr.
[23/02/2020, 05:27] (komut) James_Sherwood(10): /dolap
[23/02/2020, 05:27] [cmd_me] James_Sherwood(10) dolaptan rozetini ve ekipmanlarýný alýr.
[23/02/2020, 05:27] (komut) James_Sherwood(10): /dolap
[23/02/2020, 05:27] (komut) James_Sherwood(10): /dolap
[23/02/2020, 05:27] [cmd_me] James_Sherwood(10) ekipmanlarýný býrakýr.
[23/02/2020, 05:27] (komut) James_Sherwood(10): /setskin 0 21024
[23/02/2020, 05:27] via(10), James_Sherwood(10) adlý kiþinin kýyafetini 21024 olarak deðiþtirdi.
[23/02/2020, 05:28] (komut) James_Sherwood(10): /oyuncuduzenle 0 cinsiyet
[23/02/2020, 05:28] via, James_Sherwood(10) adlý kiþinin cinsiyetini deðiþtirdi. (Kadýn)
[23/02/2020, 05:28] (komut) James_Sherwood(10): /satinal
[23/02/2020, 05:28] (komut) James_Sherwood(10): /dolap
[23/02/2020, 05:28] [cmd_me] James_Sherwood(10) dolaptan rozetini ve ekipmanlarýný alýr.
[23/02/2020, 05:28] (komut) James_Sherwood(10): /dolap
[23/02/2020, 05:29] (komut) James_Sherwood(10): /dolap
[23/02/2020, 05:29] (komut) James_Sherwood(10): /birlikler
[23/02/2020, 05:29] (komut) James_Sherwood(10): /liderayarla 0 5
[23/02/2020, 05:29] [ADM] via(10), James_Sherwood(10) adlý kiþiyi Los Santos Medical Department birlik lideri yaptý.
[23/02/2020, 05:29] (komut) James_Sherwood(10): /git dolap 5
[23/02/2020, 05:29] (komut) James_Sherwood(10): /dolap
[23/02/2020, 05:29] [cmd_me] James_Sherwood(10) dolaptan rozetini alýr.
[23/02/2020, 05:29] (komut) James_Sherwood(10): /dolap
[23/02/2020, 05:29] (komut) James_Sherwood(10): /oyunduzenle 0
[23/02/2020, 05:29] (komut) James_Sherwood(10): /oyuncuduzenle 0 cinsiyet
[23/02/2020, 05:29] via, James_Sherwood(10) adlý kiþinin cinsiyetini deðiþtirdi. (Erkek)
[23/02/2020, 05:29] (komut) James_Sherwood(10): /dolap
[23/02/2020, 05:30] (komut) James_Sherwood(10): /soyun
[23/02/2020, 05:30] [cmd_me] James_Sherwood(10) kýyafetlerini giydi.
[23/02/2020, 05:30] (komut) James_Sherwood(10): /soyun
[23/02/2020, 05:30] (komut) James_Sherwood(10): /soyun
[23/02/2020, 05:31] [cmd_me] James_Sherwood(10) kýyafetlerini çýkardý.
[23/02/2020, 05:31] (komut) James_Sherwood(10): /soyun
[23/02/2020, 05:31] [cmd_me] James_Sherwood(10) kýyafetlerini giydi.
[23/02/2020, 05:31] (komut) James_Sherwood(10): /soyun
[23/02/2020, 05:31] [cmd_me] James_Sherwood(10) kýyafetlerini çýkardý.
[23/02/2020, 05:31] (komut) James_Sherwood(10): /soyun
[23/02/2020, 05:31] [cmd_me] James_Sherwood(10) kýyafetlerini giydi.
[23/02/2020, 05:31] (komut) James_Sherwood(10): /soyun
[23/02/2020, 05:31] [cmd_me] James_Sherwood(10) kýyafetlerini çýkardý.
[23/02/2020, 05:55] James_Sherwood(255.255.255.255) oyundan çýkýþ yaptý.
