[25/06/2019, 16:08] 001(127.0.0.1) sunucuya giriþ yaptý.
[25/06/2019, 16:08] (komut) Biddy_Boelter(1): /KARAKTER
[25/06/2019, 16:59] (komut) Biddy_Boelter(1): /setskin
[25/06/2019, 16:59] (komut) Biddy_Boelter(1): /setskin 0 274
[25/06/2019, 16:59] berkay(1), Biddy_Boelter(1) adlý kiþinin kýyafetini 274 olarak deðiþtirdi.
[25/06/2019, 17:00] (komut) Biddy_Boelter(1): /setskin 0 275
[25/06/2019, 17:00] berkay(1), Biddy_Boelter(1) adlý kiþinin kýyafetini 275 olarak deðiþtirdi.
[25/06/2019, 17:00] (komut) Biddy_Boelter(1): /setskin 0 276
[25/06/2019, 17:00] berkay(1), Biddy_Boelter(1) adlý kiþinin kýyafetini 276 olarak deðiþtirdi.
[25/06/2019, 17:00] (komut) Biddy_Boelter(1): /setskin 0 277
[25/06/2019, 17:00] berkay(1), Biddy_Boelter(1) adlý kiþinin kýyafetini 277 olarak deðiþtirdi.
[25/06/2019, 17:00] (komut) Biddy_Boelter(1): /setskin 0 278
[25/06/2019, 17:00] berkay(1), Biddy_Boelter(1) adlý kiþinin kýyafetini 278 olarak deðiþtirdi.
[25/06/2019, 17:00] (komut) Biddy_Boelter(1): /setskin 0 279
[25/06/2019, 17:00] berkay(1), Biddy_Boelter(1) adlý kiþinin kýyafetini 279 olarak deðiþtirdi.
[25/06/2019, 17:00] (komut) Biddy_Boelter(1): /setskin 0 280
[25/06/2019, 17:00] berkay(1), Biddy_Boelter(1) adlý kiþinin kýyafetini 280 olarak deðiþtirdi.
[25/06/2019, 17:00] (komut) Biddy_Boelter(1): /setskin 0 306
[25/06/2019, 17:00] berkay(1), Biddy_Boelter(1) adlý kiþinin kýyafetini 306 olarak deðiþtirdi.
[25/06/2019, 17:00] (komut) Biddy_Boelter(1): /setskin 0 308
[25/06/2019, 17:00] berkay(1), Biddy_Boelter(1) adlý kiþinin kýyafetini 308 olarak deðiþtirdi.
[25/06/2019, 17:00] (komut) Biddy_Boelter(1): /karakter
[25/06/2019, 17:00] (komut) Biddy_Boelter(1): /karakter
[25/06/2019, 17:00] (komut) Biddy_Boelter(1): /saat
[25/06/2019, 17:01] (komut) Biddy_Boelter(1): /saat
[25/06/2019, 17:01] (komut) Biddy_Boelter(1): /setskin 0 274
[25/06/2019, 17:01] berkay(1), Biddy_Boelter(1) adlý kiþinin kýyafetini 274 olarak deðiþtirdi.
[25/06/2019, 17:02] (komut) Biddy_Boelter(1): /setskin 0 275
[25/06/2019, 17:02] berkay(1), Biddy_Boelter(1) adlý kiþinin kýyafetini 275 olarak deðiþtirdi.
[25/06/2019, 17:02] (komut) Biddy_Boelter(1): /setskin 0 276
[25/06/2019, 17:02] berkay(1), Biddy_Boelter(1) adlý kiþinin kýyafetini 276 olarak deðiþtirdi.
[25/06/2019, 17:02] (komut) Biddy_Boelter(1): /setskin 0 277
[25/06/2019, 17:02] berkay(1), Biddy_Boelter(1) adlý kiþinin kýyafetini 277 olarak deðiþtirdi.
[25/06/2019, 17:02] (komut) Biddy_Boelter(1): /setskin 0 278
[25/06/2019, 17:02] berkay(1), Biddy_Boelter(1) adlý kiþinin kýyafetini 278 olarak deðiþtirdi.
[25/06/2019, 17:02] (komut) Biddy_Boelter(1): /setskin 0 277
[25/06/2019, 17:02] berkay(1), Biddy_Boelter(1) adlý kiþinin kýyafetini 277 olarak deðiþtirdi.
[25/06/2019, 17:02] (komut) Biddy_Boelter(1): /setskin 0 306
[25/06/2019, 17:02] berkay(1), Biddy_Boelter(1) adlý kiþinin kýyafetini 306 olarak deðiþtirdi.
[25/06/2019, 17:02] (komut) Biddy_Boelter(1): /setskin 0 308
[25/06/2019, 17:02] berkay(1), Biddy_Boelter(1) adlý kiþinin kýyafetini 308 olarak deðiþtirdi.
[25/06/2019, 17:03] (komut) Biddy_Boelter(1): /setskin 0 309
[25/06/2019, 17:03] berkay(1), Biddy_Boelter(1) adlý kiþinin kýyafetini 309 olarak deðiþtirdi.
[25/06/2019, 17:03] (komut) Biddy_Boelter(1): /setskin 0 310
[25/06/2019, 17:03] berkay(1), Biddy_Boelter(1) adlý kiþinin kýyafetini 310 olarak deðiþtirdi.
[25/06/2019, 17:03] (komut) Biddy_Boelter(1): /setskin 0 311
[25/06/2019, 17:03] berkay(1), Biddy_Boelter(1) adlý kiþinin kýyafetini 311 olarak deðiþtirdi.
[25/06/2019, 17:03] (komut) Biddy_Boelter(1): /setskin 0 312
[25/06/2019, 17:03] (komut) Biddy_Boelter(1): /setskin 0 2000
[25/06/2019, 17:03] (komut) Biddy_Boelter(1): /setskin 0 20001
[25/06/2019, 17:03] berkay(1), Biddy_Boelter(1) adlý kiþinin kýyafetini 20001 olarak deðiþtirdi.
[25/06/2019, 17:03] (komut) Biddy_Boelter(1): /setskin 0 20002
[25/06/2019, 17:03] berkay(1), Biddy_Boelter(1) adlý kiþinin kýyafetini 20002 olarak deðiþtirdi.
[25/06/2019, 17:03] (komut) Biddy_Boelter(1): /setskin 0 20003
[25/06/2019, 17:03] berkay(1), Biddy_Boelter(1) adlý kiþinin kýyafetini 20003 olarak deðiþtirdi.
[25/06/2019, 17:03] (komut) Biddy_Boelter(1): /setskin 0 20004
[25/06/2019, 17:03] berkay(1), Biddy_Boelter(1) adlý kiþinin kýyafetini 20004 olarak deðiþtirdi.
[25/06/2019, 17:03] (komut) Biddy_Boelter(1): /setskin 0 20005
[25/06/2019, 17:03] berkay(1), Biddy_Boelter(1) adlý kiþinin kýyafetini 20005 olarak deðiþtirdi.
[25/06/2019, 17:03] (komut) Biddy_Boelter(1): /setskin 0 20006
[25/06/2019, 17:03] berkay(1), Biddy_Boelter(1) adlý kiþinin kýyafetini 20006 olarak deðiþtirdi.
[25/06/2019, 17:03] (komut) Biddy_Boelter(1): /setskin 0 20007
[25/06/2019, 17:03] berkay(1), Biddy_Boelter(1) adlý kiþinin kýyafetini 20007 olarak deðiþtirdi.
[25/06/2019, 17:03] (komut) Biddy_Boelter(1): /setskin 0 20008
[25/06/2019, 17:03] berkay(1), Biddy_Boelter(1) adlý kiþinin kýyafetini 20008 olarak deðiþtirdi.
[25/06/2019, 17:04] (komut) Biddy_Boelter(1): /setskin 0 20009
[25/06/2019, 17:04] berkay(1), Biddy_Boelter(1) adlý kiþinin kýyafetini 20009 olarak deðiþtirdi.
[25/06/2019, 17:04] (komut) Biddy_Boelter(1): /setskin 0 20010
[25/06/2019, 17:04] berkay(1), Biddy_Boelter(1) adlý kiþinin kýyafetini 20010 olarak deðiþtirdi.
[25/06/2019, 17:04] (komut) Biddy_Boelter(1): /setskin 0 20011
[25/06/2019, 17:04] berkay(1), Biddy_Boelter(1) adlý kiþinin kýyafetini 20011 olarak deðiþtirdi.
[25/06/2019, 17:04] (komut) Biddy_Boelter(1): /setskin 0 20012
[25/06/2019, 17:04] berkay(1), Biddy_Boelter(1) adlý kiþinin kýyafetini 20012 olarak deðiþtirdi.
[25/06/2019, 17:04] (komut) Biddy_Boelter(1): /setskin 0 20013
[25/06/2019, 17:04] berkay(1), Biddy_Boelter(1) adlý kiþinin kýyafetini 20013 olarak deðiþtirdi.
[25/06/2019, 17:04] (komut) Biddy_Boelter(1): /setskin 0 20014
[25/06/2019, 17:04] berkay(1), Biddy_Boelter(1) adlý kiþinin kýyafetini 20014 olarak deðiþtirdi.
[25/06/2019, 17:04] (komut) Biddy_Boelter(1): /setskin 0 20015
[25/06/2019, 17:04] berkay(1), Biddy_Boelter(1) adlý kiþinin kýyafetini 20015 olarak deðiþtirdi.
[25/06/2019, 17:04] (komut) Biddy_Boelter(1): /setskin 0 20016
[25/06/2019, 17:04] berkay(1), Biddy_Boelter(1) adlý kiþinin kýyafetini 20016 olarak deðiþtirdi.
[25/06/2019, 17:04] (komut) Biddy_Boelter(1): /setskin 0 20014
[25/06/2019, 17:04] berkay(1), Biddy_Boelter(1) adlý kiþinin kýyafetini 20014 olarak deðiþtirdi.
[25/06/2019, 17:04] (komut) Biddy_Boelter(1): /setskin 0 20017
[25/06/2019, 17:04] berkay(1), Biddy_Boelter(1) adlý kiþinin kýyafetini 20017 olarak deðiþtirdi.
[25/06/2019, 17:04] (komut) Biddy_Boelter(1): /setskin 0 20018
[25/06/2019, 17:04] berkay(1), Biddy_Boelter(1) adlý kiþinin kýyafetini 20018 olarak deðiþtirdi.
[25/06/2019, 17:04] (komut) Biddy_Boelter(1): /setskin 0 20019
[25/06/2019, 17:04] berkay(1), Biddy_Boelter(1) adlý kiþinin kýyafetini 20019 olarak deðiþtirdi.
[25/06/2019, 17:04] (komut) Biddy_Boelter(1): /setskin 0 20020
[25/06/2019, 17:04] berkay(1), Biddy_Boelter(1) adlý kiþinin kýyafetini 20020 olarak deðiþtirdi.
[25/06/2019, 17:04] (komut) Biddy_Boelter(1): /setskin 0 20040
[25/06/2019, 17:04] berkay(1), Biddy_Boelter(1) adlý kiþinin kýyafetini 20040 olarak deðiþtirdi.
[25/06/2019, 17:04] (komut) Biddy_Boelter(1): /setskin 0 20050
[25/06/2019, 17:04] berkay(1), Biddy_Boelter(1) adlý kiþinin kýyafetini 20050 olarak deðiþtirdi.
[25/06/2019, 17:04] (komut) Biddy_Boelter(1): /setskin 0 20060
[25/06/2019, 17:04] berkay(1), Biddy_Boelter(1) adlý kiþinin kýyafetini 20060 olarak deðiþtirdi.
[25/06/2019, 17:04] (komut) Biddy_Boelter(1): /setskin 0 20070
[25/06/2019, 17:04] berkay(1), Biddy_Boelter(1) adlý kiþinin kýyafetini 20070 olarak deðiþtirdi.
[25/06/2019, 17:04] (komut) Biddy_Boelter(1): /setskin 0 20071
[25/06/2019, 17:04] berkay(1), Biddy_Boelter(1) adlý kiþinin kýyafetini 20071 olarak deðiþtirdi.
[25/06/2019, 17:04] (komut) Biddy_Boelter(1): /setskin 0 20072
[25/06/2019, 17:04] berkay(1), Biddy_Boelter(1) adlý kiþinin kýyafetini 20072 olarak deðiþtirdi.
[25/06/2019, 17:04] (komut) Biddy_Boelter(1): /setskin 0 20073
[25/06/2019, 17:04] berkay(1), Biddy_Boelter(1) adlý kiþinin kýyafetini 20073 olarak deðiþtirdi.
[25/06/2019, 17:04] (komut) Biddy_Boelter(1): /setskin 0 20074
[25/06/2019, 17:04] berkay(1), Biddy_Boelter(1) adlý kiþinin kýyafetini 20074 olarak deðiþtirdi.
[25/06/2019, 17:04] (komut) Biddy_Boelter(1): /setskin 0 20075
[25/06/2019, 17:04] berkay(1), Biddy_Boelter(1) adlý kiþinin kýyafetini 20075 olarak deðiþtirdi.
[25/06/2019, 17:04] (komut) Biddy_Boelter(1): /setskin 0 20076
[25/06/2019, 17:04] berkay(1), Biddy_Boelter(1) adlý kiþinin kýyafetini 20076 olarak deðiþtirdi.
[25/06/2019, 17:04] (komut) Biddy_Boelter(1): /setskin 0 20077
[25/06/2019, 17:04] berkay(1), Biddy_Boelter(1) adlý kiþinin kýyafetini 20077 olarak deðiþtirdi.
[25/06/2019, 17:04] (komut) Biddy_Boelter(1): /setskin 0 20078
[25/06/2019, 17:04] berkay(1), Biddy_Boelter(1) adlý kiþinin kýyafetini 20078 olarak deðiþtirdi.
[25/06/2019, 17:04] (komut) Biddy_Boelter(1): /setskin 0 20079
[25/06/2019, 17:04] berkay(1), Biddy_Boelter(1) adlý kiþinin kýyafetini 20079 olarak deðiþtirdi.
[25/06/2019, 17:04] (komut) Biddy_Boelter(1): /setskin 0 20080
[25/06/2019, 17:04] berkay(1), Biddy_Boelter(1) adlý kiþinin kýyafetini 20080 olarak deðiþtirdi.
[25/06/2019, 17:04] (komut) Biddy_Boelter(1): /setskin 0 20081
[25/06/2019, 17:04] berkay(1), Biddy_Boelter(1) adlý kiþinin kýyafetini 20081 olarak deðiþtirdi.
[25/06/2019, 17:04] (komut) Biddy_Boelter(1): /setskin 0 20082
[25/06/2019, 17:04] berkay(1), Biddy_Boelter(1) adlý kiþinin kýyafetini 20082 olarak deðiþtirdi.
[25/06/2019, 17:04] (komut) Biddy_Boelter(1): /setskin 0 20083
[25/06/2019, 17:04] berkay(1), Biddy_Boelter(1) adlý kiþinin kýyafetini 20083 olarak deðiþtirdi.
[25/06/2019, 17:04] (komut) Biddy_Boelter(1): /setskin 0 20084
[25/06/2019, 17:04] berkay(1), Biddy_Boelter(1) adlý kiþinin kýyafetini 20084 olarak deðiþtirdi.
[25/06/2019, 17:04] (komut) Biddy_Boelter(1): /setskin 0 20085
[25/06/2019, 17:04] berkay(1), Biddy_Boelter(1) adlý kiþinin kýyafetini 20085 olarak deðiþtirdi.
[25/06/2019, 17:04] (komut) Biddy_Boelter(1): /setskin 0 20086
[25/06/2019, 17:04] berkay(1), Biddy_Boelter(1) adlý kiþinin kýyafetini 20086 olarak deðiþtirdi.
[25/06/2019, 17:04] (komut) Biddy_Boelter(1): /setskin 0 20087
[25/06/2019, 17:04] berkay(1), Biddy_Boelter(1) adlý kiþinin kýyafetini 20087 olarak deðiþtirdi.
[25/06/2019, 17:04] (komut) Biddy_Boelter(1): /setskin 0 20088
[25/06/2019, 17:04] berkay(1), Biddy_Boelter(1) adlý kiþinin kýyafetini 20088 olarak deðiþtirdi.
[25/06/2019, 17:04] (komut) Biddy_Boelter(1): /setskin 0 20089
[25/06/2019, 17:04] berkay(1), Biddy_Boelter(1) adlý kiþinin kýyafetini 20089 olarak deðiþtirdi.
[25/06/2019, 17:04] (komut) Biddy_Boelter(1): /setskin 0 20090
[25/06/2019, 17:04] berkay(1), Biddy_Boelter(1) adlý kiþinin kýyafetini 20090 olarak deðiþtirdi.
[25/06/2019, 17:04] (komut) Biddy_Boelter(1): /setskin 0 20091
[25/06/2019, 17:04] berkay(1), Biddy_Boelter(1) adlý kiþinin kýyafetini 20091 olarak deðiþtirdi.
[25/06/2019, 17:04] (komut) Biddy_Boelter(1): /setskin 0 20092
[25/06/2019, 17:04] berkay(1), Biddy_Boelter(1) adlý kiþinin kýyafetini 20092 olarak deðiþtirdi.
[25/06/2019, 17:04] (komut) Biddy_Boelter(1): /setskin 0 20093
[25/06/2019, 17:04] berkay(1), Biddy_Boelter(1) adlý kiþinin kýyafetini 20093 olarak deðiþtirdi.
[25/06/2019, 17:04] (komut) Biddy_Boelter(1): /setskin 0 20094
[25/06/2019, 17:04] berkay(1), Biddy_Boelter(1) adlý kiþinin kýyafetini 20094 olarak deðiþtirdi.
[25/06/2019, 17:04] (komut) Biddy_Boelter(1): /setskin 0 20095
[25/06/2019, 17:04] berkay(1), Biddy_Boelter(1) adlý kiþinin kýyafetini 20095 olarak deðiþtirdi.
[25/06/2019, 17:04] (komut) Biddy_Boelter(1): /setskin 0 20095
[25/06/2019, 17:04] berkay(1), Biddy_Boelter(1) adlý kiþinin kýyafetini 20095 olarak deðiþtirdi.
[25/06/2019, 17:04] (komut) Biddy_Boelter(1): /setskin 0 20094
[25/06/2019, 17:04] berkay(1), Biddy_Boelter(1) adlý kiþinin kýyafetini 20094 olarak deðiþtirdi.
[25/06/2019, 17:05] (komut) Biddy_Boelter(1): /setskin 0 20097
[25/06/2019, 17:05] berkay(1), Biddy_Boelter(1) adlý kiþinin kýyafetini 20097 olarak deðiþtirdi.
[25/06/2019, 17:05] (komut) Biddy_Boelter(1): /setskin 0 20096
[25/06/2019, 17:05] berkay(1), Biddy_Boelter(1) adlý kiþinin kýyafetini 20096 olarak deðiþtirdi.
[25/06/2019, 17:05] (komut) Biddy_Boelter(1): /setskin 0 20099
[25/06/2019, 17:05] berkay(1), Biddy_Boelter(1) adlý kiþinin kýyafetini 20099 olarak deðiþtirdi.
[25/06/2019, 17:05] (komut) Biddy_Boelter(1): /setskin 0 20100
[25/06/2019, 17:05] berkay(1), Biddy_Boelter(1) adlý kiþinin kýyafetini 20100 olarak deðiþtirdi.
[25/06/2019, 17:05] (komut) Biddy_Boelter(1): /setskin 0 20101
[25/06/2019, 17:05] berkay(1), Biddy_Boelter(1) adlý kiþinin kýyafetini 20101 olarak deðiþtirdi.
[25/06/2019, 17:05] (komut) Biddy_Boelter(1): /setskin 0 20102
[25/06/2019, 17:05] berkay(1), Biddy_Boelter(1) adlý kiþinin kýyafetini 20102 olarak deðiþtirdi.
[25/06/2019, 17:05] (komut) Biddy_Boelter(1): /setskin 0 20103
[25/06/2019, 17:05] berkay(1), Biddy_Boelter(1) adlý kiþinin kýyafetini 20103 olarak deðiþtirdi.
[25/06/2019, 17:05] (komut) Biddy_Boelter(1): /setskin 0 20200
[25/06/2019, 17:05] berkay(1), Biddy_Boelter(1) adlý kiþinin kýyafetini 20200 olarak deðiþtirdi.
[25/06/2019, 17:05] (komut) Biddy_Boelter(1): /setskin 0 20300
[25/06/2019, 17:05] berkay(1), Biddy_Boelter(1) adlý kiþinin kýyafetini 20300 olarak deðiþtirdi.
[25/06/2019, 17:05] (komut) Biddy_Boelter(1): /setskin 0 20301
[25/06/2019, 17:05] berkay(1), Biddy_Boelter(1) adlý kiþinin kýyafetini 20301 olarak deðiþtirdi.
[25/06/2019, 17:05] (komut) Biddy_Boelter(1): /setskin 0 20302
[25/06/2019, 17:05] berkay(1), Biddy_Boelter(1) adlý kiþinin kýyafetini 20302 olarak deðiþtirdi.
[25/06/2019, 17:05] (komut) Biddy_Boelter(1): /setskin 0 20304
[25/06/2019, 17:05] berkay(1), Biddy_Boelter(1) adlý kiþinin kýyafetini 20304 olarak deðiþtirdi.
[25/06/2019, 17:05] (komut) Biddy_Boelter(1): /setskin 0 20500
[25/06/2019, 17:05] berkay(1), Biddy_Boelter(1) adlý kiþinin kýyafetini 20500 olarak deðiþtirdi.
[25/06/2019, 17:05] (komut) Biddy_Boelter(1): /setskin 0 20501
[25/06/2019, 17:05] berkay(1), Biddy_Boelter(1) adlý kiþinin kýyafetini 20501 olarak deðiþtirdi.
[25/06/2019, 17:05] (komut) Biddy_Boelter(1): /setskin 0 20502
[25/06/2019, 17:05] berkay(1), Biddy_Boelter(1) adlý kiþinin kýyafetini 20502 olarak deðiþtirdi.
[25/06/2019, 17:05] (komut) Biddy_Boelter(1): /setskin 0 20503
[25/06/2019, 17:05] berkay(1), Biddy_Boelter(1) adlý kiþinin kýyafetini 20503 olarak deðiþtirdi.
[25/06/2019, 17:05] (komut) Biddy_Boelter(1): /setskin 0 20504
[25/06/2019, 17:05] berkay(1), Biddy_Boelter(1) adlý kiþinin kýyafetini 20504 olarak deðiþtirdi.
[25/06/2019, 17:05] (komut) Biddy_Boelter(1): /setskin 0 20505
[25/06/2019, 17:05] berkay(1), Biddy_Boelter(1) adlý kiþinin kýyafetini 20505 olarak deðiþtirdi.
[25/06/2019, 17:05] (komut) Biddy_Boelter(1): /setskin 0 20506
[25/06/2019, 17:05] berkay(1), Biddy_Boelter(1) adlý kiþinin kýyafetini 20506 olarak deðiþtirdi.
[25/06/2019, 17:05] (komut) Biddy_Boelter(1): /setskin 0 20507
[25/06/2019, 17:05] berkay(1), Biddy_Boelter(1) adlý kiþinin kýyafetini 20507 olarak deðiþtirdi.
[25/06/2019, 17:05] (komut) Biddy_Boelter(1): /setskin 0 20508
[25/06/2019, 17:05] berkay(1), Biddy_Boelter(1) adlý kiþinin kýyafetini 20508 olarak deðiþtirdi.
[25/06/2019, 17:05] (komut) Biddy_Boelter(1): /setskin 0 20509
[25/06/2019, 17:05] berkay(1), Biddy_Boelter(1) adlý kiþinin kýyafetini 20509 olarak deðiþtirdi.
[25/06/2019, 17:05] (komut) Biddy_Boelter(1): /setskin 0 20510
[25/06/2019, 17:05] berkay(1), Biddy_Boelter(1) adlý kiþinin kýyafetini 20510 olarak deðiþtirdi.
[25/06/2019, 17:05] (komut) Biddy_Boelter(1): /setskin 0 20511
[25/06/2019, 17:05] berkay(1), Biddy_Boelter(1) adlý kiþinin kýyafetini 20511 olarak deðiþtirdi.
[25/06/2019, 17:05] (komut) Biddy_Boelter(1): /setskin 0 20512
[25/06/2019, 17:05] berkay(1), Biddy_Boelter(1) adlý kiþinin kýyafetini 20512 olarak deðiþtirdi.
[25/06/2019, 17:05] (komut) Biddy_Boelter(1): /setskin 0 20513
[25/06/2019, 17:05] berkay(1), Biddy_Boelter(1) adlý kiþinin kýyafetini 20513 olarak deðiþtirdi.
[25/06/2019, 17:05] (komut) Biddy_Boelter(1): /setskin 0 20514
[25/06/2019, 17:05] berkay(1), Biddy_Boelter(1) adlý kiþinin kýyafetini 20514 olarak deðiþtirdi.
[25/06/2019, 17:05] (komut) Biddy_Boelter(1): /setskin 0 20515
[25/06/2019, 17:05] berkay(1), Biddy_Boelter(1) adlý kiþinin kýyafetini 20515 olarak deðiþtirdi.
[25/06/2019, 17:05] (komut) Biddy_Boelter(1): /setskin 0 20516
[25/06/2019, 17:05] berkay(1), Biddy_Boelter(1) adlý kiþinin kýyafetini 20516 olarak deðiþtirdi.
[25/06/2019, 17:05] (komut) Biddy_Boelter(1): /setskin 0 20517
[25/06/2019, 17:05] berkay(1), Biddy_Boelter(1) adlý kiþinin kýyafetini 20517 olarak deðiþtirdi.
[25/06/2019, 17:05] (komut) Biddy_Boelter(1): /setskin 0 20518
[25/06/2019, 17:05] berkay(1), Biddy_Boelter(1) adlý kiþinin kýyafetini 20518 olarak deðiþtirdi.
[25/06/2019, 17:05] (komut) Biddy_Boelter(1): /setskin 0 20519
[25/06/2019, 17:05] berkay(1), Biddy_Boelter(1) adlý kiþinin kýyafetini 20519 olarak deðiþtirdi.
[25/06/2019, 17:05] (komut) Biddy_Boelter(1): /setskin 0 20520
[25/06/2019, 17:05] berkay(1), Biddy_Boelter(1) adlý kiþinin kýyafetini 20520 olarak deðiþtirdi.
[25/06/2019, 17:05] (komut) Biddy_Boelter(1): /setskin 0 20521
[25/06/2019, 17:05] berkay(1), Biddy_Boelter(1) adlý kiþinin kýyafetini 20521 olarak deðiþtirdi.
[25/06/2019, 17:05] (komut) Biddy_Boelter(1): /setskin 0 20522
[25/06/2019, 17:05] berkay(1), Biddy_Boelter(1) adlý kiþinin kýyafetini 20522 olarak deðiþtirdi.
[25/06/2019, 17:05] (komut) Biddy_Boelter(1): /setskin 0 20521
[25/06/2019, 17:05] berkay(1), Biddy_Boelter(1) adlý kiþinin kýyafetini 20521 olarak deðiþtirdi.
[25/06/2019, 17:06] (komut) Biddy_Boelter(1): /setskin 0 20523
[25/06/2019, 17:06] berkay(1), Biddy_Boelter(1) adlý kiþinin kýyafetini 20523 olarak deðiþtirdi.
[25/06/2019, 17:06] (komut) Biddy_Boelter(1): /setskin 0 20524
[25/06/2019, 17:06] berkay(1), Biddy_Boelter(1) adlý kiþinin kýyafetini 20524 olarak deðiþtirdi.
[25/06/2019, 17:06] (komut) Biddy_Boelter(1): /setskin 0 20525
[25/06/2019, 17:06] berkay(1), Biddy_Boelter(1) adlý kiþinin kýyafetini 20525 olarak deðiþtirdi.
[25/06/2019, 17:06] (komut) Biddy_Boelter(1): /setskin 0 20526
[25/06/2019, 17:06] berkay(1), Biddy_Boelter(1) adlý kiþinin kýyafetini 20526 olarak deðiþtirdi.
[25/06/2019, 17:06] (komut) Biddy_Boelter(1): /setskin 0 20527
[25/06/2019, 17:06] berkay(1), Biddy_Boelter(1) adlý kiþinin kýyafetini 20527 olarak deðiþtirdi.
[25/06/2019, 17:06] (komut) Biddy_Boelter(1): /setskin 0 20528
[25/06/2019, 17:06] berkay(1), Biddy_Boelter(1) adlý kiþinin kýyafetini 20528 olarak deðiþtirdi.
[25/06/2019, 17:06] (komut) Biddy_Boelter(1): /setskin 0 20526
[25/06/2019, 17:06] berkay(1), Biddy_Boelter(1) adlý kiþinin kýyafetini 20526 olarak deðiþtirdi.
[25/06/2019, 17:06] (komut) Biddy_Boelter(1): /setskin 0 20528
[25/06/2019, 17:06] berkay(1), Biddy_Boelter(1) adlý kiþinin kýyafetini 20528 olarak deðiþtirdi.
[25/06/2019, 17:06] (komut) Biddy_Boelter(1): /setskin 0 20529
[25/06/2019, 17:06] berkay(1), Biddy_Boelter(1) adlý kiþinin kýyafetini 20529 olarak deðiþtirdi.
[25/06/2019, 17:06] (komut) Biddy_Boelter(1): /setskin 0 20530
[25/06/2019, 17:06] berkay(1), Biddy_Boelter(1) adlý kiþinin kýyafetini 20530 olarak deðiþtirdi.
[25/06/2019, 17:06] (komut) Biddy_Boelter(1): /setskin 0 20531
[25/06/2019, 17:06] berkay(1), Biddy_Boelter(1) adlý kiþinin kýyafetini 20531 olarak deðiþtirdi.
[25/06/2019, 17:06] (komut) Biddy_Boelter(1): /setskin 0 20532
[25/06/2019, 17:06] berkay(1), Biddy_Boelter(1) adlý kiþinin kýyafetini 20532 olarak deðiþtirdi.
[25/06/2019, 17:06] (komut) Biddy_Boelter(1): /setskin 0 20533
[25/06/2019, 17:06] berkay(1), Biddy_Boelter(1) adlý kiþinin kýyafetini 20533 olarak deðiþtirdi.
[25/06/2019, 17:06] (komut) Biddy_Boelter(1): /setskin 0 20534
[25/06/2019, 17:06] berkay(1), Biddy_Boelter(1) adlý kiþinin kýyafetini 20534 olarak deðiþtirdi.
[25/06/2019, 17:06] (komut) Biddy_Boelter(1): /setskin 0 20535
[25/06/2019, 17:06] berkay(1), Biddy_Boelter(1) adlý kiþinin kýyafetini 20535 olarak deðiþtirdi.
[25/06/2019, 17:06] (komut) Biddy_Boelter(1): /setskin 0 20536
[25/06/2019, 17:06] berkay(1), Biddy_Boelter(1) adlý kiþinin kýyafetini 20536 olarak deðiþtirdi.
[25/06/2019, 17:06] (komut) Biddy_Boelter(1): /setskin 0 20537
[25/06/2019, 17:06] berkay(1), Biddy_Boelter(1) adlý kiþinin kýyafetini 20537 olarak deðiþtirdi.
[25/06/2019, 17:06] (komut) Biddy_Boelter(1): /setskin 0 20538
[25/06/2019, 17:06] berkay(1), Biddy_Boelter(1) adlý kiþinin kýyafetini 20538 olarak deðiþtirdi.
[25/06/2019, 17:06] (komut) Biddy_Boelter(1): /setskin 0 20539
[25/06/2019, 17:06] berkay(1), Biddy_Boelter(1) adlý kiþinin kýyafetini 20539 olarak deðiþtirdi.
[25/06/2019, 17:06] (komut) Biddy_Boelter(1): /setskin 0 20540
[25/06/2019, 17:06] berkay(1), Biddy_Boelter(1) adlý kiþinin kýyafetini 20540 olarak deðiþtirdi.
[25/06/2019, 17:06] (komut) Biddy_Boelter(1): /setskin 0 20541
[25/06/2019, 17:06] berkay(1), Biddy_Boelter(1) adlý kiþinin kýyafetini 20541 olarak deðiþtirdi.
[25/06/2019, 17:06] (komut) Biddy_Boelter(1): /setskin 0 20542
[25/06/2019, 17:06] berkay(1), Biddy_Boelter(1) adlý kiþinin kýyafetini 20542 olarak deðiþtirdi.
[25/06/2019, 17:06] (komut) Biddy_Boelter(1): /setskin 0 20543
[25/06/2019, 17:06] berkay(1), Biddy_Boelter(1) adlý kiþinin kýyafetini 20543 olarak deðiþtirdi.
[25/06/2019, 17:06] (komut) Biddy_Boelter(1): /setskin 0 20544
[25/06/2019, 17:06] berkay(1), Biddy_Boelter(1) adlý kiþinin kýyafetini 20544 olarak deðiþtirdi.
[25/06/2019, 17:06] (komut) Biddy_Boelter(1): /setskin 0 20545
[25/06/2019, 17:06] berkay(1), Biddy_Boelter(1) adlý kiþinin kýyafetini 20545 olarak deðiþtirdi.
[25/06/2019, 17:06] (komut) Biddy_Boelter(1): /setskin 0 20546
[25/06/2019, 17:06] berkay(1), Biddy_Boelter(1) adlý kiþinin kýyafetini 20546 olarak deðiþtirdi.
[25/06/2019, 17:06] (komut) Biddy_Boelter(1): /setskin 0 20547
[25/06/2019, 17:06] berkay(1), Biddy_Boelter(1) adlý kiþinin kýyafetini 20547 olarak deðiþtirdi.
[25/06/2019, 17:06] (komut) Biddy_Boelter(1): /setskin 0 20548
[25/06/2019, 17:06] berkay(1), Biddy_Boelter(1) adlý kiþinin kýyafetini 20548 olarak deðiþtirdi.
[25/06/2019, 17:06] (komut) Biddy_Boelter(1): /setskin 0 20549
[25/06/2019, 17:06] berkay(1), Biddy_Boelter(1) adlý kiþinin kýyafetini 20549 olarak deðiþtirdi.
[25/06/2019, 17:06] (komut) Biddy_Boelter(1): /setskin 0 20550
[25/06/2019, 17:06] berkay(1), Biddy_Boelter(1) adlý kiþinin kýyafetini 20550 olarak deðiþtirdi.
[25/06/2019, 17:06] (komut) Biddy_Boelter(1): /setskin 0 20551
[25/06/2019, 17:06] berkay(1), Biddy_Boelter(1) adlý kiþinin kýyafetini 20551 olarak deðiþtirdi.
[25/06/2019, 17:06] (komut) Biddy_Boelter(1): /setskin 0 20552
[25/06/2019, 17:06] berkay(1), Biddy_Boelter(1) adlý kiþinin kýyafetini 20552 olarak deðiþtirdi.
[25/06/2019, 17:06] (komut) Biddy_Boelter(1): /setskin 0 20553
[25/06/2019, 17:06] berkay(1), Biddy_Boelter(1) adlý kiþinin kýyafetini 20553 olarak deðiþtirdi.
[25/06/2019, 17:06] (komut) Biddy_Boelter(1): /setskin 0 20554
[25/06/2019, 17:06] berkay(1), Biddy_Boelter(1) adlý kiþinin kýyafetini 20554 olarak deðiþtirdi.
[25/06/2019, 17:06] (komut) Biddy_Boelter(1): /setskin 0 20555
[25/06/2019, 17:06] berkay(1), Biddy_Boelter(1) adlý kiþinin kýyafetini 20555 olarak deðiþtirdi.
[25/06/2019, 17:06] (komut) Biddy_Boelter(1): /setskin 0 20556
[25/06/2019, 17:06] berkay(1), Biddy_Boelter(1) adlý kiþinin kýyafetini 20556 olarak deðiþtirdi.
[25/06/2019, 17:06] (komut) Biddy_Boelter(1): /setskin 0 20557
[25/06/2019, 17:06] berkay(1), Biddy_Boelter(1) adlý kiþinin kýyafetini 20557 olarak deðiþtirdi.
[25/06/2019, 17:06] (komut) Biddy_Boelter(1): /setskin 0 20558
[25/06/2019, 17:06] berkay(1), Biddy_Boelter(1) adlý kiþinin kýyafetini 20558 olarak deðiþtirdi.
[25/06/2019, 17:06] (komut) Biddy_Boelter(1): /setskin 0 20559
[25/06/2019, 17:06] berkay(1), Biddy_Boelter(1) adlý kiþinin kýyafetini 20559 olarak deðiþtirdi.
[25/06/2019, 17:06] (komut) Biddy_Boelter(1): /setskin 0 20560
[25/06/2019, 17:06] berkay(1), Biddy_Boelter(1) adlý kiþinin kýyafetini 20560 olarak deðiþtirdi.
[25/06/2019, 17:06] (komut) Biddy_Boelter(1): /setskin 0 20561
[25/06/2019, 17:06] berkay(1), Biddy_Boelter(1) adlý kiþinin kýyafetini 20561 olarak deðiþtirdi.
[25/06/2019, 17:06] (komut) Biddy_Boelter(1): /setskin 0 20562
[25/06/2019, 17:06] berkay(1), Biddy_Boelter(1) adlý kiþinin kýyafetini 20562 olarak deðiþtirdi.
[25/06/2019, 17:06] (komut) Biddy_Boelter(1): /setskin 0 20563
[25/06/2019, 17:06] berkay(1), Biddy_Boelter(1) adlý kiþinin kýyafetini 20563 olarak deðiþtirdi.
[25/06/2019, 17:06] (komut) Biddy_Boelter(1): /setskin 0 20564
[25/06/2019, 17:06] berkay(1), Biddy_Boelter(1) adlý kiþinin kýyafetini 20564 olarak deðiþtirdi.
[25/06/2019, 17:06] (komut) Biddy_Boelter(1): /setskin 0 20565
[25/06/2019, 17:06] berkay(1), Biddy_Boelter(1) adlý kiþinin kýyafetini 20565 olarak deðiþtirdi.
[25/06/2019, 17:06] (komut) Biddy_Boelter(1): /setskin 0 20566
[25/06/2019, 17:06] berkay(1), Biddy_Boelter(1) adlý kiþinin kýyafetini 20566 olarak deðiþtirdi.
[25/06/2019, 17:06] (komut) Biddy_Boelter(1): /setskin 0 20567
[25/06/2019, 17:06] berkay(1), Biddy_Boelter(1) adlý kiþinin kýyafetini 20567 olarak deðiþtirdi.
[25/06/2019, 17:06] (komut) Biddy_Boelter(1): /setskin 0 20566
[25/06/2019, 17:06] berkay(1), Biddy_Boelter(1) adlý kiþinin kýyafetini 20566 olarak deðiþtirdi.
[25/06/2019, 17:06] (komut) Biddy_Boelter(1): /setskin 0 20578
[25/06/2019, 17:06] berkay(1), Biddy_Boelter(1) adlý kiþinin kýyafetini 20578 olarak deðiþtirdi.
[25/06/2019, 17:07] (komut) Biddy_Boelter(1): /setskin 0 20579
[25/06/2019, 17:07] berkay(1), Biddy_Boelter(1) adlý kiþinin kýyafetini 20579 olarak deðiþtirdi.
[25/06/2019, 17:07] (komut) Biddy_Boelter(1): /setskin 0 20580
[25/06/2019, 17:07] berkay(1), Biddy_Boelter(1) adlý kiþinin kýyafetini 20580 olarak deðiþtirdi.
[25/06/2019, 17:07] (komut) Biddy_Boelter(1): /setskin 0 20581
[25/06/2019, 17:07] berkay(1), Biddy_Boelter(1) adlý kiþinin kýyafetini 20581 olarak deðiþtirdi.
[25/06/2019, 17:07] (komut) Biddy_Boelter(1): /setskin 0 20582
[25/06/2019, 17:07] berkay(1), Biddy_Boelter(1) adlý kiþinin kýyafetini 20582 olarak deðiþtirdi.
[25/06/2019, 17:07] (komut) Biddy_Boelter(1): /setskin 0 20583
[25/06/2019, 17:07] berkay(1), Biddy_Boelter(1) adlý kiþinin kýyafetini 20583 olarak deðiþtirdi.
[25/06/2019, 17:07] (komut) Biddy_Boelter(1): /setskin 0 20584
[25/06/2019, 17:07] berkay(1), Biddy_Boelter(1) adlý kiþinin kýyafetini 20584 olarak deðiþtirdi.
[25/06/2019, 17:07] (komut) Biddy_Boelter(1): /setskin 0 20585
[25/06/2019, 17:07] berkay(1), Biddy_Boelter(1) adlý kiþinin kýyafetini 20585 olarak deðiþtirdi.
[25/06/2019, 17:07] (komut) Biddy_Boelter(1): /setskin 0 20586
[25/06/2019, 17:07] berkay(1), Biddy_Boelter(1) adlý kiþinin kýyafetini 20586 olarak deðiþtirdi.
[25/06/2019, 17:07] (komut) Biddy_Boelter(1): /setskin 0 20587
[25/06/2019, 17:07] berkay(1), Biddy_Boelter(1) adlý kiþinin kýyafetini 20587 olarak deðiþtirdi.
[25/06/2019, 17:07] (komut) Biddy_Boelter(1): /setskin 0 20588
[25/06/2019, 17:07] berkay(1), Biddy_Boelter(1) adlý kiþinin kýyafetini 20588 olarak deðiþtirdi.
[25/06/2019, 17:07] (komut) Biddy_Boelter(1): /setskin 0 20589
[25/06/2019, 17:07] berkay(1), Biddy_Boelter(1) adlý kiþinin kýyafetini 20589 olarak deðiþtirdi.
[25/06/2019, 17:07] (komut) Biddy_Boelter(1): /setskin 0 20590
[25/06/2019, 17:07] berkay(1), Biddy_Boelter(1) adlý kiþinin kýyafetini 20590 olarak deðiþtirdi.
[25/06/2019, 17:07] (komut) Biddy_Boelter(1): /setskin 0 20591
[25/06/2019, 17:07] berkay(1), Biddy_Boelter(1) adlý kiþinin kýyafetini 20591 olarak deðiþtirdi.
[25/06/2019, 17:07] (komut) Biddy_Boelter(1): /setskin 0 20592
[25/06/2019, 17:07] berkay(1), Biddy_Boelter(1) adlý kiþinin kýyafetini 20592 olarak deðiþtirdi.
[25/06/2019, 17:07] (komut) Biddy_Boelter(1): /setskin 0 20593
[25/06/2019, 17:07] berkay(1), Biddy_Boelter(1) adlý kiþinin kýyafetini 20593 olarak deðiþtirdi.
[25/06/2019, 17:07] (komut) Biddy_Boelter(1): /setskin 0 20594
[25/06/2019, 17:07] berkay(1), Biddy_Boelter(1) adlý kiþinin kýyafetini 20594 olarak deðiþtirdi.
[25/06/2019, 17:07] (komut) Biddy_Boelter(1): /setskin 0 20595
[25/06/2019, 17:07] berkay(1), Biddy_Boelter(1) adlý kiþinin kýyafetini 20595 olarak deðiþtirdi.
[25/06/2019, 17:07] (komut) Biddy_Boelter(1): /setskin 0 20596
[25/06/2019, 17:07] berkay(1), Biddy_Boelter(1) adlý kiþinin kýyafetini 20596 olarak deðiþtirdi.
[25/06/2019, 17:07] (komut) Biddy_Boelter(1): /setskin 0 20597
[25/06/2019, 17:07] berkay(1), Biddy_Boelter(1) adlý kiþinin kýyafetini 20597 olarak deðiþtirdi.
[25/06/2019, 17:07] (komut) Biddy_Boelter(1): /setskin 0 20598
[25/06/2019, 17:07] berkay(1), Biddy_Boelter(1) adlý kiþinin kýyafetini 20598 olarak deðiþtirdi.
[25/06/2019, 17:07] (komut) Biddy_Boelter(1): /setskin 0 20599
[25/06/2019, 17:07] berkay(1), Biddy_Boelter(1) adlý kiþinin kýyafetini 20599 olarak deðiþtirdi.
[25/06/2019, 17:07] (komut) Biddy_Boelter(1): /setskin 0 20560
[25/06/2019, 17:07] berkay(1), Biddy_Boelter(1) adlý kiþinin kýyafetini 20560 olarak deðiþtirdi.
[25/06/2019, 17:07] (komut) Biddy_Boelter(1): /setskin 0 20561
[25/06/2019, 17:07] berkay(1), Biddy_Boelter(1) adlý kiþinin kýyafetini 20561 olarak deðiþtirdi.
[25/06/2019, 17:07] (komut) Biddy_Boelter(1): /setskin 0 20562
[25/06/2019, 17:07] berkay(1), Biddy_Boelter(1) adlý kiþinin kýyafetini 20562 olarak deðiþtirdi.
[25/06/2019, 17:07] (komut) Biddy_Boelter(1): /setskin 0 20563
[25/06/2019, 17:07] berkay(1), Biddy_Boelter(1) adlý kiþinin kýyafetini 20563 olarak deðiþtirdi.
[25/06/2019, 17:07] (komut) Biddy_Boelter(1): /setskin 0 20564
[25/06/2019, 17:07] berkay(1), Biddy_Boelter(1) adlý kiþinin kýyafetini 20564 olarak deðiþtirdi.
[25/06/2019, 17:07] (komut) Biddy_Boelter(1): /setskin 0 20565
[25/06/2019, 17:07] berkay(1), Biddy_Boelter(1) adlý kiþinin kýyafetini 20565 olarak deðiþtirdi.
[25/06/2019, 17:07] (komut) Biddy_Boelter(1): /setskin 0 20566
[25/06/2019, 17:07] berkay(1), Biddy_Boelter(1) adlý kiþinin kýyafetini 20566 olarak deðiþtirdi.
[25/06/2019, 17:07] (komut) Biddy_Boelter(1): /setskin 0 20567
[25/06/2019, 17:07] berkay(1), Biddy_Boelter(1) adlý kiþinin kýyafetini 20567 olarak deðiþtirdi.
[25/06/2019, 17:07] (komut) Biddy_Boelter(1): /setskin 0 20590
[25/06/2019, 17:07] berkay(1), Biddy_Boelter(1) adlý kiþinin kýyafetini 20590 olarak deðiþtirdi.
[25/06/2019, 17:07] (komut) Biddy_Boelter(1): /setskin 0 20591
[25/06/2019, 17:07] berkay(1), Biddy_Boelter(1) adlý kiþinin kýyafetini 20591 olarak deðiþtirdi.
[25/06/2019, 17:07] (komut) Biddy_Boelter(1): /setskin 0 20592
[25/06/2019, 17:07] berkay(1), Biddy_Boelter(1) adlý kiþinin kýyafetini 20592 olarak deðiþtirdi.
[25/06/2019, 17:07] (komut) Biddy_Boelter(1): /setskin 0 20593
[25/06/2019, 17:07] berkay(1), Biddy_Boelter(1) adlý kiþinin kýyafetini 20593 olarak deðiþtirdi.
[25/06/2019, 17:07] (komut) Biddy_Boelter(1): /setskin 0 20594
[25/06/2019, 17:07] berkay(1), Biddy_Boelter(1) adlý kiþinin kýyafetini 20594 olarak deðiþtirdi.
[25/06/2019, 17:07] (komut) Biddy_Boelter(1): /setskin 0 20595
[25/06/2019, 17:07] berkay(1), Biddy_Boelter(1) adlý kiþinin kýyafetini 20595 olarak deðiþtirdi.
[25/06/2019, 17:07] (komut) Biddy_Boelter(1): /setskin 0 20600
[25/06/2019, 17:07] berkay(1), Biddy_Boelter(1) adlý kiþinin kýyafetini 20600 olarak deðiþtirdi.
[25/06/2019, 17:07] (komut) Biddy_Boelter(1): /setskin 0 20601
[25/06/2019, 17:07] berkay(1), Biddy_Boelter(1) adlý kiþinin kýyafetini 20601 olarak deðiþtirdi.
[25/06/2019, 17:07] (komut) Biddy_Boelter(1): /setskin 0 20602
[25/06/2019, 17:07] berkay(1), Biddy_Boelter(1) adlý kiþinin kýyafetini 20602 olarak deðiþtirdi.
[25/06/2019, 17:08] (komut) Biddy_Boelter(1): /setskin 0 20603
[25/06/2019, 17:08] berkay(1), Biddy_Boelter(1) adlý kiþinin kýyafetini 20603 olarak deðiþtirdi.
[25/06/2019, 17:08] (komut) Biddy_Boelter(1): /setskin 0 20604
[25/06/2019, 17:08] berkay(1), Biddy_Boelter(1) adlý kiþinin kýyafetini 20604 olarak deðiþtirdi.
[25/06/2019, 17:08] (komut) Biddy_Boelter(1): /setskin 0 20605
[25/06/2019, 17:08] berkay(1), Biddy_Boelter(1) adlý kiþinin kýyafetini 20605 olarak deðiþtirdi.
[25/06/2019, 17:08] (komut) Biddy_Boelter(1): /setskin 0 20606
[25/06/2019, 17:08] berkay(1), Biddy_Boelter(1) adlý kiþinin kýyafetini 20606 olarak deðiþtirdi.
[25/06/2019, 17:08] (komut) Biddy_Boelter(1): /setskin 0 20607
[25/06/2019, 17:08] berkay(1), Biddy_Boelter(1) adlý kiþinin kýyafetini 20607 olarak deðiþtirdi.
[25/06/2019, 17:08] (komut) Biddy_Boelter(1): /setskin 0 20608
[25/06/2019, 17:08] berkay(1), Biddy_Boelter(1) adlý kiþinin kýyafetini 20608 olarak deðiþtirdi.
[25/06/2019, 17:08] (komut) Biddy_Boelter(1): /setskin 0 20609
[25/06/2019, 17:08] berkay(1), Biddy_Boelter(1) adlý kiþinin kýyafetini 20609 olarak deðiþtirdi.
[25/06/2019, 17:08] (komut) Biddy_Boelter(1): /setskin 0 20609
[25/06/2019, 17:08] berkay(1), Biddy_Boelter(1) adlý kiþinin kýyafetini 20609 olarak deðiþtirdi.
[25/06/2019, 17:08] (komut) Biddy_Boelter(1): /setskin 0 20610
[25/06/2019, 17:08] berkay(1), Biddy_Boelter(1) adlý kiþinin kýyafetini 20610 olarak deðiþtirdi.
[25/06/2019, 17:08] (komut) Biddy_Boelter(1): /setskin 0 20611
[25/06/2019, 17:08] berkay(1), Biddy_Boelter(1) adlý kiþinin kýyafetini 20611 olarak deðiþtirdi.
[25/06/2019, 17:08] (komut) Biddy_Boelter(1): /setskin 0 20548
[25/06/2019, 17:08] berkay(1), Biddy_Boelter(1) adlý kiþinin kýyafetini 20548 olarak deðiþtirdi.
[25/06/2019, 17:08] (komut) Biddy_Boelter(1): /setskin 0 20543
[25/06/2019, 17:08] berkay(1), Biddy_Boelter(1) adlý kiþinin kýyafetini 20543 olarak deðiþtirdi.
[25/06/2019, 17:08] (komut) Biddy_Boelter(1): /git bina 0
[25/06/2019, 17:08] (komut) Biddy_Boelter(1): /git isyeri 0
[25/06/2019, 17:08] (komut) Biddy_Boelter(1): /satinal
[25/06/2019, 17:08] (komut) Biddy_Boelter(1): /git ev 6
[25/06/2019, 17:08] (komut) Biddy_Boelter(1): /karakter
[25/06/2019, 17:10] (komut) Biddy_Boelter(1): /git dolap 2
[25/06/2019, 17:10] (komut) Biddy_Boelter(1): /liderayarla 0
[25/06/2019, 17:10] (komut) Biddy_Boelter(1): /liderayarla 0 2
[25/06/2019, 17:10] [ADM] berkay(1), Biddy_Boelter(1) adlý kiþiyi Los Santos Medical Department birlik lideri yaptý.
[25/06/2019, 17:10] (komut) Biddy_Boelter(1): /dolap
[25/06/2019, 17:10] (komut) Biddy_Boelter(1): /dolap
[25/06/2019, 17:10] (komut) Biddy_Boelter(1): /dolap
[25/06/2019, 17:10] (komut) Biddy_Boelter(1): /dolap
[25/06/2019, 17:10] (komut) Biddy_Boelter(1): /aksesuar
[25/06/2019, 17:10] (komut) Biddy_Boelter(1): /aksesuar
[25/06/2019, 17:11] (komut) Biddy_Boelter(1): /karakter
[25/06/2019, 17:11] (komut) Biddy_Boelter(1): /karakter
[25/06/2019, 17:11] (komut) Biddy_Boelter(1): /dolap
[25/06/2019, 17:11] (komut) Biddy_Boelter(1): /dolap
[25/06/2019, 17:11] [cmd_me] Biddy_Boelter(1) dolaptan rozetini alýr.
[25/06/2019, 17:11] (komut) Biddy_Boelter(1): /dolap
[25/06/2019, 17:11] [cmd_me] Biddy_Boelter(1) ekipmanlarýný býrakýr.
[25/06/2019, 17:11] (komut) Biddy_Boelter(1): /dolap
[25/06/2019, 17:11] [cmd_me] Biddy_Boelter(1) dolaptan rozetini alýr.
[25/06/2019, 17:11] (komut) Biddy_Boelter(1): /dolap
[25/06/2019, 17:11] (komut) Biddy_Boelter(1): /dolap
[25/06/2019, 17:11] [cmd_me] Biddy_Boelter(1) ekipmanlarýný býrakýr.
[25/06/2019, 17:11] (komut) Biddy_Boelter(1): /dolap
[25/06/2019, 17:50] (komut) Biddy_Boelter(1): /restart 1 1
[25/06/2019, 17:50] 001(127.0.0.1) oyundan çýkýþ yaptý.
[25/06/2019, 17:50] 001(127.0.0.1) sunucuya giriþ yaptý.
[25/06/2019, 17:51] (komut) Biddy_Boelter(1): /restart 1 1
[25/06/2019, 17:51] Biddy_Boelter(255.255.255.255) oyundan çýkýþ yaptý.
[25/06/2019, 17:52] 001(127.0.0.1) sunucuya giriþ yaptý.
[25/06/2019, 17:57] (komut) Biddy_Boelter(1): /restart 1 1
[25/06/2019, 17:57] 001(127.0.0.1) oyundan çýkýþ yaptý.
[25/06/2019, 17:57] 001(127.0.0.1) sunucuya giriþ yaptý.
[25/06/2019, 17:57] Jeffry_Jennings(255.255.255.255) oyundan çýkýþ yaptý.
[25/06/2019, 17:58] 001(127.0.0.1) sunucuya giriþ yaptý.
[25/06/2019, 17:58] 001(255.255.255.255) oyundan çýkýþ yaptý.
