[04:06:30] [ERROR] exception 0XC0000005 (ACCESS_VIOLATION) from Vectored Exception Handler catched; shutting log-core down
[04:06:30] [ERROR] exception 0XC0000005 (ACCESS_VIOLATION) from Unhandled Exception Handler catched; shutting log-core down
[04:06:30] [ERROR] exception 0XC0000005 (ACCESS_VIOLATION) from Vectored Exception Handler catched; shutting log-core down
[04:06:30] [ERROR] exception 0XC0000005 (ACCESS_VIOLATION) from Vectored Exception Handler catched; shutting log-core down
[04:06:30] [ERROR] exception 0XC0000005 (ACCESS_VIOLATION) from Vectored Exception Handler catched; shutting log-core down
[04:06:30] [ERROR] exception 0XC0000005 (ACCESS_VIOLATION) from Vectored Exception Handler catched; shutting log-core down
[04:06:30] [ERROR] exception 0XC0000005 (ACCESS_VIOLATION) from Vectored Exception Handler catched; shutting log-core down
[04:09:02] [INFO] received Windows console close event; shutting log-core down
[04:09:02] [INFO] received Windows console close event; shutting log-core down
[12:05:25] [ERROR] exception 0XC0000005 (ACCESS_VIOLATION) from Vectored Exception Handler catched; shutting log-core down
[12:05:25] [ERROR] exception 0XC0000005 (ACCESS_VIOLATION) from Unhandled Exception Handler catched; shutting log-core down
[12:05:25] [ERROR] exception 0XC0000005 (ACCESS_VIOLATION) from Vectored Exception Handler catched; shutting log-core down
[12:05:25] [ERROR] exception 0XC0000005 (ACCESS_VIOLATION) from Vectored Exception Handler catched; shutting log-core down
[12:05:25] [ERROR] exception 0XC0000005 (ACCESS_VIOLATION) from Vectored Exception Handler catched; shutting log-core down
[12:05:25] [ERROR] exception 0XC0000005 (ACCESS_VIOLATION) from Vectored Exception Handler catched; shutting log-core down
[12:05:25] [ERROR] exception 0XC0000005 (ACCESS_VIOLATION) from Vectored Exception Handler catched; shutting log-core down
[12:05:25] [ERROR] exception 0XC0000005 (ACCESS_VIOLATION) from Vectored Exception Handler catched; shutting log-core down
[12:05:25] [ERROR] exception 0XC0000005 (ACCESS_VIOLATION) from Vectored Exception Handler catched; shutting log-core down
[12:05:25] [ERROR] exception 0XC0000005 (ACCESS_VIOLATION) from Vectored Exception Handler catched; shutting log-core down
[12:05:25] [ERROR] exception 0XC0000005 (ACCESS_VIOLATION) from Vectored Exception Handler catched; shutting log-core down
[12:06:07] [INFO] received Windows console close event; shutting log-core down
[12:07:22] [ERROR] exception 0XC0000005 (ACCESS_VIOLATION) from Vectored Exception Handler catched; shutting log-core down
[12:07:22] [ERROR] exception 0XC0000005 (ACCESS_VIOLATION) from Unhandled Exception Handler catched; shutting log-core down
[12:07:22] [ERROR] exception 0XC0000005 (ACCESS_VIOLATION) from Vectored Exception Handler catched; shutting log-core down
[12:07:22] [ERROR] exception 0XC0000005 (ACCESS_VIOLATION) from Vectored Exception Handler catched; shutting log-core down
[12:07:22] [ERROR] exception 0XC0000005 (ACCESS_VIOLATION) from Vectored Exception Handler catched; shutting log-core down
[12:07:22] [ERROR] exception 0XC0000005 (ACCESS_VIOLATION) from Vectored Exception Handler catched; shutting log-core down
[12:07:22] [ERROR] exception 0XC0000005 (ACCESS_VIOLATION) from Vectored Exception Handler catched; shutting log-core down
[12:07:22] [ERROR] exception 0XC0000005 (ACCESS_VIOLATION) from Vectored Exception Handler catched; shutting log-core down
[12:07:22] [ERROR] exception 0XC0000005 (ACCESS_VIOLATION) from Vectored Exception Handler catched; shutting log-core down
[12:07:22] [ERROR] exception 0XC0000005 (ACCESS_VIOLATION) from Vectored Exception Handler catched; shutting log-core down
[12:07:22] [ERROR] exception 0XC0000005 (ACCESS_VIOLATION) from Vectored Exception Handler catched; shutting log-core down
[12:07:22] [ERROR] exception 0XC0000005 (ACCESS_VIOLATION) from Vectored Exception Handler catched; shutting log-core down
[12:07:22] [ERROR] exception 0XC0000005 (ACCESS_VIOLATION) from Vectored Exception Handler catched; shutting log-core down
[12:07:22] [ERROR] exception 0XC0000005 (ACCESS_VIOLATION) from Vectored Exception Handler catched; shutting log-core down
[12:07:22] [ERROR] exception 0XC0000005 (ACCESS_VIOLATION) from Vectored Exception Handler catched; shutting log-core down
[12:07:22] [ERROR] exception 0XC0000005 (ACCESS_VIOLATION) from Vectored Exception Handler catched; shutting log-core down
[12:07:22] [ERROR] exception 0XC0000005 (ACCESS_VIOLATION) from Vectored Exception Handler catched; shutting log-core down
[12:07:22] [ERROR] exception 0XC0000005 (ACCESS_VIOLATION) from Vectored Exception Handler catched; shutting log-core down
[12:07:22] [ERROR] exception 0XC0000005 (ACCESS_VIOLATION) from Vectored Exception Handler catched; shutting log-core down
[12:07:22] [ERROR] exception 0XC0000005 (ACCESS_VIOLATION) from Vectored Exception Handler catched; shutting log-core down
[12:07:22] [ERROR] exception 0XC0000005 (ACCESS_VIOLATION) from Vectored Exception Handler catched; shutting log-core down
[12:07:22] [ERROR] exception 0XC0000005 (ACCESS_VIOLATION) from Vectored Exception Handler catched; shutting log-core down
[12:07:22] [ERROR] exception 0XC0000005 (ACCESS_VIOLATION) from Vectored Exception Handler catched; shutting log-core down
[12:07:22] [ERROR] exception 0XC0000005 (ACCESS_VIOLATION) from Vectored Exception Handler catched; shutting log-core down
[12:07:22] [ERROR] exception 0XC0000005 (ACCESS_VIOLATION) from Vectored Exception Handler catched; shutting log-core down
[12:07:22] [ERROR] exception 0XC0000005 (ACCESS_VIOLATION) from Vectored Exception Handler catched; shutting log-core down
[12:07:22] [ERROR] exception 0XC0000005 (ACCESS_VIOLATION) from Vectored Exception Handler catched; shutting log-core down
[12:07:22] [ERROR] exception 0XC0000005 (ACCESS_VIOLATION) from Vectored Exception Handler catched; shutting log-core down
[12:07:22] [ERROR] exception 0XC0000005 (ACCESS_VIOLATION) from Vectored Exception Handler catched; shutting log-core down
[12:07:22] [ERROR] exception 0XC0000005 (ACCESS_VIOLATION) from Vectored Exception Handler catched; shutting log-core down
[12:07:22] [ERROR] exception 0XC0000005 (ACCESS_VIOLATION) from Vectored Exception Handler catched; shutting log-core down
[12:07:22] [ERROR] exception 0XC0000005 (ACCESS_VIOLATION) from Vectored Exception Handler catched; shutting log-core down
[12:07:22] [ERROR] exception 0XC0000005 (ACCESS_VIOLATION) from Vectored Exception Handler catched; shutting log-core down
[12:07:22] [ERROR] exception 0XC0000005 (ACCESS_VIOLATION) from Vectored Exception Handler catched; shutting log-core down
[12:07:22] [ERROR] exception 0XC0000005 (ACCESS_VIOLATION) from Vectored Exception Handler catched; shutting log-core down
[12:07:22] [ERROR] exception 0XC0000005 (ACCESS_VIOLATION) from Vectored Exception Handler catched; shutting log-core down
[12:07:22] [ERROR] exception 0XC0000005 (ACCESS_VIOLATION) from Vectored Exception Handler catched; shutting log-core down
[12:07:22] [ERROR] exception 0XC0000005 (ACCESS_VIOLATION) from Vectored Exception Handler catched; shutting log-core down
[12:07:22] [ERROR] exception 0XC0000005 (ACCESS_VIOLATION) from Vectored Exception Handler catched; shutting log-core down
[12:07:22] [ERROR] exception 0XC0000005 (ACCESS_VIOLATION) from Vectored Exception Handler catched; shutting log-core down
[12:07:22] [ERROR] exception 0XC0000005 (ACCESS_VIOLATION) from Vectored Exception Handler catched; shutting log-core down
[12:07:22] [ERROR] exception 0XC0000005 (ACCESS_VIOLATION) from Vectored Exception Handler catched; shutting log-core down
[12:07:33] [INFO] received Windows console close event; shutting log-core down
[12:10:58] [INFO] received Windows console close event; shutting log-core down
[12:26:46] [INFO] received Windows console close event; shutting log-core down
[14:28:36] [ERROR] exception 0XC0000005 (ACCESS_VIOLATION) from Vectored Exception Handler catched; shutting log-core down
[14:28:36] [ERROR] exception 0XC0000005 (ACCESS_VIOLATION) from Unhandled Exception Handler catched; shutting log-core down
[14:28:36] [ERROR] exception 0XC0000005 (ACCESS_VIOLATION) from Vectored Exception Handler catched; shutting log-core down
[14:28:36] [ERROR] exception 0XC0000005 (ACCESS_VIOLATION) from Vectored Exception Handler catched; shutting log-core down
[14:28:36] [ERROR] exception 0XC0000005 (ACCESS_VIOLATION) from Vectored Exception Handler catched; shutting log-core down
[14:28:36] [ERROR] exception 0XC0000005 (ACCESS_VIOLATION) from Vectored Exception Handler catched; shutting log-core down
[14:28:36] [ERROR] exception 0XC0000005 (ACCESS_VIOLATION) from Vectored Exception Handler catched; shutting log-core down
[14:29:40] [INFO] received Windows console close event; shutting log-core down
[14:34:24] [ERROR] exception 0XC0000005 (ACCESS_VIOLATION) from Vectored Exception Handler catched; shutting log-core down
[14:34:24] [ERROR] exception 0XC0000005 (ACCESS_VIOLATION) from Unhandled Exception Handler catched; shutting log-core down
[14:34:24] [ERROR] exception 0XC0000005 (ACCESS_VIOLATION) from Vectored Exception Handler catched; shutting log-core down
[14:34:24] [ERROR] exception 0XC0000005 (ACCESS_VIOLATION) from Vectored Exception Handler catched; shutting log-core down
[14:34:24] [ERROR] exception 0XC0000005 (ACCESS_VIOLATION) from Vectored Exception Handler catched; shutting log-core down
[14:34:24] [ERROR] exception 0XC0000005 (ACCESS_VIOLATION) from Vectored Exception Handler catched; shutting log-core down
[14:34:24] [ERROR] exception 0XC0000005 (ACCESS_VIOLATION) from Vectored Exception Handler catched; shutting log-core down
[14:34:24] [ERROR] exception 0XC0000005 (ACCESS_VIOLATION) from Vectored Exception Handler catched; shutting log-core down
[14:34:24] [ERROR] exception 0XC0000005 (ACCESS_VIOLATION) from Vectored Exception Handler catched; shutting log-core down
[14:34:24] [ERROR] exception 0XC0000005 (ACCESS_VIOLATION) from Vectored Exception Handler catched; shutting log-core down
[14:34:24] [ERROR] exception 0XC0000005 (ACCESS_VIOLATION) from Vectored Exception Handler catched; shutting log-core down
[14:34:24] [ERROR] exception 0XC0000005 (ACCESS_VIOLATION) from Vectored Exception Handler catched; shutting log-core down
[14:34:24] [ERROR] exception 0XC0000005 (ACCESS_VIOLATION) from Vectored Exception Handler catched; shutting log-core down
[14:34:24] [ERROR] exception 0XC0000005 (ACCESS_VIOLATION) from Vectored Exception Handler catched; shutting log-core down
[14:34:24] [ERROR] exception 0XC0000005 (ACCESS_VIOLATION) from Vectored Exception Handler catched; shutting log-core down
[14:34:24] [ERROR] exception 0XC0000005 (ACCESS_VIOLATION) from Vectored Exception Handler catched; shutting log-core down
[14:35:01] [INFO] received Windows console close event; shutting log-core down
[14:51:10] [INFO] received Windows console close event; shutting log-core down
[05:57:05] [INFO] received Windows console close event; shutting log-core down
[06:02:51] [INFO] received Windows console close event; shutting log-core down
[06:04:31] [INFO] received Windows console close event; shutting log-core down
[15:29:05] [INFO] received Windows console close event; shutting log-core down
[11:34:15] [ERROR] exception 0XC0000005 (ACCESS_VIOLATION) from Vectored Exception Handler catched; shutting log-core down
[11:34:15] [ERROR] exception 0XC0000005 (ACCESS_VIOLATION) from Unhandled Exception Handler catched; shutting log-core down
[11:34:15] [ERROR] exception 0XC0000005 (ACCESS_VIOLATION) from Vectored Exception Handler catched; shutting log-core down
[11:36:13] [INFO] received Windows console close event; shutting log-core down
[14:02:34] [INFO] received Windows console close event; shutting log-core down
[14:04:50] [ERROR] exception 0XC0000005 (ACCESS_VIOLATION) from Vectored Exception Handler catched; shutting log-core down
[14:09:12] [INFO] received Windows console close event; shutting log-core down
[14:30:04] [INFO] received Windows console close event; shutting log-core down
[07:00:35] [INFO] received Windows console close event; shutting log-core down
[14:51:22] [INFO] received Windows console close event; shutting log-core down
[15:32:18] [INFO] received Windows console close event; shutting log-core down
[05:15:55] [ERROR] exception 0XC0000005 (ACCESS_VIOLATION) from Vectored Exception Handler catched; shutting log-core down
[05:15:55] [ERROR] exception 0XC0000005 (ACCESS_VIOLATION) from Unhandled Exception Handler catched; shutting log-core down
[05:15:55] [ERROR] exception 0XC0000005 (ACCESS_VIOLATION) from Vectored Exception Handler catched; shutting log-core down
[05:15:55] [ERROR] exception 0XC0000005 (ACCESS_VIOLATION) from Vectored Exception Handler catched; shutting log-core down
[05:15:55] [ERROR] exception 0XC0000005 (ACCESS_VIOLATION) from Vectored Exception Handler catched; shutting log-core down
[05:15:55] [ERROR] exception 0XC0000005 (ACCESS_VIOLATION) from Vectored Exception Handler catched; shutting log-core down
[05:15:55] [ERROR] exception 0XC0000005 (ACCESS_VIOLATION) from Vectored Exception Handler catched; shutting log-core down
[05:15:55] [ERROR] exception 0XC0000005 (ACCESS_VIOLATION) from Vectored Exception Handler catched; shutting log-core down
[05:15:55] [ERROR] exception 0XC0000005 (ACCESS_VIOLATION) from Vectored Exception Handler catched; shutting log-core down
[05:15:55] [ERROR] exception 0XC0000005 (ACCESS_VIOLATION) from Vectored Exception Handler catched; shutting log-core down
[05:16:41] [INFO] received Windows console close event; shutting log-core down
[05:18:07] [ERROR] exception 0XC0000005 (ACCESS_VIOLATION) from Vectored Exception Handler catched; shutting log-core down
[05:18:07] [ERROR] exception 0XC0000005 (ACCESS_VIOLATION) from Unhandled Exception Handler catched; shutting log-core down
[05:20:23] [INFO] received Windows console close event; shutting log-core down
[23:32:18] [INFO] received Windows console close event; shutting log-core down
[23:16:57] [INFO] received Windows console close event; shutting log-core down
[08:56:07] [INFO] received Windows console close event; shutting log-core down
[07:47:58] [INFO] received Windows console close event; shutting log-core down
[08:10:04] [INFO] received Windows console close event; shutting log-core down
[10:31:47] [INFO] received Windows console close event; shutting log-core down
[10:32:13] [INFO] received Windows console close event; shutting log-core down
[10:32:56] [INFO] received Windows console close event; shutting log-core down
[10:36:35] [ERROR] exception 0X80000003 (BREAKPOINT) from Vectored Exception Handler catched; shutting log-core down
[10:36:35] [ERROR] exception 0X80000003 (BREAKPOINT) from Unhandled Exception Handler catched; shutting log-core down
[10:36:35] [ERROR] exception 0X80000003 (BREAKPOINT) from Vectored Exception Handler catched; shutting log-core down
[10:36:35] [ERROR] exception 0X80000003 (BREAKPOINT) from Vectored Exception Handler catched; shutting log-core down
[10:36:35] [ERROR] exception 0X80000003 (BREAKPOINT) from Vectored Exception Handler catched; shutting log-core down
[10:36:35] [ERROR] exception 0X80000003 (BREAKPOINT) from Vectored Exception Handler catched; shutting log-core down
[10:36:35] [ERROR] exception 0X80000003 (BREAKPOINT) from Vectored Exception Handler catched; shutting log-core down
[10:36:35] [ERROR] exception 0X80000003 (BREAKPOINT) from Vectored Exception Handler catched; shutting log-core down
[10:36:35] [ERROR] exception 0X80000003 (BREAKPOINT) from Vectored Exception Handler catched; shutting log-core down
[10:36:35] [ERROR] exception 0X80000003 (BREAKPOINT) from Vectored Exception Handler catched; shutting log-core down
[10:36:35] [ERROR] exception 0X80000003 (BREAKPOINT) from Vectored Exception Handler catched; shutting log-core down
[10:36:35] [ERROR] exception 0X80000003 (BREAKPOINT) from Vectored Exception Handler catched; shutting log-core down
[10:36:35] [ERROR] exception 0X80000003 (BREAKPOINT) from Vectored Exception Handler catched; shutting log-core down
[10:36:35] [ERROR] exception 0X80000003 (BREAKPOINT) from Vectored Exception Handler catched; shutting log-core down
[10:36:35] [ERROR] exception 0X80000003 (BREAKPOINT) from Vectored Exception Handler catched; shutting log-core down
[10:36:35] [ERROR] exception 0X80000003 (BREAKPOINT) from Vectored Exception Handler catched; shutting log-core down
[10:36:35] [ERROR] exception 0X80000003 (BREAKPOINT) from Vectored Exception Handler catched; shutting log-core down
[10:36:35] [ERROR] exception 0X80000003 (BREAKPOINT) from Vectored Exception Handler catched; shutting log-core down
[10:36:35] [ERROR] exception 0X80000003 (BREAKPOINT) from Vectored Exception Handler catched; shutting log-core down
[10:36:35] [ERROR] exception 0X80000003 (BREAKPOINT) from Vectored Exception Handler catched; shutting log-core down
[10:36:35] [ERROR] exception 0X80000003 (BREAKPOINT) from Vectored Exception Handler catched; shutting log-core down
[10:36:35] [ERROR] exception 0X80000003 (BREAKPOINT) from Vectored Exception Handler catched; shutting log-core down
[10:36:35] [ERROR] exception 0X80000003 (BREAKPOINT) from Vectored Exception Handler catched; shutting log-core down
[10:36:35] [ERROR] exception 0X80000003 (BREAKPOINT) from Vectored Exception Handler catched; shutting log-core down
[10:36:36] [ERROR] exception 0X80000003 (BREAKPOINT) from Vectored Exception Handler catched; shutting log-core down
[10:36:36] [ERROR] exception 0X80000003 (BREAKPOINT) from Vectored Exception Handler catched; shutting log-core down
[10:36:36] [ERROR] exception 0X80000003 (BREAKPOINT) from Vectored Exception Handler catched; shutting log-core down
[10:36:36] [ERROR] exception 0X80000003 (BREAKPOINT) from Vectored Exception Handler catched; shutting log-core down
[10:36:36] [ERROR] exception 0X80000003 (BREAKPOINT) from Vectored Exception Handler catched; shutting log-core down
[10:36:36] [ERROR] exception 0X80000003 (BREAKPOINT) from Vectored Exception Handler catched; shutting log-core down
[10:36:36] [ERROR] exception 0X80000003 (BREAKPOINT) from Vectored Exception Handler catched; shutting log-core down
[10:36:36] [ERROR] exception 0X80000003 (BREAKPOINT) from Vectored Exception Handler catched; shutting log-core down
[10:36:36] [ERROR] exception 0X80000003 (BREAKPOINT) from Vectored Exception Handler catched; shutting log-core down
[10:36:36] [ERROR] exception 0X80000003 (BREAKPOINT) from Vectored Exception Handler catched; shutting log-core down
[10:36:36] [ERROR] exception 0X80000003 (BREAKPOINT) from Vectored Exception Handler catched; shutting log-core down
[10:36:36] [ERROR] exception 0X80000003 (BREAKPOINT) from Vectored Exception Handler catched; shutting log-core down
[10:37:08] [INFO] received Windows console close event; shutting log-core down
[02:52:12] [INFO] received Windows console close event; shutting log-core down
[10:22:19] [INFO] received Windows console close event; shutting log-core down
[03:49:35] [INFO] received Windows console close event; shutting log-core down
[06:32:11] [INFO] received Windows console close event; shutting log-core down
[06:49:09] [INFO] received Windows console close event; shutting log-core down
[07:17:13] [INFO] received Windows console close event; shutting log-core down
[07:23:55] [INFO] received Windows console close event; shutting log-core down
[04:54:23] [INFO] received Windows console close event; shutting log-core down
[05:55:44] [INFO] received Windows console close event; shutting log-core down
[04:14:02] [INFO] received Windows console close event; shutting log-core down
[04:16:37] [INFO] received Windows console close event; shutting log-core down
[22:21:54] [INFO] received Windows console close event; shutting log-core down
[22:24:06] [INFO] received Windows console close event; shutting log-core down
[22:33:55] [INFO] received Windows console close event; shutting log-core down
[21:18:01] [INFO] received Windows console close event; shutting log-core down
[21:33:41] [INFO] received Windows console close event; shutting log-core down
[21:47:11] [INFO] received Windows console close event; shutting log-core down
[14:26:14] [INFO] received Windows console close event; shutting log-core down
[15:01:26] [INFO] received Windows console close event; shutting log-core down
[15:01:39] [INFO] received Windows console close event; shutting log-core down
[15:10:54] [INFO] received Windows console close event; shutting log-core down
[15:21:09] [INFO] received Windows console close event; shutting log-core down
[15:55:16] [INFO] received Windows console close event; shutting log-core down
[22:11:33] [INFO] received Windows console close event; shutting log-core down
[16:11:47] [INFO] received Windows console close event; shutting log-core down
[16:40:17] [INFO] received Windows console close event; shutting log-core down
[16:48:58] [INFO] received Windows console close event; shutting log-core down
[16:50:40] [INFO] received Windows console close event; shutting log-core down
[16:56:14] [INFO] received Windows console close event; shutting log-core down
[17:00:40] [INFO] received Windows console close event; shutting log-core down
[17:04:03] [INFO] received Windows console close event; shutting log-core down
[18:20:29] [INFO] received Windows console close event; shutting log-core down
[18:44:23] [INFO] received Windows console close event; shutting log-core down
[18:44:41] [INFO] received Windows console close event; shutting log-core down
[18:51:02] [ERROR] exception 0XC0000005 (ACCESS_VIOLATION) from Vectored Exception Handler catched; shutting log-core down
[18:51:25] [INFO] received Windows console close event; shutting log-core down
[18:51:49] [INFO] received Windows console close event; shutting log-core down
[18:52:18] [INFO] received Windows console close event; shutting log-core down
[19:32:43] [INFO] received Windows console close event; shutting log-core down
[19:33:25] [INFO] received Windows console close event; shutting log-core down
[19:37:15] [INFO] received Windows console close event; shutting log-core down
[20:42:00] [INFO] received Windows console close event; shutting log-core down
