[13/11/2019, 14:02] 001(127.0.0.1) sunucuya giriþ yaptý.
[13/11/2019, 14:02] (komut) Biddy_Boelter(1): /sunucu
[13/11/2019, 14:04] (komut) Biddy_Boelter(1): /karakter
[13/11/2019, 14:05] (komut) Biddy_Boelter(1): /ayarlar
[13/11/2019, 14:06] (komut) Biddy_Boelter(1): /n .
[13/11/2019, 14:06] [newbie] Oyuncu Berkay: .
[13/11/2019, 14:06] (komut) Biddy_Boelter(1): /adminyap 0
[13/11/2019, 14:06] (komut) Biddy_Boelter(1): /adminyap 0 8
[13/11/2019, 14:06] (komut) Biddy_Boelter(1): /ev
[13/11/2019, 14:06] (komut) Biddy_Boelter(1): /oocmarket
[13/11/2019, 14:07] (komut) Biddy_Boelter(1): /karakter
[13/11/2019, 14:07] (komut) Biddy_Boelter(1): /ayarlar
[13/11/2019, 14:07] (komut) Biddy_Boelter(1): /boombox
[13/11/2019, 14:07] (komut) Biddy_Boelter(1): /arc
[13/11/2019, 14:07] (komut) Biddy_Boelter(1): /arac
[13/11/2019, 14:07] [cmd_ame] Biddy_Boelter(1) anahtarý saat yönünde çevirir ve aracýn motorunu açmaya çalýþýr.
[13/11/2019, 14:08] (komut) Biddy_Boelter(1): /arac
[13/11/2019, 14:09] (komut) Biddy_Boelter(1): /git bina 0
[13/11/2019, 14:09] (komut) Biddy_Boelter(1): /git bina 1
[13/11/2019, 14:09] (komut) Biddy_Boelter(1): /git isyeri 1
[13/11/2019, 14:09] (komut) Biddy_Boelter(1): /satinal
[13/11/2019, 14:10] (komut) Biddy_Boelter(1): /satinal
[13/11/2019, 14:10] (komut) Biddy_Boelter(1): /satinal
[13/11/2019, 14:11] (komut) Biddy_Boelter(1): /git bina 0
[13/11/2019, 14:11] (komut) Biddy_Boelter(1): /vip
[13/11/2019, 14:11] (komut) Biddy_Boelter(1): /karatker
[13/11/2019, 14:12] (komut) Biddy_Boelter(1): /liderayarla 0 0
[13/11/2019, 14:12] [ADM] Berkay(1), Biddy_Boelter(1) adlý kiþiyi Los Santos Police Department birlik lideri yaptý.
[13/11/2019, 14:12] (komut) Biddy_Boelter(1): /git dolap 0
[13/11/2019, 14:12] (komut) Biddy_Boelter(1): /git
[13/11/2019, 14:12] (komut) Biddy_Boelter(1): /dolap
[13/11/2019, 14:12] [cmd_me] Biddy_Boelter(1) dolaptan rozetini ve ekipmanlarýný alýr.
[13/11/2019, 14:12] (komut) Biddy_Boelter(1): /dolap
[13/11/2019, 14:12] (komut) Biddy_Boelter(1): /dolap
[13/11/2019, 14:12] (komut) Biddy_Boelter(1): /dolap
[13/11/2019, 14:12] (komut) Biddy_Boelter(1): /dolap
[13/11/2019, 14:12] (komut) Biddy_Boelter(1): /dolap
[13/11/2019, 14:12] (komut) Biddy_Boelter(1): /dolap
[13/11/2019, 14:12] (komut) Biddy_Boelter(1): /yardim
[13/11/2019, 14:12] (komut) Biddy_Boelter(1): /zaman
[13/11/2019, 14:12] (komut) Biddy_Boelter(1): /adminler
[13/11/2019, 14:13] (komut) Biddy_Boelter(1): /dilsec
[13/11/2019, 14:14] (komut) Biddy_Boelter(1): /rapor
[13/11/2019, 14:14] (komut) Biddy_Boelter(1): /aduty
[13/11/2019, 14:14] (komut) Berkay(1): /sms
[13/11/2019, 14:14] (komut) Berkay(1): /aduty
[13/11/2019, 14:15] (komut) Biddy_Boelter(1): /bina
[13/11/2019, 14:15] (komut) Biddy_Boelter(1): /git bina
[13/11/2019, 14:15] (komut) Biddy_Boelter(1): /git bina 5
[13/11/2019, 14:15] (komut) Biddy_Boelter(1): /mulklerim
[13/11/2019, 14:15] (komut) Biddy_Boelter(1): /git bina 39
[13/11/2019, 14:15] (komut) Biddy_Boelter(1): /bina
[13/11/2019, 14:15] (komut) Biddy_Boelter(1): /asilahver 0 31
[13/11/2019, 14:15] Berkay(1), Biddy_Boelter(1) adlý kiþiye M4 model silah verdi.
[13/11/2019, 14:15] (komut) Biddy_Boelter(1): /asilahver 0 31 500
[13/11/2019, 14:15] Berkay(1), Biddy_Boelter(1) adlý kiþiye M4 model silah verdi.
[13/11/2019, 14:16] Biddy_Boelter(255.255.255.255) oyundan çýkýþ yaptý.
[13/11/2019, 14:31] 001(127.0.0.1) sunucuya giriþ yaptý.
[13/11/2019, 14:31] (komut) Michael_Sherwood(3): /setskin 0 217
[13/11/2019, 14:31] Berkay(3), Michael_Sherwood(3) adlý kiþinin kýyafetini 217 olarak deðiþtirdi.
[13/11/2019, 14:31] (komut) Michael_Sherwood(3): /amaas
[13/11/2019, 14:34] (komut) Michael_Sherwood(3): /yoneticiyardim
[13/11/2019, 14:34] (komut) Michael_Sherwood(3): /ah
[13/11/2019, 14:34] (komut) Michael_Sherwood(3): /cekilis
[13/11/2019, 14:34] (komut) Michael_Sherwood(3): /cekilis
[13/11/2019, 14:34] (komut) Michael_Sherwood(3): /cekilis
[13/11/2019, 14:34] (komut) Michael_Sherwood(3): /cekilis
[13/11/2019, 14:34] (komut) Michael_Sherwood(3): /cekilis
[13/11/2019, 14:34] (komut) Michael_Sherwood(3): /cekilis
[13/11/2019, 14:34] (komut) Michael_Sherwood(3): /cekilis
[13/11/2019, 14:34] (komut) Michael_Sherwood(3): /yoneticiyardim
[13/11/2019, 14:34] (komut) Michael_Sherwood(3): /yoneticiyardim
[13/11/2019, 14:34] (komut) Michael_Sherwood(3): /ahelp
[13/11/2019, 14:35] (komut) Michael_Sherwood(3): /ahelp
[13/11/2019, 14:35] (komut) Michael_Sherwood(3): /yetkili
[13/11/2019, 14:35] (komut) Michael_Sherwood(3): /yetkilihesaplar
[13/11/2019, 14:36] (komut) Michael_Sherwood(3): /yetkilihesaplar
[13/11/2019, 14:37] (komut) Michael_Sherwood(3): /ah
[13/11/2019, 14:39] (komut) Michael_Sherwood(3): /karakter
[13/11/2019, 14:39] (komut) Michael_Sherwood(3): /birlik
