[18/11/2019, 23:22] 538(25.5.84.199) sunucuya giriþ yaptý.
[18/11/2019, 23:22] 001(127.0.0.1) sunucuya giriþ yaptý.
[18/11/2019, 23:23] 357(25.74.73.86) sunucuya giriþ yaptý.
[18/11/2019, 23:23] (komut) Sucre_Zaragoza(32): /dat
[18/11/2019, 23:23] 126(25.6.24.251) sunucuya giriþ yaptý.
[18/11/2019, 23:23] 357(255.255.255.255) oyundan çýkýþ yaptý.
[18/11/2019, 23:23] (komut) Sucre_Zaragoza(32): /aksesuar
[18/11/2019, 23:23] (komut) Sucre_Zaragoza(32): /fly
[18/11/2019, 23:23] (komut) Sucre_Zaragoza(32): /yardim
[18/11/2019, 23:23] (komut) Allen_Hox(17): /aduty
[18/11/2019, 23:23] 355(25.74.73.86) sunucuya giriþ yaptý.
[18/11/2019, 23:23] (komut) Orkun(17): /git
[18/11/2019, 23:23] (komut) Sucre_Zaragoza(32): /telefon
[18/11/2019, 23:23] [cmd_me] Sucre_Zaragoza(32) elini cebine götürür, telefonunu çýkarýr.
[18/11/2019, 23:23] (komut) Orkun(17): /git 0
[18/11/2019, 23:23] Orkun(17), Sucre_Zaragoza(32) adlý kiþiye ýþýnlandý.
[18/11/2019, 23:23] 355(255.255.255.255) oyundan çýkýþ yaptý.
[18/11/2019, 23:23] (komut) Sucre_Zaragoza(32): /aduty
[18/11/2019, 23:23] (komut) Orkun(17): /ysilahver
[18/11/2019, 23:23] (komut) Darly(32): /setskin
[18/11/2019, 23:23] (komut) Darly(32): /kiyafetver 0 20021
[18/11/2019, 23:23] Darly(32), Darly(32) adlý kiþinin kýyafetini 20021 olarak deðiþtirdi.
[18/11/2019, 23:23] (komut) Orkun(17): /ysilahver 31 4444444
[18/11/2019, 23:23] Orkun(17), Darly(32) adlý kiþiye M4 model silah verdi.
[18/11/2019, 23:23] Orkun(17), Orkun(17) adlý kiþiye M4 model silah verdi.
[18/11/2019, 23:23] (komut) Darly(32): /kiyafetver 0 299
[18/11/2019, 23:23] Darly(32), Darly(32) adlý kiþinin kýyafetini 299 olarak deðiþtirdi.
[18/11/2019, 23:24] (komut) Darly(32): /git 1
[18/11/2019, 23:24] Darly(32), Biddy_Boelter(1) adlý kiþiye ýþýnlandý.
[18/11/2019, 23:24] 375(25.74.73.86) sunucuya giriþ yaptý.
[18/11/2019, 23:24] (komut) Orkun(17): /git 0
[18/11/2019, 23:24] Orkun(17), Darly(32) adlý kiþiye ýþýnlandý.
[18/11/2019, 23:24] (komut) Darly(32): /healnear
[18/11/2019, 23:24] (komut) Orkun(17): /skin
[18/11/2019, 23:24] (komut) Darly(32): /healnear 0 19999
[18/11/2019, 23:24] Darly(32), Darly(32) adlý kiþinin canýný 0 olarak deðiþtirdi.
[18/11/2019, 23:24] Darly(32), Biddy_Boelter(1) adlý kiþinin canýný 0 olarak deðiþtirdi.
[18/11/2019, 23:24] Darly(32), Orkun(17) adlý kiþinin canýný 0 olarak deðiþtirdi.
[18/11/2019, 23:24] (komut) Orkun(17): /ysilahver 31 4444444
[18/11/2019, 23:24] Orkun(17), Darly(32) adlý kiþiye M4 model silah verdi.
[18/11/2019, 23:24] Orkun(17), Orkun(17) adlý kiþiye M4 model silah verdi.
[18/11/2019, 23:24] (komut) Biddy_Boelter(1): /canlandir 1
[18/11/2019, 23:24] Berkay(1), Biddy_Boelter(1) adlý kiþiyi yaralý durumdan çýkardý.
[18/11/2019, 23:24] 375(255.255.255.255) oyundan çýkýþ yaptý.
[18/11/2019, 23:24] (komut) Darly(32): /yardim
[18/11/2019, 23:24] 375(25.74.73.86) sunucuya giriþ yaptý.
[18/11/2019, 23:25] 375(255.255.255.255) oyundan çýkýþ yaptý.
[18/11/2019, 23:25] (komut) Darly(32): /ahelp
[18/11/2019, 23:26] 375(25.74.73.86) sunucuya giriþ yaptý.
[18/11/2019, 23:26] (komut) Marc_Delgado(1404): /goto 1
[18/11/2019, 23:26] Yusuf(1404), Biddy_Boelter(1) adlý kiþiye ýþýnlandý.
[18/11/2019, 23:26] (komut) Marc_Delgado(1404): /aduty
[18/11/2019, 23:26] (komut) Yusuf(1404): /anick
[18/11/2019, 23:26] (komut) Yusuf(1404): /anick 2 666
[18/11/2019, 23:27] (komut) Yusuf(1404): /aduty
[18/11/2019, 23:27] (komut) Marc_Delgado(1404): /anick 2 666
[18/11/2019, 23:27] 666(1404), Marc_Delgado(1404) adlý kiþinin yetkili ismini 666 yaptý.
[18/11/2019, 23:27] (komut) Marc_Delgado(1404): /aduty
[18/11/2019, 23:27] (komut) 666(1404): /god
[18/11/2019, 23:28] (komut) Orkun(17): /a .
[18/11/2019, 23:28] [adm-chat] Orkun(17): .
[18/11/2019, 23:30] (komut) 666(1404): /araclarim
[18/11/2019, 23:31] (komut) 666(1404): /getcar
[18/11/2019, 23:31] (komut) 666(1404): /acek
[18/11/2019, 23:31] (komut) 666(1404): /acek 460
[18/11/2019, 23:31] 666(1404) bir aracý yanýna çekti. (SQL: 21660)
[18/11/2019, 23:31] (komut) 666(1404): /motor
[18/11/2019, 23:31] [cmd_ame] 666(1404) anahtarý saat yönünde çevirir ve aracýn motorunu açmaya çalýþýr.
[18/11/2019, 23:31] (komut) 666(1404): /aspawn
[18/11/2019, 23:31] (komut) 666(1404): /araclarim
[18/11/2019, 23:31] (komut) 666(1404): /ahelp
[18/11/2019, 23:32] (komut) 666(1404): /aracres
[18/11/2019, 23:32] (komut) 666(1404): /aracres 360
[18/11/2019, 23:32] 666(1404) bir araç respawnladý. (SQL: 20029)
[18/11/2019, 23:32] (komut) 666(1404): /aracres 460
[18/11/2019, 23:32] 666(1404) bir araç respawnladý. (SQL: 21660)
[18/11/2019, 23:32] (komut) Darly(32): /aduty
[18/11/2019, 23:32] (komut) Biddy_Boelter(1): /cek 0
[18/11/2019, 23:32] Berkay(1), Sucre_Zaragoza(32) adlý kiþiyi yanýna çekti.
[18/11/2019, 23:32] (komut) Orkun(17): /gel
[18/11/2019, 23:32] Sucre_Zaragoza(32), Biddy_Boelter(1) tarafýndan öldürüldü. (sebep: 25)
[18/11/2019, 23:32] (komut) Orkun(17): /revive
[18/11/2019, 23:32] (komut) Biddy_Boelter(1): /canlandir 0
[18/11/2019, 23:32] Berkay(1), Sucre_Zaragoza(32) adlý kiþiyi yaralý durumdan çýkardý.
[18/11/2019, 23:32] Sucre_Zaragoza(32), Biddy_Boelter(1) tarafýndan öldürüldü. (sebep: 31)
[18/11/2019, 23:32] (komut) Orkun(17): /revive 0
[18/11/2019, 23:32] Orkun(17), Sucre_Zaragoza(32) adlý kiþiyi yaralý durumdan çýkardý.
[18/11/2019, 23:32] (komut) Biddy_Boelter(1): /ilkyardim 0
[18/11/2019, 23:32] Sucre_Zaragoza(32), Orkun(17) tarafýndan öldürüldü. (sebep: 31)
[18/11/2019, 23:32] (komut) Biddy_Boelter(1): /oyuncuduzenle
[18/11/2019, 23:32] (komut) Orkun(17): /hasarlar
[18/11/2019, 23:32] (komut) Orkun(17): /hasarlar 0
[18/11/2019, 23:32] (komut) Biddy_Boelter(1): /oyuncuduzenle 1 ilkyardim
[18/11/2019, 23:32] (komut) 666(1404): /fly
[18/11/2019, 23:32] (komut) Biddy_Boelter(1): /oyuncuduzenle 1 ilkyardim 1
[18/11/2019, 23:32] Berkay, Biddy_Boelter(1) adlý kiþinin ilk yardým kitini deðiþtirdi. (1)
[18/11/2019, 23:32] (komut) Biddy_Boelter(1): /ilkyardim 0
[18/11/2019, 23:32] Biddy_Boelter(SID: 1), Sucre_Zaragoza(SID: 32) adlý kiþiye ilk yardým yaptý.
[18/11/2019, 23:32] [cmd_me] Biddy_Boelter(1) Sucre Zaragoza adlý kiþiye ilk yardým yapýyor.
[18/11/2019, 23:33] (komut) Orkun(17): /revive 0
[18/11/2019, 23:33] Orkun(17), Sucre_Zaragoza(32) adlý kiþiyi yaralý durumdan çýkardý.
[18/11/2019, 23:33] (komut) 666(1404): /revive 0
[18/11/2019, 23:34] (komut) Sucre_Zaragoza(32): /setadmin
[18/11/2019, 23:34] (komut) Orkun(17): /seradmin
[18/11/2019, 23:34] (komut) Orkun(17): /setadmin
[18/11/2019, 23:34] (komut) Sucre_Zaragoza(32): /setadmin 3 2
[18/11/2019, 23:34] Darly(32), Orkun(17) adlý kiþinin admin levelini 2 yaptý.
[18/11/2019, 23:34] Emir_Test(25.75.101.16) sunucuya giriþ yaptý.
[18/11/2019, 23:34] Emir_Test(255.255.255.255) oyundan çýkýþ yaptý.
[18/11/2019, 23:34] (komut) Sucre_Zaragoza(32): /setadmin 2 2
[18/11/2019, 23:34] Darly(32), 666(1404) adlý kiþinin admin levelini 2 yaptý.
[18/11/2019, 23:34] (komut) Orkun(17): /setadmin
[18/11/2019, 23:34] (komut) Sucre_Zaragoza(32): /setadmin 2 3
[18/11/2019, 23:34] Darly(32), 666(1404) adlý kiþinin admin levelini 3 yaptý.
[18/11/2019, 23:34] (komut) Sucre_Zaragoza(32): /setadmin 2 4
[18/11/2019, 23:34] Darly(32), 666(1404) adlý kiþinin admin levelini 4 yaptý.
[18/11/2019, 23:34] Marc_Delgado(25.74.73.86) oyundan çýkýþ yaptý.
[18/11/2019, 23:35] 375(25.74.73.86) sunucuya giriþ yaptý.
[18/11/2019, 23:35] (komut) Marc_Delgado(1404): /aduty
[18/11/2019, 23:35] (komut) Sucre_Zaragoza(32): /setadmin 2 5
[18/11/2019, 23:35] Darly(32), 666(1404) adlý kiþinin admin levelini 5 yaptý.
[18/11/2019, 23:35] 754(25.75.101.16) sunucuya giriþ yaptý.
[18/11/2019, 23:35] (komut) Sucre_Zaragoza(32): /setadmin 2 6
[18/11/2019, 23:35] Darly(32), 666(1404) adlý kiþinin admin levelini 6 yaptý.
[18/11/2019, 23:35] 754(255.255.255.255) oyundan çýkýþ yaptý.
[18/11/2019, 23:35] (komut) Sucre_Zaragoza(32): /setadmin 2 5
[18/11/2019, 23:35] Darly(32), 666(1404) adlý kiþinin admin levelini 5 yaptý.
[18/11/2019, 23:36] (komut) Sucre_Zaragoza(32): /setadmin 2 3
[18/11/2019, 23:36] Darly(32), 666(1404) adlý kiþinin admin levelini 3 yaptý.
[18/11/2019, 23:37] 457(25.75.101.16) sunucuya giriþ yaptý.
[18/11/2019, 23:37] (komut) 666(1404): /a hamachi doldu
[18/11/2019, 23:37] [adm-chat] 666(1404): hamachi doldu
[18/11/2019, 23:38] (komut) Addy_Morrison(28): /karakter
[18/11/2019, 23:38] (komut) 666(1404): /a hamachi doldu
[18/11/2019, 23:38] [adm-chat] 666(1404): hamachi doldu
[18/11/2019, 23:38] (komut) Addy_Morrison(28): /araclarim
[18/11/2019, 23:38] (komut) 666(1404): /acek
[18/11/2019, 23:38] (komut) 666(1404): /ahelp
[18/11/2019, 23:38] (komut) Sucre_Zaragoza(32): /cek 4
[18/11/2019, 23:38] Darly(32), Addy_Morrison(28) adlý kiþiyi yanýna çekti.
[18/11/2019, 23:38] (komut) 666(1404): /cek
[18/11/2019, 23:38] (komut) 666(1404): /cek 4
[18/11/2019, 23:38] 666(1404), Addy_Morrison(28) adlý kiþiyi yanýna çekti.
[18/11/2019, 23:38] (komut) Sucre_Zaragoza(32): /cek 4
[18/11/2019, 23:38] Darly(32), Addy_Morrison(28) adlý kiþiyi yanýna çekti.
[18/11/2019, 23:38] (komut) 666(1404): /cek 4
[18/11/2019, 23:38] 666(1404), Addy_Morrison(28) adlý kiþiyi yanýna çekti.
[18/11/2019, 23:38] (komut) Biddy_Boelter(1): /izle 4
[18/11/2019, 23:38] (komut) Biddy_Boelter(1): /izle bitir
[18/11/2019, 23:38] Addy_Morrison(255.255.255.255) oyundan çýkýþ yaptý.
[18/11/2019, 23:38] 457(25.75.101.16) sunucuya giriþ yaptý.
[18/11/2019, 23:39] 457(255.255.255.255) oyundan çýkýþ yaptý.
[18/11/2019, 23:39] 457(25.75.101.16) sunucuya giriþ yaptý.
[18/11/2019, 23:39] Addy Morrison(HESAP ID: 457) can hilesi kullanýyor olabilir. (#015)
[18/11/2019, 23:39] Addy Morrison(HESAP ID: 457) hile yaptýðý için kicklendi. (#002)
[18/11/2019, 23:39] Addy Morrison(HESAP ID: 457) hile yaptýðý için kicklendi. (#002)
[18/11/2019, 23:39] Addy Morrison(HESAP ID: 457) hile yaptýðý için kicklendi. (#002)
[18/11/2019, 23:39] Addy_Morrison(255.255.255.255) oyundan çýkýþ yaptý.
[18/11/2019, 23:39] (komut) Orkun(17): /ban
[18/11/2019, 23:40] 457(25.75.101.16) sunucuya giriþ yaptý.
[18/11/2019, 23:40] (komut) 666(1404): /cek 4
[18/11/2019, 23:40] (komut) Sucre_Zaragoza(32): /cek 4
[18/11/2019, 23:40] (komut) 666(1404): /revive 4
[18/11/2019, 23:40] 666(1404), Addy_Morrison(28) adlý kiþiyi yaralý durumdan çýkardý.
[18/11/2019, 23:40] (komut) 666(1404): /cek 4
[18/11/2019, 23:40] 666(1404), Addy_Morrison(28) adlý kiþiyi yanýna çekti.
[18/11/2019, 23:40] (komut) Sucre_Zaragoza(32): /revive 4
[18/11/2019, 23:40] (komut) 666(1404): /skin
[18/11/2019, 23:40] (komut) 666(1404): /ahelp
[18/11/2019, 23:40] (komut) Addy_Morrison(28): /karakter
[18/11/2019, 23:40] (komut) Addy_Morrison(28): /araclarim
[18/11/2019, 23:40] (komut) Orkun(17): /chect
[18/11/2019, 23:40] (komut) Addy_Morrison(28): /setskin
[18/11/2019, 23:40] (komut) Orkun(17): /jail
[18/11/2019, 23:40] (komut) Orkun(17): /jail 4 1
[18/11/2019, 23:40] (komut) 666(1404): /kiyafetver 4 7
[18/11/2019, 23:40] 666(1404), Addy_Morrison(28) adlý kiþinin kýyafetini 7 olarak deðiþtirdi.
[18/11/2019, 23:40] (komut) Orkun(17): /jail 4 1 baya zenginsin ha
[18/11/2019, 23:40] Orkun(17), Addy_Morrison(28) adlý kiþiyi 1 dakika hapise attý. sebep: baya zenginsin ha
[18/11/2019, 23:41] (komut) Orkun(17): /unjail
[18/11/2019, 23:41] (komut) Orkun(17): /unjail 4
[18/11/2019, 23:41] Orkun(17), Addy_Morrison(28) adlý kiþiyi hapisten çýkardý.
[18/11/2019, 23:41] (komut) 666(1404): /ycanver 
[18/11/2019, 23:41] Addy Morrison(HESAP ID: 457) teleport hilesi kullanýyor olabilir. (#019)
[18/11/2019, 23:41] (komut) 666(1404): /yzirhve
[18/11/2019, 23:41] (komut) 666(1404): /acek 4
[18/11/2019, 23:41] 666(1404) bir aracý yanýna çekti. (SQL: 33)
[18/11/2019, 23:41] (komut) Addy_Morrison(28): /karakter
[18/11/2019, 23:41] (komut) Addy_Morrison(28): /araclarim
[18/11/2019, 23:41] (komut) 666(1404): /ares 4
[18/11/2019, 23:41] (komut) 666(1404): /ahelp
[18/11/2019, 23:41] (komut) 666(1404): /aracres 4
[18/11/2019, 23:41] 666(1404) bir araç respawnladý. (SQL: 33)
[18/11/2019, 23:41] (komut) 666(1404): /cek 4
[18/11/2019, 23:41] 666(1404), Addy_Morrison(28) adlý kiþiyi yanýna çekti.
[18/11/2019, 23:41] (komut) Addy_Morrison(28): /setskin
[18/11/2019, 23:41] Orkun(17), 666(1404) tarafýndan öldürüldü. (sebep: 24)
[18/11/2019, 23:41] (komut) Orkun(17): /ysilahver 31 444444444
[18/11/2019, 23:42] (komut) Addy_Morrison(28): /evleirm
[18/11/2019, 23:42] (komut) Addy_Morrison(28): /evlerim
[18/11/2019, 23:42] Addy Morrison(HESAP ID: 457) teleport hilesi kullanýyor olabilir. (#019)
[18/11/2019, 23:42] (komut) 666(1404): /revive 4
[18/11/2019, 23:42] (komut) 666(1404): /revive 4
[18/11/2019, 23:42] (komut) Addy_Morrison(28): /evler
[18/11/2019, 23:42] (komut) 666(1404): /cek 4
[18/11/2019, 23:42] 666(1404), Addy_Morrison(28) adlý kiþiyi yanýna çekti.
[18/11/2019, 23:42] (komut) Addy_Morrison(28): /evlerim
[18/11/2019, 23:42] (komut) Addy_Morrison(28): /karakter
[18/11/2019, 23:42] (komut) Addy_Morrison(28): /ev
[18/11/2019, 23:42] (komut) Addy_Morrison(28): /evyardim
[18/11/2019, 23:42] (komut) Addy_Morrison(28): /evler
[18/11/2019, 23:42] (komut) Addy_Morrison(28): /evim
[18/11/2019, 23:42] (komut) Addy_Morrison(28): /yardim
[18/11/2019, 23:42] (komut) Addy_Morrison(28): /hesap
[18/11/2019, 23:42] (komut) 666(1404): /ahelp
[18/11/2019, 23:42] (komut) Addy_Morrison(28): /ayarlar
[18/11/2019, 23:43] (komut) 666(1404): /uyariver
[18/11/2019, 23:43] (komut) Addy_Morrison(28): /boombox
[18/11/2019, 23:43] (komut) 666(1404): /uyariver 4 salak
[18/11/2019, 23:43] 666(1404), Addy_Morrison(28) adlý kiþiye salak sebebiyle uyarý verdi.
[18/11/2019, 23:43] (komut) 666(1404): /karakter
[18/11/2019, 23:43] (komut) Addy_Morrison(28): /karakter
[18/11/2019, 23:43] (komut) Sucre_Zaragoza(32): /karakter 4
[18/11/2019, 23:43] (komut) Addy_Morrison(28): /araclarim
[18/11/2019, 23:43] (komut) 666(1404): /ahelp
[18/11/2019, 23:43] (komut) Addy_Morrison(28): /karakter
[18/11/2019, 23:43] (komut) 666(1404): /bbkaldir
[18/11/2019, 23:43] (komut) 666(1404): /ahelp
[18/11/2019, 23:43] (komut) 666(1404): /ahelp
[18/11/2019, 23:44] (komut) 666(1404): /o hi
[18/11/2019, 23:44] [adm-ooc] 666(1404): hi
[18/11/2019, 23:44] (komut) 666(1404): /ahelp
[18/11/2019, 23:44] (komut) Sucre_Zaragoza(32): /slap 4
[18/11/2019, 23:44] Darly(32), Addy_Morrison(28) adlý kiþiyi tokatladý.
[18/11/2019, 23:44] (komut) Addy_Morrison(28): /pm
[18/11/2019, 23:44] (komut) Sucre_Zaragoza(32): /kelepce 4
[18/11/2019, 23:44] (komut) Addy_Morrison(28): /pm 3 uyarýyý silsene knk
[18/11/2019, 23:44] [PM]Addy Morrison(28) > Orkun(17): 51
[18/11/2019, 23:44] (komut) Sucre_Zaragoza(32): /makeleader
[18/11/2019, 23:44] (komut) Sucre_Zaragoza(32): /makeleader 0 1
[18/11/2019, 23:44] [ADM] Darly(32), Sucre_Zaragoza(32) adlý kiþiyi Devil's Path birlik lideri yaptý.
[18/11/2019, 23:44] (komut) Sucre_Zaragoza(32): /makeleader 0 2
[18/11/2019, 23:44] [ADM] Darly(32), Sucre_Zaragoza(32) adlý kiþiyi Los Santos Medical Department birlik lideri yaptý.
[18/11/2019, 23:44] (komut) Sucre_Zaragoza(32): /makeleader 0 3
[18/11/2019, 23:44] [ADM] Darly(32), Sucre_Zaragoza(32) adlý kiþiyi Hox Company birlik lideri yaptý.
[18/11/2019, 23:44] (komut) Sucre_Zaragoza(32): /makeleader 0 4
[18/11/2019, 23:44] [ADM] Darly(32), Sucre_Zaragoza(32) adlý kiþiyi Government birlik lideri yaptý.
[18/11/2019, 23:44] (komut) Sucre_Zaragoza(32): /makeleader 0 5
[18/11/2019, 23:44] [ADM] Darly(32), Sucre_Zaragoza(32) adlý kiþiyi Federal Bureau Of Investigation birlik lideri yaptý.
[18/11/2019, 23:44] (komut) Sucre_Zaragoza(32): /kelepce 4
[18/11/2019, 23:44] (komut) Sucre_Zaragoza(32): /tazer
[18/11/2019, 23:44] (komut) Sucre_Zaragoza(32): /taser
[18/11/2019, 23:44] (komut) 666(1404): /ahelp
[18/11/2019, 23:44] (komut) Addy_Morrison(28): /pm 2 uyarýyý sil la
[18/11/2019, 23:44] [PM]Addy Morrison(28) > 666(1404): 50
[18/11/2019, 23:44] (komut) Sucre_Zaragoza(32): /tazer
[18/11/2019, 23:44] (komut) Sucre_Zaragoza(32): /beanbag
[18/11/2019, 23:44] (komut) 666(1404): /level1
[18/11/2019, 23:44] (komut) Sucre_Zaragoza(32): /yardim
[18/11/2019, 23:44] (komut) 666(1404): /ahelp
[18/11/2019, 23:44] (komut) Sucre_Zaragoza(32): /makeleader 0 6
[18/11/2019, 23:44] [ADM] Darly(32), Sucre_Zaragoza(32) adlý kiþiyi Los Santos Medya birlik lideri yaptý.
[18/11/2019, 23:45] (komut) Addy_Morrison(28): /karakter
[18/11/2019, 23:45] (komut) Sucre_Zaragoza(32): /makeleader 0 7
[18/11/2019, 23:45] [ADM] Darly(32), Sucre_Zaragoza(32) adlý kiþiyi Caponigro Kumarhanesi birlik lideri yaptý.
[18/11/2019, 23:45] (komut) Sucre_Zaragoza(32): /makeleader 0 8
[18/11/2019, 23:45] [ADM] Darly(32), Sucre_Zaragoza(32) adlý kiþiyi Red Street Hooligan's birlik lideri yaptý.
[18/11/2019, 23:45] (komut) 666(1404): /usil
[18/11/2019, 23:45] (komut) Sucre_Zaragoza(32): /makeleader 0 9
[18/11/2019, 23:45] [ADM] Darly(32), Sucre_Zaragoza(32) adlý kiþiyi Idlewood St. Disciples birlik lideri yaptý.
[18/11/2019, 23:45] (komut) Biddy_Boelter(1): /taser
[18/11/2019, 23:45] [cmd_me] Biddy_Boelter(1) taserini kýlýfýndan çýkartýr.
[18/11/2019, 23:45] (komut) Sucre_Zaragoza(32): /makeleader 0 10
[18/11/2019, 23:45] [ADM] Darly(32), Sucre_Zaragoza(32) adlý kiþiyi Downtown Cab Company birlik lideri yaptý.
[18/11/2019, 23:45] [cmd_me] Biddy_Boelter(1) Addy Morrison adlý kiþiyi taser ile etkisiz hale getirdi.
[18/11/2019, 23:45] (komut) 666(1404): /ahlep
[18/11/2019, 23:45] (komut) Sucre_Zaragoza(32): /makeleader 0 -1
[18/11/2019, 23:45] (komut) 666(1404): /ahelp
[18/11/2019, 23:45] (komut) Sucre_Zaragoza(32): /makeleader 0 -1
[18/11/2019, 23:45] [cmd_me] Biddy_Boelter(1) Sucre Zaragoza adlý kiþiyi taser ile etkisiz hale getirdi.
[18/11/2019, 23:45] (komut) Sucre_Zaragoza(32): /makeleader 0 -0
[18/11/2019, 23:45] [ADM] Darly(32), Sucre_Zaragoza(32) adlý kiþiyi Los Santos Police Department birlik lideri yaptý.
[18/11/2019, 23:45] (komut) 666(1404): /uyarisil
[18/11/2019, 23:45] (komut) Sucre_Zaragoza(32): /taser
[18/11/2019, 23:45] (komut) Sucre_Zaragoza(32): /tazer
[18/11/2019, 23:45] (komut) Biddy_Boelter(1): /taser
[18/11/2019, 23:45] [cmd_me] Biddy_Boelter(1) taserini kýlýfýna geri koyar.
[18/11/2019, 23:45] (komut) Sucre_Zaragoza(32): /rozet
[18/11/2019, 23:45] (komut) Sucre_Zaragoza(32): /isbasi
[18/11/2019, 23:45] (komut) 666(1404): /ahelp
[18/11/2019, 23:45] (komut) 666(1404): /nsahipbul
[18/11/2019, 23:45] (komut) Biddy_Boelter(1): /restart 
[18/11/2019, 23:45] (komut) 666(1404): /karakter
[18/11/2019, 23:45] (komut) Biddy_Boelter(1): /restart 10 selamun aleyküm
[18/11/2019, 23:45] (komut) 666(1404): /ahlep
[18/11/2019, 23:45] Marc_Delgado(255.255.255.255) oyundan çýkýþ yaptý.
[18/11/2019, 23:45] Biddy_Boelter(255.255.255.255) oyundan çýkýþ yaptý.
[18/11/2019, 23:45] Allen_Hox(255.255.255.255) oyundan çýkýþ yaptý.
[18/11/2019, 23:45] Sucre_Zaragoza(255.255.255.255) oyundan çýkýþ yaptý.
[18/11/2019, 23:46] Addy_Morrison(255.255.255.255) oyundan çýkýþ yaptý.
[18/11/2019, 23:46] 001(127.0.0.1) sunucuya giriþ yaptý.
[18/11/2019, 23:47] 001(255.255.255.255) oyundan çýkýþ yaptý.
[18/11/2019, 23:47] 375(25.74.73.86) sunucuya giriþ yaptý.
[18/11/2019, 23:47] 375(255.255.255.255) oyundan çýkýþ yaptý.
[18/11/2019, 23:51] 001(127.0.0.1) sunucuya giriþ yaptý.
[18/11/2019, 23:51] 001(255.255.255.255) oyundan çýkýþ yaptý.
[18/11/2019, 23:51] 538(25.5.84.199) sunucuya giriþ yaptý.
[18/11/2019, 23:52] (komut) Sucre_Zaragoza(32): /dat
[18/11/2019, 23:52] (komut) Sucre_Zaragoza(32): /wat
[18/11/2019, 23:53] 126(25.6.24.251) sunucuya giriþ yaptý.
[18/11/2019, 23:53] (komut) Sucre_Zaragoza(32): /cek 1
[18/11/2019, 23:53] Darly(32), Allen_Hox(17) adlý kiþiyi yanýna çekti.
[18/11/2019, 23:53] (komut) Sucre_Zaragoza(32): /setadmin
[18/11/2019, 23:53] (komut) Sucre_Zaragoza(32): /setadmin 1 1
[18/11/2019, 23:53] Darly(32), Allen_Hox(17) adlý kiþinin admin levelini 1 yaptý.
[18/11/2019, 23:53] (komut) Allen_Hox(17): /aduty
[18/11/2019, 23:53] (komut) Sucre_Zaragoza(32): /setadmin 1 2
[18/11/2019, 23:53] Darly(32), Orkun(17) adlý kiþinin admin levelini 2 yaptý.
[18/11/2019, 23:53] (komut) Sucre_Zaragoza(32): /setadmin 1 3
[18/11/2019, 23:53] Darly(32), Orkun(17) adlý kiþinin admin levelini 3 yaptý.
[18/11/2019, 23:53] (komut) Sucre_Zaragoza(32): /setadmin 1 4
[18/11/2019, 23:53] Darly(32), Orkun(17) adlý kiþinin admin levelini 4 yaptý.
[18/11/2019, 23:53] (komut) Sucre_Zaragoza(32): /setadmin 1 5
[18/11/2019, 23:53] Darly(32), Orkun(17) adlý kiþinin admin levelini 5 yaptý.
[18/11/2019, 23:53] (komut) Sucre_Zaragoza(32): /setadmin 1 6
[18/11/2019, 23:53] Darly(32), Orkun(17) adlý kiþinin admin levelini 6 yaptý.
[18/11/2019, 23:54] (komut) Sucre_Zaragoza(32): /setadmin 1 4
[18/11/2019, 23:54] Darly(32), Orkun(17) adlý kiþinin admin levelini 4 yaptý.
[18/11/2019, 23:54] (komut) Sucre_Zaragoza(32): /setadmin 1 3
[18/11/2019, 23:54] Darly(32), Orkun(17) adlý kiþinin admin levelini 3 yaptý.
[18/11/2019, 23:54] (komut) Sucre_Zaragoza(32): /setadmin 1 7
[18/11/2019, 23:54] (komut) Sucre_Zaragoza(32): /setadmin 1 6
[18/11/2019, 23:54] Darly(32), Orkun(17) adlý kiþinin admin levelini 6 yaptý.
[18/11/2019, 23:54] (komut) Sucre_Zaragoza(32): /setadmin 1 7
[18/11/2019, 23:54] (komut) Sucre_Zaragoza(32): /setadmin 1 3
[18/11/2019, 23:54] Darly(32), Orkun(17) adlý kiþinin admin levelini 3 yaptý.
[18/11/2019, 23:54] (komut) Sucre_Zaragoza(32): /setadmin 1 1
[18/11/2019, 23:54] Darly(32), Orkun(17) adlý kiþinin admin levelini 1 yaptý.
[18/11/2019, 23:54] (komut) Sucre_Zaragoza(32): /setadmin 1 2
[18/11/2019, 23:54] Darly(32), Orkun(17) adlý kiþinin admin levelini 2 yaptý.
[18/11/2019, 23:54] (komut) Sucre_Zaragoza(32): /setadmin 1 3
[18/11/2019, 23:54] Darly(32), Orkun(17) adlý kiþinin admin levelini 3 yaptý.
[18/11/2019, 23:54] (komut) Sucre_Zaragoza(32): /setadmin 1 4
[18/11/2019, 23:54] Darly(32), Orkun(17) adlý kiþinin admin levelini 4 yaptý.
[18/11/2019, 23:54] (komut) Sucre_Zaragoza(32): /setadmin 1 5
[18/11/2019, 23:54] Darly(32), Orkun(17) adlý kiþinin admin levelini 5 yaptý.
[18/11/2019, 23:54] (komut) Sucre_Zaragoza(32): /setadmin 1 6
[18/11/2019, 23:54] Darly(32), Orkun(17) adlý kiþinin admin levelini 6 yaptý.
[18/11/2019, 23:55] (komut) Sucre_Zaragoza(32): /c .
[18/11/2019, 23:55] [helper-chat] Sucre_Zaragoza(32): .
[18/11/2019, 23:55] (komut) Sucre_Zaragoza(32): /setadmin 1 5
[18/11/2019, 23:55] Darly(32), Orkun(17) adlý kiþinin admin levelini 5 yaptý.
[18/11/2019, 23:55] (komut) Sucre_Zaragoza(32): /setadmin 1 4
[18/11/2019, 23:55] Darly(32), Orkun(17) adlý kiþinin admin levelini 4 yaptý.
[18/11/2019, 23:55] (komut) Sucre_Zaragoza(32): /setadmin 1 3
[18/11/2019, 23:55] Darly(32), Orkun(17) adlý kiþinin admin levelini 3 yaptý.
[18/11/2019, 23:55] (komut) Sucre_Zaragoza(32): /setadmin 1 5
[18/11/2019, 23:55] Darly(32), Orkun(17) adlý kiþinin admin levelini 5 yaptý.
[18/11/2019, 23:55] (komut) Sucre_Zaragoza(32): /setadmin 1 2
[18/11/2019, 23:55] Darly(32), Orkun(17) adlý kiþinin admin levelini 2 yaptý.
[18/11/2019, 23:55] (komut) Sucre_Zaragoza(32): /setadmin 1 1
[18/11/2019, 23:55] Darly(32), Orkun(17) adlý kiþinin admin levelini 1 yaptý.
[18/11/2019, 23:55] (komut) Sucre_Zaragoza(32): /setadmin 1 0
[18/11/2019, 23:55] Darly(32), Allen_Hox(17) adlý kiþinin admin levelini 0 yaptý.
[18/11/2019, 23:55] (komut) Sucre_Zaragoza(32): /setadmin 1 1
[18/11/2019, 23:55] Darly(32), Allen_Hox(17) adlý kiþinin admin levelini 1 yaptý.
[18/11/2019, 23:55] (komut) Sucre_Zaragoza(32): /setadmin 1 5
[18/11/2019, 23:55] Darly(32), Allen_Hox(17) adlý kiþinin admin levelini 5 yaptý.
[18/11/2019, 23:55] (komut) Sucre_Zaragoza(32): /helper
[18/11/2019, 23:55] (komut) Sucre_Zaragoza(32): /sethelper
[18/11/2019, 23:55] (komut) Allen_Hox(17): /istifaet
[18/11/2019, 23:56] (komut) Allen_Hox(17): /slap
[18/11/2019, 23:56] (komut) Sucre_Zaragoza(32): /silahver 0 31 500
[18/11/2019, 23:56] (komut) Allen_Hox(17): /aisbasi
[18/11/2019, 23:56] (komut) Allen_Hox(17): /aduty
[18/11/2019, 23:56] (komut) Sucre_Zaragoza(32): /makeleader 0 -1
[18/11/2019, 23:56] (komut) Sucre_Zaragoza(32): /setadminname
[18/11/2019, 23:56] (komut) Sucre_Zaragoza(32): /admins
[18/11/2019, 23:56] (komut) Sucre_Zaragoza(32): /setadmin
[18/11/2019, 23:56] (komut) Sucre_Zaragoza(32): /anick
[18/11/2019, 23:56] (komut) Allen_Hox(17): /anick
[18/11/2019, 23:56] (komut) Sucre_Zaragoza(32): /anick 1 Hav
[18/11/2019, 23:56] Darly(32), Allen_Hox(17) adlý kiþinin yetkili ismini Hav yaptý.
[18/11/2019, 23:56] Sucre_Zaragoza(255.255.255.255) oyundan çýkýþ yaptý.
[18/11/2019, 23:56] (komut) Allen_Hox(17): /anick 1 sikiþ makinasý
[18/11/2019, 23:56] sikiþ makinasý(17), Allen_Hox(17) adlý kiþinin yetkili ismini sikiþ makinasý yaptý.
[18/11/2019, 23:56] Allen_Hox(255.255.255.255) oyundan çýkýþ yaptý.
[18/11/2019, 23:57] 001(127.0.0.1) sunucuya giriþ yaptý.
[18/11/2019, 23:58] (komut) Biddy_Boelter(1): /git ls
[18/11/2019, 23:58] 375(25.74.73.86) sunucuya giriþ yaptý.
[18/11/2019, 23:59] (komut) Marc_Delgado(1404): /karakter
[18/11/2019, 23:59] (komut) Marc_Delgado(1404): /ahelp
[18/11/2019, 23:59] (komut) Marc_Delgado(1404): /rts
[18/11/2019, 23:59] (komut) Marc_Delgado(1404): /aduty
[18/11/2019, 23:59] (komut) 666(1404): /rts
[18/11/2019, 23:59] (komut) 666(1404): /rts 1
[18/11/2019, 23:59] Marc_Delgado(255.255.255.255) oyundan çýkýþ yaptý.
