[20/11/2019, 02:23] 538(25.5.84.199) sunucuya giriþ yaptý.
[20/11/2019, 02:24] (komut) Alexander_Mahone(32): /setskin 0
[20/11/2019, 02:24] (komut) Alexander_Mahone(32): /setskin 0 1
[20/11/2019, 02:24] Darly(32), Alexander_Mahone(32) adlý kiþinin kýyafetini 1 olarak deðiþtirdi.
[20/11/2019, 02:24] (komut) Alexander_Mahone(32): /setskin 0 299
[20/11/2019, 02:24] Darly(32), Alexander_Mahone(32) adlý kiþinin kýyafetini 299 olarak deðiþtirdi.
[20/11/2019, 02:24] (komut) Alexander_Mahone(32): /goto dolap 0 0
[20/11/2019, 02:24] (komut) Alexander_Mahone(32): /dolap
[20/11/2019, 02:24] [cmd_me] Alexander_Mahone(32) ekipmanlarýný býrakýr.
[20/11/2019, 02:24] (komut) Alexander_Mahone(32): /dat
[20/11/2019, 02:24] (komut) Alexander_Mahone(32): /dolap
[20/11/2019, 02:24] (komut) Alexander_Mahone(32): /setskin 0 240
[20/11/2019, 02:24] Darly(32), Alexander_Mahone(32) adlý kiþinin kýyafetini 240 olarak deðiþtirdi.
[20/11/2019, 02:24] (komut) Alexander_Mahone(32): /setskin 0 21
[20/11/2019, 02:24] Darly(32), Alexander_Mahone(32) adlý kiþinin kýyafetini 21 olarak deðiþtirdi.
[20/11/2019, 02:24] (komut) Alexander_Mahone(32): /setskin 0 24
[20/11/2019, 02:24] Darly(32), Alexander_Mahone(32) adlý kiþinin kýyafetini 24 olarak deðiþtirdi.
[20/11/2019, 02:24] (komut) Alexander_Mahone(32): /setskin 0 25
[20/11/2019, 02:24] Darly(32), Alexander_Mahone(32) adlý kiþinin kýyafetini 25 olarak deðiþtirdi.
[20/11/2019, 02:24] (komut) Alexander_Mahone(32): /setskin 0 20021
[20/11/2019, 02:24] Darly(32), Alexander_Mahone(32) adlý kiþinin kýyafetini 20021 olarak deðiþtirdi.
[20/11/2019, 02:24] (komut) Alexander_Mahone(32): /setskin 0 20022
[20/11/2019, 02:24] Darly(32), Alexander_Mahone(32) adlý kiþinin kýyafetini 20022 olarak deðiþtirdi.
[20/11/2019, 02:24] (komut) Alexander_Mahone(32): /setskin 0 300
[20/11/2019, 02:24] Darly(32), Alexander_Mahone(32) adlý kiþinin kýyafetini 300 olarak deðiþtirdi.
[20/11/2019, 02:24] (komut) Alexander_Mahone(32): /setskin 0 400
[20/11/2019, 02:24] (komut) Alexander_Mahone(32): /setskin 0 215
[20/11/2019, 02:24] Darly(32), Alexander_Mahone(32) adlý kiþinin kýyafetini 215 olarak deðiþtirdi.
[20/11/2019, 02:24] (komut) Alexander_Mahone(32): /setskin 0 240
[20/11/2019, 02:24] Darly(32), Alexander_Mahone(32) adlý kiþinin kýyafetini 240 olarak deðiþtirdi.
[20/11/2019, 02:24] (komut) Alexander_Mahone(32): /git pd
[20/11/2019, 02:24] (komut) Alexander_Mahone(32): /git ls
[20/11/2019, 02:25] Alexander_Mahone(255.255.255.255) oyundan çýkýþ yaptý.
[20/11/2019, 03:15] 538(25.5.84.199) sunucuya giriþ yaptý.
[20/11/2019, 03:15] 126(25.6.24.251) sunucuya giriþ yaptý.
[20/11/2019, 03:15] (komut) Alexander_Mahone(32): /oocmarket
[20/11/2019, 03:15] Alexander_Mahone(32) marketten Baþlangýç Paketi satýn aldý.
[20/11/2019, 03:15] (komut) Alexander_Mahone(32): /oocmarket
[20/11/2019, 03:15] (komut) Alexander_Mahone(32): /oocmarket
[20/11/2019, 03:15] (komut) Alexander_Mahone(32): /aracgit
[20/11/2019, 03:15] (komut) Alexander_Mahone(32): /agit
[20/11/2019, 03:15] (komut) Alexander_Mahone(32): /aracicek
[20/11/2019, 03:15] (komut) Alexander_Mahone(32): /adut
[20/11/2019, 03:15] (komut) Alexander_Mahone(32): /aduty
[20/11/2019, 03:15] (komut) Darly(32): /adut
[20/11/2019, 03:16] (komut) Darly(32): /aduty
[20/11/2019, 03:16] (komut) Allen_Hox(17): /oocmarket
[20/11/2019, 03:16] (komut) Alexander_Mahone(32): /oocmarket
[20/11/2019, 03:16] (komut) Alexander_Mahone(32): /git 1
[20/11/2019, 03:16] Darly(32), Allen_Hox(17) adlý kiþiye ýþýnlandý.
[20/11/2019, 03:16] (komut) Alexander_Mahone(32): /adminyap 1 7
[20/11/2019, 03:16] Darly(32), Allen_Hox(17) adlý kiþinin admin levelini 7 yaptý.
[20/11/2019, 03:16] (komut) Allen_Hox(17): /ybakiyever
[20/11/2019, 03:16] (komut) Allen_Hox(17): //ah
[20/11/2019, 03:16] (komut) Allen_Hox(17): /ah
[20/11/2019, 03:16] (komut) Alexander_Mahone(32): /adminler
[20/11/2019, 03:16] (komut) Allen_Hox(17): /bakiyever 1 15
[20/11/2019, 03:16] Orkun(17), Allen_Hox(17) adlý kiþiye 15TL bakiye verdi.
[20/11/2019, 03:16] (komut) Allen_Hox(17): /oocmarket
[20/11/2019, 03:16] Allen_Hox(17) marketten Baþlangýç Paketi satýn aldý.
[20/11/2019, 03:16] (komut) Alexander_Mahone(32): /oocmarket
[20/11/2019, 03:16] (komut) Allen_Hox(17): /oocmarket
[20/11/2019, 03:17] (komut) Alexander_Mahone(32): /araccikar
[20/11/2019, 03:17] (komut) Alexander_Mahone(32): /acikar
[20/11/2019, 03:17] (komut) Alexander_Mahone(32): /araccikar
[20/11/2019, 03:17] (komut) Alexander_Mahone(32): /envanter
[20/11/2019, 03:17] (komut) Allen_Hox(17): /oocmarket
[20/11/2019, 03:17] (komut) Alexander_Mahone(32): /oocmarket
[20/11/2019, 03:17] (komut) Alexander_Mahone(32): /oocmarket
[20/11/2019, 03:18] (komut) Alexander_Mahone(32): /oocmarket
[20/11/2019, 03:18] (komut) Alexander_Mahone(32): /oocmarket
[20/11/2019, 03:19] Alexander_Mahone(32) marketten Son Seviye Ev satýn aldý.
[20/11/2019, 03:19] (komut) Alexander_Mahone(32): /oocmarket
[20/11/2019, 03:19] (komut) Alexander_Mahone(32): /oocmarket
[20/11/2019, 03:19] (komut) Alexander_Mahone(32): /oocmarket
[20/11/2019, 03:20] (komut) Alexander_Mahone(32): /oocmarket
[20/11/2019, 03:20] (komut) Alexander_Mahone(32): /oocmarket
[20/11/2019, 03:20] (komut) Allen_Hox(17): /oocmarket
[20/11/2019, 03:21] (komut) Alexander_Mahone(32): /oocmarket
[20/11/2019, 03:21] Alexander_Mahone(32) marketten 2 Seviye Araç Zýrhý satýn aldý.
[20/11/2019, 03:21] (komut) Allen_Hox(17): /oocmarket
[20/11/2019, 03:21] (komut) Alexander_Mahone(32): /oocmarket
[20/11/2019, 03:23] (komut) Alexander_Mahone(32): /oocmarket
[20/11/2019, 03:23] (komut) Alexander_Mahone(32): /araclarim
[20/11/2019, 03:23] (komut) Alexander_Mahone(32): /aracsil
[20/11/2019, 03:23] (komut) Alexander_Mahone(32): /aracsil 60
[20/11/2019, 03:23] Darly(32) bir aracý sildi. (SAHIP: 21670 / Model: Perrenial)
[20/11/2019, 03:23] (komut) Alexander_Mahone(32): /aracsil 2
[20/11/2019, 03:23] Darly(32) bir aracý sildi. (SAHIP: 21669 / Model: Premier)
[20/11/2019, 03:23] (komut) Alexander_Mahone(32): /aracsil 347
[20/11/2019, 03:23] Darly(32) bir aracý sildi. (SAHIP: 20835 / Model: Bullet)
[20/11/2019, 03:23] (komut) Alexander_Mahone(32): /araclarim
[20/11/2019, 03:23] (komut) Alexander_Mahone(32): /time
[20/11/2019, 03:25] (komut) Alexander_Mahone(32): /amermi
[20/11/2019, 03:25] (komut) Alexander_Mahone(32): /mermiver
[20/11/2019, 03:25] (komut) Alexander_Mahone(32): /ulisans
[20/11/2019, 03:25] (komut) Alexander_Mahone(32): /ulisans
[20/11/2019, 03:25] (komut) Alexander_Mahone(32): /surucutesti
[20/11/2019, 03:25] (komut) Allen_Hox(17): /surucutesti
[20/11/2019, 03:25] (komut) Alexander_Mahone(32): /ulisans
[20/11/2019, 03:25] (komut) Allen_Hox(17): /ulisans
[20/11/2019, 03:25] (komut) Alexander_Mahone(32): /ulisans
[20/11/2019, 03:26] (komut) Alexander_Mahone(32): /getobject
[20/11/2019, 03:26] (komut) Alexander_Mahone(32): /objekoy
[20/11/2019, 03:27] (komut) Alexander_Mahone(32): /vipmenu
[20/11/2019, 03:28] (komut) Alexander_Mahone(32): /asilahver
[20/11/2019, 03:28] (komut) Alexander_Mahone(32): /asilahver 0 deagle 200
[20/11/2019, 03:28] (komut) Alexander_Mahone(32): /asilahver 0 24 500
[20/11/2019, 03:28] (komut) Alexander_Mahone(32): /asilahver 0 24 70
[20/11/2019, 03:28] Darly(32), Alexander_Mahone(32) adlý kiþiye Desert Eagle model silah verdi.
[20/11/2019, 03:28] (komut) Alexander_Mahone(32): /araccikar
[20/11/2019, 03:28] (komut) Alexander_Mahone(32): /aracver
[20/11/2019, 03:28] (komut) Alexander_Mahone(32): /aracver 0 nrg
[20/11/2019, 03:28] Darly(32), Alexander_Mahone(32) adlý kiþiye NRG-500 model arac verdi. (SID: 0)
[20/11/2019, 03:28] (komut) Alexander_Mahone(32): /motor
[20/11/2019, 03:28] [cmd_ame] Alexander_Mahone(32) anahtarý saat yönünde çevirir ve aracýn motorunu açmaya çalýþýr.
[20/11/2019, 03:30] (komut) Allen_Hox(17): /git
[20/11/2019, 03:30] (komut) Allen_Hox(17): /git 0
[20/11/2019, 03:30] Orkun(17), Alexander_Mahone(32) adlý kiþiye ýþýnlandý.
[20/11/2019, 03:31] (komut) Alexander_Mahone(32): /mp3
[20/11/2019, 03:31] (komut) Alexander_Mahone(32): /telefon
[20/11/2019, 03:31] [cmd_me] Alexander_Mahone(32) elini cebine götürür, telefonunu çýkarýr.
[20/11/2019, 03:31] (komut) Allen_Hox(17): /telefon
[20/11/2019, 03:31] [cmd_me] Allen_Hox(17) elini cebine götürür, telefonunu çýkarýr.
[20/11/2019, 03:31] (komut) Alexander_Mahone(32): /telefon
[20/11/2019, 03:31] [cmd_me] Alexander_Mahone(32) elini cebine götürür, telefonunu çýkarýr.
[20/11/2019, 03:33] (komut) Alexander_Mahone(32): /aracver 0 nrg
[20/11/2019, 03:33] Darly(32), Alexander_Mahone(32) adlý kiþiye NRG-500 model arac verdi. (SID: 0)
[20/11/2019, 03:33] (komut) Alexander_Mahone(32): /motor
[20/11/2019, 03:33] [cmd_ame] Alexander_Mahone(32) anahtarý saat yönünde çevirir ve aracýn motorunu açmaya çalýþýr.
[20/11/2019, 03:33] (komut) Allen_Hox(17): /ayarlar
[20/11/2019, 03:34] Alexander_Mahone(255.255.255.255) oyundan çýkýþ yaptý.
[20/11/2019, 03:34] Allen_Hox(255.255.255.255) oyundan çýkýþ yaptý.
[20/11/2019, 14:18] 001(127.0.0.1) sunucuya giriþ yaptý.
[20/11/2019, 14:18] Biddy Boelter(HESAP ID: 1) can hilesi kullanýyor olabilir. (#015)
[20/11/2019, 14:19] (komut) Biddy_Boelter(1): /ayarlar
[20/11/2019, 14:19] (komut) Biddy_Boelter(1): /envanter
[20/11/2019, 14:19] (komut) Biddy_Boelter(1): /envanter
[20/11/2019, 14:19] (komut) Biddy_Boelter(1): /envanter
[20/11/2019, 14:19] [cmd_me] Biddy_Boelter(1) uyuþturucu kullandý.
[20/11/2019, 14:19] (komut) Biddy_Boelter(1): /envanter
[20/11/2019, 14:19] (komut) Biddy_Boelter(1): /cpsifirla
[20/11/2019, 14:20] Biddy_Boelter(255.255.255.255) oyundan çýkýþ yaptý.
