[24/11/2019, 00:00] (komut) Diaz_Cooper(1404): /asilahver 6 31 500
[24/11/2019, 00:00] 666(1404), Diaz_Cooper(1404) adlý kiþiye M4 model silah verdi.
[24/11/2019, 00:00] (komut) Allen_Hox(17): /aracduzenle 7 zirh 4
[24/11/2019, 00:00] Jesus_Cordeza(709), Diaz_Cooper(1404) tarafýndan öldürüldü. (sebep: 31)
[24/11/2019, 00:00] (komut) Jesus_Cordeza(709): /canlandir 9
[24/11/2019, 00:00] (komut) Diaz_Cooper(1404): /revive 0
[24/11/2019, 00:00] 666(1404), Jesus_Cordeza(709) adlý kiþiyi yaralý durumdan çýkardý.
[24/11/2019, 00:00] (komut) Jesus_Cordeza(709): /canlandir 0
[24/11/2019, 00:00] Diaz_Cooper(1404), Jesus_Cordeza(709) tarafýndan öldürüldü. (sebep: 24)
[24/11/2019, 00:00] Jesus_Cordeza(709), Eleanor_Grint(15) tarafýndan öldürüldü. (sebep: 31)
[24/11/2019, 00:00] (komut) Diaz_Cooper(1404): /sethp 0 0
[24/11/2019, 00:00] 666(1404), Jesus_Cordeza(709) adlý kiþinin canýný 0 olarak deðiþtirdi.
[24/11/2019, 00:00] (komut) Jesus_Cordeza(709): /canlandir 9
[24/11/2019, 00:00] (komut) Allen_Hox(17): /birlik
[24/11/2019, 00:00] (komut) Diaz_Cooper(1404): /revive 6
[24/11/2019, 00:00] 666(1404), Diaz_Cooper(1404) adlý kiþiyi yaralý durumdan çýkardý.
[24/11/2019, 00:00] (komut) Jesus_Cordeza(709): /canlandir 0
[24/11/2019, 00:00] Nazým(709), Jesus_Cordeza(709) adlý kiþiyi yaralý durumdan çýkardý.
[24/11/2019, 00:00] (komut) Diaz_Cooper(1404): /aduty
[24/11/2019, 00:00] (komut) Eleanor_Grint(15): /taser
[24/11/2019, 00:00] (komut) Allen_Hox(17): /birlik
[24/11/2019, 00:00] (komut) Jack_Hebert(683): /birlik
[24/11/2019, 00:00] (komut) Allen_Hox(17): /kasa
[24/11/2019, 00:00] (komut) Allen_Hox(17): /birlik
[24/11/2019, 00:01] (komut) 666(1404): /herkesecan
[24/11/2019, 00:01] 666(1404) sunucudaki herkese can verdi. (6 kiþi)
[24/11/2019, 00:01] (komut) Vhosta_Lezcano(42): /god
[24/11/2019, 00:01] (komut) Jack_Hebert(683): /kasa
[24/11/2019, 00:01] Allen_Hox(17) birlik kasasýna $4,444 yatýrdý. (Denemex)
[24/11/2019, 00:01] (komut) 666(1404): /yzirhver 100
[24/11/2019, 00:01] 666(1404), Jesus_Cordeza(709) adlý kiþinin zýrhýný 100 olarak deðiþtirdi.
[24/11/2019, 00:01] 666(1404), Eleanor_Grint(15) adlý kiþinin zýrhýný 100 olarak deðiþtirdi.
[24/11/2019, 00:01] 666(1404), Vhosta_Lezcano(42) adlý kiþinin zýrhýný 100 olarak deðiþtirdi.
[24/11/2019, 00:01] 666(1404), 666(1404) adlý kiþinin zýrhýný 100 olarak deðiþtirdi.
[24/11/2019, 00:01] (komut) Jesus_Cordeza(709): /herkesezirh
[24/11/2019, 00:01] Nazým(709) sunucudaki herkese zýrh verdi. (6 kiþi)
[24/11/2019, 00:01] (komut) Jack_Hebert(683): /birlik
[24/11/2019, 00:01] (komut) Vhosta_Lezcano(42): /birlik
[24/11/2019, 00:01] (komut) Jesus_Cordeza(709): /ysilahver 31
[24/11/2019, 00:01] Nazým(709), Jesus_Cordeza(709) adlý kiþiye M4 model silah verdi.
[24/11/2019, 00:01] 666(1404), Eleanor_Grint(15) tarafýndan öldürüldü. (sebep: 31)
[24/11/2019, 00:01] (komut) Vhosta_Lezcano(42): /aduty
[24/11/2019, 00:01] Jesus_Cordeza(709), Eleanor_Grint(15) tarafýndan öldürüldü. (sebep: 24)
[24/11/2019, 00:01] (komut) Allen_Hox(17): /makeleader 5 6
[24/11/2019, 00:01] [ADM] Orkun(17), Jack_Hebert(683) adlý kiþiyi Denemex birlik lideri yaptý.
[24/11/2019, 00:01] (komut) 666(1404): /sethp 0 0
[24/11/2019, 00:01] 666(1404), Jesus_Cordeza(709) adlý kiþinin canýný 0 olarak deðiþtirdi.
[24/11/2019, 00:01] (komut) Jack_Hebert(683): /birlik
[24/11/2019, 00:01] (komut) Yusuf(42): /goto car
[24/11/2019, 00:01] (komut) Jesus_Cordeza(709): /canlandir 0
[24/11/2019, 00:01] Nazým(709), Jesus_Cordeza(709) adlý kiþiyi yaralý durumdan çýkardý.
[24/11/2019, 00:01] (komut) 666(1404): /asilahver
[24/11/2019, 00:01] (komut) Yusuf(42): /entercar
[24/11/2019, 00:01] (komut) Allen_Hox(17): /birlik
[24/11/2019, 00:01] 666(1404), Eleanor_Grint(15) tarafýndan öldürüldü. (sebep: 24)
[24/11/2019, 00:01] Jack_Hebert(683) birlik kasasýndan $4,444 çekti. (Denemex)
[24/11/2019, 00:01] (komut) Yusuf(42): /enter car
[24/11/2019, 00:01] Jesus_Cordeza(709), Eleanor_Grint(15) tarafýndan öldürüldü. (sebep: 24)
[24/11/2019, 00:01] (komut) Jack_Hebert(683): /birlik
[24/11/2019, 00:01] (komut) Eleanor_Grint(15): /revive
[24/11/2019, 00:01] (komut) 666(1404): /asilahver 6 24 99
[24/11/2019, 00:01] (komut) Yusuf(42): /ah
[24/11/2019, 00:01] (komut) Eleanor_Grint(15): /revive jesus
[24/11/2019, 00:01] Deneme2(15), Jesus_Cordeza(709) adlý kiþiyi yaralý durumdan çýkardý.
[24/11/2019, 00:01] (komut) 666(1404): /asilahver 6 24 70
[24/11/2019, 00:01] 666(1404), 666(1404) adlý kiþiye Desert Eagle model silah verdi.
[24/11/2019, 00:01] (komut) Allen_Hox(17): /birlik
[24/11/2019, 00:02] (komut) 666(1404): /setarmor
[24/11/2019, 00:02] Jesus_Cordeza(709), Eleanor_Grint(15) tarafýndan öldürüldü. (sebep: 24)
[24/11/2019, 00:02] (komut) Yusuf(42): /c .
[24/11/2019, 00:02] [helper-chat] Yusuf(42): .
[24/11/2019, 00:02] (komut) 666(1404): /setarmor 6 100
[24/11/2019, 00:02] 666(1404), 666(1404) adlý kiþinin zýrhýný 100 olarak deðiþtirdi.
[24/11/2019, 00:02] (komut) Eleanor_Grint(15): /revive jesus
[24/11/2019, 00:02] Deneme2(15), Jesus_Cordeza(709) adlý kiþiyi yaralý durumdan çýkardý.
[24/11/2019, 00:02] (komut) Allen_Hox(17): /birlik
[24/11/2019, 00:02] (komut) 666(1404): /sethp 6 200
[24/11/2019, 00:02] (komut) Eleanor_Grint(15): /a orkun
[24/11/2019, 00:02] [adm-chat] Eleanor_Grint(15): orkun
[24/11/2019, 00:02] (komut) Allen_Hox(17): /birlik
[24/11/2019, 00:02] (komut) 666(1404): /sethp 6 100
[24/11/2019, 00:02] 666(1404), 666(1404) adlý kiþinin canýný 100 olarak deðiþtirdi.
[24/11/2019, 00:02] (komut) Yusuf(42): /birlik
[24/11/2019, 00:02] (komut) Allen_Hox(17): /birlik
[24/11/2019, 00:02] 666(1404), Eleanor_Grint(15) tarafýndan öldürüldü. (sebep: 24)
[24/11/2019, 00:02] (komut) 666(1404): /setarmor 6 100
[24/11/2019, 00:02] 666(1404), 666(1404) adlý kiþinin zýrhýný 100 olarak deðiþtirdi.
[24/11/2019, 00:02] Jesus_Cordeza(709), Eleanor_Grint(15) tarafýndan öldürüldü. (sebep: 24)
[24/11/2019, 00:02] (komut) Yusuf(42): /birlik
[24/11/2019, 00:02] (komut) Allen_Hox(17): /a he
[24/11/2019, 00:02] [adm-chat] Allen_Hox(17): he
[24/11/2019, 00:02] (komut) Eleanor_Grint(15): /gesture 14
[24/11/2019, 00:02] (komut) Jesus_Cordeza(709): /canlandir 0
[24/11/2019, 00:02] Nazým(709), Jesus_Cordeza(709) adlý kiþiyi yaralý durumdan çýkardý.
[24/11/2019, 00:02] (komut) 666(1404): /sethp 3 0
[24/11/2019, 00:02] 666(1404), Eleanor_Grint(15) adlý kiþinin canýný 0 olarak deðiþtirdi.
[24/11/2019, 00:02] (komut) Eleanor_Grint(15): /a yusuf cagýrýyor
[24/11/2019, 00:02] [adm-chat] Eleanor_Grint(15): yusuf cagýrýyor
[24/11/2019, 00:02] (komut) Allen_Hox(17): /oyuncuduzenle
[24/11/2019, 00:02] Eleanor_Grint(15), Jesus_Cordeza(709) tarafýndan öldürüldü. (sebep: 31)
[24/11/2019, 00:02] (komut) Eleanor_Grint(15): /revive eleanor
[24/11/2019, 00:02] Deneme2(15), Eleanor_Grint(15) adlý kiþiyi yaralý durumdan çýkardý.
[24/11/2019, 00:02] (komut) Eleanor_Grint(15): /revive eleanor
[24/11/2019, 00:02] Deneme2(15), Eleanor_Grint(15) adlý kiþiyi yaralý durumdan çýkardý.
[24/11/2019, 00:02] (komut) Eleanor_Grint(15): /revive eleanor
[24/11/2019, 00:02] (komut) Eleanor_Grint(15): /revive eleanor
[24/11/2019, 00:02] (komut) Yusuf(42): /ah
[24/11/2019, 00:02] (komut) Jack_Hebert(683): /oyuncuduzenle
[24/11/2019, 00:02] (komut) 666(1404): /asilahver 6 31 500
[24/11/2019, 00:02] 666(1404), 666(1404) adlý kiþiye M4 model silah verdi.
[24/11/2019, 00:03] (komut) Eleanor_Grint(15): /setskin eleanor 275
[24/11/2019, 00:03] Deneme2(15), Eleanor_Grint(15) adlý kiþinin kýyafetini 275 olarak deðiþtirdi.
[24/11/2019, 00:03] Jesus_Cordeza(709), 666(1404) tarafýndan öldürüldü. (sebep: 31)
[24/11/2019, 00:03] (komut) Eleanor_Grint(15): /setskin eleanor 285
[24/11/2019, 00:03] Deneme2(15), Eleanor_Grint(15) adlý kiþinin kýyafetini 285 olarak deðiþtirdi.
[24/11/2019, 00:03] (komut) Jack_Hebert(683): /karakter
[24/11/2019, 00:03] (komut) Eleanor_Grint(15): /dolap
[24/11/2019, 00:03] (komut) Jesus_Cordeza(709): /canlandir 0
[24/11/2019, 00:03] Nazým(709), Jesus_Cordeza(709) adlý kiþiyi yaralý durumdan çýkardý.
[24/11/2019, 00:03] (komut) 666(1404): /c
[24/11/2019, 00:03] (komut) Eleanor_Grint(15): /dolap
[24/11/2019, 00:03] (komut) Allen_Hox(17): /oyuncuduzenle 5 oynamasaati 300
[24/11/2019, 00:03] Orkun, Jack_Hebert(683) adlý kiþinin oynama saatini deðiþtirdi. (300)
[24/11/2019, 00:03] [cmd_me] Eleanor_Grint(15) dolaptan rozetini ve ekipmanlarýný alýr.
[24/11/2019, 00:03] (komut) Eleanor_Grint(15): /dolap
[24/11/2019, 00:03] Jesus_Cordeza(709), 666(1404) tarafýndan öldürüldü. (sebep: 31)
[24/11/2019, 00:03] (komut) Jack_Hebert(683): /karakter
[24/11/2019, 00:03] (komut) Jesus_Cordeza(709): /canlandir 0
[24/11/2019, 00:03] Nazým(709), Jesus_Cordeza(709) adlý kiþiyi yaralý durumdan çýkardý.
[24/11/2019, 00:03] (komut) Jesus_Cordeza(709): /canlandir 0
[24/11/2019, 00:03] (komut) Yusuf(42): /freez 0
[24/11/2019, 00:03] (komut) Eleanor_Grint(15): /liderayarla eleanor 0 
[24/11/2019, 00:03] [ADM] Deneme2(15), Eleanor_Grint(15) adlý kiþiyi Los Santos Police Department birlik lideri yaptý.
[24/11/2019, 00:03] Jesus_Cordeza(709), 666(1404) tarafýndan öldürüldü. (sebep: 31)
[24/11/2019, 00:03] (komut) Jesus_Cordeza(709): /canlandir 0
[24/11/2019, 00:03] Nazým(709), Jesus_Cordeza(709) adlý kiþiyi yaralý durumdan çýkardý.
[24/11/2019, 00:03] (komut) Yusuf(42): /dondur 0
[24/11/2019, 00:03] (komut) Eleanor_Grint(15): /dolap
[24/11/2019, 00:03] [cmd_me] Eleanor_Grint(15) dolaptan rozetini ve ekipmanlarýný alýr.
[24/11/2019, 00:03] (komut) Eleanor_Grint(15): /dolap
[24/11/2019, 00:03] (komut) Yusuf(42): /dondur 0
[24/11/2019, 00:03] (komut) Allen_Hox(17): /oyuncuduzenle 5 dakika 300
[24/11/2019, 00:03] Orkun, Jack_Hebert(683) adlý kiþinin dakikasýný deðiþtirdi. (300)
[24/11/2019, 00:03] (komut) Yusuf(42): /dondur 0
[24/11/2019, 00:03] (komut) Eleanor_Grint(15): /dolap
[24/11/2019, 00:03] (komut) 666(1404): /spawnla
[24/11/2019, 00:03] (komut) Yusuf(42): /dondur 0
[24/11/2019, 00:03] (komut) Jack_Hebert(683): /karakter
[24/11/2019, 00:03] (komut) Eleanor_Grint(15): /asansor
[24/11/2019, 00:03] (komut) 666(1404): /spawn
[24/11/2019, 00:03] (komut) 666(1404): /gonder
[24/11/2019, 00:03] (komut) Allen_Hox(17): /oyuncuduzenle 5 dakika 60
[24/11/2019, 00:03] Orkun, Jack_Hebert(683) adlý kiþinin dakikasýný deðiþtirdi. (60)
[24/11/2019, 00:03] (komut) Jesus_Cordeza(709): /cozü
[24/11/2019, 00:03] (komut) Jesus_Cordeza(709): /coz 0
[24/11/2019, 00:03] (komut) Allen_Hox(17): /oyuncuduzenle 5 dakika 59
[24/11/2019, 00:03] Orkun, Jack_Hebert(683) adlý kiþinin dakikasýný deðiþtirdi. (59)
[24/11/2019, 00:03] (komut) 666(1404): /gonder 0 ls
[24/11/2019, 00:03] 666(1404), Jesus_Cordeza(709) adlý kiþiyi LS gönderdi.
[24/11/2019, 00:03] (komut) Jack_Hebert(683): /karakter
[24/11/2019, 00:03] (komut) 666(1404): /gonder 3 ls
[24/11/2019, 00:03] 666(1404), Eleanor_Grint(15) adlý kiþiyi LS gönderdi.
[24/11/2019, 00:03] (komut) Allen_Hox(17): /birlik
[24/11/2019, 00:03] (komut) Eleanor_Grint(15): /goto 66
[24/11/2019, 00:03] Deneme2(15), 666(1404) adlý kiþiye ýþýnlandý.
[24/11/2019, 00:03] (komut) 666(1404): /herkesecna
[24/11/2019, 00:03] (komut) Jack_Hebert(683): /kasa
[24/11/2019, 00:03] (komut) Jesus_Cordeza(709): /git orkun
[24/11/2019, 00:03] (komut) 666(1404): /herkesecan
[24/11/2019, 00:03] 666(1404) sunucudaki herkese can verdi. (6 kiþi)
[24/11/2019, 00:04] (komut) Yusuf(42): /aduty
[24/11/2019, 00:04] (komut) Jesus_Cordeza(709): /git 1
[24/11/2019, 00:04] Nazým(709), Allen_Hox(17) adlý kiþiye ýþýnlandý.
[24/11/2019, 00:04] (komut) Jack_Hebert(683): /karakter
[24/11/2019, 00:04] (komut) Allen_Hox(17): /karakter
[24/11/2019, 00:04] (komut) Vhosta_Lezcano(42): /goto 3
[24/11/2019, 00:04] Yusuf(42), Eleanor_Grint(15) adlý kiþiye ýþýnlandý.
[24/11/2019, 00:04] (komut) Allen_Hox(17): /birlik
[24/11/2019, 00:04] (komut) 666(1404): /herkesecan
[24/11/2019, 00:04] 666(1404) sunucudaki herkese can verdi. (6 kiþi)
[24/11/2019, 00:04] 0315(25.79.195.190) sunucuya giriþ yaptý.
[24/11/2019, 00:04] 666(1404), Eleanor_Grint(15) tarafýndan öldürüldü. (sebep: 31)
[24/11/2019, 00:04] 0315(255.255.255.255) oyundan çýkýþ yaptý.
[24/11/2019, 00:04] (komut) Eleanor_Grint(15): /sethp
[24/11/2019, 00:04] (komut) Jack_Hebert(683): /karakter
[24/11/2019, 00:04] (komut) Allen_Hox(17): /a gelcem
[24/11/2019, 00:04] [adm-chat] Allen_Hox(17): gelcem
[24/11/2019, 00:04] (komut) Eleanor_Grint(15): /sethp eleanor 100
[24/11/2019, 00:04] Deneme2(15), Eleanor_Grint(15) adlý kiþinin canýný 100 olarak deðiþtirdi.
[24/11/2019, 00:04] (komut) 666(1404): /liderayarla
[24/11/2019, 00:04] (komut) Eleanor_Grint(15): /birlik
[24/11/2019, 00:04] (komut) Allen_Hox(17): /ayarlar
[24/11/2019, 00:05] (komut) Jesus_Cordeza(709): /git ev chadwick
[24/11/2019, 00:05] (komut) Jesus_Cordeza(709): /git ev 22
[24/11/2019, 00:05] (komut) Allen_Hox(17): /git ls
[24/11/2019, 00:05] (komut) Vhosta_Lezcano(42): /rozet
[24/11/2019, 00:05] (komut) Jesus_Cordeza(709): /ev
[24/11/2019, 00:05] (komut) Vhosta_Lezcano(42): /isbasi
[24/11/2019, 00:05] [cmd_me] Jesus_Cordeza(709) gerilir ve evin kapýsýna tekme atar.
[24/11/2019, 00:05] (komut) 666(1404): /goto dolap 0
[24/11/2019, 00:05] [cmd_do] Jesus_Cordeza(709) Evin kapýsý kýrýlmýþtýr.
[24/11/2019, 00:05] (komut) Vhosta_Lezcano(42): /auty
[24/11/2019, 00:05] (komut) Allen_Hox(17): /nirlik
[24/11/2019, 00:05] (komut) Eleanor_Grint(15): /isbasi
[24/11/2019, 00:05] (komut) 666(1404): /goto dolap 0
[24/11/2019, 00:05] (komut) Allen_Hox(17): /birlik
[24/11/2019, 00:05] (komut) Vhosta_Lezcano(42): /aduty
[24/11/2019, 00:05] (komut) 666(1404): /cek 4
[24/11/2019, 00:05] 666(1404), Yusuf(42) adlý kiþiyi yanýna çekti.
[24/11/2019, 00:05] (komut) 666(1404): /cek 4
[24/11/2019, 00:05] (komut) Eleanor_Grint(15): /goto yusuf
[24/11/2019, 00:05] Deneme2(15), Yusuf(42) adlý kiþiye ýþýnlandý.
[24/11/2019, 00:05] (komut) 666(1404): /cek 4
[24/11/2019, 00:05] 666(1404), Yusuf(42) adlý kiþiyi yanýna çekti.
[24/11/2019, 00:05] (komut) Yusuf(42): /aduty
[24/11/2019, 00:05] (komut) Eleanor_Grint(15): /goto yusuf
[24/11/2019, 00:05] (komut) Eleanor_Grint(15): /goto yusuf
[24/11/2019, 00:05] (komut) 666(1404): /cek 4
[24/11/2019, 00:05] 666(1404), Vhosta_Lezcano(42) adlý kiþiyi yanýna çekti.
[24/11/2019, 00:05] Eleanor Grint(HESAP ID: 22) teleport hilesi kullanýyor olabilir. (#019)
[24/11/2019, 00:05] Eleanor Grint(HESAP ID: 22) teleport hilesi kullanýyor olabilir. (#019)
[24/11/2019, 00:05] (komut) Vhosta_Lezcano(42): /dolap
[24/11/2019, 00:05] (komut) Eleanor_Grint(15): /goto 4
[24/11/2019, 00:05] Deneme2(15), Vhosta_Lezcano(42) adlý kiþiye ýþýnlandý.
[24/11/2019, 00:05] [cmd_me] Vhosta_Lezcano(42) ekipmanlarýný býrakýr.
[24/11/2019, 00:05] (komut) Eleanor_Grint(15): /goto 4
[24/11/2019, 00:05] Deneme2(15), Vhosta_Lezcano(42) adlý kiþiye ýþýnlandý.
[24/11/2019, 00:05] (komut) Eleanor_Grint(15): /goto 4
[24/11/2019, 00:05] Deneme2(15), Vhosta_Lezcano(42) adlý kiþiye ýþýnlandý.
[24/11/2019, 00:05] (komut) Eleanor_Grint(15): /goto 4
[24/11/2019, 00:05] Deneme2(15), Vhosta_Lezcano(42) adlý kiþiye ýþýnlandý.
[24/11/2019, 00:05] (komut) Eleanor_Grint(15): /goto 4
[24/11/2019, 00:05] Deneme2(15), Vhosta_Lezcano(42) adlý kiþiye ýþýnlandý.
[24/11/2019, 00:05] (komut) Eleanor_Grint(15): /goto 4
[24/11/2019, 00:05] Deneme2(15), Vhosta_Lezcano(42) adlý kiþiye ýþýnlandý.
[24/11/2019, 00:05] (komut) Eleanor_Grint(15): /goto 4
[24/11/2019, 00:05] Deneme2(15), Vhosta_Lezcano(42) adlý kiþiye ýþýnlandý.
[24/11/2019, 00:05] (komut) Eleanor_Grint(15): /goto 4
[24/11/2019, 00:05] Deneme2(15), Vhosta_Lezcano(42) adlý kiþiye ýþýnlandý.
[24/11/2019, 00:05] (komut) Jesus_Cordeza(709): /ADUTY
[24/11/2019, 00:05] (komut) Jesus_Cordeza(709): /GÝT EV 1
[24/11/2019, 00:05] (komut) Vhosta_Lezcano(42): /aduty
[24/11/2019, 00:05] (komut) 666(1404): /liderayarla 3 0 -1
[24/11/2019, 00:05] [ADM] 666(1404), Eleanor_Grint(15) adlý kiþiyi Los Santos Police Department birlik lideri yaptý.
[24/11/2019, 00:05] (komut) Jesus_Cordeza(709): /git ev 1
[24/11/2019, 00:06] (komut) Eleanor_Grint(15): /dolap
[24/11/2019, 00:06] (komut) Jesus_Cordeza(709): /git ev 2
[24/11/2019, 00:06] [cmd_me] Eleanor_Grint(15) dolaptan rozetini ve ekipmanlarýný alýr.
[24/11/2019, 00:06] (komut) Eleanor_Grint(15): /dolap
[24/11/2019, 00:06] [cmd_me] Eleanor_Grint(15) ekipmanlarýný býrakýr.
[24/11/2019, 00:06] (komut) Eleanor_Grint(15): /birlik
[24/11/2019, 00:06] (komut) Jesus_Cordeza(709): /git ev 3
[24/11/2019, 00:06] (komut) Jesus_Cordeza(709): /git ev 4
[24/11/2019, 00:06] (komut) Jesus_Cordeza(709): /git ev 5
[24/11/2019, 00:06] (komut) Yusuf(42): /asansor
[24/11/2019, 00:06] (komut) 666(1404): /goto
[24/11/2019, 00:06] (komut) 666(1404): /goto3
[24/11/2019, 00:06] (komut) 666(1404): /goto 3
[24/11/2019, 00:06] 666(1404), Eleanor_Grint(15) adlý kiþiye ýþýnlandý.
[24/11/2019, 00:06] (komut) Jesus_Cordeza(709): /setmoney
[24/11/2019, 00:06] (komut) 666(1404): /goto dolap 0
[24/11/2019, 00:06] (komut) Yusuf(42): /goto ls
[24/11/2019, 00:06] (komut) 666(1404): /goto dolap 0
[24/11/2019, 00:06] (komut) 666(1404): /cek 3
[24/11/2019, 00:06] 666(1404), Eleanor_Grint(15) adlý kiþiyi yanýna çekti.
[24/11/2019, 00:06] (komut) Jesus_Cordeza(709): /git ev 6
[24/11/2019, 00:06] (komut) Eleanor_Grint(15): /dolap
[24/11/2019, 00:06] [cmd_me] Eleanor_Grint(15) dolaptan rozetini ve ekipmanlarýný alýr.
[24/11/2019, 00:06] (komut) Jesus_Cordeza(709): /git ev 7
[24/11/2019, 00:06] (komut) Yusuf(42): /noclip
[24/11/2019, 00:06] (komut) Jesus_Cordeza(709): /git ev 8
[24/11/2019, 00:06] (komut) 666(1404): /goto 4
[24/11/2019, 00:06] 666(1404), Yusuf(42) adlý kiþiye ýþýnlandý.
[24/11/2019, 00:06] (komut) Yusuf(42): /jatpack
[24/11/2019, 00:06] (komut) Eleanor_Grint(15): /birlik
[24/11/2019, 00:06] (komut) Yusuf(42): /ah
[24/11/2019, 00:07] (komut) 666(1404): /jetpack
[24/11/2019, 00:07] (komut) Jesus_Cordeza(709): /ev
[24/11/2019, 00:07] (komut) 666(1404): /jetpack 4
[24/11/2019, 00:07] (komut) Eleanor_Grint(15): /goto 4
[24/11/2019, 00:07] Deneme2(15), Yusuf(42) adlý kiþiye ýþýnlandý.
[24/11/2019, 00:07] (komut) Eleanor_Grint(15): /goto 4
[24/11/2019, 00:07] Deneme2(15), Yusuf(42) adlý kiþiye ýþýnlandý.
[24/11/2019, 00:07] (komut) Jesus_Cordeza(709): /ev
[24/11/2019, 00:07] (komut) Eleanor_Grint(15): /jetpack
[24/11/2019, 00:07] (komut) Jesus_Cordeza(709): /aduty
[24/11/2019, 00:07] (komut) Jesus_Cordeza(709): /git ev 8
[24/11/2019, 00:07] (komut) Jesus_Cordeza(709): /ev
[24/11/2019, 00:07] [cmd_me] Jesus_Cordeza(709) gerilir ve evin kapýsýna tekme atar.
[24/11/2019, 00:07] [cmd_do] Jesus_Cordeza(709) Evin kapýsý kýrýlmýþtýr.
[24/11/2019, 00:07] (komut) Eleanor_Grint(15): /o hamachide bile ping var amýnake
[24/11/2019, 00:07] [adm-ooc] Deneme2(15): hamachide bile ping var amýnake
[24/11/2019, 00:07] (komut) 666(1404): /anick
[24/11/2019, 00:07] (komut) Yusuf(42): /nrn
[24/11/2019, 00:07] (komut) Eleanor_Grint(15): /goto 4
[24/11/2019, 00:07] Deneme2(15), Yusuf(42) adlý kiþiye ýþýnlandý.
[24/11/2019, 00:07] (komut) Yusuf(42): /nrn 4
[24/11/2019, 00:07] (komut) 666(1404): /anick 0 Espinoza
[24/11/2019, 00:07] 666(1404), Jesus_Cordeza(709) adlý kiþinin yetkili ismini Espinoza yaptý.
[24/11/2019, 00:07] (komut) 666(1404): /goto 4
[24/11/2019, 00:07] 666(1404), Yusuf(42) adlý kiþiye ýþýnlandý.
[24/11/2019, 00:07] (komut) Eleanor_Grint(15): /revive eleanor
[24/11/2019, 00:07] Deneme2(15), Eleanor_Grint(15) adlý kiþiyi yaralý durumdan çýkardý.
[24/11/2019, 00:07] (komut) Eleanor_Grint(15): /god
[24/11/2019, 00:07] (komut) 666(1404): /jetpack
[24/11/2019, 00:07] (komut) Yusuf(42): /aduty
[24/11/2019, 00:07] (komut) Eleanor_Grint(15): /silahver
[24/11/2019, 00:07] (komut) 666(1404): /nr
[24/11/2019, 00:07] (komut) Jesus_Cordeza(709): /a diaz bak bak bura kimin evi
[24/11/2019, 00:07] [adm-chat] Jesus_Cordeza(709): diaz bak bak bura kimin evi
[24/11/2019, 00:07] (komut) 666(1404): /nrn
[24/11/2019, 00:07] (komut) Vhosta_Lezcano(42): /goto 4
[24/11/2019, 00:07] (komut) 666(1404): /nrn 4
[24/11/2019, 00:08] (komut) Jesus_Cordeza(709): /a müsaitsen gel :D
[24/11/2019, 00:08] [adm-chat] Jesus_Cordeza(709): müsaitsen gel :D
[24/11/2019, 00:08] (komut) Eleanor_Grint(15): /ah
[24/11/2019, 00:08] (komut) 666(1404): /goto 4
[24/11/2019, 00:08] 666(1404), Vhosta_Lezcano(42) adlý kiþiye ýþýnlandý.
[24/11/2019, 00:08] (komut) Jesus_Cordeza(709): /cek
[24/11/2019, 00:08] (komut) Eleanor_Grint(15): /aracyarat
[24/11/2019, 00:08] (komut) Eleanor_Grint(15): /aracyarat nrg
[24/11/2019, 00:08] Deneme2(15), NRG-500 model araç yarattý.
[24/11/2019, 00:08] (komut) Jesus_Cordeza(709): /cek dþaz
[24/11/2019, 00:08] (komut) 666(1404): /adminyap
[24/11/2019, 00:08] (komut) Jesus_Cordeza(709): /cek diaz
[24/11/2019, 00:08] (komut) Vhosta_Lezcano(42): /goto 3
[24/11/2019, 00:08] Yusuf(42), Eleanor_Grint(15) adlý kiþiye ýþýnlandý.
[24/11/2019, 00:08] (komut) Eleanor_Grint(15): /goto 4
[24/11/2019, 00:08] Deneme2(15), Vhosta_Lezcano(42) adlý kiþiye ýþýnlandý.
[24/11/2019, 00:08] (komut) Jesus_Cordeza(709): /cek 6
[24/11/2019, 00:08] (komut) Eleanor_Grint(15): /aracyoket
[24/11/2019, 00:08] (komut) Vhosta_Lezcano(42): /jetpack
[24/11/2019, 00:08] (komut) 666(1404): /adminyap 4 0
[24/11/2019, 00:08] 666(1404), Vhosta_Lezcano(42) adlý kiþinin admin levelini 0 yaptý.
[24/11/2019, 00:08] (komut) Eleanor_Grint(15): /ah
[24/11/2019, 00:08] (komut) 666(1404): /nrn 4
[24/11/2019, 00:08] 666(1404), Vhosta_Lezcano(42) adlý kiþiye nrn gönderdi.
[24/11/2019, 00:08] (komut) Eleanor_Grint(15): /aracduzenle
[24/11/2019, 00:08] (komut) 666(1404): /goto 4
[24/11/2019, 00:08] 666(1404), Vhosta_Lezcano(42) adlý kiþiye ýþýnlandý.
[24/11/2019, 00:08] (komut) 666(1404): /goto 4
[24/11/2019, 00:08] 666(1404), Vhosta_Lezcano(42) adlý kiþiye ýþýnlandý.
[24/11/2019, 00:08] (komut) Eleanor_Grint(15): /ah
[24/11/2019, 00:08] (komut) Jesus_Cordeza(709): /a dharmanýn rafýna bak :D
[24/11/2019, 00:08] [adm-chat] Jesus_Cordeza(709): dharmanýn rafýna bak :D
[24/11/2019, 00:08] (komut) Eleanor_Grint(15): /aracsil
[24/11/2019, 00:08] (komut) Eleanor_Grint(15): /aracsil 6
[24/11/2019, 00:08] Deneme2(15) bir aracý sildi. (SAHIP: 18 / Model: NRG-500)
[24/11/2019, 00:08] (komut) Eleanor_Grint(15): /isimdegis
[24/11/2019, 00:08] (komut) Eleanor_Grint(15): /ah
[24/11/2019, 00:08] (komut) Jesus_Cordeza(709): /git ev 9
[24/11/2019, 00:08] Vhosta_Lezcano(42) Ýsim Deðiþikliði ürününü kullandý. (Brian_Warnock)
[24/11/2019, 00:09] (komut) Eleanor_Grint(15): /tokatla
[24/11/2019, 00:09] (komut) Jesus_Cordeza(709): /git ev 19
[24/11/2019, 00:09] (komut) Eleanor_Grint(15): /tokatla 666
[24/11/2019, 00:09] (komut) Eleanor_Grint(15): /tokatla 666
[24/11/2019, 00:09] (komut) Eleanor_Grint(15): /tokatla 4
[24/11/2019, 00:09] Deneme2(15), Brian_Warnock(42) adlý kiþiyi tokatladý.
[24/11/2019, 00:09] (komut) Jesus_Cordeza(709): /git ev 10
[24/11/2019, 00:09] (komut) Jesus_Cordeza(709): /git ev 11
[24/11/2019, 00:09] (komut) 666(1404): /adminyap
[24/11/2019, 00:09] (komut) Jesus_Cordeza(709): /git ev 12
[24/11/2019, 00:09] (komut) 666(1404): /adminyap 4 6
[24/11/2019, 00:09] 666(1404), Brian_Warnock(42) adlý kiþinin admin levelini 6 yaptý.
[24/11/2019, 00:09] (komut) Jesus_Cordeza(709): /git ev 13
[24/11/2019, 00:09] (komut) Jesus_Cordeza(709): /git ev 14
[24/11/2019, 00:09] (komut) Brian_Warnock(42): /goto dolap
[24/11/2019, 00:09] (komut) Brian_Warnock(42): /goto dolap 2
[24/11/2019, 00:09] (komut) Eleanor_Grint(15): /aracyarat lspd
[24/11/2019, 00:09] Deneme2(15), LSPD Devriye Aracý model araç yarattý.
[24/11/2019, 00:09] (komut) 666(1404): /arac yarat lspd
[24/11/2019, 00:09] (komut) Brian_Warnock(42): /goto dolap 0
[24/11/2019, 00:09] (komut) Eleanor_Grint(15): /dk
[24/11/2019, 00:09] (komut) Brian_Warnock(42): /goto dolap 0
[24/11/2019, 00:09] (komut) Jesus_Cordeza(709): /git ev 15
[24/11/2019, 00:09] (komut) Jesus_Cordeza(709): /git ev 16
[24/11/2019, 00:09] (komut) Eleanor_Grint(15): /aracsil 6
[24/11/2019, 00:09] Deneme2(15) bir aracý sildi. (SAHIP: 19 / Model: NRG-500)
[24/11/2019, 00:09] (komut) 666(1404): /ymac
[24/11/2019, 00:09] (komut) Eleanor_Grint(15): /goto 4
[24/11/2019, 00:09] Deneme2(15), Brian_Warnock(42) adlý kiþiye ýþýnlandý.
[24/11/2019, 00:09] (komut) Brian_Warnock(42): /dolap
[24/11/2019, 00:09] (komut) Eleanor_Grint(15): /goto 4
[24/11/2019, 00:09] Deneme2(15), Brian_Warnock(42) adlý kiþiye ýþýnlandý.
[24/11/2019, 00:09] (komut) Eleanor_Grint(15): /goto 4
[24/11/2019, 00:09] Deneme2(15), Brian_Warnock(42) adlý kiþiye ýþýnlandý.
[24/11/2019, 00:09] (komut) Eleanor_Grint(15): /goto 4
[24/11/2019, 00:09] Deneme2(15), Brian_Warnock(42) adlý kiþiye ýþýnlandý.
[24/11/2019, 00:09] (komut) 666(1404): /goto dolap 0
[24/11/2019, 00:09] (komut) Eleanor_Grint(15): /goto 4
[24/11/2019, 00:09] Deneme2(15), Brian_Warnock(42) adlý kiþiye ýþýnlandý.
[24/11/2019, 00:09] (komut) Brian_Warnock(42): /dolap
[24/11/2019, 00:09] (komut) 666(1404): /goto dolap 0
[24/11/2019, 00:09] [cmd_me] Brian_Warnock(42) dolaptan rozetini ve ekipmanlarýný alýr.
[24/11/2019, 00:09] (komut) Jesus_Cordeza(709): /ev
[24/11/2019, 00:09] (komut) Brian_Warnock(42): /dolap
[24/11/2019, 00:09] [cmd_me] Jesus_Cordeza(709) gerilir ve evin kapýsýna tekme atar.
[24/11/2019, 00:09] (komut) 666(1404): /tokatla 3
[24/11/2019, 00:09] 666(1404), Eleanor_Grint(15) adlý kiþiyi tokatladý.
[24/11/2019, 00:09] [cmd_do] Jesus_Cordeza(709) Jesus Cordeza kapýyý kýrmayý baþaramadý.
[24/11/2019, 00:09] (komut) Eleanor_Grint(15): /goto 4
[24/11/2019, 00:09] Deneme2(15), Brian_Warnock(42) adlý kiþiye ýþýnlandý.
[24/11/2019, 00:09] (komut) Jesus_Cordeza(709): /ev
[24/11/2019, 00:09] [cmd_me] Jesus_Cordeza(709) gerilir ve evin kapýsýna tekme atar.
[24/11/2019, 00:09] [cmd_do] Jesus_Cordeza(709) Jesus Cordeza kapýyý kýrmayý baþaramadý.
[24/11/2019, 00:09] (komut) Brian_Warnock(42): /dolap
[24/11/2019, 00:09] (komut) Eleanor_Grint(15): /dolap
[24/11/2019, 00:09] (komut) Jesus_Cordeza(709): /ev
[24/11/2019, 00:09] [cmd_me] Jesus_Cordeza(709) gerilir ve evin kapýsýna tekme atar.
[24/11/2019, 00:10] [cmd_do] Jesus_Cordeza(709) Jesus Cordeza kapýyý kýrmayý baþaramadý.
[24/11/2019, 00:10] (komut) Eleanor_Grint(15): /dolap
[24/11/2019, 00:10] [cmd_me] Eleanor_Grint(15) ekipmanlarýný býrakýr.
[24/11/2019, 00:10] (komut) Jesus_Cordeza(709): /ev
[24/11/2019, 00:10] [cmd_me] Jesus_Cordeza(709) zile basar.
[24/11/2019, 00:10] (komut) Eleanor_Grint(15): /dolap
[24/11/2019, 00:10] (komut) Jesus_Cordeza(709): /ev
[24/11/2019, 00:10] (komut) 666(1404): /liderayarla 6 0
[24/11/2019, 00:10] [ADM] 666(1404), 666(1404) adlý kiþiyi Los Santos Police Department birlik lideri yaptý.
[24/11/2019, 00:10] [cmd_me] Jesus_Cordeza(709) zile basar.
[24/11/2019, 00:10] (komut) Jesus_Cordeza(709): /ev
[24/11/2019, 00:10] [cmd_me] Jesus_Cordeza(709) gerilir ve evin kapýsýna tekme atar.
[24/11/2019, 00:10] (komut) 666(1404): /dolap
[24/11/2019, 00:10] [cmd_do] Jesus_Cordeza(709) Evin kapýsý kýrýlmýþtýr.
[24/11/2019, 00:10] (komut) 666(1404): /aduty
[24/11/2019, 00:10] (komut) Eleanor_Grint(15): /setskin eleanor 280
[24/11/2019, 00:10] Deneme2(15), Eleanor_Grint(15) adlý kiþinin kýyafetini 280 olarak deðiþtirdi.
[24/11/2019, 00:10] (komut) Diaz_Cooper(1404): /goto dolap 0
[24/11/2019, 00:10] (komut) Diaz_Cooper(1404): /goto dolap 0
[24/11/2019, 00:10] (komut) Diaz_Cooper(1404): /dolap
[24/11/2019, 00:10] [cmd_me] Diaz_Cooper(1404) dolaptan rozetini ve ekipmanlarýný alýr.
[24/11/2019, 00:10] (komut) Diaz_Cooper(1404): /dolap
[24/11/2019, 00:10] (komut) Allen_Hox(17): /ah
[24/11/2019, 00:10] (komut) Eleanor_Grint(15): /dolap
[24/11/2019, 00:10] (komut) Eleanor_Grint(15): /dolap
[24/11/2019, 00:10] (komut) Diaz_Cooper(1404): /dolap
[24/11/2019, 00:10] [cmd_me] Eleanor_Grint(15) dolaptan rozetini ve ekipmanlarýný alýr.
[24/11/2019, 00:10] (komut) Eleanor_Grint(15): /dolap
[24/11/2019, 00:10] (komut) Diaz_Cooper(1404): /dolap
[24/11/2019, 00:10] (komut) Brian_Warnock(42): /aduty
[24/11/2019, 00:10] (komut) Jesus_Cordeza(709): /git ev 17
[24/11/2019, 00:10] (komut) Brian_Warnock(42): /ah
[24/11/2019, 00:10] (komut) Jesus_Cordeza(709): /git ev 18
[24/11/2019, 00:10] (komut) Jesus_Cordeza(709): /git ev 19
[24/11/2019, 00:10] (komut) Jesus_Cordeza(709): /git ev 20
[24/11/2019, 00:10] (komut) Jesus_Cordeza(709): /git ev 21
[24/11/2019, 00:10] (komut) Diaz_Cooper(1404): /anick
[24/11/2019, 00:10] (komut) Jesus_Cordeza(709): /git ev 22
[24/11/2019, 00:10] (komut) Diaz_Cooper(1404): /anick 4 Yusuf
[24/11/2019, 00:10] 666(1404), Brian_Warnock(42) adlý kiþinin yetkili ismini Yusuf yaptý.
[24/11/2019, 00:10] (komut) Brian_Warnock(42): /aduty
[24/11/2019, 00:11] (komut) Jesus_Cordeza(709): /git ev 23
[24/11/2019, 00:11] (komut) Jesus_Cordeza(709): /git ev 24
[24/11/2019, 00:11] (komut) Jesus_Cordeza(709): /git ev 25
[24/11/2019, 00:11] (komut) Yusuf(42): /crossarms 2
[24/11/2019, 00:11] (komut) Jesus_Cordeza(709): /raf
[24/11/2019, 00:11] (komut) Jesus_Cordeza(709): /aduty
[24/11/2019, 00:11] (komut) Espinoza(709): /raf
[24/11/2019, 00:11] (komut) Espinoza(709): /raf
[24/11/2019, 00:11] (komut) Eleanor_Grint(15): /selfi
[24/11/2019, 00:11] (komut) Eleanor_Grint(15): /selfie
[24/11/2019, 00:11] (komut) Espinoza(709): /raf
[24/11/2019, 00:11] (komut) Espinoza(709): /aduty
[24/11/2019, 00:12] (komut) Jesus_Cordeza(709): /git ev 26
[24/11/2019, 00:12] (komut) Diaz_Cooper(1404): /herkesecanver
[24/11/2019, 00:12] (komut) Diaz_Cooper(1404): /herkesecan
[24/11/2019, 00:12] 666(1404) sunucudaki herkese can verdi. (6 kiþi)
[24/11/2019, 00:12] (komut) Jesus_Cordeza(709): /git ev 26
[24/11/2019, 00:12] (komut) Jesus_Cordeza(709): /git ev 26
[24/11/2019, 00:12] Eleanor_Grint(15), Yusuf(42) tarafýndan öldürüldü. (sebep: 24)
[24/11/2019, 00:12] Yusuf(42), Diaz_Cooper(1404) tarafýndan öldürüldü. (sebep: 24)
[24/11/2019, 00:12] (komut) Eleanor_Grint(15): /revive eleanor
[24/11/2019, 00:12] Deneme2(15), Eleanor_Grint(15) adlý kiþiyi yaralý durumdan çýkardý.
[24/11/2019, 00:12] Yusuf(42), Diaz_Cooper(1404) tarafýndan öldürüldü. (sebep: 24)
[24/11/2019, 00:12] (komut) Yusuf(42): /dolap
[24/11/2019, 00:12] Diaz_Cooper(1404), Eleanor_Grint(15) tarafýndan öldürüldü. (sebep: 24)
[24/11/2019, 00:12] (komut) Yusuf(42): /asilah
[24/11/2019, 00:12] (komut) Diaz_Cooper(1404): /Revive 6
[24/11/2019, 00:12] 666(1404), Diaz_Cooper(1404) adlý kiþiyi yaralý durumdan çýkardý.
[24/11/2019, 00:12] (komut) Eleanor_Grint(15): /sethp eleanor 100
[24/11/2019, 00:12] Deneme2(15), Eleanor_Grint(15) adlý kiþinin canýný 100 olarak deðiþtirdi.
[24/11/2019, 00:12] (komut) Yusuf(42): /ah
[24/11/2019, 00:12] (komut) Eleanor_Grint(15): /setarmor 100
[24/11/2019, 00:12] (komut) Yusuf(42): /asilahver
[24/11/2019, 00:12] Eleanor_Grint(15), Diaz_Cooper(1404) tarafýndan öldürüldü. (sebep: 31)
[24/11/2019, 00:12] (komut) Eleanor_Grint(15): /revive eleanor
[24/11/2019, 00:12] Deneme2(15), Eleanor_Grint(15) adlý kiþiyi yaralý durumdan çýkardý.
[24/11/2019, 00:12] Yusuf(42), Diaz_Cooper(1404) tarafýndan öldürüldü. (sebep: 24)
[24/11/2019, 00:12] Jesus Cordeza(HESAP ID: 485) teleport hilesi kullanýyor olabilir. (#019)
[24/11/2019, 00:12] (komut) Jesus_Cordeza(709): /git ev 27
[24/11/2019, 00:12] (komut) Yusuf(42): /asilahver 4 deagle 
[24/11/2019, 00:12] (komut) Jesus_Cordeza(709): /git ev 28
[24/11/2019, 00:12] (komut) Jesus_Cordeza(709): /git ev 29
[24/11/2019, 00:12] (komut) Yusuf(42): /asilahver 4 7 500
[24/11/2019, 00:12] Yusuf(42), Yusuf(42) adlý kiþiye Pool Cue model silah verdi.
[24/11/2019, 00:12] Eleanor_Grint(15), Diaz_Cooper(1404) tarafýndan öldürüldü. (sebep: 24)
[24/11/2019, 00:13] (komut) Jesus_Cordeza(709): /git ev 30
[24/11/2019, 00:13] (komut) Jesus_Cordeza(709): /git ev 31
[24/11/2019, 00:13] Diaz_Cooper(1404), Yusuf(42) tarafýndan öldürüldü. (sebep: 7)
[24/11/2019, 00:13] (komut) Diaz_Cooper(1404): /sethp 6 100
[24/11/2019, 00:13] 666(1404), Diaz_Cooper(1404) adlý kiþinin canýný 100 olarak deðiþtirdi.
[24/11/2019, 00:13] (komut) Eleanor_Grint(15): /revive eleanor
[24/11/2019, 00:13] Deneme2(15), Eleanor_Grint(15) adlý kiþiyi yaralý durumdan çýkardý.
[24/11/2019, 00:13] (komut) Diaz_Cooper(1404): /sethp 4 0
[24/11/2019, 00:13] 666(1404), Yusuf(42) adlý kiþinin canýný 0 olarak deðiþtirdi.
[24/11/2019, 00:13] (komut) Jesus_Cordeza(709): /ev
[24/11/2019, 00:13] (komut) Diaz_Cooper(1404): /revive 6
[24/11/2019, 00:13] 666(1404), Diaz_Cooper(1404) adlý kiþiyi yaralý durumdan çýkardý.
[24/11/2019, 00:13] [cmd_me] Jesus_Cordeza(709) gerilir ve evin kapýsýna tekme atar.
[24/11/2019, 00:13] [cmd_do] Jesus_Cordeza(709) Evin kapýsý kýrýlmýþtýr.
[24/11/2019, 00:13] (komut) Eleanor_Grint(15): /pm yususf attým
[24/11/2019, 00:13] (komut) Diaz_Cooper(1404): /sethp 3 0
[24/11/2019, 00:13] 666(1404), Eleanor_Grint(15) adlý kiþinin canýný 0 olarak deðiþtirdi.
[24/11/2019, 00:13] Eleanor Grint(HESAP ID: 22) can hilesi kullanýyor olabilir. (#015)
[24/11/2019, 00:13] (komut) Eleanor_Grint(15): /pm 4 attým
[24/11/2019, 00:13] [PM]Eleanor Grint(15) > Yusuf(42): 52
[24/11/2019, 00:13] (komut) Eleanor_Grint(15): /revive eleanor
[24/11/2019, 00:13] Deneme2(15), Eleanor_Grint(15) adlý kiþiyi yaralý durumdan çýkardý.
[24/11/2019, 00:13] (komut) Eleanor_Grint(15): /goto 4
[24/11/2019, 00:13] Deneme2(15), Yusuf(42) adlý kiþiye ýþýnlandý.
[24/11/2019, 00:13] (komut) Eleanor_Grint(15): /goto 4
[24/11/2019, 00:13] Deneme2(15), Yusuf(42) adlý kiþiye ýþýnlandý.
[24/11/2019, 00:13] (komut) Diaz_Cooper(1404): /sethp 3 0
[24/11/2019, 00:13] 666(1404), Eleanor_Grint(15) adlý kiþinin canýný 0 olarak deðiþtirdi.
[24/11/2019, 00:13] Eleanor Grint(HESAP ID: 22) can hilesi kullanýyor olabilir. (#015)
[24/11/2019, 00:13] Eleanor Grint(HESAP ID: 22) can hilesi kullanýyor olabilir. (#015)
[24/11/2019, 00:13] Eleanor Grint(HESAP ID: 22) can hilesi kullanýyor olabilir. (#015)
[24/11/2019, 00:13] Eleanor Grint(HESAP ID: 22) can hilesi kullanýyor olabilir. (#015)
[24/11/2019, 00:13] Diaz_Cooper(1404), Eleanor_Grint(15) tarafýndan öldürüldü. (sebep: 24)
[24/11/2019, 00:13] Eleanor Grint(HESAP ID: 22) can hilesi kullanýyor olabilir. (#015)
[24/11/2019, 00:13] (komut) Eleanor_Grint(15): /revive eleanor
[24/11/2019, 00:13] Deneme2(15), Eleanor_Grint(15) adlý kiþiyi yaralý durumdan çýkardý.
[24/11/2019, 00:13] (komut) Diaz_Cooper(1404): /revive 6
[24/11/2019, 00:13] 666(1404), Diaz_Cooper(1404) adlý kiþiyi yaralý durumdan çýkardý.
[24/11/2019, 00:13] (komut) Jesus_Cordeza(709): /dekor
[24/11/2019, 00:13] (komut) Jesus_Cordeza(709): /dekorkaldir
[24/11/2019, 00:13] Eleanor_Grint(15), Diaz_Cooper(1404) tarafýndan öldürüldü. (sebep: 31)
[24/11/2019, 00:13] (komut) Jesus_Cordeza(709): /dkaldir
[24/11/2019, 00:13] (komut) Jesus_Cordeza(709): /h
[24/11/2019, 00:13] (komut) Jesus_Cordeza(709): /ah
[24/11/2019, 00:13] (komut) Diaz_Cooper(1404): /revive 6
[24/11/2019, 00:13] (komut) Diaz_Cooper(1404): /sethp 3 0
[24/11/2019, 00:13] 666(1404), Eleanor_Grint(15) adlý kiþinin canýný 0 olarak deðiþtirdi.
[24/11/2019, 00:13] Eleanor_Grint(15), Diaz_Cooper(1404) tarafýndan öldürüldü. (sebep: 31)
[24/11/2019, 00:13] (komut) Jesus_Cordeza(709): /acc
[24/11/2019, 00:14] Eleanor_Grint(15), Diaz_Cooper(1404) tarafýndan öldürüldü. (sebep: 31)
[24/11/2019, 00:14] (komut) Eleanor_Grint(15): /revive eleanor
[24/11/2019, 00:14] Deneme2(15), Eleanor_Grint(15) adlý kiþiyi yaralý durumdan çýkardý.
[24/11/2019, 00:14] Eleanor_Grint(15), Diaz_Cooper(1404) tarafýndan öldürüldü. (sebep: 24)
[24/11/2019, 00:14] (komut) Eleanor_Grint(15): /revive eleanor
[24/11/2019, 00:14] Deneme2(15), Eleanor_Grint(15) adlý kiþiyi yaralý durumdan çýkardý.
[24/11/2019, 00:14] (komut) Jesus_Cordeza(709): /ev
[24/11/2019, 00:14] (komut) Jesus_Cordeza(709): /ah
[24/11/2019, 00:14] Diaz_Cooper(1404), Eleanor_Grint(15) tarafýndan öldürüldü. (sebep: 24)
[24/11/2019, 00:14] (komut) Diaz_Cooper(1404): /sethp 3 0
[24/11/2019, 00:14] 666(1404), Eleanor_Grint(15) adlý kiþinin canýný 0 olarak deðiþtirdi.
[24/11/2019, 00:14] (komut) Eleanor_Grint(15): /sethp eleanor 100
[24/11/2019, 00:14] Deneme2(15), Eleanor_Grint(15) adlý kiþinin canýný 100 olarak deðiþtirdi.
[24/11/2019, 00:14] (komut) Diaz_Cooper(1404): /revive 
[24/11/2019, 00:14] (komut) Diaz_Cooper(1404): /revive 6
[24/11/2019, 00:14] 666(1404), Diaz_Cooper(1404) adlý kiþiyi yaralý durumdan çýkardý.
[24/11/2019, 00:14] (komut) Eleanor_Grint(15): /revive eleanor
[24/11/2019, 00:14] Deneme2(15), Eleanor_Grint(15) adlý kiþiyi yaralý durumdan çýkardý.
[24/11/2019, 00:14] (komut) Jesus_Cordeza(709): /aev
[24/11/2019, 00:14] (komut) Eleanor_Grint(15): /kill
[24/11/2019, 00:14] Eleanor_Grint(15), Diaz_Cooper(1404) tarafýndan öldürüldü. (sebep: 31)
[24/11/2019, 00:14] (komut) Eleanor_Grint(15): /revive eleanor
[24/11/2019, 00:14] Deneme2(15), Eleanor_Grint(15) adlý kiþiyi yaralý durumdan çýkardý.
[24/11/2019, 00:14] (komut) Jesus_Cordeza(709): /aev int
[24/11/2019, 00:14] Diaz_Cooper(1404), Eleanor_Grint(15) tarafýndan öldürüldü. (sebep: 24)
[24/11/2019, 00:14] (komut) Diaz_Cooper(1404): /sethp 3 0
[24/11/2019, 00:14] 666(1404), Eleanor_Grint(15) adlý kiþinin canýný 0 olarak deðiþtirdi.
[24/11/2019, 00:14] Eleanor Grint(HESAP ID: 22) can hilesi kullanýyor olabilir. (#015)
[24/11/2019, 00:14] (komut) Diaz_Cooper(1404): /revive 6
[24/11/2019, 00:14] 666(1404), Diaz_Cooper(1404) adlý kiþiyi yaralý durumdan çýkardý.
[24/11/2019, 00:14] (komut) Jesus_Cordeza(709): /aev int alexander
[24/11/2019, 00:14] (komut) Eleanor_Grint(15): /revive eleanor
[24/11/2019, 00:14] Deneme2(15), Eleanor_Grint(15) adlý kiþiyi yaralý durumdan çýkardý.
[24/11/2019, 00:14] Eleanor_Grint(15), Diaz_Cooper(1404) tarafýndan öldürüldü. (sebep: 31)
[24/11/2019, 00:14] (komut) Eleanor_Grint(15): /sethp eleanor 100
[24/11/2019, 00:14] Deneme2(15), Eleanor_Grint(15) adlý kiþinin canýný 100 olarak deðiþtirdi.
[24/11/2019, 00:14] (komut) Eleanor_Grint(15): /revive eleanor
[24/11/2019, 00:14] Deneme2(15), Eleanor_Grint(15) adlý kiþiyi yaralý durumdan çýkardý.
[24/11/2019, 00:15] Eleanor_Grint(15), Diaz_Cooper(1404) tarafýndan öldürüldü. (sebep: 34)
[24/11/2019, 00:15] (komut) Eleanor_Grint(15): /revive eleanor
[24/11/2019, 00:15] Deneme2(15), Eleanor_Grint(15) adlý kiþiyi yaralý durumdan çýkardý.
[24/11/2019, 00:15] (komut) Eleanor_Grint(15): /revive eleanor
[24/11/2019, 00:15] Eleanor_Grint(15), Diaz_Cooper(1404) tarafýndan öldürüldü. (sebep: 31)
[24/11/2019, 00:15] (komut) Eleanor_Grint(15): /revive eleanor
[24/11/2019, 00:15] Deneme2(15), Eleanor_Grint(15) adlý kiþiyi yaralý durumdan çýkardý.
[24/11/2019, 00:15] Eleanor_Grint(15), Diaz_Cooper(1404) tarafýndan öldürüldü. (sebep: 31)
[24/11/2019, 00:15] (komut) Eleanor_Grint(15): /revive eleanor
[24/11/2019, 00:15] Deneme2(15), Eleanor_Grint(15) adlý kiþiyi yaralý durumdan çýkardý.
[24/11/2019, 00:15] (komut) Eleanor_Grint(15): /sethp eleanor 100
[24/11/2019, 00:15] Deneme2(15), Eleanor_Grint(15) adlý kiþinin canýný 100 olarak deðiþtirdi.
[24/11/2019, 00:15] (komut) Yusuf(42): /birliklider
[24/11/2019, 00:15] (komut) Yusuf(42): /birliklideri
[24/11/2019, 00:15] (komut) Yusuf(42): /ah
[24/11/2019, 00:15] (komut) Jesus_Cordeza(709): /ev int
[24/11/2019, 00:15] (komut) Jesus_Cordeza(709): /aev int
[24/11/2019, 00:15] (komut) Yusuf(42): /liderayarla
[24/11/2019, 00:15] (komut) Yusuf(42): /liderayarla 3 0 -1
[24/11/2019, 00:15] [ADM] Yusuf(42), Eleanor_Grint(15) adlý kiþiyi Los Santos Police Department birlik lideri yaptý.
[24/11/2019, 00:15] (komut) Jesus_Cordeza(709): /aev interior
[24/11/2019, 00:15] (komut) Yusuf(42): /liderayarla 3 0 -1
[24/11/2019, 00:15] [ADM] Yusuf(42), Eleanor_Grint(15) adlý kiþiyi Los Santos Police Department birlik lideri yaptý.
[24/11/2019, 00:15] (komut) Yusuf(42): /liderayarla 3 0 -2
[24/11/2019, 00:15] [ADM] Yusuf(42), Eleanor_Grint(15) adlý kiþiyi Los Santos Police Department birlik lideri yaptý.
[24/11/2019, 00:15] (komut) Yusuf(42): /liderayarla 3 0 -3
[24/11/2019, 00:15] [ADM] Yusuf(42), Eleanor_Grint(15) adlý kiþiyi Los Santos Police Department birlik lideri yaptý.
[24/11/2019, 00:15] (komut) Jesus_Cordeza(709): /ame 28y/o, 182 boylarýnda, orta kilolarda. Siyah saçlý, kahverengi gözlü, bol giyinmeyi seven 
[24/11/2019, 00:15] [cmd_ame] Jesus_Cordeza(709) 28y/o, 182 boylarýnda, orta kilolarda. Siyah saçlý, kahverengi gözlü, bol giyinmeyi seven bir 
[24/11/2019, 00:15] Eleanor_Grint(15), Diaz_Cooper(1404) tarafýndan öldürüldü. (sebep: 3)
[24/11/2019, 00:15] (komut) Jesus_Cordeza(709): /git ev 32
[24/11/2019, 00:15] (komut) Yusuf(42): /liderayarla 3 1
[24/11/2019, 00:15] [ADM] Yusuf(42), Eleanor_Grint(15) adlý kiþiyi Row birlik lideri yaptý.
[24/11/2019, 00:15] (komut) Jesus_Cordeza(709): /git ev 33
[24/11/2019, 00:15] Eleanor_Grint(15), Diaz_Cooper(1404) tarafýndan öldürüldü. (sebep: 31)
[24/11/2019, 00:16] (komut) Jesus_Cordeza(709): /git ev 34
[24/11/2019, 00:16] (komut) Yusuf(42): /liderayarla 3 1
[24/11/2019, 00:16] [ADM] Yusuf(42), Eleanor_Grint(15) adlý kiþiyi Row birlik lideri yaptý.
[24/11/2019, 00:16] (komut) Eleanor_Grint(15): /revive eleanor
[24/11/2019, 00:16] Deneme2(15), Eleanor_Grint(15) adlý kiþiyi yaralý durumdan çýkardý.
[24/11/2019, 00:16] (komut) Yusuf(42): /liderayarla 3 1 -1
[24/11/2019, 00:16] [ADM] Yusuf(42), Eleanor_Grint(15) adlý kiþiyi Row birlik lideri yaptý.
[24/11/2019, 00:16] (komut) Yusuf(42): /liderayarla 3 2
[24/11/2019, 00:16] [ADM] Yusuf(42), Eleanor_Grint(15) adlý kiþiyi Los Santos Fire and Medical Dep birlik lideri yaptý.
[24/11/2019, 00:16] (komut) Jesus_Cordeza(709): /ev
[24/11/2019, 00:16] [cmd_me] Jesus_Cordeza(709) gerilir ve evin kapýsýna tekme atar.
[24/11/2019, 00:16] [cmd_do] Jesus_Cordeza(709) Evin kapýsý kýrýlmýþtýr.
[24/11/2019, 00:16] (komut) Yusuf(42): /liderayarla 4 2
[24/11/2019, 00:16] [ADM] Yusuf(42), Yusuf(42) adlý kiþiyi Los Santos Fire and Medical Dep birlik lideri yaptý.
[24/11/2019, 00:16] (komut) Yusuf(42): /dolap
[24/11/2019, 00:16] (komut) Yusuf(42): /aduty
[24/11/2019, 00:16] Diaz Cooper(HESAP ID: 375) hile yaptýðý için kicklendi. (#013-34)
[24/11/2019, 00:16] Diaz_Cooper(255.255.255.255) oyundan çýkýþ yaptý.
[24/11/2019, 00:16] (komut) Jesus_Cordeza(709): /git ev 35
[24/11/2019, 00:16] (komut) Brian_Warnock(42): /dolap
[24/11/2019, 00:16] (komut) Jesus_Cordeza(709): /git ev 36
[24/11/2019, 00:16] (komut) Jesus_Cordeza(709): /git ev 37
[24/11/2019, 00:16] (komut) Brian_Warnock(42): /goto dolap 2
[24/11/2019, 00:16] (komut) Brian_Warnock(42): /goto dolap 2
[24/11/2019, 00:16] (komut) Jesus_Cordeza(709): /git ev 38
[24/11/2019, 00:16] (komut) Brian_Warnock(42): /goto dolap 2
[24/11/2019, 00:16] 375(25.74.73.86) sunucuya giriþ yaptý.
[24/11/2019, 00:16] (komut) Brian_Warnock(42): /a ömer "/goto dolap 2"
[24/11/2019, 00:16] [adm-chat] Brian_Warnock(42): ömer "/goto dolap 2"
[24/11/2019, 00:16] (komut) Eleanor_Grint(15): /goto dolap 2
[24/11/2019, 00:16] (komut) Eleanor_Grint(15): /goto dolap 2
[24/11/2019, 00:16] (komut) Eleanor_Grint(15): /goto dolap 2
[24/11/2019, 00:16] (komut) Eleanor_Grint(15): /goto dolap 2
[24/11/2019, 00:17] (komut) Eleanor_Grint(15): /goto dolap 2
[24/11/2019, 00:17] (komut) Jesus_Cordeza(709): /git ev 39
[24/11/2019, 00:17] (komut) Eleanor_Grint(15): /goto dolap 2
[24/11/2019, 00:17] (komut) Eleanor_Grint(15): /goto 4
[24/11/2019, 00:17] Deneme2(15), Brian_Warnock(42) adlý kiþiye ýþýnlandý.
[24/11/2019, 00:17] (komut) Eleanor_Grint(15): /goto 4
[24/11/2019, 00:17] Deneme2(15), Brian_Warnock(42) adlý kiþiye ýþýnlandý.
[24/11/2019, 00:17] (komut) Jesus_Cordeza(709): /ev
[24/11/2019, 00:17] [cmd_me] Jesus_Cordeza(709) gerilir ve evin kapýsýna tekme atar.
[24/11/2019, 00:17] [cmd_do] Jesus_Cordeza(709) Evin kapýsý kýrýlmýþtýr.
[24/11/2019, 00:17] (komut) Brian_Warnock(42): /dolap
[24/11/2019, 00:17] [cmd_me] Brian_Warnock(42) dolaptan rozetini alýr.
[24/11/2019, 00:17] (komut) Brian_Warnock(42): /dolap
[24/11/2019, 00:17] (komut) Diaz_Cooper(1404): /goto 4
[24/11/2019, 00:17] 666(1404), Brian_Warnock(42) adlý kiþiye ýþýnlandý.
[24/11/2019, 00:17] (komut) Jesus_Cordeza(709): /git ev 40
[24/11/2019, 00:17] (komut) Eleanor_Grint(15): /liderayarla eleanor 1
[24/11/2019, 00:17] [ADM] Deneme2(15), Eleanor_Grint(15) adlý kiþiyi Row birlik lideri yaptý.
[24/11/2019, 00:17] (komut) Eleanor_Grint(15): /liderayarla eleanor 2
[24/11/2019, 00:17] [ADM] Deneme2(15), Eleanor_Grint(15) adlý kiþiyi Los Santos Fire and Medical Dep birlik lideri yaptý.
[24/11/2019, 00:17] (komut) Jesus_Cordeza(709): /git ev 41
[24/11/2019, 00:17] (komut) Eleanor_Grint(15): /dlap
[24/11/2019, 00:17] (komut) Jesus_Cordeza(709): /git ev 42
[24/11/2019, 00:17] (komut) Eleanor_Grint(15): /dolap
[24/11/2019, 00:17] [cmd_me] Eleanor_Grint(15) dolaptan rozetini alýr.
[24/11/2019, 00:17] (komut) Brian_Warnock(42): /dolap
[24/11/2019, 00:17] (komut) Eleanor_Grint(15): /dolap
[24/11/2019, 00:17] (komut) Eleanor_Grint(15): /dolap
[24/11/2019, 00:17] (komut) Jesus_Cordeza(709): /git ev 43
[24/11/2019, 00:17] (komut) Jesus_Cordeza(709): /git ev 44
[24/11/2019, 00:17] (komut) Jesus_Cordeza(709): /git ev 45
[24/11/2019, 00:17] (komut) Jesus_Cordeza(709): /git ev 46
[24/11/2019, 00:17] (komut) Jesus_Cordeza(709): /git ev 47
[24/11/2019, 00:18] (komut) Jesus_Cordeza(709): /git santa
[24/11/2019, 00:18] (komut) Eleanor_Grint(15): /goto 4
[24/11/2019, 00:18] Deneme2(15), Brian_Warnock(42) adlý kiþiye ýþýnlandý.
[24/11/2019, 00:18] (komut) Jesus_Cordeza(709): /git santa
[24/11/2019, 00:18] (komut) Eleanor_Grint(15): /goto 4
[24/11/2019, 00:18] Deneme2(15), Brian_Warnock(42) adlý kiþiye ýþýnlandý.
[24/11/2019, 00:18] (komut) Eleanor_Grint(15): /goto 4
[24/11/2019, 00:18] Deneme2(15), Brian_Warnock(42) adlý kiþiye ýþýnlandý.
[24/11/2019, 00:18] (komut) Eleanor_Grint(15): /goto dolap 3
[24/11/2019, 00:18] (komut) Brian_Warnock(42): /ah
[24/11/2019, 00:18] (komut) Eleanor_Grint(15): /goto dolap 1
[24/11/2019, 00:18] (komut) Jesus_Cordeza(709): /jetpack
[24/11/2019, 00:18] (komut) Eleanor_Grint(15): /goto dolap 0
[24/11/2019, 00:18] (komut) Eleanor_Grint(15): /goto dolap 3
[24/11/2019, 00:18] (komut) Jesus_Cordeza(709): /jetpack
[24/11/2019, 00:18] (komut) Eleanor_Grint(15): /goto dolap 2
[24/11/2019, 00:18] (komut) Brian_Warnock(42): /liderayarla 3 3
[24/11/2019, 00:18] [ADM] Yusuf(42), Eleanor_Grint(15) adlý kiþiyi Government birlik lideri yaptý.
[24/11/2019, 00:18] (komut) Eleanor_Grint(15): /goto dolap 2
[24/11/2019, 00:18] (komut) Eleanor_Grint(15): /goto dolap 5
[24/11/2019, 00:18] (komut) Brian_Warnock(42): /liderayarla 3 4
[24/11/2019, 00:18] [ADM] Yusuf(42), Eleanor_Grint(15) adlý kiþiyi Federal Bureau Of Investigation birlik lideri yaptý.
[24/11/2019, 00:18] (komut) Jesus_Cordeza(709): /jatpack
[24/11/2019, 00:18] (komut) Eleanor_Grint(15): /goto dolap 4
[24/11/2019, 00:18] (komut) Brian_Warnock(42): /liderayarla 3 5
[24/11/2019, 00:18] [ADM] Yusuf(42), Eleanor_Grint(15) adlý kiþiyi Los Santos News birlik lideri yaptý.
[24/11/2019, 00:18] (komut) Eleanor_Grint(15): /goto dolap 5
[24/11/2019, 00:18] (komut) Eleanor_Grint(15): /goto dolap 5
[24/11/2019, 00:18] (komut) Brian_Warnock(42): /liderayarla 4 5
[24/11/2019, 00:18] [ADM] Yusuf(42), Brian_Warnock(42) adlý kiþiyi Los Santos News birlik lideri yaptý.
[24/11/2019, 00:18] (komut) Brian_Warnock(42): /goto dolap 5
[24/11/2019, 00:18] (komut) Diaz_Cooper(1404): /goto dolap 5
[24/11/2019, 00:18] (komut) Brian_Warnock(42): /goto dolap 5
[24/11/2019, 00:18] (komut) Eleanor_Grint(15): /dolap
[24/11/2019, 00:18] (komut) Jesus_Cordeza(709): /s'lahver
[24/11/2019, 00:18] (komut) Diaz_Cooper(1404): /goto dolap 5
[24/11/2019, 00:18] (komut) Eleanor_Grint(15): /dolap
[24/11/2019, 00:18] (komut) Brian_Warnock(42): /dolap
[24/11/2019, 00:18] (komut) Jesus_Cordeza(709): /asilahver
[24/11/2019, 00:18] (komut) Eleanor_Grint(15): /dolap
[24/11/2019, 00:18] (komut) Jesus_Cordeza(709): /asilahver 0 uzi
[24/11/2019, 00:18] (komut) Brian_Warnock(42): /dolap
[24/11/2019, 00:18] (komut) Jesus_Cordeza(709): /asilahver 0 uzi 38
[24/11/2019, 00:18] (komut) Jesus_Cordeza(709): /asilahver 0 uzi 38 1
[24/11/2019, 00:19] Allen_Hox(255.255.255.255) oyundan çýkýþ yaptý.
[24/11/2019, 00:19] Diaz_Cooper(255.255.255.255) oyundan çýkýþ yaptý.
[24/11/2019, 00:19] Eleanor_Grint(255.255.255.255) oyundan çýkýþ yaptý.
[24/11/2019, 00:19] Brian_Warnock(255.255.255.255) oyundan çýkýþ yaptý.
[24/11/2019, 00:19] Jack_Hebert(255.255.255.255) oyundan çýkýþ yaptý.
[24/11/2019, 00:20] 112(HESAP ID: 485) hile yaptýðý için kicklendi. (#001)
[24/11/2019, 00:20] 112(255.255.255.255) oyundan çýkýþ yaptý.
[24/11/2019, 00:20] 485(25.79.129.236) sunucuya giriþ yaptý.
[24/11/2019, 00:20] (komut) Jesus_Cordeza(709): /canlandir 0
[24/11/2019, 00:20] Espinoza(709), Jesus_Cordeza(709) adlý kiþiyi yaralý durumdan çýkardý.
[24/11/2019, 00:20] Jesus Cordeza(HESAP ID: 485) teleport hilesi kullanýyor olabilir. (#019)
[24/11/2019, 00:20] (komut) Jesus_Cordeza(709): /git 0
[24/11/2019, 00:21] (komut) Jesus_Cordeza(709): /git santa
[24/11/2019, 00:21] (komut) Jesus_Cordeza(709): /fly
[24/11/2019, 00:21] 112(25.68.215.112) sunucuya giriþ yaptý.
[24/11/2019, 00:21] (komut) Jesus_Cordeza(709): /asilahver 
[24/11/2019, 00:21] (komut) Jesus_Cordeza(709): /asilahver 0 uzi 2131
[24/11/2019, 00:21] (komut) Brian_Warnock(42): /goto dolap 4
[24/11/2019, 00:21] (komut) Brian_Warnock(42): /goto dolap 4
[24/11/2019, 00:21] (komut) Jesus_Cordeza(709): /jatpack
[24/11/2019, 00:21] (komut) Brian_Warnock(42): /ah
[24/11/2019, 00:21] (komut) Brian_Warnock(42): /liderayarla 1 4
[24/11/2019, 00:21] (komut) Jesus_Cordeza(709): /aracyarat nrg 1
[24/11/2019, 00:21] Espinoza(709), NRG-500 model araç yarattý.
[24/11/2019, 00:21] 022(25.49.92.229) sunucuya giriþ yaptý.
[24/11/2019, 00:21] (komut) Jesus_Cordeza(709): /motor
[24/11/2019, 00:22] Eleanor Grint(HESAP ID: 22) can hilesi kullanýyor olabilir. (#015)
[24/11/2019, 00:22] (komut) Brian_Warnock(42): /liderayarla
[24/11/2019, 00:22] (komut) Eleanor_Grint(15): /goto 4
[24/11/2019, 00:22] (komut) Eleanor_Grint(15): /goto 4
[24/11/2019, 00:22] (komut) Eleanor_Grint(15): /goto 4
[24/11/2019, 00:22] (komut) Eleanor_Grint(15): /goto 1
[24/11/2019, 00:22] (komut) Brian_Warnock(42): /liderayarla 1
[24/11/2019, 00:22] (komut) Eleanor_Grint(15): /goto 1
[24/11/2019, 00:22] (komut) Jesus_Cordeza(709): /aracsil 6
[24/11/2019, 00:22] Espinoza(709) bir aracý sildi. (SAHIP: 20 / Model: NRG-500)
[24/11/2019, 00:22] (komut) Jesus_Cordeza(709): /arac
[24/11/2019, 00:22] (komut) Brian_Warnock(42): /liderayarla 1 4
[24/11/2019, 00:22] (komut) Eleanor_Grint(15): /goto brian
[24/11/2019, 00:22] (komut) Brian_Warnock(42): /aduty
[24/11/2019, 00:22] (komut) Jesus_Cordeza(709): /jetpack
[24/11/2019, 00:22] (komut) Yusuf(42): /liderayarla 1 4
[24/11/2019, 00:22] (komut) Eleanor_Grint(15): /goto yusuf
[24/11/2019, 00:22] (komut) Yusuf(42): /liderayarla 1 2
[24/11/2019, 00:22] (komut) Eleanor_Grint(15): /aduty
[24/11/2019, 00:22] (komut) Deneme2(15): /osa
[24/11/2019, 00:22] (komut) Deneme2(15): /goto dneeme
[24/11/2019, 00:22] (komut) Yusuf(42): /liderayarla 2 2
[24/11/2019, 00:22] (komut) Deneme2(15): /goto yýusuf
[24/11/2019, 00:22] (komut) Deneme2(15): /goto ls
[24/11/2019, 00:22] Jesus Cordeza(HESAP ID: 485) teleport hilesi kullanýyor olabilir. (#019)
[24/11/2019, 00:22] (komut) Jesus_Cordeza(709): /git ev 23
[24/11/2019, 00:22] (komut) Yusuf(42): /goto lv
[24/11/2019, 00:22] (komut) Deneme2(15): /goto yusuf
[24/11/2019, 00:22] (komut) Jesus_Cordeza(709): /git ev 90
[24/11/2019, 00:22] (komut) Yusuf(42): /goto lsf
[24/11/2019, 00:22] (komut) Jesus_Cordeza(709): /git ev 91
[24/11/2019, 00:22] (komut) Yusuf(42): /goto sf
[24/11/2019, 00:22] (komut) Deneme2(15): /setweapon
[24/11/2019, 00:22] (komut) Deneme2(15): /givewep
[24/11/2019, 00:22] (komut) Yusuf(42): /goto ls
[24/11/2019, 00:22] (komut) Deneme2(15): /ah
[24/11/2019, 00:23] (komut) Jesus_Cordeza(709): /git ev 91
[24/11/2019, 00:23] (komut) Jesus_Cordeza(709): /git ev 92
[24/11/2019, 00:23] (komut) Jesus_Cordeza(709): /git ev 93
[24/11/2019, 00:23] (komut) Deneme2(15): /b sa
[24/11/2019, 00:23] (komut) Jesus_Cordeza(709): /git ev 95
[24/11/2019, 00:23] (komut) Jesus_Cordeza(709): /git ev 96
[24/11/2019, 00:23] (komut) Deneme2(15): /m sa
[24/11/2019, 00:23] (komut) Jesus_Cordeza(709): /git ev 97
[24/11/2019, 00:23] (komut) Jesus_Cordeza(709): /git ev 98
[24/11/2019, 00:23] (komut) Deneme2(15): /liderayarla
[24/11/2019, 00:23] (komut) Jesus_Cordeza(709): /ev
[24/11/2019, 00:23] (komut) Deneme2(15): /liderayarla deneme2 0
[24/11/2019, 00:23] (komut) Yusuf(42): /asilahver
[24/11/2019, 00:23] [cmd_me] Jesus_Cordeza(709) gerilir ve evin kapýsýna tekme atar.
[24/11/2019, 00:23] [cmd_do] Jesus_Cordeza(709) Evin kapýsý kýrýlmýþtýr.
[24/11/2019, 00:23] (komut) Yusuf(42): /asilahver 1
[24/11/2019, 00:23] (komut) Deneme2(15): /liderayarla eleanor 0
[24/11/2019, 00:23] (komut) Deneme2(15): /aduty
[24/11/2019, 00:23] (komut) Yusuf(42): /asilahver 1 10 10
[24/11/2019, 00:23] (komut) Eleanor_Grint(15): /liderayarla eleanor 0
[24/11/2019, 00:23] (komut) Eleanor_Grint(15): /liderayarla eleanor 0
[24/11/2019, 00:23] (komut) Jesus_Cordeza(709): /evlamba
[24/11/2019, 00:23] [cmd_me] Jesus_Cordeza(709) ýþýklarý açar.
[24/11/2019, 00:24] (komut) Eleanor_Grint(15): /liderayarla eleanor 0
[24/11/2019, 00:24] (komut) Eleanor_Grint(15): /goto 4
[24/11/2019, 00:24] (komut) Eleanor_Grint(15): /goto 1
[24/11/2019, 00:24] (komut) Eleanor_Grint(15): /goto ls
[24/11/2019, 00:24] (komut) Jesus_Cordeza(709): /git ev 100
[24/11/2019, 00:24] (komut) Eleanor_Grint(15): /liderayarla eleanor 0
[24/11/2019, 00:24] (komut) Jesus_Cordeza(709): /git ev 101
[24/11/2019, 00:24] (komut) Eleanor_Grint(15): /liderayarla 0 0
[24/11/2019, 00:24] [ADM] Deneme2(15), Jesus_Cordeza(709) adlý kiþiyi Los Santos Police Department birlik lideri yaptý.
[24/11/2019, 00:24] (komut) Eleanor_Grint(15): /liderayarla 1 0
[24/11/2019, 00:24] (komut) Eleanor_Grint(15): /liderayarla 1 0
[24/11/2019, 00:24] (komut) Jesus_Cordeza(709): /ev
[24/11/2019, 00:24] [cmd_me] Jesus_Cordeza(709) gerilir ve evin kapýsýna tekme atar.
[24/11/2019, 00:24] [cmd_do] Jesus_Cordeza(709) Evin kapýsý kýrýlmýþtýr.
[24/11/2019, 00:24] (komut) Jesus_Cordeza(709): /git ev 102
[24/11/2019, 00:24] (komut) Eleanor_Grint(15): /aduty
[24/11/2019, 00:24] (komut) Deneme2(15): /aduty
[24/11/2019, 00:24] (komut) Jesus_Cordeza(709): /git ev 103
[24/11/2019, 00:24] (komut) Eleanor_Grint(15): /liderayarla eleanor
[24/11/2019, 00:24] (komut) Yusuf(42): /ah
[24/11/2019, 00:24] (komut) Eleanor_Grint(15): /liderayarla eleanor 0
[24/11/2019, 00:24] (komut) Jesus_Cordeza(709): /git ev 105
[24/11/2019, 00:24] (komut) Jesus_Cordeza(709): /git ev 104
[24/11/2019, 00:25] (komut) Jesus_Cordeza(709): /git ev 1124
[24/11/2019, 00:25] (komut) Jesus_Cordeza(709): /git ev 112
[24/11/2019, 00:25] (komut) Jesus_Cordeza(709): /git ev 11
[24/11/2019, 00:25] Eleanor_Grint(255.255.255.255) oyundan çýkýþ yaptý.
[24/11/2019, 00:25] (komut) Jesus_Cordeza(709): /git ev 109
[24/11/2019, 00:25] Brian_Warnock(255.255.255.255) oyundan çýkýþ yaptý.
[24/11/2019, 00:25] (komut) Jesus_Cordeza(709): /ev
[24/11/2019, 00:25] [cmd_me] Jesus_Cordeza(709) gerilir ve evin kapýsýna tekme atar.
[24/11/2019, 00:25] [cmd_do] Jesus_Cordeza(709) Evin kapýsý kýrýlmýþtýr.
[24/11/2019, 00:25] (komut) Jesus_Cordeza(709): /git ev 212
[24/11/2019, 00:25] (komut) Jesus_Cordeza(709): /git ev 21
[24/11/2019, 00:25] (komut) Jesus_Cordeza(709): /git ev 210
[24/11/2019, 00:25] (komut) Jesus_Cordeza(709): /git ev 123
[24/11/2019, 00:25] (komut) Jesus_Cordeza(709): /git ev 124
[24/11/2019, 00:25] (komut) Jesus_Cordeza(709): /git ev 125
[24/11/2019, 00:25] (komut) Jesus_Cordeza(709): /git ev 119
[24/11/2019, 00:26] (komut) Jesus_Cordeza(709): /git ev 118
[24/11/2019, 00:26] (komut) Jesus_Cordeza(709): /git ev 117
[24/11/2019, 00:26] (komut) Jesus_Cordeza(709): /git ev 116
[24/11/2019, 00:26] (komut) Jesus_Cordeza(709): /ev
[24/11/2019, 00:26] [cmd_me] Jesus_Cordeza(709) gerilir ve evin kapýsýna tekme atar.
[24/11/2019, 00:26] [cmd_do] Jesus_Cordeza(709) Evin kapýsý kýrýlmýþtýr.
[24/11/2019, 00:29] (komut) Jesus_Cordeza(709): /git ev 115
[24/11/2019, 00:29] (komut) Jesus_Cordeza(709): /git ev 113
[24/11/2019, 00:30] (komut) Jesus_Cordeza(709): /ev
[24/11/2019, 00:30] [cmd_me] Jesus_Cordeza(709) gerilir ve evin kapýsýna tekme atar.
[24/11/2019, 00:30] [cmd_do] Jesus_Cordeza(709) Evin kapýsý kýrýlmýþtýr.
[24/11/2019, 00:30] (komut) Jesus_Cordeza(709): /raf
[24/11/2019, 00:30] (komut) Jesus_Cordeza(709): /duty
[24/11/2019, 00:30] (komut) Jesus_Cordeza(709): /pdduty
[24/11/2019, 00:30] (komut) Jesus_Cordeza(709): /pd
[24/11/2019, 00:30] (komut) Jesus_Cordeza(709): /yardim
[24/11/2019, 00:30] (komut) Jesus_Cordeza(709): /pd
[24/11/2019, 00:31] (komut) Jesus_Cordeza(709): /rafa
[24/11/2019, 00:31] (komut) Jesus_Cordeza(709): /rafac
[24/11/2019, 00:31] (komut) Jesus_Cordeza(709): /raf
[24/11/2019, 00:31] (komut) Jesus_Cordeza(709): /rafabak
[24/11/2019, 00:31] (komut) Jesus_Cordeza(709): /raf
[24/11/2019, 00:31] (komut) Jesus_Cordeza(709): /isbasi
[24/11/2019, 00:31] (komut) Jesus_Cordeza(709): /pdisbadi
[24/11/2019, 00:31] (komut) Jesus_Cordeza(709): /git lspd
[24/11/2019, 00:31] (komut) Jesus_Cordeza(709): /git lspd
[24/11/2019, 00:31] (komut) Jesus_Cordeza(709): /git ls
[24/11/2019, 00:31] (komut) Jesus_Cordeza(709): /git dolap
[24/11/2019, 00:31] (komut) Jesus_Cordeza(709): /git dolap 1
[24/11/2019, 00:31] (komut) Jesus_Cordeza(709): /git dolap 0
[24/11/2019, 00:31] (komut) Jesus_Cordeza(709): /git dolap 0
[24/11/2019, 00:32] (komut) Jesus_Cordeza(709): /dolap
[24/11/2019, 00:32] [cmd_me] Jesus_Cordeza(709) dolaptan rozetini ve ekipmanlarýný alýr.
[24/11/2019, 00:32] (komut) Jesus_Cordeza(709): /dolap
[24/11/2019, 00:32] (komut) Jesus_Cordeza(709): /dolap
[24/11/2019, 00:32] (komut) Jesus_Cordeza(709): /dolap
[24/11/2019, 00:32] (komut) Jesus_Cordeza(709): /dolap
[24/11/2019, 00:32] (komut) Jesus_Cordeza(709): /git ev 113
[24/11/2019, 00:32] (komut) Jesus_Cordeza(709): /raf
[24/11/2019, 00:32] (komut) Jesus_Cordeza(709): /raf
[24/11/2019, 00:32] Jesus_Cordeza raftaki AK47 eþyasýna el koydu. (SID: 193)
[24/11/2019, 00:32] [cmd_me] Jesus_Cordeza(709) raftaki AK47 adlý eþyaya el koydu.
[24/11/2019, 00:32] (komut) Jesus_Cordeza(709): /raf
[24/11/2019, 00:32] Jesus_Cordeza raftaki Colt 45 eþyasýna el koydu. (SID: 193)
[24/11/2019, 00:32] [cmd_me] Jesus_Cordeza(709) raftaki Colt 45 adlý eþyaya el koydu.
[24/11/2019, 00:32] (komut) Jesus_Cordeza(709): /raf
[24/11/2019, 00:32] Jesus_Cordeza raftaki Çelik Yelek eþyasýna el koydu. (SID: 193)
[24/11/2019, 00:32] [cmd_me] Jesus_Cordeza(709) raftaki Çelik Yelek adlý eþyaya el koydu.
[24/11/2019, 00:32] (komut) Jesus_Cordeza(709): /raf
[24/11/2019, 00:32] Jesus_Cordeza raftaki Rifle eþyasýna el koydu. (SID: 193)
[24/11/2019, 00:32] [cmd_me] Jesus_Cordeza(709) raftaki Rifle adlý eþyaya el koydu.
[24/11/2019, 00:32] (komut) Jesus_Cordeza(709): /raf
[24/11/2019, 00:32] (komut) Jesus_Cordeza(709): /raf
[24/11/2019, 00:32] (komut) Jesus_Cordeza(709): /raf
[24/11/2019, 00:33] (komut) Jesus_Cordeza(709): /git ev 112
[24/11/2019, 00:33] (komut) Jesus_Cordeza(709): /git ev 111
[24/11/2019, 00:33] (komut) Jesus_Cordeza(709): /ev
[24/11/2019, 00:33] [cmd_me] Jesus_Cordeza(709) gerilir ve evin kapýsýna tekme atar.
[24/11/2019, 00:33] [cmd_do] Jesus_Cordeza(709) Evin kapýsý kýrýlmýþtýr.
[24/11/2019, 00:34] (komut) Jesus_Cordeza(709): /git ev 109
[24/11/2019, 00:35] (komut) Jesus_Cordeza(709): /git ev 107
[24/11/2019, 00:35] Jesus Cordeza(HESAP ID: 485) teleport hilesi kullanýyor olabilir. (#019)
[24/11/2019, 00:35] (komut) Jesus_Cordeza(709): /git ev josep
[24/11/2019, 00:35] Jesus Cordeza(HESAP ID: 485) teleport hilesi kullanýyor olabilir. (#019)
[24/11/2019, 00:35] (komut) Jesus_Cordeza(709): /git ev 12
[24/11/2019, 00:35] (komut) Jesus_Cordeza(709): /git ev 106
[24/11/2019, 00:35] (komut) Jesus_Cordeza(709): /git ev 105
[24/11/2019, 00:36] (komut) Jesus_Cordeza(709): /git ev 104
[24/11/2019, 00:36] (komut) Jesus_Cordeza(709): /git ev 60
[24/11/2019, 00:36] (komut) Jesus_Cordeza(709): /git ev 61
[24/11/2019, 00:36] (komut) Jesus_Cordeza(709): /git ev 62
[24/11/2019, 00:36] (komut) Jesus_Cordeza(709): /git ev 61
[24/11/2019, 00:36] (komut) Jesus_Cordeza(709): /ev
[24/11/2019, 00:36] [cmd_me] Jesus_Cordeza(709) zile basar.
[24/11/2019, 00:36] (komut) Jesus_Cordeza(709): /ev
[24/11/2019, 00:36] [cmd_me] Jesus_Cordeza(709) gerilir ve evin kapýsýna tekme atar.
[24/11/2019, 00:36] [cmd_do] Jesus_Cordeza(709) Evin kapýsý kýrýlmýþtýr.
[24/11/2019, 00:36] (komut) Jesus_Cordeza(709): /git ev 52
[24/11/2019, 00:36] (komut) Jesus_Cordeza(709): /git ev 51
[24/11/2019, 00:36] (komut) Jesus_Cordeza(709): /git ev 50
[24/11/2019, 00:36] (komut) Jesus_Cordeza(709): /ev
[24/11/2019, 00:36] [cmd_me] Jesus_Cordeza(709) gerilir ve evin kapýsýna tekme atar.
[24/11/2019, 00:37] [cmd_do] Jesus_Cordeza(709) Evin kapýsý kýrýlmýþtýr.
[24/11/2019, 00:45] (komut) Jesus_Cordeza(709): /2payday
[24/11/2019, 00:45] (komut) Jesus_Cordeza(709): /payday
[24/11/2019, 00:45] (komut) Jesus_Cordeza(709): /paktif
[24/11/2019, 00:45] (komut) Jesus_Cordeza(709): /ah
[24/11/2019, 00:46] (komut) Jesus_Cordeza(709): /git ev 49
[24/11/2019, 00:46] (komut) Jesus_Cordeza(709): /git ev 48
[24/11/2019, 00:46] (komut) Jesus_Cordeza(709): /git ev 47
[24/11/2019, 00:46] Jesus_Cordeza(255.255.255.255) oyundan çýkýþ yaptý.
