[26/11/2019, 16:39] 001(127.0.0.1) sunucuya giriþ yaptý.
[26/11/2019, 16:40] (komut) Biddy_Boelter(1): /git ls
[26/11/2019, 16:41] (komut) Biddy_Boelter(1): /karakter
[26/11/2019, 16:41] (komut) Biddy_Boelter(1): /vnp
[26/11/2019, 16:41] (komut) Biddy_Boelter(1): /vnpmarket
[26/11/2019, 16:41] (komut) Biddy_Boelter(1): /vnmarket
[26/11/2019, 16:41] (komut) Biddy_Boelter(1): /oocmarket
[26/11/2019, 16:41] (komut) Biddy_Boelter(1): /refmarket
[26/11/2019, 16:41] Biddy_Boelter(1) marketten $2,000 satýn aldý.
[26/11/2019, 16:41] (komut) Biddy_Boelter(1): /envanter
[26/11/2019, 16:42] (komut) Biddy_Boelter(1): /oocmarket
[26/11/2019, 16:42] Biddy_Boelter(1) $2,000 ürününü kullandý.
[26/11/2019, 16:42] (komut) Biddy_Boelter(1): /oocmarket
[26/11/2019, 16:42] (komut) Biddy_Boelter(1): /karakter
[26/11/2019, 16:42] (komut) Biddy_Boelter(1): /gps
[26/11/2019, 16:42] Biddy_Boelter(255.255.255.255) oyundan çýkýþ yaptý.
[26/11/2019, 16:49] 485(25.79.129.236) sunucuya giriþ yaptý.
[26/11/2019, 16:51] (komut) Jesus_Cordeza(709): /aduty
[26/11/2019, 16:51] (komut) Espinoza(709): /go ls
[26/11/2019, 16:51] (komut) Espinoza(709): /uisle
[26/11/2019, 16:51] (komut) Espinoza(709): /uver
[26/11/2019, 16:51] (komut) Espinoza(709): /ah
[26/11/2019, 16:52] (komut) Espinoza(709): /bakiyes
[26/11/2019, 16:52] (komut) Espinoza(709): /bakiye
[26/11/2019, 16:52] (komut) Espinoza(709): /ah
[26/11/2019, 16:52] (komut) Espinoza(709): /ah
[26/11/2019, 16:52] (komut) Espinoza(709): /go ls
[26/11/2019, 16:52] (komut) Espinoza(709): /goto ls
[26/11/2019, 16:53] (komut) Espinoza(709): /motor
[26/11/2019, 16:53] (komut) Espinoza(709): /flymod
[26/11/2019, 16:53] (komut) Espinoza(709): /flymode
[26/11/2019, 16:53] (komut) Espinoza(709): /uc
[26/11/2019, 16:53] (komut) Espinoza(709): /uç
[26/11/2019, 16:53] (komut) Espinoza(709): /go
[26/11/2019, 16:53] (komut) Espinoza(709): /gi
[26/11/2019, 16:53] (komut) Espinoza(709): /git
[26/11/2019, 16:53] (komut) Espinoza(709): /git docks
[26/11/2019, 16:53] (komut) Espinoza(709): /arac yarat
[26/11/2019, 16:53] (komut) Espinoza(709): /arac getir
[26/11/2019, 16:53] (komut) Espinoza(709): /aracyarat
[26/11/2019, 16:53] (komut) Espinoza(709): /aracyarat nrg
[26/11/2019, 16:53] Espinoza(709), NRG-500 model araç yarattý.
[26/11/2019, 16:54] (komut) Espinoza(709): /arc
[26/11/2019, 16:54] (komut) Espinoza(709): /ah
[26/11/2019, 16:54] (komut) Espinoza(709): /yakýndakiler
[26/11/2019, 16:54] (komut) Espinoza(709): /yakindakiler
[26/11/2019, 16:54] (komut) Espinoza(709): /cek
[26/11/2019, 16:54] (komut) Espinoza(709): /acek
[26/11/2019, 16:54] (komut) Espinoza(709): /acek 1
[26/11/2019, 16:54] Espinoza(709) bir aracý yanýna çekti. (SQL: 1)
[26/11/2019, 16:54] (komut) Espinoza(709): /acek 2
[26/11/2019, 16:54] Espinoza(709) bir aracý yanýna çekti. (SQL: 4)
[26/11/2019, 16:54] (komut) Espinoza(709): /amotor
[26/11/2019, 16:55] (komut) Espinoza(709): /motor
[26/11/2019, 16:55] Jesus_Cordeza(255.255.255.255) oyundan çýkýþ yaptý.
[26/11/2019, 16:56] 001(127.0.0.1) sunucuya giriþ yaptý.
[26/11/2019, 16:57] (komut) Biddy_Boelter(1): /git ls
[26/11/2019, 17:29] (komut) Biddy_Boelter(1): /restart 1
[26/11/2019, 17:29] (komut) Biddy_Boelter(1): /restart 1 1
[26/11/2019, 17:29] 001(127.0.0.1) oyundan çýkýþ yaptý.
[26/11/2019, 17:30] 001(127.0.0.1) sunucuya giriþ yaptý.
[26/11/2019, 17:30] (komut) Biddy_Boelter(1): /git bina 2
[26/11/2019, 17:30] (komut) Biddy_Boelter(1): /git bina 1
[26/11/2019, 17:30] (komut) Biddy_Boelter(1): /asilahsifirla 0
[26/11/2019, 17:30] viathegod(1), Biddy_Boelter(1) adlý kiþinin silahlarýný sýfýrladý.
[26/11/2019, 17:30] (komut) Biddy_Boelter(1): /banka
[26/11/2019, 17:31] (komut) Biddy_Boelter(1): /banka
[26/11/2019, 17:31] (komut) Biddy_Boelter(1): /banka
[26/11/2019, 17:31] (komut) Biddy_Boelter(1): /git atm
[26/11/2019, 17:31] (komut) Biddy_Boelter(1): /git atm 1
[26/11/2019, 17:31] (komut) Biddy_Boelter(1): /atm
[26/11/2019, 17:41] (komut) Biddy_Boelter(1): /restart 1 1
[26/11/2019, 17:41] 001(127.0.0.1) oyundan çýkýþ yaptý.
[26/11/2019, 17:41] 001(127.0.0.1) sunucuya giriþ yaptý.
[26/11/2019, 17:41] 001(127.0.0.1) oyundan çýkýþ yaptý.
[26/11/2019, 17:42] 001(127.0.0.1) sunucuya giriþ yaptý.
[26/11/2019, 17:42] 538(25.5.84.199) sunucuya giriþ yaptý.
[26/11/2019, 17:43] (komut) Michael_Sherwood(3): /asilahsifirla 0
[26/11/2019, 17:43] viathegod(3), Michael_Sherwood(3) adlý kiþinin silahlarýný sýfýrladý.
[26/11/2019, 17:43] (komut) Michael_Sherwood(3): /git ls
[26/11/2019, 17:43] (komut) Michael_Sherwood(3): /atm
[26/11/2019, 17:43] (komut) Michael_Sherwood(3): /git banka 1
[26/11/2019, 17:43] (komut) Michael_Sherwood(3): /banka
[26/11/2019, 17:43] (komut) Alexander_Mahone(32): /git 0
[26/11/2019, 17:43] Darly(32), Michael_Sherwood(3) adlý kiþiye ýþýnlandý.
[26/11/2019, 17:43] (komut) Alexander_Mahone(32): /git 0
[26/11/2019, 17:43] Darly(32), Michael_Sherwood(3) adlý kiþiye ýþýnlandý.
[26/11/2019, 17:43] (komut) Alexander_Mahone(32): /setskin
[26/11/2019, 17:43] (komut) Alexander_Mahone(32): /setskin 1 2
[26/11/2019, 17:43] Darly(32), Alexander_Mahone(32) adlý kiþinin kýyafetini 2 olarak deðiþtirdi.
[26/11/2019, 17:44] (komut) Alexander_Mahone(32): /wave 2
[26/11/2019, 17:44] (komut) Alexander_Mahone(32): /wave 3
[26/11/2019, 17:44] (komut) Alexander_Mahone(32): /wave 1
[26/11/2019, 17:44] (komut) Alexander_Mahone(32): /sit 3
[26/11/2019, 17:44] (komut) Alexander_Mahone(32): /sit 4
[26/11/2019, 17:44] (komut) Alexander_Mahone(32): /sit 5
[26/11/2019, 17:45] (komut) Alexander_Mahone(32): /sit 5
[26/11/2019, 17:45] (komut) Alexander_Mahone(32): /sit 6
[26/11/2019, 17:45] (komut) Alexander_Mahone(32): /sit 7
[26/11/2019, 17:51] (komut) Michael_Sherwood(3): /envanter
[26/11/2019, 17:53] Michael_Sherwood(255.255.255.255) oyundan çýkýþ yaptý.
[26/11/2019, 19:41] 001(127.0.0.1) sunucuya giriþ yaptý.
[26/11/2019, 19:42] (komut) Biddy_Boelter(1): /karakter
[26/11/2019, 19:43] (komut) Biddy_Boelter(1): /karakter
[26/11/2019, 19:49] (komut) Biddy_Boelter(1): /restart 1 1
[26/11/2019, 19:49] 001(127.0.0.1) oyundan çýkýþ yaptý.
[26/11/2019, 19:49] 001(127.0.0.1) sunucuya giriþ yaptý.
[26/11/2019, 19:50] (komut) Michael_Sherwood(3): /karakter
[26/11/2019, 19:50] (komut) Michael_Sherwood(3): /karakter
[26/11/2019, 19:50] (komut) Michael_Sherwood(3): /karakter
[26/11/2019, 19:58] Michael_Sherwood(255.255.255.255) oyundan çýkýþ yaptý.
[26/11/2019, 20:21] 001(127.0.0.1) sunucuya giriþ yaptý.
[26/11/2019, 20:23] 001(255.255.255.255) oyundan çýkýþ yaptý.
[26/11/2019, 20:24] 001(127.0.0.1) sunucuya giriþ yaptý.
[26/11/2019, 20:25] (komut) Biddy_Boelter(1): /karatker
[26/11/2019, 20:25] (komut) Biddy_Boelter(1): /karakter
[26/11/2019, 20:25] Biddy_Boelter(255.255.255.255) oyundan çýkýþ yaptý.
[26/11/2019, 20:26] 001(127.0.0.1) sunucuya giriþ yaptý.
[26/11/2019, 20:26] 001(255.255.255.255) oyundan çýkýþ yaptý.
[26/11/2019, 20:26] 001(127.0.0.1) sunucuya giriþ yaptý.
[26/11/2019, 20:27] 001(255.255.255.255) oyundan çýkýþ yaptý.
[26/11/2019, 20:28] 001(127.0.0.1) sunucuya giriþ yaptý.
[26/11/2019, 20:28] 001(255.255.255.255) oyundan çýkýþ yaptý.
[26/11/2019, 20:32] 001(127.0.0.1) sunucuya giriþ yaptý.
[26/11/2019, 20:34] (komut) Biddy_Boelter(1): /karakter
[26/11/2019, 20:35] (komut) Biddy_Boelter(1): /karakter
[26/11/2019, 20:36] (komut) Biddy_Boelter(1): /karakter
[26/11/2019, 20:38] (komut) Biddy_Boelter(1): /telefon
[26/11/2019, 20:38] [cmd_me] Biddy_Boelter(1) elini cebine götürür, telefonunu çýkarýr.
[26/11/2019, 20:39] (komut) Biddy_Boelter(1): /karakter
[26/11/2019, 20:39] (komut) Biddy_Boelter(1): /telefon
[26/11/2019, 20:39] [cmd_me] Biddy_Boelter(1) elini cebine götürür, telefonunu çýkarýr.
[26/11/2019, 20:39] (komut) Biddy_Boelter(1): /telefon
[26/11/2019, 20:39] [cmd_me] Biddy_Boelter(1) elini cebine götürür, telefonunu çýkarýr.
[26/11/2019, 20:39] (komut) Biddy_Boelter(1): /telefon
[26/11/2019, 20:39] [cmd_me] Biddy_Boelter(1) elini cebine götürür, telefonunu çýkarýr.
[26/11/2019, 20:39] (komut) Biddy_Boelter(1): /kisaretle 666333
[26/11/2019, 20:42] (komut) Biddy_Boelter(1): /restart 1 t3e
[26/11/2019, 20:42] 001(127.0.0.1) oyundan çýkýþ yaptý.
[26/11/2019, 20:42] 001(127.0.0.1) sunucuya giriþ yaptý.
[26/11/2019, 20:42] (komut) Biddy_Boelter(1): /telefon
[26/11/2019, 20:42] [cmd_me] Biddy_Boelter(1) elini cebine götürür, telefonunu çýkarýr.
[26/11/2019, 20:42] (komut) Biddy_Boelter(1): /karakter
[26/11/2019, 20:42] (komut) Biddy_Boelter(1): /b .
[26/11/2019, 20:42] [ooc] Biddy_Boelter(1): .
[26/11/2019, 20:42] (komut) Biddy_Boelter(1): /aduty
[26/11/2019, 20:42] (komut) viathegod(1): /aduty
[26/11/2019, 20:43] (komut) Biddy_Boelter(1): /yardim
[26/11/2019, 20:45] (komut) Biddy_Boelter(1): /restart 1 t3e
[26/11/2019, 20:45] 001(127.0.0.1) oyundan çýkýþ yaptý.
[26/11/2019, 20:45] 001(127.0.0.1) sunucuya giriþ yaptý.
[26/11/2019, 20:46] 001(127.0.0.1) oyundan çýkýþ yaptý.
[26/11/2019, 20:46] 538(25.5.84.199) sunucuya giriþ yaptý.
[26/11/2019, 20:46] 001(127.0.0.1) sunucuya giriþ yaptý.
[26/11/2019, 20:46] (komut) Biddy_Boelter(1): /yardim
[26/11/2019, 20:46] (komut) Biddy_Boelter(1): /karakter
[26/11/2019, 20:47] (komut) Biddy_Boelter(1): /karakter
[26/11/2019, 20:47] Alexander_Mahone(25.5.84.199) oyundan çýkýþ yaptý.
[26/11/2019, 20:48] (komut) Biddy_Boelter(1): /atm
[26/11/2019, 20:48] (komut) Biddy_Boelter(1): /git banka
[26/11/2019, 20:48] (komut) Biddy_Boelter(1): /banka
[26/11/2019, 20:48] (komut) Biddy_Boelter(1): /banka
[26/11/2019, 20:48] (komut) Biddy_Boelter(1): /git ls
[26/11/2019, 20:48] (komut) Biddy_Boelter(1): /atm
[26/11/2019, 20:48] (komut) Biddy_Boelter(1): /atm
[26/11/2019, 20:49] (komut) Biddy_Boelter(1): /karakter
[26/11/2019, 20:49] (komut) Biddy_Boelter(1): /karakter
[26/11/2019, 20:52] (komut) Biddy_Boelter(1): /restart 1 1
[26/11/2019, 20:52] 001(127.0.0.1) oyundan çýkýþ yaptý.
[26/11/2019, 20:52] 001(127.0.0.1) sunucuya giriþ yaptý.
[26/11/2019, 20:52] (komut) Biddy_Boelter(1): /karakter
[26/11/2019, 20:52] (komut) Biddy_Boelter(1): /yardim
[26/11/2019, 20:53] 538(25.5.84.199) sunucuya giriþ yaptý.
[26/11/2019, 20:53] (komut) Alexander_Mahone(32): /git 1
[26/11/2019, 20:53] Darly(32), Biddy_Boelter(1) adlý kiþiye ýþýnlandý.
[26/11/2019, 20:53] (komut) Alexander_Mahone(32): /yardim
[26/11/2019, 20:53] (komut) Alexander_Mahone(32): /telefon
[26/11/2019, 20:53] [cmd_me] Alexander_Mahone(32) elini cebine götürür, telefonunu çýkarýr.
[26/11/2019, 21:04] (komut) Biddy_Boelter(1): /restart 1 1
[26/11/2019, 21:04] 538(25.5.84.199) oyundan çýkýþ yaptý.
[26/11/2019, 21:04] 001(127.0.0.1) oyundan çýkýþ yaptý.
[26/11/2019, 21:05] 538(25.5.84.199) sunucuya giriþ yaptý.
[26/11/2019, 21:05] 001(127.0.0.1) sunucuya giriþ yaptý.
[26/11/2019, 21:05] 538(255.255.255.255) oyundan çýkýþ yaptý.
[26/11/2019, 21:06] 001(127.0.0.1) oyundan çýkýþ yaptý.
[26/11/2019, 21:06] 001(127.0.0.1) sunucuya giriþ yaptý.
[26/11/2019, 21:07] (komut) Biddy_Boelter(1): /telefon
[26/11/2019, 21:07] [cmd_me] Biddy_Boelter(1) elini cebine götürür, telefonunu çýkarýr.
[26/11/2019, 21:08] (komut) Biddy_Boelter(1): /restart 1 1
[26/11/2019, 21:08] 001(127.0.0.1) oyundan çýkýþ yaptý.
[26/11/2019, 21:08] 001(127.0.0.1) sunucuya giriþ yaptý.
[26/11/2019, 21:09] (komut) Biddy_Boelter(1): /karakter
[26/11/2019, 21:09] (komut) Biddy_Boelter(1): /telefon
[26/11/2019, 21:09] [cmd_me] Biddy_Boelter(1) elini cebine götürür, telefonunu çýkarýr.
[26/11/2019, 21:09] (komut) Biddy_Boelter(1): /telefon
[26/11/2019, 21:09] [cmd_me] Biddy_Boelter(1) elini cebine götürür, telefonunu çýkarýr.
[26/11/2019, 21:09] (komut) Biddy_Boelter(1): /aliste
[26/11/2019, 21:09] (komut) Biddy_Boelter(1): /karaktersec
[26/11/2019, 21:09] Biddy_Boelter(127.0.0.1) oyundan çýkýþ yaptý.
[26/11/2019, 21:09] 001(127.0.0.1) sunucuya giriþ yaptý.
[26/11/2019, 21:10] 001(127.0.0.1) oyundan çýkýþ yaptý.
[26/11/2019, 21:45] 538(25.5.84.199) sunucuya giriþ yaptý.
[26/11/2019, 21:46] (komut) Alexander_Mahone(32): /telefon
[26/11/2019, 21:46] [cmd_me] Alexander_Mahone(32) elini cebine götürür, telefonunu çýkarýr.
[26/11/2019, 21:46] (komut) Alexander_Mahone(32): /telefon
[26/11/2019, 21:46] [cmd_me] Alexander_Mahone(32) elini cebine götürür, telefonunu çýkarýr.
[26/11/2019, 21:46] (komut) Alexander_Mahone(32): /yardimn
[26/11/2019, 21:46] (komut) Alexander_Mahone(32): /yardim
[26/11/2019, 21:46] 001(127.0.0.1) sunucuya giriþ yaptý.
[26/11/2019, 21:46] (komut) Biddy_Boelter(1): /n kdajfasjfs
[26/11/2019, 21:46] [newbie] Management viathegod: kdajfasjfs
[26/11/2019, 21:46] (komut) Biddy_Boelter(1): /karakter
[26/11/2019, 21:47] (komut) Alexander_Mahone(32): /karakter
[26/11/2019, 21:47] (komut) Biddy_Boelter(1): /telefon
[26/11/2019, 21:47] [cmd_me] Biddy_Boelter(1) elini cebine götürür, telefonunu çýkarýr.
[26/11/2019, 21:47] (komut) Alexander_Mahone(32): /karakter
[26/11/2019, 21:47] (komut) Biddy_Boelter(1): /karakter
[26/11/2019, 21:47] (komut) Alexander_Mahone(32): /karakter
[26/11/2019, 21:47] (komut) Alexander_Mahone(32): /karakter,
[26/11/2019, 21:47] (komut) Alexander_Mahone(32): /karakter
[26/11/2019, 21:47] (komut) Alexander_Mahone(32): /karakter
[26/11/2019, 21:47] (komut) Alexander_Mahone(32): /telefobn
[26/11/2019, 21:47] (komut) Alexander_Mahone(32): /telefon
[26/11/2019, 21:47] [cmd_me] Alexander_Mahone(32) elini cebine götürür, telefonunu çýkarýr.
[26/11/2019, 21:48] (komut) Alexander_Mahone(32): /telefon
[26/11/2019, 21:48] [cmd_me] Alexander_Mahone(32) elini cebine götürür, telefonunu çýkarýr.
[26/11/2019, 21:48] Biddy_Boelter(255.255.255.255) oyundan çýkýþ yaptý.
[26/11/2019, 21:49] 001(127.0.0.1) sunucuya giriþ yaptý.
[26/11/2019, 21:52] (komut) Biddy_Boelter(1): /restart 1 1
[26/11/2019, 21:52] 538(25.5.84.199) oyundan çýkýþ yaptý.
[26/11/2019, 21:52] 001(127.0.0.1) oyundan çýkýþ yaptý.
[26/11/2019, 21:52] 538(25.5.84.199) sunucuya giriþ yaptý.
[26/11/2019, 21:52] 001(127.0.0.1) sunucuya giriþ yaptý.
[26/11/2019, 21:52] (komut) Biddy_Boelter(1): /karakter
[26/11/2019, 21:52] (komut) Biddy_Boelter(1): /telefon
[26/11/2019, 21:52] [cmd_me] Biddy_Boelter(1) elini cebine götürür, telefonunu çýkarýr.
[26/11/2019, 21:52] 538(255.255.255.255) oyundan çýkýþ yaptý.
[26/11/2019, 21:55] 538(25.5.84.199) sunucuya giriþ yaptý.
[26/11/2019, 21:55] (komut) Alexander_Mahone(32): /yardim
[26/11/2019, 21:56] (komut) Alexander_Mahone(32): /telefon
[26/11/2019, 21:56] [cmd_me] Alexander_Mahone(32) elini cebine götürür, telefonunu çýkarýr.
[26/11/2019, 21:56] (komut) Alexander_Mahone(32): /karakter
[26/11/2019, 21:56] (komut) Biddy_Boelter(1): /karakter
[26/11/2019, 21:56] (komut) Biddy_Boelter(1): /karakter
[26/11/2019, 21:56] (komut) Alexander_Mahone(32): /taser
[26/11/2019, 22:01] (komut) Biddy_Boelter(1): /telefon
[26/11/2019, 22:01] [cmd_me] Biddy_Boelter(1) elini cebine götürür, telefonunu çýkarýr.
[26/11/2019, 22:01] (komut) Biddy_Boelter(1): /restart 1 1
[26/11/2019, 22:01] 538(25.5.84.199) oyundan çýkýþ yaptý.
[26/11/2019, 22:01] 001(127.0.0.1) oyundan çýkýþ yaptý.
[26/11/2019, 22:02] 538(25.5.84.199) sunucuya giriþ yaptý.
[26/11/2019, 22:02] 001(127.0.0.1) sunucuya giriþ yaptý.
[26/11/2019, 22:02] 538(255.255.255.255) oyundan çýkýþ yaptý.
[26/11/2019, 22:03] 001(127.0.0.1) oyundan çýkýþ yaptý.
[26/11/2019, 22:04] 001(127.0.0.1) sunucuya giriþ yaptý.
[26/11/2019, 22:04] (komut) Biddy_Boelter(1): /karakter
[26/11/2019, 22:05] (komut) Biddy_Boelter(1): /telefon
[26/11/2019, 22:05] [cmd_me] Biddy_Boelter(1) elini cebine götürür, telefonunu çýkarýr.
[26/11/2019, 22:05] Biddy_Boelter(255.255.255.255) oyundan çýkýþ yaptý.
[26/11/2019, 22:44] 001(127.0.0.1) sunucuya giriþ yaptý.
[26/11/2019, 22:44] (komut) Biddy_Boelter(1): /karakter
[26/11/2019, 22:44] (komut) Biddy_Boelter(1): /git ls
[26/11/2019, 22:44] (komut) Biddy_Boelter(1): /git sf
[26/11/2019, 22:44] (komut) Biddy_Boelter(1): /telefon
[26/11/2019, 22:44] [cmd_me] Biddy_Boelter(1) elini cebine götürür, telefonunu çýkarýr.
[26/11/2019, 22:44] (komut) Biddy_Boelter(1): /telefon
[26/11/2019, 22:44] [cmd_me] Biddy_Boelter(1) elini cebine götürür, telefonunu çýkarýr.
[26/11/2019, 22:44] Biddy_Boelter(255.255.255.255) oyundan çýkýþ yaptý.
[26/11/2019, 23:03] 538(25.5.84.199) sunucuya giriþ yaptý.
[26/11/2019, 23:04] (komut) Alexander_Mahone(32): /ymac
[26/11/2019, 23:04] [cmd_ame] Alexander_Mahone(32) anahtarý saat yönünde çevirir ve aracýn motorunu açmaya çalýþýr.
[26/11/2019, 23:04] (komut) Alexander_Mahone(32): /nos
[26/11/2019, 23:04] (komut) Alexander_Mahone(32): /anos
[26/11/2019, 23:07] (komut) Alexander_Mahone(32): /karakter
[26/11/2019, 23:08] 485(25.79.129.236) sunucuya giriþ yaptý.
[26/11/2019, 23:10] (komut) Jesus_Cordeza(709): /a eed abi
[26/11/2019, 23:10] [adm-chat] Jesus_Cordeza(709): eed abi
[26/11/2019, 23:10] (komut) Alexander_Mahone(32): /git 1
[26/11/2019, 23:10] Darly(32), Jesus_Cordeza(709) adlý kiþiye ýþýnlandý.
[26/11/2019, 23:10] (komut) Jesus_Cordeza(709): /go 0
[26/11/2019, 23:10] (komut) Alexander_Mahone(32): /git 1
[26/11/2019, 23:10] Darly(32), Jesus_Cordeza(709) adlý kiþiye ýþýnlandý.
[26/11/2019, 23:10] (komut) Jesus_Cordeza(709): /karakter
[26/11/2019, 23:10] (komut) Alexander_Mahone(32): /atamir
[26/11/2019, 23:10] (komut) Jesus_Cordeza(709): /karakter
[26/11/2019, 23:11] (komut) Alexander_Mahone(32): /telefon
[26/11/2019, 23:11] [cmd_me] Alexander_Mahone(32) elini cebine götürür, telefonunu çýkarýr.
[26/11/2019, 23:11] (komut) Jesus_Cordeza(709): /karakter
[26/11/2019, 23:11] Alexander Mahone(HESAP ID: 538) teleport hilesi kullanýyor olabilir. (#019)
[26/11/2019, 23:11] (komut) Jesus_Cordeza(709): /karakter
[26/11/2019, 23:12] (komut) Jesus_Cordeza(709): /atm
[26/11/2019, 23:12] (komut) Jesus_Cordeza(709): /git baka
[26/11/2019, 23:12] (komut) Jesus_Cordeza(709): /git banka
[26/11/2019, 23:12] (komut) Alexander_Mahone(32): /cek 1
[26/11/2019, 23:12] Darly(32), Jesus_Cordeza(709) adlý kiþiyi yanýna çekti.
[26/11/2019, 23:14] (komut) Alexander_Mahone(32): /atamir
[26/11/2019, 23:14] (komut) Alexander_Mahone(32): /atamir
[26/11/2019, 23:14] (komut) Jesus_Cordeza(709): /ah
[26/11/2019, 23:14] (komut) Jesus_Cordeza(709): /ysilahver
[26/11/2019, 23:14] (komut) Jesus_Cordeza(709): /ysilahver 31
[26/11/2019, 23:14] Espinoza(709), Alexander_Mahone(32) adlý kiþiye M4 model silah verdi.
[26/11/2019, 23:14] Espinoza(709), Jesus_Cordeza(709) adlý kiþiye M4 model silah verdi.
[26/11/2019, 23:15] (komut) Jesus_Cordeza(709): /ysilahver 31
[26/11/2019, 23:15] (komut) Jesus_Cordeza(709): /ysilahver 31
[26/11/2019, 23:16] (komut) Jesus_Cordeza(709): /ysilahver 30
[26/11/2019, 23:16] (komut) Jesus_Cordeza(709): /ysilahver 2
[26/11/2019, 23:16] Espinoza(709), Alexander_Mahone(32) adlý kiþiye Golf Club model silah verdi.
[26/11/2019, 23:16] (komut) Jesus_Cordeza(709): /fallover 4
[26/11/2019, 23:16] (komut) Alexander_Mahone(32): /aduty
[26/11/2019, 23:16] (komut) Darly(32): /canver
[26/11/2019, 23:17] (komut) Darly(32): /canver 0 100
[26/11/2019, 23:17] Darly(32), Darly(32) adlý kiþinin canýný 100 olarak deðiþtirdi.
[26/11/2019, 23:17] (komut) Jesus_Cordeza(709): /aduty
[26/11/2019, 23:17] (komut) Darly(32): /healnear
[26/11/2019, 23:17] (komut) Espinoza(709): /a ben bi sabah girdim
[26/11/2019, 23:17] [adm-chat] Espinoza(709): ben bi sabah girdim
[26/11/2019, 23:17] (komut) Espinoza(709): /a biri attý beni amq
[26/11/2019, 23:17] [adm-chat] Espinoza(709): biri attý beni amq
[26/11/2019, 23:17] (komut) Espinoza(709): /a bi sg diye
[26/11/2019, 23:17] [adm-chat] Espinoza(709): bi sg diye
[26/11/2019, 23:17] (komut) Espinoza(709): /a kim attý :d
[26/11/2019, 23:17] [adm-chat] Espinoza(709): kim attý :d
[26/11/2019, 23:17] (komut) Espinoza(709): /ysilahver 23
[26/11/2019, 23:17] Espinoza(709), Darly(32) adlý kiþiye Silenced Pistol model silah verdi.
[26/11/2019, 23:18] (komut) Espinoza(709): /ysilahver 214
[26/11/2019, 23:18] (komut) Espinoza(709): /ysilahver 21
[26/11/2019, 23:18] Darly(32), Espinoza(709) tarafýndan öldürüldü. (sebep: 24)
[26/11/2019, 23:18] (komut) Espinoza(709): /ysilahver 2
[26/11/2019, 23:18] (komut) Espinoza(709): /ysilahver 212
[26/11/2019, 23:18] (komut) Espinoza(709): /ysilahver 22
[26/11/2019, 23:18] (komut) Espinoza(709): /ysilahver 90
[26/11/2019, 23:18] (komut) Espinoza(709): /ysilahver 80
[26/11/2019, 23:18] (komut) Espinoza(709): /ysilahver 36
[26/11/2019, 23:18] Espinoza(709), Darly(32) adlý kiþiye Heat Seaker model silah verdi.
[26/11/2019, 23:18] Espinoza(709), Espinoza(709) adlý kiþiye Heat Seaker model silah verdi.
[26/11/2019, 23:18] Espinoza(709), Darly(32) tarafýndan öldürüldü. (sebep: 51)
[26/11/2019, 23:18] Darly(HESAP ID: 538) hile yaptýðý için kicklendi. (#013-37)
[26/11/2019, 23:18] Alexander_Mahone(255.255.255.255) oyundan çýkýþ yaptý.
[26/11/2019, 23:19] 001(127.0.0.1) sunucuya giriþ yaptý.
[26/11/2019, 23:19] (komut) Espinoza(709): /ysilahver 37
[26/11/2019, 23:19] Espinoza(709), Espinoza(709) adlý kiþiye Flamethrower model silah verdi.
[26/11/2019, 23:19] (komut) Espinoza(709): /ysilahver 38
[26/11/2019, 23:19] (komut) Espinoza(709): /ysilahver 39
[26/11/2019, 23:19] Espinoza(709), Espinoza(709) adlý kiþiye Satchel Explosives model silah verdi.
[26/11/2019, 23:19] (komut) Espinoza(709): /ysilahver 40
[26/11/2019, 23:19] Espinoza(709), Espinoza(709) adlý kiþiye Bomb model silah verdi.
[26/11/2019, 23:19] (komut) Espinoza(709): /ysilahver 41
[26/11/2019, 23:19] Espinoza(709), Espinoza(709) adlý kiþiye Spray Can model silah verdi.
[26/11/2019, 23:19] (komut) Espinoza(709): /ysilahver 42
[26/11/2019, 23:19] (komut) Espinoza(709): /ysilahver 43
[26/11/2019, 23:19] (komut) Biddy_Boelter(1): /git 1
[26/11/2019, 23:19] viathegod(1), Espinoza(709) adlý kiþiye ýþýnlandý.
[26/11/2019, 23:19] (komut) Espinoza(709): /ysilahver 44
[26/11/2019, 23:19] Espinoza(709), Biddy_Boelter(1) adlý kiþiye Nightvision model silah verdi.
[26/11/2019, 23:19] Espinoza(709), Espinoza(709) adlý kiþiye Nightvision model silah verdi.
[26/11/2019, 23:19] (komut) Espinoza(709): /ysilahver 45
[26/11/2019, 23:19] (komut) Biddy_Boelter(1): /aduty
[26/11/2019, 23:20] (komut) viathegod(1): /karakter
[26/11/2019, 23:20] 538(25.5.84.199) sunucuya giriþ yaptý.
[26/11/2019, 23:20] (komut) Alexander_Mahone(32): /asilahsifirla
[26/11/2019, 23:20] (komut) Alexander_Mahone(32): /asilahsifirla 2
[26/11/2019, 23:20] Darly(32), Alexander_Mahone(32) adlý kiþinin silahlarýný sýfýrladý.
[26/11/2019, 23:21] (komut) Alexander_Mahone(32): /aduty
[26/11/2019, 23:21] (komut) Darly(32): /ycanver 1 100
[26/11/2019, 23:21] Darly(32), viathegod(1) adlý kiþinin canýný 1 olarak deðiþtirdi.
[26/11/2019, 23:21] Darly(32), Espinoza(709) adlý kiþinin canýný 1 olarak deðiþtirdi.
[26/11/2019, 23:21] Darly(32), Darly(32) adlý kiþinin canýný 1 olarak deðiþtirdi.
[26/11/2019, 23:21] (komut) Darly(32): /ycanver 100
[26/11/2019, 23:21] Darly(32), viathegod(1) adlý kiþinin canýný 100 olarak deðiþtirdi.
[26/11/2019, 23:21] Darly(32), Espinoza(709) adlý kiþinin canýný 100 olarak deðiþtirdi.
[26/11/2019, 23:21] Darly(32), Darly(32) adlý kiþinin canýný 100 olarak deðiþtirdi.
[26/11/2019, 23:21] (komut) Darly(32): /setadmin
[26/11/2019, 23:21] (komut) Darly(32): /setadmin 1 1
[26/11/2019, 23:21] Darly(32), Espinoza(709) adlý kiþinin admin levelini 1 yaptý.
[26/11/2019, 23:21] Jesus_Cordeza(255.255.255.255) oyundan çýkýþ yaptý.
[26/11/2019, 23:22] (komut) Darly(32): /asilahver 2 fire
[26/11/2019, 23:22] 485(25.79.129.236) sunucuya giriþ yaptý.
[26/11/2019, 23:23] (komut) Darly(32): /asilahsifirla
[26/11/2019, 23:23] (komut) Darly(32): /asilahsifirla 1
[26/11/2019, 23:23] Darly(32), Jesus_Cordeza(709) adlý kiþinin silahlarýný sýfýrladý.
[26/11/2019, 23:23] (komut) Darly(32): /kick 1
[26/11/2019, 23:23] (komut) Darly(32): /kick 1 1
[26/11/2019, 23:23] Darly(32), Jesus_Cordeza(709) adlý kiþi oyundan attý. sebep: 1
[26/11/2019, 23:23] Jesus_Cordeza(255.255.255.255) oyundan çýkýþ yaptý.
[26/11/2019, 23:24] Alexander_Mahone(255.255.255.255) oyundan çýkýþ yaptý.
[26/11/2019, 23:26] 126(25.6.24.251) sunucuya giriþ yaptý.
[26/11/2019, 23:28] 112(25.79.171.164) sunucuya giriþ yaptý.
[26/11/2019, 23:28] (komut) Allen_Hox(17): /karakter
[26/11/2019, 23:28] (komut) Allen_Hox(17): /aduty
[26/11/2019, 23:29] (komut) Orkun(17): /git ls
[26/11/2019, 23:29] (komut) Orkun(17): /git banka,
[26/11/2019, 23:29] (komut) Orkun(17): /git banka
[26/11/2019, 23:29] (komut) Orkun(17): /banka
[26/11/2019, 23:29] (komut) Orkun(17): /aduty
[26/11/2019, 23:29] (komut) Allen_Hox(17): /git ls
[26/11/2019, 23:29] (komut) Allen_Hox(17): /git banka
[26/11/2019, 23:29] (komut) Allen_Hox(17): /banka
[26/11/2019, 23:30] 538(25.5.84.199) sunucuya giriþ yaptý.
[26/11/2019, 23:30] (komut) Brian_Warnock(42): /karakter
[26/11/2019, 23:30] (komut) Kennedy_Statham(822): /setskin 3 24
[26/11/2019, 23:30] Darly(822), Kennedy_Statham(822) adlý kiþinin kýyafetini 24 olarak deðiþtirdi.
[26/11/2019, 23:30] (komut) Kennedy_Statham(822): /git 0
[26/11/2019, 23:30] Darly(822), viathegod(1) adlý kiþiye ýþýnlandý.
[26/11/2019, 23:30] (komut) Allen_Hox(17): /karakter
[26/11/2019, 23:30] Kennedy_Statham(25.5.84.199) oyundan çýkýþ yaptý.
[26/11/2019, 23:30] (komut) Brian_Warnock(42): /ses
[26/11/2019, 23:30] (komut) Brian_Warnock(42): /dolað
[26/11/2019, 23:30] (komut) Allen_Hox(17): /karakter
[26/11/2019, 23:30] (komut) Brian_Warnock(42): /dolao
[26/11/2019, 23:30] (komut) Brian_Warnock(42): /dolap
[26/11/2019, 23:30] (komut) Brian_Warnock(42): /dolap
[26/11/2019, 23:30] (komut) Allen_Hox(17): /ysilahver
[26/11/2019, 23:30] (komut) Allen_Hox(17): /ysilahver 31 444
[26/11/2019, 23:30] Orkun(17), Allen_Hox(17) adlý kiþiye M4 model silah verdi.
[26/11/2019, 23:30] (komut) Allen_Hox(17): /ysilahver 31 4444
[26/11/2019, 23:31] (komut) Allen_Hox(17): /ysilahver 31 44444444
[26/11/2019, 23:31] (komut) Brian_Warnock(42): /gat
[26/11/2019, 23:31] (komut) Brian_Warnock(42): /gate
[26/11/2019, 23:31] (komut) Brian_Warnock(42): /kapi
[26/11/2019, 23:31] (komut) Brian_Warnock(42): /kapi
[26/11/2019, 23:31] (komut) Allen_Hox(17): /git 2
[26/11/2019, 23:31] Orkun(17), Brian_Warnock(42) adlý kiþiye ýþýnlandý.
[26/11/2019, 23:31] (komut) Allen_Hox(17): /git 2
[26/11/2019, 23:31] Orkun(17), Brian_Warnock(42) adlý kiþiye ýþýnlandý.
[26/11/2019, 23:31] (komut) Allen_Hox(17): /makeleadder
[26/11/2019, 23:31] (komut) Brian_Warnock(42): /dolap
[26/11/2019, 23:31] (komut) Brian_Warnock(42): /dolap
[26/11/2019, 23:31] (komut) Allen_Hox(17): /lieryap
[26/11/2019, 23:31] (komut) Allen_Hox(17): /lideryap
[26/11/2019, 23:31] (komut) Allen_Hox(17): /makeleader
[26/11/2019, 23:31] (komut) Allen_Hox(17): /birlikler
[26/11/2019, 23:31] (komut) Allen_Hox(17): /makeleader 1 0
[26/11/2019, 23:31] [ADM] Orkun(17), Allen_Hox(17) adlý kiþiyi Los Santos Police Department birlik lideri yaptý.
[26/11/2019, 23:31] 538(25.5.84.199) sunucuya giriþ yaptý.
[26/11/2019, 23:31] (komut) Allen_Hox(17): /git ls
[26/11/2019, 23:32] (komut) Kennedy_Statham(822): /setskin 3 234
[26/11/2019, 23:32] Darly(822), Kennedy_Statham(822) adlý kiþinin kýyafetini 234 olarak deðiþtirdi.
[26/11/2019, 23:32] (komut) Allen_Hox(17): /goto 2
[26/11/2019, 23:32] Orkun(17), Brian_Warnock(42) adlý kiþiye ýþýnlandý.
[26/11/2019, 23:32] (komut) Brian_Warnock(42): /karakter
[26/11/2019, 23:32] (komut) Allen_Hox(17): /git ls
[26/11/2019, 23:32] (komut) Kennedy_Statham(822): /setskin 3 156
[26/11/2019, 23:32] Darly(822), Kennedy_Statham(822) adlý kiþinin kýyafetini 156 olarak deðiþtirdi.
[26/11/2019, 23:32] (komut) Allen_Hox(17): /get 2
[26/11/2019, 23:32] (komut) Kennedy_Statham(822): /setskin 3 154
[26/11/2019, 23:32] Darly(822), Kennedy_Statham(822) adlý kiþinin kýyafetini 154 olarak deðiþtirdi.
[26/11/2019, 23:32] (komut) Kennedy_Statham(822): /setskin 3 152
[26/11/2019, 23:32] Darly(822), Kennedy_Statham(822) adlý kiþinin kýyafetini 152 olarak deðiþtirdi.
[26/11/2019, 23:32] (komut) Allen_Hox(17): /git ls
[26/11/2019, 23:32] (komut) Allen_Hox(17): /git 3
[26/11/2019, 23:32] Orkun(17), Kennedy_Statham(822) adlý kiþiye ýþýnlandý.
[26/11/2019, 23:32] (komut) Kennedy_Statham(822): /setskin 3 111
[26/11/2019, 23:32] Darly(822), Kennedy_Statham(822) adlý kiþinin kýyafetini 111 olarak deðiþtirdi.
[26/11/2019, 23:32] (komut) Brian_Warnock(42): /git
[26/11/2019, 23:32] (komut) Kennedy_Statham(822): /setskin 3 112
[26/11/2019, 23:32] Darly(822), Kennedy_Statham(822) adlý kiþinin kýyafetini 112 olarak deðiþtirdi.
[26/11/2019, 23:32] (komut) Brian_Warnock(42): /git ls
[26/11/2019, 23:32] (komut) Kennedy_Statham(822): /setskin 3 108
[26/11/2019, 23:32] Darly(822), Kennedy_Statham(822) adlý kiþinin kýyafetini 108 olarak deðiþtirdi.
[26/11/2019, 23:32] (komut) Kennedy_Statham(822): /setskin 3 107
[26/11/2019, 23:32] Darly(822), Kennedy_Statham(822) adlý kiþinin kýyafetini 107 olarak deðiþtirdi.
[26/11/2019, 23:32] (komut) Kennedy_Statham(822): /karakter
[26/11/2019, 23:32] (komut) Brian_Warnock(42): /olusum
[26/11/2019, 23:32] (komut) Brian_Warnock(42): /olusumgir
[26/11/2019, 23:32] (komut) Brian_Warnock(42): /birlik
[26/11/2019, 23:33] (komut) Kennedy_Statham(822): /o allam inþallah ölürüm
[26/11/2019, 23:33] [adm-ooc] Darly(822): allam inþallah ölürüm
[26/11/2019, 23:33] (komut) Brian_Warnock(42): /o Töbe töbe
[26/11/2019, 23:33] [adm-ooc] Yusuf(42): Töbe töbe
[26/11/2019, 23:33] (komut) Allen_Hox(17): /asansor
[26/11/2019, 23:33] (komut) Brian_Warnock(42): /c
[26/11/2019, 23:33] (komut) Brian_Warnock(42): /c ses
[26/11/2019, 23:33] [helper-chat] Brian_Warnock(42): ses
[26/11/2019, 23:33] (komut) Brian_Warnock(42): /makeleader
[26/11/2019, 23:34] (komut) Brian_Warnock(42): /makeleader 2  0
[26/11/2019, 23:34] [ADM] Yusuf(42), Brian_Warnock(42) adlý kiþiyi Los Santos Police Department birlik lideri yaptý.
[26/11/2019, 23:34] (komut) Brian_Warnock(42): /asansor
[26/11/2019, 23:34] (komut) viathegod(1): /git sf
[26/11/2019, 23:34] (komut) viathegod(1): /karakter
[26/11/2019, 23:34] (komut) viathegod(1): /asilahsifirla 0
[26/11/2019, 23:34] viathegod(1), viathegod(1) adlý kiþinin silahlarýný sýfýrladý.
[26/11/2019, 23:34] viathegod(HESAP ID: 1) hile yaptýðý için kicklendi. (#013-44)
[26/11/2019, 23:34] Biddy_Boelter(255.255.255.255) oyundan çýkýþ yaptý.
[26/11/2019, 23:34] (komut) Brian_Warnock(42): /dolap
[26/11/2019, 23:34] (komut) Brian_Warnock(42): /dolap
[26/11/2019, 23:34] [cmd_me] Brian_Warnock(42) dolaptan rozetini ve ekipmanlarýný alýr.
[26/11/2019, 23:34] (komut) Brian_Warnock(42): /dolap
[26/11/2019, 23:34] (komut) Brian_Warnock(42): /dolap
[26/11/2019, 23:34] (komut) Brian_Warnock(42): /dolap
[26/11/2019, 23:34] (komut) Brian_Warnock(42): /dolap
[26/11/2019, 23:34] (komut) Brian_Warnock(42): /dolap
[26/11/2019, 23:34] (komut) Kennedy_Statham(822): /atamir
[26/11/2019, 23:34] (komut) Brian_Warnock(42): /dolap
[26/11/2019, 23:34] (komut) Brian_Warnock(42): /dolap
[26/11/2019, 23:34] (komut) Brian_Warnock(42): /dolap
[26/11/2019, 23:34] 001(127.0.0.1) sunucuya giriþ yaptý.
[26/11/2019, 23:34] (komut) Kennedy_Statham(822): /git 1
[26/11/2019, 23:34] Darly(822), Allen_Hox(17) adlý kiþiye ýþýnlandý.
[26/11/2019, 23:35] (komut) Kennedy_Statham(822): /git 2
[26/11/2019, 23:35] Darly(822), Brian_Warnock(42) adlý kiþiye ýþýnlandý.
[26/11/2019, 23:35] (komut) Kennedy_Statham(822): /git 2
[26/11/2019, 23:35] Darly(822), Brian_Warnock(42) adlý kiþiye ýþýnlandý.
[26/11/2019, 23:35] (komut) Biddy_Boelter(1): /GÝT SF
[26/11/2019, 23:35] (komut) Biddy_Boelter(1): /git sf
[26/11/2019, 23:35] (komut) Biddy_Boelter(1): /araclarim
[26/11/2019, 23:35] (komut) Biddy_Boelter(1): /aracver
[26/11/2019, 23:35] (komut) Biddy_Boelter(1): /aracver 0 411
[26/11/2019, 23:35] viathegod(1), Biddy_Boelter(1) adlý kiþiye Infernus model arac verdi. (SID: 0)
[26/11/2019, 23:35] (komut) Kennedy_Statham(822): /aduty
[26/11/2019, 23:35] (komut) Biddy_Boelter(1): /arac
[26/11/2019, 23:35] (komut) Brian_Warnock(42): /dolap
[26/11/2019, 23:35] (komut) Biddy_Boelter(1): /aarac
[26/11/2019, 23:35] (komut) Brian_Warnock(42): /dolap
[26/11/2019, 23:35] (komut) Biddy_Boelter(1): /aracduzenle 
[26/11/2019, 23:35] (komut) Brian_Warnock(42): /dolap
[26/11/2019, 23:35] (komut) Biddy_Boelter(1): /aracduzenle 8 renk1 0
[26/11/2019, 23:35] (komut) Biddy_Boelter(1): /aracduzenle 8 renk2 0
[26/11/2019, 23:35] [cmd_me] Brian_Warnock(42) ekipmanlarýný býrakýr.
[26/11/2019, 23:35] Brian Warnock(HESAP ID: 112) zýrh hilesi kullanýyor olabilir. (#016)
[26/11/2019, 23:35] (komut) Biddy_Boelter(1): /ymac
[26/11/2019, 23:35] [cmd_ame] Biddy_Boelter(1) anahtarý saat yönünde çevirir ve aracýn motorunu açmaya çalýþýr.
[26/11/2019, 23:35] (komut) Brian_Warnock(42): /dolap
[26/11/2019, 23:35] (komut) Darly(822): /aduty
[26/11/2019, 23:35] [cmd_me] Brian_Warnock(42) dolaptan rozetini ve ekipmanlarýný alýr.
[26/11/2019, 23:35] (komut) Brian_Warnock(42): /dolap
[26/11/2019, 23:35] [cmd_me] Brian_Warnock(42) ekipmanlarýný býrakýr.
[26/11/2019, 23:35] Brian Warnock(HESAP ID: 112) zýrh hilesi kullanýyor olabilir. (#016)
[26/11/2019, 23:35] (komut) Kennedy_Statham(822): /git 0
[26/11/2019, 23:35] Darly(822), Biddy_Boelter(1) adlý kiþiye ýþýnlandý.
[26/11/2019, 23:35] (komut) Kennedy_Statham(822): /git 0
[26/11/2019, 23:35] Darly(822), Biddy_Boelter(1) adlý kiþiye ýþýnlandý.
[26/11/2019, 23:35] (komut) Biddy_Boelter(1): /git 2
[26/11/2019, 23:35] viathegod(1), Brian_Warnock(42) adlý kiþiye ýþýnlandý.
[26/11/2019, 23:35] (komut) Kennedy_Statham(822): /git 0
[26/11/2019, 23:35] Darly(822), Biddy_Boelter(1) adlý kiþiye ýþýnlandý.
[26/11/2019, 23:35] (komut) Kennedy_Statham(822): /git 0
[26/11/2019, 23:35] Darly(822), Biddy_Boelter(1) adlý kiþiye ýþýnlandý.
[26/11/2019, 23:35] (komut) Brian_Warnock(42): /dolap
[26/11/2019, 23:35] [cmd_me] Brian_Warnock(42) dolaptan rozetini ve ekipmanlarýný alýr.
[26/11/2019, 23:35] (komut) Brian_Warnock(42): /dolap
[26/11/2019, 23:35] [cmd_me] Brian_Warnock(42) ekipmanlarýný býrakýr.
[26/11/2019, 23:36] (komut) Brian_Warnock(42): /dolap
[26/11/2019, 23:36] [cmd_me] Brian_Warnock(42) dolaptan rozetini ve ekipmanlarýný alýr.
[26/11/2019, 23:36] (komut) Allen_Hox(17): /git 3
[26/11/2019, 23:36] Orkun(17), Kennedy_Statham(822) adlý kiþiye ýþýnlandý.
[26/11/2019, 23:36] (komut) Biddy_Boelter(1): /git arac 8
[26/11/2019, 23:36] (komut) Allen_Hox(17): /git 3
[26/11/2019, 23:36] Orkun(17), Kennedy_Statham(822) adlý kiþiye ýþýnlandý.
[26/11/2019, 23:36] (komut) Brian_Warnock(42): /dolap
[26/11/2019, 23:36] [cmd_me] Brian_Warnock(42) ekipmanlarýný býrakýr.
[26/11/2019, 23:36] Brian Warnock(HESAP ID: 112) zýrh hilesi kullanýyor olabilir. (#016)
[26/11/2019, 23:36] (komut) Allen_Hox(17): /git 3
[26/11/2019, 23:36] Orkun(17), Kennedy_Statham(822) adlý kiþiye ýþýnlandý.
[26/11/2019, 23:36] (komut) Biddy_Boelter(1): /git ls
[26/11/2019, 23:36] (komut) Allen_Hox(17): /git 3
[26/11/2019, 23:36] Orkun(17), Kennedy_Statham(822) adlý kiþiye ýþýnlandý.
[26/11/2019, 23:36] (komut) Allen_Hox(17): /git 2
[26/11/2019, 23:36] Orkun(17), Brian_Warnock(42) adlý kiþiye ýþýnlandý.
[26/11/2019, 23:36] (komut) Biddy_Boelter(1): /aliste
[26/11/2019, 23:36] (komut) Biddy_Boelter(1): /acek 8,
[26/11/2019, 23:36] (komut) Biddy_Boelter(1): /acek 8
[26/11/2019, 23:36] viathegod(1) bir aracý yanýna çekti. (SQL: 22)
[26/11/2019, 23:36] (komut) Kennedy_Statham(822): /dolap
[26/11/2019, 23:36] (komut) Brian_Warnock(42): /dolap
[26/11/2019, 23:36] [cmd_me] Brian_Warnock(42) dolaptan rozetini ve ekipmanlarýný alýr.
[26/11/2019, 23:36] (komut) Kennedy_Statham(822): /git 0
[26/11/2019, 23:36] Darly(822), Biddy_Boelter(1) adlý kiþiye ýþýnlandý.
[26/11/2019, 23:36] (komut) Brian_Warnock(42): /dolap
[26/11/2019, 23:36] [cmd_me] Brian_Warnock(42) ekipmanlarýný býrakýr.
[26/11/2019, 23:36] (komut) Brian_Warnock(42): /dolap
[26/11/2019, 23:36] [cmd_me] Brian_Warnock(42) dolaptan rozetini ve ekipmanlarýný alýr.
[26/11/2019, 23:36] (komut) Brian_Warnock(42): /dolap
[26/11/2019, 23:36] [cmd_me] Brian_Warnock(42) ekipmanlarýný býrakýr.
[26/11/2019, 23:36] (komut) Allen_Hox(17): /dolap
[26/11/2019, 23:36] (komut) Kennedy_Statham(822): /aracbin 0
[26/11/2019, 23:36] (komut) Brian_Warnock(42): /dolap
[26/11/2019, 23:36] [cmd_me] Brian_Warnock(42) dolaptan rozetini ve ekipmanlarýný alýr.
[26/11/2019, 23:36] (komut) Brian_Warnock(42): /dolap
[26/11/2019, 23:36] [cmd_me] Allen_Hox(17) dolaptan rozetini ve ekipmanlarýný alýr.
[26/11/2019, 23:36] [cmd_me] Brian_Warnock(42) ekipmanlarýný býrakýr.
[26/11/2019, 23:36] Brian Warnock(HESAP ID: 112) zýrh hilesi kullanýyor olabilir. (#016)
[26/11/2019, 23:36] (komut) Allen_Hox(17): /dolap
[26/11/2019, 23:36] (komut) Kennedy_Statham(822): /aracbin 0
[26/11/2019, 23:36] (komut) Brian_Warnock(42): /dolap
[26/11/2019, 23:36] [cmd_me] Brian_Warnock(42) dolaptan rozetini ve ekipmanlarýný alýr.
[26/11/2019, 23:36] (komut) Kennedy_Statham(822): /yaracbin
[26/11/2019, 23:36] (komut) Brian_Warnock(42): /dolap
[26/11/2019, 23:36] [cmd_me] Brian_Warnock(42) ekipmanlarýný býrakýr.
[26/11/2019, 23:36] (komut) Brian_Warnock(42): /dolap
[26/11/2019, 23:36] [cmd_me] Brian_Warnock(42) dolaptan rozetini ve ekipmanlarýný alýr.
[26/11/2019, 23:36] (komut) Kennedy_Statham(822): /aracbin
[26/11/2019, 23:36] (komut) Brian_Warnock(42): /dolap
[26/11/2019, 23:36] [cmd_me] Brian_Warnock(42) ekipmanlarýný býrakýr.
[26/11/2019, 23:36] Brian Warnock(HESAP ID: 112) zýrh hilesi kullanýyor olabilir. (#016)
[26/11/2019, 23:36] (komut) Kennedy_Statham(822): /aracabin
[26/11/2019, 23:36] (komut) Kennedy_Statham(822): /aracabin 0
[26/11/2019, 23:36] (komut) Allen_Hox(17): /dolap
[26/11/2019, 23:36] (komut) Kennedy_Statham(822): /aracabin 8
[26/11/2019, 23:36] (komut) Biddy_Boelter(1): /acc
[26/11/2019, 23:36] (komut) Allen_Hox(17): /dolap
[26/11/2019, 23:36] (komut) Brian_Warnock(42): /b
[26/11/2019, 23:36] (komut) Brian_Warnock(42): /dolap
[26/11/2019, 23:36] [cmd_me] Brian_Warnock(42) dolaptan rozetini ve ekipmanlarýný alýr.
[26/11/2019, 23:36] (komut) Brian_Warnock(42): /dolap
[26/11/2019, 23:36] [cmd_me] Brian_Warnock(42) ekipmanlarýný býrakýr.
[26/11/2019, 23:36] Kennedy_Statham(25.5.84.199) oyundan çýkýþ yaptý.
[26/11/2019, 23:36] (komut) Brian_Warnock(42): /dolap
[26/11/2019, 23:36] [cmd_me] Brian_Warnock(42) dolaptan rozetini ve ekipmanlarýný alýr.
[26/11/2019, 23:36] (komut) Brian_Warnock(42): /dolap
[26/11/2019, 23:36] [cmd_me] Brian_Warnock(42) ekipmanlarýný býrakýr.
[26/11/2019, 23:36] Brian Warnock(HESAP ID: 112) zýrh hilesi kullanýyor olabilir. (#016)
[26/11/2019, 23:36] (komut) Brian_Warnock(42): /asa
[26/11/2019, 23:37] (komut) Brian_Warnock(42): /asa
[26/11/2019, 23:37] (komut) Brian_Warnock(42): /dolap
[26/11/2019, 23:37] [cmd_me] Brian_Warnock(42) dolaptan rozetini ve ekipmanlarýný alýr.
[26/11/2019, 23:37] (komut) Brian_Warnock(42): /dolap
[26/11/2019, 23:37] 538(25.5.84.199) sunucuya giriþ yaptý.
[26/11/2019, 23:37] (komut) Brian_Warnock(42): /dolap
[26/11/2019, 23:37] (komut) Alexander_Mahone(32): /aracabin 8
[26/11/2019, 23:37] (komut) Alexander_Mahone(32): /ycan
[26/11/2019, 23:37] (komut) Alexander_Mahone(32): /hcan
[26/11/2019, 23:37] (komut) Allen_Hox(17): /dolap
[26/11/2019, 23:37] (komut) Biddy_Boelter(1): /herkesecan
[26/11/2019, 23:37] viathegod(1) sunucudaki herkese can verdi. (4 kiþi)
[26/11/2019, 23:37] (komut) Brian_Warnock(42): /garaj
[26/11/2019, 23:37] (komut) Brian_Warnock(42): /garaj
[26/11/2019, 23:37] Biddy Boelter(HESAP ID: 1) teleport hilesi kullanýyor olabilir. (#019)
[26/11/2019, 23:37] (komut) Brian_Warnock(42): /setcar
[26/11/2019, 23:37] (komut) Brian_Warnock(42): /car
[26/11/2019, 23:37] (komut) Allen_Hox(17): /aracver
[26/11/2019, 23:37] (komut) Brian_Warnock(42): /veh
[26/11/2019, 23:37] (komut) Allen_Hox(17): /aracver 1 lspd
[26/11/2019, 23:37] Orkun(17), Allen_Hox(17) adlý kiþiye LSPD Devriye Aracý model arac verdi. (SID: 0)
[26/11/2019, 23:38] (komut) Allen_Hox(17): /aracduzenle
[26/11/2019, 23:38] (komut) Allen_Hox(17): /aracduzenle 9 0 0
[26/11/2019, 23:38] (komut) Allen_Hox(17): /aracduzenle 9 renk1 0 renk2 1
[26/11/2019, 23:38] (komut) Allen_Hox(17): /aracduzenle 9 renk1 0
[26/11/2019, 23:38] (komut) Allen_Hox(17): /aracduzenle 9 renk2 0
[26/11/2019, 23:38] (komut) Allen_Hox(17): /motor
[26/11/2019, 23:38] [cmd_ame] Allen_Hox(17) anahtarý saat yönünde çevirir ve aracýn motorunu açmaya çalýþýr.
[26/11/2019, 23:38] (komut) Brian_Warnock(42): /car
[26/11/2019, 23:38] (komut) Brian_Warnock(42): /arac
[26/11/2019, 23:38] (komut) Brian_Warnock(42): /aduty
[26/11/2019, 23:38] (komut) Yusuf(42): /arac
[26/11/2019, 23:39] (komut) Yusuf(42): /aduty
[26/11/2019, 23:39] (komut) Brian_Warnock(42): /aracduzenle
[26/11/2019, 23:39] (komut) Alexander_Mahone(32): /git sf
[26/11/2019, 23:39] (komut) Allen_Hox(17): /r Ses.
[26/11/2019, 23:39] [radyo-990] Allen_Hox(17): Ses.
[26/11/2019, 23:39] (komut) Alexander_Mahone(32): /aracabin 8
[26/11/2019, 23:39] (komut) Allen_Hox(17): /f sa
[26/11/2019, 23:39] [chat] [Los Santos Police Department] Allen_Hox(17): sa
[26/11/2019, 23:39] (komut) Brian_Warnock(42): /aracduzenle 3 ýnfernus
[26/11/2019, 23:39] (komut) Brian_Warnock(42): /aracduzenle 3 
[26/11/2019, 23:39] (komut) Allen_Hox(17): /aracduzenle
[26/11/2019, 23:39] (komut) Allen_Hox(17): /aracduzenle zirh 4
[26/11/2019, 23:39] (komut) Brian_Warnock(42): /aracduzenle 3 BrianWarnock
[26/11/2019, 23:39] (komut) Alexander_Mahone(32): /animlist
[26/11/2019, 23:39] (komut) Allen_Hox(17): /aracduzenle 9 zirh 4
[26/11/2019, 23:39] (komut) Brian_Warnock(42): /aracduzenle 3 Brian Warnock
[26/11/2019, 23:39] (komut) Biddy_Boelter(1): /animlist
[26/11/2019, 23:39] (komut) Alexander_Mahone(32): /tokalas
[26/11/2019, 23:39] (komut) Allen_Hox(17): /tokalas
[26/11/2019, 23:39] (komut) Brian_Warnock(42): /aracduzenle 3 2
[26/11/2019, 23:39] (komut) Brian_Warnock(42): /aracduzenle 3 2
[26/11/2019, 23:39] (komut) Alexander_Mahone(32): /tokalasma
[26/11/2019, 23:39] (komut) Biddy_Boelter(1): /bat
[26/11/2019, 23:39] (komut) Alexander_Mahone(32): /reload 2
[26/11/2019, 23:39] (komut) Brian_Warnock(42): /aracduzenle 3 Kelly Kelly
[26/11/2019, 23:39] (komut) Biddy_Boelter(1): /bat 1
[26/11/2019, 23:39] (komut) Biddy_Boelter(1): /bat 2
[26/11/2019, 23:39] (komut) Biddy_Boelter(1): /bat 3
[26/11/2019, 23:40] (komut) Biddy_Boelter(1): /blob
[26/11/2019, 23:40] (komut) Brian_Warnock(42): /aracduzenle 3 Brian Warnock
[26/11/2019, 23:40] (komut) Allen_Hox(17): /a /aracduzenle ýd sahip
[26/11/2019, 23:40] [adm-chat] Allen_Hox(17): /aracduzenle ýd sahip
[26/11/2019, 23:40] (komut) Biddy_Boelter(1): /time
[26/11/2019, 23:40] (komut) Alexander_Mahone(32): /deal
[26/11/2019, 23:40] (komut) Alexander_Mahone(32): /deal 1
[26/11/2019, 23:40] (komut) Alexander_Mahone(32): /deal 2
[26/11/2019, 23:40] (komut) Biddy_Boelter(1): /time
[26/11/2019, 23:40] (komut) Brian_Warnock(42): /aracduzenle 3 Brian 
[26/11/2019, 23:40] (komut) Biddy_Boelter(1): /agaraj 7 sil
[26/11/2019, 23:40] (komut) Allen_Hox(17): /aracduzenle 3 2
[26/11/2019, 23:40] (komut) Brian_Warnock(42): /aracduzenle 3 renk1
[26/11/2019, 23:40] (komut) Allen_Hox(17): /git 2
[26/11/2019, 23:40] Orkun(17), Brian_Warnock(42) adlý kiþiye ýþýnlandý.
[26/11/2019, 23:40] (komut) Brian_Warnock(42): /aracduzenle 3 renk1 0 0
[26/11/2019, 23:40] (komut) Biddy_Boelter(1): /holdup
[26/11/2019, 23:40] (komut) Biddy_Boelter(1): /holdup 1
[26/11/2019, 23:40] (komut) Alexander_Mahone(32): /ildes 2
[26/11/2019, 23:40] (komut) Alexander_Mahone(32): /idles 2
[26/11/2019, 23:40] (komut) Allen_Hox(17): /aracduzenle 3 sahip 2
[26/11/2019, 23:40] Orkun bir aracýn sahibini deðiþtirdi. (ID: 66 | Sahip: Yok)
[26/11/2019, 23:40] (komut) Biddy_Boelter(1): /holdup 2
[26/11/2019, 23:40] (komut) Biddy_Boelter(1): /holdup 2
[26/11/2019, 23:40] (komut) Alexander_Mahone(32): /idles 4
[26/11/2019, 23:40] (komut) Biddy_Boelter(1): /copa
[26/11/2019, 23:40] (komut) Brian_Warnock(42): /aracduzenle 3 sahip 0 0
[26/11/2019, 23:40] Yusuf bir aracýn sahibini deðiþtirdi. (ID: 66 | Sahip: Yok)
[26/11/2019, 23:40] (komut) Biddy_Boelter(1): /copa 1
[26/11/2019, 23:40] (komut) Allen_Hox(17): /aracduzenle 3 zirh 4
[26/11/2019, 23:40] (komut) Allen_Hox(17): /motor
[26/11/2019, 23:40] [cmd_ame] Allen_Hox(17) sað eliyle kontaðý çevirir ve aracýn motorunu kapatýr.
[26/11/2019, 23:40] (komut) Biddy_Boelter(1): /copa 2
[26/11/2019, 23:40] (komut) Allen_Hox(17): /motor
[26/11/2019, 23:40] [cmd_ame] Allen_Hox(17) anahtarý saat yönünde çevirir ve aracýn motorunu açmaya çalýþýr.
[26/11/2019, 23:40] (komut) Biddy_Boelter(1): /copa 3
[26/11/2019, 23:40] (komut) Biddy_Boelter(1): /copa 4
[26/11/2019, 23:40] (komut) Alexander_Mahone(32): /followme
[26/11/2019, 23:41] (komut) Biddy_Boelter(1): /copa 4
[26/11/2019, 23:41] (komut) Brian_Warnock(42): /aracduzenle 3 sahip Brian Warnock
[26/11/2019, 23:41] (komut) Biddy_Boelter(1): /copa 4
[26/11/2019, 23:41] (komut) Alexander_Mahone(32): /carry
[26/11/2019, 23:41] (komut) Alexander_Mahone(32): /carry 1
[26/11/2019, 23:41] (komut) Brian_Warnock(42): /aracduzenle 3 sahip 2
[26/11/2019, 23:41] Yusuf bir aracýn sahibini deðiþtirdi. (ID: 66 | Sahip: Yok)
[26/11/2019, 23:41] (komut) Biddy_Boelter(1): /copa 5
[26/11/2019, 23:41] (komut) Alexander_Mahone(32): /carry 2
[26/11/2019, 23:41] [cmd_ame] Brian_Warnock(42) anahtarý saat yönünde çevirir ve aracýn motorunu açmaya çalýþýr.
[26/11/2019, 23:41] (komut) Biddy_Boelter(1): /copa 6
[26/11/2019, 23:41] (komut) Allen_Hox(17): /git 1
[26/11/2019, 23:41] (komut) Brian_Warnock(42): /nos
[26/11/2019, 23:41] (komut) Alexander_Mahone(32): /celllin
[26/11/2019, 23:41] (komut) Allen_Hox(17): /git 0
[26/11/2019, 23:41] Orkun(17), Biddy_Boelter(1) adlý kiþiye ýþýnlandý.
[26/11/2019, 23:41] (komut) Brian_Warnock(42): /arac
[26/11/2019, 23:41] (komut) Alexander_Mahone(32): /cellin
[26/11/2019, 23:41] (komut) Biddy_Boelter(1): /copa 6
[26/11/2019, 23:41] (komut) Biddy_Boelter(1): /copa 7
[26/11/2019, 23:41] (komut) Biddy_Boelter(1): /copa 8
[26/11/2019, 23:41] (komut) Biddy_Boelter(1): /gonder 1 sf
[26/11/2019, 23:41] viathegod(1), Allen_Hox(17) adlý kiþiyi SF gönderdi.
[26/11/2019, 23:41] (komut) Alexander_Mahone(32): /animlist
[26/11/2019, 23:41] (komut) Alexander_Mahone(32): /bj
[26/11/2019, 23:41] (komut) Allen_Hox(17): /git 0
[26/11/2019, 23:41] Orkun(17), Biddy_Boelter(1) adlý kiþiye ýþýnlandý.
[26/11/2019, 23:41] (komut) Biddy_Boelter(1): /copa 9
[26/11/2019, 23:41] (komut) Brian_Warnock(42): /time
[26/11/2019, 23:41] (komut) Biddy_Boelter(1): /gonder 1 sf
[26/11/2019, 23:41] viathegod(1), Allen_Hox(17) adlý kiþiyi SF gönderdi.
[26/11/2019, 23:41] (komut) Alexander_Mahone(32): /cellout
[26/11/2019, 23:41] (komut) Allen_Hox(17): /git LS
[26/11/2019, 23:41] (komut) Biddy_Boelter(1): /celebrate
[26/11/2019, 23:41] (komut) Biddy_Boelter(1): /celebrate 1
[26/11/2019, 23:41] (komut) Brian_Warnock(42): /aracduzenle 
[26/11/2019, 23:41] (komut) Biddy_Boelter(1): /celebrate 2
[26/11/2019, 23:41] (komut) Alexander_Mahone(32): /robbed
[26/11/2019, 23:41] (komut) Biddy_Boelter(1): /celebrate 2
[26/11/2019, 23:41] (komut) Biddy_Boelter(1): /b /celebrate 1
[26/11/2019, 23:41] [ooc] Biddy_Boelter(1): /celebrate 1
[26/11/2019, 23:41] (komut) Brian_Warnock(42): /aracduzenle 3 zirh
[26/11/2019, 23:41] (komut) Alexander_Mahone(32): /celebrate 1
[26/11/2019, 23:41] (komut) Biddy_Boelter(1): /copa 1
[26/11/2019, 23:41] (komut) Brian_Warnock(42): /aracduzenle 3 zirh 3000
[26/11/2019, 23:41] (komut) Biddy_Boelter(1): /copa 2
[26/11/2019, 23:41] (komut) Biddy_Boelter(1): /copa 3
[26/11/2019, 23:41] (komut) Brian_Warnock(42): /aracduzenle 3 zirh 4
[26/11/2019, 23:41] (komut) Biddy_Boelter(1): /copa 4
[26/11/2019, 23:42] (komut) Biddy_Boelter(1): /copa 4
[26/11/2019, 23:42] (komut) Allen_Hox(17): /yparaver
[26/11/2019, 23:42] (komut) Alexander_Mahone(32): /celebrate 1
[26/11/2019, 23:42] (komut) Allen_Hox(17): /herkesepara
[26/11/2019, 23:42] (komut) Allen_Hox(17): /herkesepara 1
[26/11/2019, 23:42] Orkun(17) sunucudaki herkese $1 verdi.
[26/11/2019, 23:42] (komut) Biddy_Boelter(1): /copa 4
[26/11/2019, 23:42] (komut) Alexander_Mahone(32): /celebrate 1
[26/11/2019, 23:42] (komut) Allen_Hox(17): //weather
[26/11/2019, 23:42] (komut) Allen_Hox(17): /weather
[26/11/2019, 23:42] (komut) Allen_Hox(17): /ah
[26/11/2019, 23:42] (komut) Allen_Hox(17): /havayidegistir
[26/11/2019, 23:42] (komut) Allen_Hox(17): /callsign
[26/11/2019, 23:43] (komut) Allen_Hox(17): /abirlik
[26/11/2019, 23:43] (komut) Allen_Hox(17): /arac
[26/11/2019, 23:43] (komut) Alexander_Mahone(32): /git 1
[26/11/2019, 23:43] Darly(32), Allen_Hox(17) adlý kiþiye ýþýnlandý.
[26/11/2019, 23:43] (komut) Allen_Hox(17): /birlik
[26/11/2019, 23:43] (komut) Alexander_Mahone(32): /git 1
[26/11/2019, 23:43] Darly(32), Allen_Hox(17) adlý kiþiye ýþýnlandý.
[26/11/2019, 23:43] Allen_Hox(17) aracýný birliðe baðladý. (SID: 23 / birlik: Los Santos Police Department)
[26/11/2019, 23:43] (komut) Allen_Hox(17): /callsign
[26/11/2019, 23:43] (komut) Alexander_Mahone(32): /git 1
[26/11/2019, 23:43] Darly(32), Allen_Hox(17) adlý kiþiye ýþýnlandý.
[26/11/2019, 23:43] (komut) Allen_Hox(17): /callsign A-1
[26/11/2019, 23:43] (komut) Alexander_Mahone(32): /cek 1
[26/11/2019, 23:43] Darly(32), Allen_Hox(17) adlý kiþiyi yanýna çekti.
[26/11/2019, 23:43] (komut) Alexander_Mahone(32): /gonder
[26/11/2019, 23:43] (komut) Alexander_Mahone(32): /gonder 1 sf
[26/11/2019, 23:43] Darly(32), Allen_Hox(17) adlý kiþiyi SF gönderdi.
[26/11/2019, 23:43] (komut) Alexander_Mahone(32): /git 0
[26/11/2019, 23:43] Darly(32), Biddy_Boelter(1) adlý kiþiye ýþýnlandý.
[26/11/2019, 23:43] (komut) Allen_Hox(17): /git 1
[26/11/2019, 23:43] (komut) Allen_Hox(17): /git 2
[26/11/2019, 23:43] Orkun(17), Brian_Warnock(42) adlý kiþiye ýþýnlandý.
[26/11/2019, 23:43] (komut) Allen_Hox(17): /git 3
[26/11/2019, 23:43] Orkun(17), Alexander_Mahone(32) adlý kiþiye ýþýnlandý.
[26/11/2019, 23:43] (komut) Alexander_Mahone(32): /gonder 1 sf
[26/11/2019, 23:43] Darly(32), Allen_Hox(17) adlý kiþiyi SF gönderdi.
[26/11/2019, 23:43] (komut) Allen_Hox(17): /git 2
[26/11/2019, 23:43] Orkun(17), Brian_Warnock(42) adlý kiþiye ýþýnlandý.
[26/11/2019, 23:43] (komut) Allen_Hox(17): /git 2
[26/11/2019, 23:43] Orkun(17), Brian_Warnock(42) adlý kiþiye ýþýnlandý.
[26/11/2019, 23:43] (komut) Allen_Hox(17): /git 2
[26/11/2019, 23:43] Orkun(17), Brian_Warnock(42) adlý kiþiye ýþýnlandý.
[26/11/2019, 23:43] (komut) Allen_Hox(17): /git 2
[26/11/2019, 23:43] Orkun(17), Brian_Warnock(42) adlý kiþiye ýþýnlandý.
[26/11/2019, 23:44] (komut) Allen_Hox(17): /git 2
[26/11/2019, 23:44] Orkun(17), Brian_Warnock(42) adlý kiþiye ýþýnlandý.
[26/11/2019, 23:44] (komut) Allen_Hox(17): /git 2
[26/11/2019, 23:44] Orkun(17), Brian_Warnock(42) adlý kiþiye ýþýnlandý.
[26/11/2019, 23:44] (komut) Allen_Hox(17): /git 2
[26/11/2019, 23:44] Orkun(17), Brian_Warnock(42) adlý kiþiye ýþýnlandý.
[26/11/2019, 23:44] (komut) Allen_Hox(17): /git 2
[26/11/2019, 23:44] Orkun(17), Brian_Warnock(42) adlý kiþiye ýþýnlandý.
[26/11/2019, 23:44] (komut) Allen_Hox(17): /git 2
[26/11/2019, 23:44] Orkun(17), Brian_Warnock(42) adlý kiþiye ýþýnlandý.
[26/11/2019, 23:44] (komut) Allen_Hox(17): /git 2
[26/11/2019, 23:44] Orkun(17), Brian_Warnock(42) adlý kiþiye ýþýnlandý.
[26/11/2019, 23:44] (komut) Allen_Hox(17): /git 2
[26/11/2019, 23:44] Orkun(17), Brian_Warnock(42) adlý kiþiye ýþýnlandý.
[26/11/2019, 23:44] (komut) Alexander_Mahone(32): /sit 4
[26/11/2019, 23:44] (komut) Allen_Hox(17): /git 2
[26/11/2019, 23:44] Orkun(17), Brian_Warnock(42) adlý kiþiye ýþýnlandý.
[26/11/2019, 23:44] (komut) Alexander_Mahone(32): /sit 5
[26/11/2019, 23:44] (komut) Allen_Hox(17): /git 2
[26/11/2019, 23:44] Orkun(17), Brian_Warnock(42) adlý kiþiye ýþýnlandý.
[26/11/2019, 23:44] (komut) Alexander_Mahone(32): /sit 1
[26/11/2019, 23:44] (komut) Allen_Hox(17): /git 2
[26/11/2019, 23:44] Orkun(17), Brian_Warnock(42) adlý kiþiye ýþýnlandý.
[26/11/2019, 23:44] (komut) Alexander_Mahone(32): /misc 1
[26/11/2019, 23:44] (komut) Allen_Hox(17): /git 2
[26/11/2019, 23:44] Orkun(17), Brian_Warnock(42) adlý kiþiye ýþýnlandý.
[26/11/2019, 23:44] (komut) Allen_Hox(17): /git 2
[26/11/2019, 23:44] Orkun(17), Brian_Warnock(42) adlý kiþiye ýþýnlandý.
[26/11/2019, 23:44] (komut) Allen_Hox(17): /git 2
[26/11/2019, 23:44] Orkun(17), Brian_Warnock(42) adlý kiþiye ýþýnlandý.
[26/11/2019, 23:44] (komut) Allen_Hox(17): /git 2
[26/11/2019, 23:44] Orkun(17), Brian_Warnock(42) adlý kiþiye ýþýnlandý.
[26/11/2019, 23:44] (komut) Allen_Hox(17): /git 2
[26/11/2019, 23:44] Orkun(17), Brian_Warnock(42) adlý kiþiye ýþýnlandý.
[26/11/2019, 23:44] (komut) Allen_Hox(17): /git 2
[26/11/2019, 23:44] Orkun(17), Brian_Warnock(42) adlý kiþiye ýþýnlandý.
[26/11/2019, 23:44] (komut) Allen_Hox(17): /git 2
[26/11/2019, 23:44] Orkun(17), Brian_Warnock(42) adlý kiþiye ýþýnlandý.
[26/11/2019, 23:44] (komut) Allen_Hox(17): /git 2
[26/11/2019, 23:44] Orkun(17), Brian_Warnock(42) adlý kiþiye ýþýnlandý.
[26/11/2019, 23:44] (komut) Allen_Hox(17): /git 2
[26/11/2019, 23:44] Orkun(17), Brian_Warnock(42) adlý kiþiye ýþýnlandý.
[26/11/2019, 23:44] (komut) Allen_Hox(17): /git 2
[26/11/2019, 23:44] Orkun(17), Brian_Warnock(42) adlý kiþiye ýþýnlandý.
[26/11/2019, 23:44] (komut) Allen_Hox(17): /git 2
[26/11/2019, 23:44] Orkun(17), Brian_Warnock(42) adlý kiþiye ýþýnlandý.
[26/11/2019, 23:44] (komut) Allen_Hox(17): /git 2
[26/11/2019, 23:44] Orkun(17), Brian_Warnock(42) adlý kiþiye ýþýnlandý.
[26/11/2019, 23:44] (komut) Allen_Hox(17): /git 2
[26/11/2019, 23:44] Orkun(17), Brian_Warnock(42) adlý kiþiye ýþýnlandý.
[26/11/2019, 23:44] (komut) Allen_Hox(17): /git 2
[26/11/2019, 23:44] Orkun(17), Brian_Warnock(42) adlý kiþiye ýþýnlandý.
[26/11/2019, 23:44] (komut) Allen_Hox(17): /git 2
[26/11/2019, 23:44] Orkun(17), Brian_Warnock(42) adlý kiþiye ýþýnlandý.
[26/11/2019, 23:44] (komut) Allen_Hox(17): /git 2
[26/11/2019, 23:44] Orkun(17), Brian_Warnock(42) adlý kiþiye ýþýnlandý.
[26/11/2019, 23:44] (komut) Allen_Hox(17): /git 2
[26/11/2019, 23:44] Orkun(17), Brian_Warnock(42) adlý kiþiye ýþýnlandý.
[26/11/2019, 23:44] (komut) Allen_Hox(17): /git 2
[26/11/2019, 23:44] Orkun(17), Brian_Warnock(42) adlý kiþiye ýþýnlandý.
[26/11/2019, 23:44] (komut) Allen_Hox(17): /git 2
[26/11/2019, 23:44] Orkun(17), Brian_Warnock(42) adlý kiþiye ýþýnlandý.
[26/11/2019, 23:44] (komut) Allen_Hox(17): /git 2
[26/11/2019, 23:44] Orkun(17), Brian_Warnock(42) adlý kiþiye ýþýnlandý.
[26/11/2019, 23:44] (komut) Allen_Hox(17): /git 2
[26/11/2019, 23:44] Orkun(17), Brian_Warnock(42) adlý kiþiye ýþýnlandý.
[26/11/2019, 23:44] (komut) Allen_Hox(17): /git 2
[26/11/2019, 23:44] Orkun(17), Brian_Warnock(42) adlý kiþiye ýþýnlandý.
[26/11/2019, 23:44] (komut) Allen_Hox(17): /git 2
[26/11/2019, 23:44] Orkun(17), Brian_Warnock(42) adlý kiþiye ýþýnlandý.
[26/11/2019, 23:44] (komut) Brian_Warnock(42): /ls
[26/11/2019, 23:44] (komut) Brian_Warnock(42): /git ls
[26/11/2019, 23:44] (komut) Allen_Hox(17): /git 2
[26/11/2019, 23:44] Orkun(17), Brian_Warnock(42) adlý kiþiye ýþýnlandý.
[26/11/2019, 23:44] (komut) Allen_Hox(17): /git 2
[26/11/2019, 23:44] Orkun(17), Brian_Warnock(42) adlý kiþiye ýþýnlandý.
[26/11/2019, 23:44] (komut) Allen_Hox(17): /git 2
[26/11/2019, 23:44] Orkun(17), Brian_Warnock(42) adlý kiþiye ýþýnlandý.
[26/11/2019, 23:44] (komut) Allen_Hox(17): /git 2
[26/11/2019, 23:44] Orkun(17), Brian_Warnock(42) adlý kiþiye ýþýnlandý.
[26/11/2019, 23:44] (komut) Allen_Hox(17): /git 2
[26/11/2019, 23:44] Orkun(17), Brian_Warnock(42) adlý kiþiye ýþýnlandý.
[26/11/2019, 23:44] (komut) Allen_Hox(17): /git 2
[26/11/2019, 23:44] Orkun(17), Brian_Warnock(42) adlý kiþiye ýþýnlandý.
[26/11/2019, 23:44] (komut) Allen_Hox(17): /git 2
[26/11/2019, 23:44] Orkun(17), Brian_Warnock(42) adlý kiþiye ýþýnlandý.
[26/11/2019, 23:45] (komut) Allen_Hox(17): /git 2
[26/11/2019, 23:45] Orkun(17), Brian_Warnock(42) adlý kiþiye ýþýnlandý.
[26/11/2019, 23:45] (komut) Allen_Hox(17): /git 2
[26/11/2019, 23:45] Orkun(17), Brian_Warnock(42) adlý kiþiye ýþýnlandý.
[26/11/2019, 23:45] (komut) Allen_Hox(17): /git 2
[26/11/2019, 23:45] Orkun(17), Brian_Warnock(42) adlý kiþiye ýþýnlandý.
[26/11/2019, 23:45] (komut) Allen_Hox(17): /git 2
[26/11/2019, 23:45] Orkun(17), Brian_Warnock(42) adlý kiþiye ýþýnlandý.
[26/11/2019, 23:45] (komut) Allen_Hox(17): /git 2
[26/11/2019, 23:45] Orkun(17), Brian_Warnock(42) adlý kiþiye ýþýnlandý.
[26/11/2019, 23:45] (komut) Allen_Hox(17): /git 2
[26/11/2019, 23:45] Orkun(17), Brian_Warnock(42) adlý kiþiye ýþýnlandý.
[26/11/2019, 23:45] (komut) Allen_Hox(17): /git 2
[26/11/2019, 23:45] Orkun(17), Brian_Warnock(42) adlý kiþiye ýþýnlandý.
[26/11/2019, 23:45] (komut) Allen_Hox(17): /git 2
[26/11/2019, 23:45] Orkun(17), Brian_Warnock(42) adlý kiþiye ýþýnlandý.
[26/11/2019, 23:45] (komut) Allen_Hox(17): /git 2
[26/11/2019, 23:45] Orkun(17), Brian_Warnock(42) adlý kiþiye ýþýnlandý.
[26/11/2019, 23:45] (komut) Allen_Hox(17): /git 2
[26/11/2019, 23:45] Orkun(17), Brian_Warnock(42) adlý kiþiye ýþýnlandý.
[26/11/2019, 23:45] (komut) Allen_Hox(17): /git 2
[26/11/2019, 23:45] Orkun(17), Brian_Warnock(42) adlý kiþiye ýþýnlandý.
[26/11/2019, 23:45] (komut) Allen_Hox(17): /git 2
[26/11/2019, 23:45] Orkun(17), Brian_Warnock(42) adlý kiþiye ýþýnlandý.
[26/11/2019, 23:45] (komut) Allen_Hox(17): /git 2
[26/11/2019, 23:45] Orkun(17), Brian_Warnock(42) adlý kiþiye ýþýnlandý.
[26/11/2019, 23:45] (komut) Allen_Hox(17): /git 2
[26/11/2019, 23:45] Orkun(17), Brian_Warnock(42) adlý kiþiye ýþýnlandý.
[26/11/2019, 23:45] (komut) Allen_Hox(17): /git 2
[26/11/2019, 23:45] Orkun(17), Brian_Warnock(42) adlý kiþiye ýþýnlandý.
[26/11/2019, 23:45] (komut) Allen_Hox(17): /git 2
[26/11/2019, 23:45] Orkun(17), Brian_Warnock(42) adlý kiþiye ýþýnlandý.
[26/11/2019, 23:45] (komut) Allen_Hox(17): /git 2
[26/11/2019, 23:45] Orkun(17), Brian_Warnock(42) adlý kiþiye ýþýnlandý.
[26/11/2019, 23:45] (komut) Brian_Warnock(42): /git ls
[26/11/2019, 23:45] (komut) Allen_Hox(17): /git 2
[26/11/2019, 23:45] Orkun(17), Brian_Warnock(42) adlý kiþiye ýþýnlandý.
[26/11/2019, 23:45] (komut) Allen_Hox(17): /git 2
[26/11/2019, 23:45] Orkun(17), Brian_Warnock(42) adlý kiþiye ýþýnlandý.
[26/11/2019, 23:45] (komut) Allen_Hox(17): /git 2
[26/11/2019, 23:45] Orkun(17), Brian_Warnock(42) adlý kiþiye ýþýnlandý.
[26/11/2019, 23:45] (komut) Brian_Warnock(42): /git sf
[26/11/2019, 23:45] (komut) Allen_Hox(17): /git 2
[26/11/2019, 23:45] Orkun(17), Brian_Warnock(42) adlý kiþiye ýþýnlandý.
[26/11/2019, 23:45] (komut) Allen_Hox(17): /git 2
[26/11/2019, 23:45] Orkun(17), Brian_Warnock(42) adlý kiþiye ýþýnlandý.
[26/11/2019, 23:45] (komut) Brian_Warnock(42): /git sf
[26/11/2019, 23:45] (komut) Allen_Hox(17): /git 2
[26/11/2019, 23:45] Orkun(17), Brian_Warnock(42) adlý kiþiye ýþýnlandý.
[26/11/2019, 23:45] (komut) Allen_Hox(17): /git 2
[26/11/2019, 23:45] Orkun(17), Brian_Warnock(42) adlý kiþiye ýþýnlandý.
[26/11/2019, 23:45] (komut) Allen_Hox(17): /git 2
[26/11/2019, 23:45] Orkun(17), Brian_Warnock(42) adlý kiþiye ýþýnlandý.
[26/11/2019, 23:45] (komut) Brian_Warnock(42): /git ls
[26/11/2019, 23:45] (komut) Brian_Warnock(42): /git sf
[26/11/2019, 23:45] (komut) Allen_Hox(17): /git 2
[26/11/2019, 23:45] Orkun(17), Brian_Warnock(42) adlý kiþiye ýþýnlandý.
[26/11/2019, 23:45] (komut) Allen_Hox(17): /git 2
[26/11/2019, 23:45] Orkun(17), Brian_Warnock(42) adlý kiþiye ýþýnlandý.
[26/11/2019, 23:45] (komut) Allen_Hox(17): /git 2
[26/11/2019, 23:45] Orkun(17), Brian_Warnock(42) adlý kiþiye ýþýnlandý.
[26/11/2019, 23:45] (komut) Brian_Warnock(42): /git ls
[26/11/2019, 23:45] (komut) Brian_Warnock(42): /git sf
[26/11/2019, 23:45] (komut) Allen_Hox(17): /git 2
[26/11/2019, 23:45] Orkun(17), Brian_Warnock(42) adlý kiþiye ýþýnlandý.
[26/11/2019, 23:45] (komut) Brian_Warnock(42): /git ls
[26/11/2019, 23:45] (komut) Brian_Warnock(42): /git ls
[26/11/2019, 23:45] (komut) Allen_Hox(17): /git 2
[26/11/2019, 23:45] Orkun(17), Brian_Warnock(42) adlý kiþiye ýþýnlandý.
[26/11/2019, 23:45] (komut) Brian_Warnock(42): /git ls
[26/11/2019, 23:45] (komut) Brian_Warnock(42): /git ls
[26/11/2019, 23:45] (komut) Brian_Warnock(42): /git ls
[26/11/2019, 23:45] (komut) Brian_Warnock(42): /git ls
[26/11/2019, 23:45] (komut) Allen_Hox(17): /git 2
[26/11/2019, 23:45] Orkun(17), Brian_Warnock(42) adlý kiþiye ýþýnlandý.
[26/11/2019, 23:45] (komut) Brian_Warnock(42): /git 
[26/11/2019, 23:46] (komut) Brian_Warnock(42): /git gym
[26/11/2019, 23:46] (komut) Allen_Hox(17): /git 2
[26/11/2019, 23:46] Orkun(17), Brian_Warnock(42) adlý kiþiye ýþýnlandý.
[26/11/2019, 23:46] (komut) Brian_Warnock(42): /git cgh
[26/11/2019, 23:46] (komut) Allen_Hox(17): /git 2
[26/11/2019, 23:46] Orkun(17), Brian_Warnock(42) adlý kiþiye ýþýnlandý.
[26/11/2019, 23:46] (komut) Brian_Warnock(42): /git airport
[26/11/2019, 23:46] (komut) Allen_Hox(17): /git 2
[26/11/2019, 23:46] Orkun(17), Brian_Warnock(42) adlý kiþiye ýþýnlandý.
[26/11/2019, 23:46] (komut) Brian_Warnock(42): /git banka
[26/11/2019, 23:46] (komut) Allen_Hox(17): /git 2
[26/11/2019, 23:46] Orkun(17), Brian_Warnock(42) adlý kiþiye ýþýnlandý.
[26/11/2019, 23:46] (komut) Allen_Hox(17): /git 2
[26/11/2019, 23:46] Orkun(17), Brian_Warnock(42) adlý kiþiye ýþýnlandý.
[26/11/2019, 23:46] (komut) Allen_Hox(17): /git 2
[26/11/2019, 23:46] Orkun(17), Brian_Warnock(42) adlý kiþiye ýþýnlandý.
[26/11/2019, 23:46] (komut) Allen_Hox(17): /git 2
[26/11/2019, 23:46] Orkun(17), Brian_Warnock(42) adlý kiþiye ýþýnlandý.
[26/11/2019, 23:46] (komut) Brian_Warnock(42): /git tgs
[26/11/2019, 23:46] (komut) Allen_Hox(17): /git 2
[26/11/2019, 23:46] Orkun(17), Brian_Warnock(42) adlý kiþiye ýþýnlandý.
[26/11/2019, 23:46] (komut) Allen_Hox(17): /git 2
[26/11/2019, 23:46] Orkun(17), Brian_Warnock(42) adlý kiþiye ýþýnlandý.
[26/11/2019, 23:46] (komut) Allen_Hox(17): /goto
[26/11/2019, 23:46] (komut) Brian_Warnock(42): /siren
[26/11/2019, 23:46] (komut) Allen_Hox(17): /goto 2 ls
[26/11/2019, 23:46] Orkun(17), Brian_Warnock(42) adlý kiþiye ýþýnlandý.
[26/11/2019, 23:47] (komut) Brian_Warnock(42): /git tgs
[26/11/2019, 23:47] (komut) Brian_Warnock(42): /git tgs
[26/11/2019, 23:47] (komut) Brian_Warnock(42): /git tgs
[26/11/2019, 23:47] (komut) Brian_Warnock(42): /git tgs
[26/11/2019, 23:47] (komut) Brian_Warnock(42): /git tgs
[26/11/2019, 23:47] (komut) Brian_Warnock(42): /aracduzenle
[26/11/2019, 23:47] (komut) Brian_Warnock(42): /git tgs
[26/11/2019, 23:47] (komut) Allen_Hox(17): /aracduzenle
[26/11/2019, 23:47] (komut) Allen_Hox(17): /aracduzenle tamir
[26/11/2019, 23:47] (komut) Brian_Warnock(42): /aracduzenle lokasyon
[26/11/2019, 23:47] (komut) Allen_Hox(17): /aracduzenle 3 tamir
[26/11/2019, 23:47] (komut) Brian_Warnock(42): /aracduzenle lokasyon 12
[26/11/2019, 23:47] (komut) Brian_Warnock(42): /aracduzenle zirh 
[26/11/2019, 23:47] (komut) Allen_Hox(17): /aracduzenle 3 zirh
[26/11/2019, 23:47] (komut) Allen_Hox(17): /aracduzenle 3 zirh 4
[26/11/2019, 23:47] (komut) Brian_Warnock(42): /aracduzenle 3 zir
[26/11/2019, 23:47] [cmd_ame] Brian_Warnock(42) anahtarý saat yönünde çevirir ve aracýn motorunu açmaya çalýþýr.
[26/11/2019, 23:47] (komut) Allen_Hox(17): /goto 2
[26/11/2019, 23:47] Orkun(17), Brian_Warnock(42) adlý kiþiye ýþýnlandý.
[26/11/2019, 23:47] (komut) Allen_Hox(17): /goto 2
[26/11/2019, 23:47] Orkun(17), Brian_Warnock(42) adlý kiþiye ýþýnlandý.
[26/11/2019, 23:47] (komut) Allen_Hox(17): /goto 2
[26/11/2019, 23:47] Orkun(17), Brian_Warnock(42) adlý kiþiye ýþýnlandý.
[26/11/2019, 23:47] (komut) Allen_Hox(17): /goto 2
[26/11/2019, 23:47] Orkun(17), Brian_Warnock(42) adlý kiþiye ýþýnlandý.
[26/11/2019, 23:47] (komut) Allen_Hox(17): /goto 2
[26/11/2019, 23:47] Orkun(17), Brian_Warnock(42) adlý kiþiye ýþýnlandý.
[26/11/2019, 23:48] (komut) Allen_Hox(17): /goto 2
[26/11/2019, 23:48] Orkun(17), Brian_Warnock(42) adlý kiþiye ýþýnlandý.
[26/11/2019, 23:48] (komut) Brian_Warnock(42): /git asgh
[26/11/2019, 23:48] (komut) Allen_Hox(17): /goto 2
[26/11/2019, 23:48] Orkun(17), Brian_Warnock(42) adlý kiþiye ýþýnlandý.
[26/11/2019, 23:48] (komut) Allen_Hox(17): /goto 2
[26/11/2019, 23:48] Orkun(17), Brian_Warnock(42) adlý kiþiye ýþýnlandý.
[26/11/2019, 23:48] (komut) Brian_Warnock(42): /git
[26/11/2019, 23:48] (komut) Brian_Warnock(42): /git mall
[26/11/2019, 23:48] (komut) Allen_Hox(17): /goto 2
[26/11/2019, 23:48] Orkun(17), Brian_Warnock(42) adlý kiþiye ýþýnlandý.
[26/11/2019, 23:48] (komut) Brian_Warnock(42): /git dmv
[26/11/2019, 23:48] (komut) Allen_Hox(17): /goto 2
[26/11/2019, 23:48] Orkun(17), Brian_Warnock(42) adlý kiþiye ýþýnlandý.
[26/11/2019, 23:48] (komut) Brian_Warnock(42): /git san
[26/11/2019, 23:48] (komut) Allen_Hox(17): /goto 2
[26/11/2019, 23:48] Orkun(17), Brian_Warnock(42) adlý kiþiye ýþýnlandý.
[26/11/2019, 23:48] (komut) Allen_Hox(17): /goto 2
[26/11/2019, 23:48] Orkun(17), Brian_Warnock(42) adlý kiþiye ýþýnlandý.
[26/11/2019, 23:48] (komut) Allen_Hox(17): /goto 2
[26/11/2019, 23:48] Orkun(17), Brian_Warnock(42) adlý kiþiye ýþýnlandý.
[26/11/2019, 23:48] (komut) Brian_Warnock(42): /git bina
[26/11/2019, 23:48] (komut) Brian_Warnock(42): /git bina 
[26/11/2019, 23:48] (komut) Brian_Warnock(42): /git bina 15
[26/11/2019, 23:48] (komut) Allen_Hox(17): /goto 2
[26/11/2019, 23:48] Orkun(17), Brian_Warnock(42) adlý kiþiye ýþýnlandý.
[26/11/2019, 23:48] (komut) Brian_Warnock(42): /git san
[26/11/2019, 23:48] (komut) Allen_Hox(17): /goto 2
[26/11/2019, 23:48] Orkun(17), Brian_Warnock(42) adlý kiþiye ýþýnlandý.
[26/11/2019, 23:48] (komut) Allen_Hox(17): /goto 2
[26/11/2019, 23:48] Orkun(17), Brian_Warnock(42) adlý kiþiye ýþýnlandý.
[26/11/2019, 23:48] (komut) Allen_Hox(17): /goto 2
[26/11/2019, 23:48] Orkun(17), Brian_Warnock(42) adlý kiþiye ýþýnlandý.
[26/11/2019, 23:48] (komut) Allen_Hox(17): /goto 2
[26/11/2019, 23:48] Orkun(17), Brian_Warnock(42) adlý kiþiye ýþýnlandý.
[26/11/2019, 23:49] (komut) Brian_Warnock(42): /git san
[26/11/2019, 23:49] (komut) Allen_Hox(17): /goto 2
[26/11/2019, 23:49] Orkun(17), Brian_Warnock(42) adlý kiþiye ýþýnlandý.
[26/11/2019, 23:49] (komut) Brian_Warnock(42): /god
[26/11/2019, 23:49] Brian_Warnock(42), Allen_Hox(17) tarafýndan öldürüldü. (sebep: 31)
[26/11/2019, 23:49] (komut) Brian_Warnock(42): /aduty
[26/11/2019, 23:49] (komut) Brian_Warnock(42): /aduty
[26/11/2019, 23:49] (komut) Brian_Warnock(42): /respawn
[26/11/2019, 23:49] (komut) Allen_Hox(17): /revive 2
[26/11/2019, 23:49] Orkun(17), Brian_Warnock(42) adlý kiþiyi yaralý durumdan çýkardý.
[26/11/2019, 23:49] (komut) Brian_Warnock(42): /aduty
[26/11/2019, 23:49] Allen_Hox(17), Yusuf(42) tarafýndan öldürüldü. (sebep: 31)
[26/11/2019, 23:49] (komut) Allen_Hox(17): /aduty
[26/11/2019, 23:49] (komut) Allen_Hox(17): /revive 1
[26/11/2019, 23:49] Orkun(17), Allen_Hox(17) adlý kiþiyi yaralý durumdan çýkardý.
[26/11/2019, 23:49] (komut) Allen_Hox(17): /aduty
[26/11/2019, 23:49] (komut) Yusuf(42): /kilit
[26/11/2019, 23:49] (komut) Orkun(17): /goto 2
[26/11/2019, 23:49] Orkun(17), Yusuf(42) adlý kiþiye ýþýnlandý.
[26/11/2019, 23:49] (komut) Yusuf(42): /git ls
[26/11/2019, 23:49] (komut) Yusuf(42): /git ls
[26/11/2019, 23:49] (komut) Yusuf(42): /git ls
[26/11/2019, 23:49] (komut) Yusuf(42): /git ls
[26/11/2019, 23:49] (komut) Yusuf(42): /git ls
[26/11/2019, 23:49] (komut) Yusuf(42): /git ls
[26/11/2019, 23:49] (komut) Yusuf(42): /git ls
[26/11/2019, 23:49] (komut) Yusuf(42): /git ls
[26/11/2019, 23:49] (komut) Yusuf(42): /git sf
[26/11/2019, 23:49] (komut) Orkun(17): /goto 2
[26/11/2019, 23:49] Orkun(17), Yusuf(42) adlý kiþiye ýþýnlandý.
[26/11/2019, 23:49] (komut) Yusuf(42): /git bina
[26/11/2019, 23:49] (komut) Yusuf(42): /git bina 
[26/11/2019, 23:50] (komut) Orkun(17): /goto 2
[26/11/2019, 23:50] Orkun(17), Yusuf(42) adlý kiþiye ýþýnlandý.
[26/11/2019, 23:50] (komut) Yusuf(42): /aracduzenle
[26/11/2019, 23:50] (komut) Orkun(17): /goto 2
[26/11/2019, 23:50] Orkun(17), Yusuf(42) adlý kiþiye ýþýnlandý.
[26/11/2019, 23:50] (komut) Yusuf(42): /aracduzenle 3 zirh 4
[26/11/2019, 23:50] [cmd_ame] Yusuf(42) anahtarý saat yönünde çevirir ve aracýn motorunu açmaya çalýþýr.
[26/11/2019, 23:50] (komut) Orkun(17): /goto 2
[26/11/2019, 23:50] Orkun(17), Yusuf(42) adlý kiþiye ýþýnlandý.
[26/11/2019, 23:50] (komut) Orkun(17): /goto 2
[26/11/2019, 23:50] Orkun(17), Yusuf(42) adlý kiþiye ýþýnlandý.
[26/11/2019, 23:50] (komut) Orkun(17): /aracbin
[26/11/2019, 23:50] (komut) Yusuf(42): /git
[26/11/2019, 23:50] (komut) Orkun(17): /bin
[26/11/2019, 23:50] (komut) Orkun(17): /ah
[26/11/2019, 23:50] (komut) Yusuf(42): /git tnoktasi
[26/11/2019, 23:50] (komut) Yusuf(42): /git tnoktasi 1
[26/11/2019, 23:50] (komut) Orkun(17): /goto 2
[26/11/2019, 23:50] Orkun(17), Yusuf(42) adlý kiþiye ýþýnlandý.
[26/11/2019, 23:50] (komut) Yusuf(42): /git sf
[26/11/2019, 23:50] (komut) Orkun(17): /goto 2
[26/11/2019, 23:50] Orkun(17), Yusuf(42) adlý kiþiye ýþýnlandý.
[26/11/2019, 23:50] (komut) Yusuf(42): /jetpack
[26/11/2019, 23:50] (komut) Orkun(17): /goto 2
[26/11/2019, 23:50] Orkun(17), Yusuf(42) adlý kiþiye ýþýnlandý.
[26/11/2019, 23:50] (komut) Orkun(17): /goto 2
[26/11/2019, 23:50] Orkun(17), Yusuf(42) adlý kiþiye ýþýnlandý.
[26/11/2019, 23:50] (komut) Orkun(17): /goto 2
[26/11/2019, 23:50] Orkun(17), Yusuf(42) adlý kiþiye ýþýnlandý.
[26/11/2019, 23:50] (komut) Orkun(17): /goto 2
[26/11/2019, 23:50] Orkun(17), Yusuf(42) adlý kiþiye ýþýnlandý.
[26/11/2019, 23:50] (komut) Orkun(17): /goto 2
[26/11/2019, 23:50] Orkun(17), Yusuf(42) adlý kiþiye ýþýnlandý.
[26/11/2019, 23:50] (komut) Orkun(17): /goto 2
[26/11/2019, 23:50] Orkun(17), Yusuf(42) adlý kiþiye ýþýnlandý.
[26/11/2019, 23:50] (komut) Orkun(17): /goto 2
[26/11/2019, 23:50] Orkun(17), Yusuf(42) adlý kiþiye ýþýnlandý.
[26/11/2019, 23:50] (komut) Orkun(17): /goto 2
[26/11/2019, 23:50] Orkun(17), Yusuf(42) adlý kiþiye ýþýnlandý.
[26/11/2019, 23:50] (komut) Orkun(17): /goto 2
[26/11/2019, 23:50] Orkun(17), Yusuf(42) adlý kiþiye ýþýnlandý.
[26/11/2019, 23:50] (komut) Orkun(17): /goto 2
[26/11/2019, 23:50] Orkun(17), Yusuf(42) adlý kiþiye ýþýnlandý.
[26/11/2019, 23:50] (komut) Yusuf(42): /kilit
[26/11/2019, 23:51] (komut) Orkun(17): /goto 2
[26/11/2019, 23:51] Orkun(17), Yusuf(42) adlý kiþiye ýþýnlandý.
[26/11/2019, 23:51] (komut) Yusuf(42): /kilit
[26/11/2019, 23:51] (komut) Orkun(17): /aracsil 3
[26/11/2019, 23:51] Orkun(17) bir aracý sildi. (SAHIP: 7 / Model: Sultan)
[26/11/2019, 23:51] (komut) Yusuf(42): /git
[26/11/2019, 23:51] (komut) Orkun(17): /jetpack
[26/11/2019, 23:51] (komut) Yusuf(42): /git tnoktasi 2
[26/11/2019, 23:51] (komut) Yusuf(42): /git tnoktasi 3
[26/11/2019, 23:51] (komut) Yusuf(42): /git tnoktasi 4
[26/11/2019, 23:51] (komut) Yusuf(42): /git tnoktasi 1
[26/11/2019, 23:51] (komut) Orkun(17): /slap
[26/11/2019, 23:51] (komut) Orkun(17): /slap 2
[26/11/2019, 23:51] Orkun(17), Yusuf(42) adlý kiþiyi tokatladý.
[26/11/2019, 23:51] (komut) Orkun(17): /goto 2
[26/11/2019, 23:51] Orkun(17), Yusuf(42) adlý kiþiye ýþýnlandý.
[26/11/2019, 23:51] (komut) Yusuf(42): /slap
[26/11/2019, 23:51] (komut) Orkun(17): /goto 2
[26/11/2019, 23:51] Orkun(17), Yusuf(42) adlý kiþiye ýþýnlandý.
[26/11/2019, 23:51] (komut) Yusuf(42): /slap
[26/11/2019, 23:51] (komut) Orkun(17): /slap 2
[26/11/2019, 23:51] Orkun(17), Yusuf(42) adlý kiþiyi tokatladý.
[26/11/2019, 23:51] (komut) Orkun(17): /slap 2
[26/11/2019, 23:51] Orkun(17), Yusuf(42) adlý kiþiyi tokatladý.
[26/11/2019, 23:51] (komut) Yusuf(42): /slap 1
[26/11/2019, 23:51] (komut) Yusuf(42): /slap 1
[26/11/2019, 23:51] (komut) Yusuf(42): /slap 1
[26/11/2019, 23:51] (komut) Yusuf(42): /slap 1
[26/11/2019, 23:51] (komut) Orkun(17): /slap 2
[26/11/2019, 23:51] Orkun(17), Yusuf(42) adlý kiþiyi tokatladý.
[26/11/2019, 23:51] (komut) Orkun(17): /slap 2
[26/11/2019, 23:51] Orkun(17), Yusuf(42) adlý kiþiyi tokatladý.
[26/11/2019, 23:51] (komut) Orkun(17): /slap 2
[26/11/2019, 23:51] Orkun(17), Yusuf(42) adlý kiþiyi tokatladý.
[26/11/2019, 23:51] (komut) Orkun(17): /slap 2
[26/11/2019, 23:51] Orkun(17), Yusuf(42) adlý kiþiyi tokatladý.
[26/11/2019, 23:51] (komut) Yusuf(42): /kick
[26/11/2019, 23:51] (komut) Orkun(17): /slap 2
[26/11/2019, 23:51] Orkun(17), Yusuf(42) adlý kiþiyi tokatladý.
[26/11/2019, 23:51] (komut) Orkun(17): /slap 2
[26/11/2019, 23:51] Orkun(17), Yusuf(42) adlý kiþiyi tokatladý.
[26/11/2019, 23:51] (komut) Yusuf(42): /kick 1
[26/11/2019, 23:51] (komut) Yusuf(42): /kick 1 deneme
[26/11/2019, 23:51] Brian_Warnock(255.255.255.255) oyundan çýkýþ yaptý.
[26/11/2019, 23:51] (komut) Orkun(17): /slap 2
[26/11/2019, 23:51] (komut) Orkun(17): /slap 2
[26/11/2019, 23:51] (komut) Orkun(17): /git 1
[26/11/2019, 23:51] (komut) Orkun(17): /git 0
[26/11/2019, 23:51] Orkun(17), Biddy_Boelter(1) adlý kiþiye ýþýnlandý.
[26/11/2019, 23:55] (komut) Orkun(17): /evlamba
[26/11/2019, 23:55] (komut) Alexander_Mahone(32): /slap 1
[26/11/2019, 23:55] Darly(32), Orkun(17) adlý kiþiyi tokatladý.
[26/11/2019, 23:56] (komut) Orkun(17): /git 1
[26/11/2019, 23:56] (komut) Orkun(17): /git 2
[26/11/2019, 23:56] (komut) Orkun(17): /git 0
[26/11/2019, 23:56] Orkun(17), Biddy_Boelter(1) adlý kiþiye ýþýnlandý.
[26/11/2019, 23:56] (komut) Orkun(17): /slap 3
[26/11/2019, 23:56] Orkun(17), Alexander_Mahone(32) adlý kiþiyi tokatladý.
[26/11/2019, 23:56] (komut) Alexander_Mahone(32): /misc 1
[26/11/2019, 23:56] (komut) Alexander_Mahone(32): /misc 1
[26/11/2019, 23:56] (komut) Alexander_Mahone(32): /misc 1
[26/11/2019, 23:56] (komut) Alexander_Mahone(32): /misc 1
[26/11/2019, 23:56] (komut) Alexander_Mahone(32): /misc 1t
[26/11/2019, 23:56] (komut) Alexander_Mahone(32): /misc 1tt
[26/11/2019, 23:56] (komut) Alexander_Mahone(32): /misc 1ttt
[26/11/2019, 23:56] (komut) Alexander_Mahone(32): /misc 1ttt
[26/11/2019, 23:56] Alexander_Mahone(255.255.255.255) oyundan çýkýþ yaptý.
[26/11/2019, 23:56] (komut) Orkun(17): /raf
[26/11/2019, 23:57] Allen_Hox(255.255.255.255) oyundan çýkýþ yaptý.
