[27/11/2019, 00:09] (komut) Biddy_Boelter(1): /restart 1 1
[27/11/2019, 00:09] 001(127.0.0.1) oyundan çýkýþ yaptý.
[27/11/2019, 00:10] 001(127.0.0.1) sunucuya giriþ yaptý.
[27/11/2019, 00:10] (komut) Biddy_Boelter(1): /telefon
[27/11/2019, 00:10] [cmd_me] Biddy_Boelter(1) elini cebine götürür, telefonunu çýkarýr.
[27/11/2019, 00:10] (komut) Biddy_Boelter(1): /telefon
[27/11/2019, 00:10] [cmd_me] Biddy_Boelter(1) elini cebine götürür, telefonunu çýkarýr.
[27/11/2019, 00:13] (komut) Biddy_Boelter(1): /restart 1 1
[27/11/2019, 00:13] 001(127.0.0.1) oyundan çýkýþ yaptý.
[27/11/2019, 00:13] 001(127.0.0.1) sunucuya giriþ yaptý.
[27/11/2019, 00:14] 001(127.0.0.1) oyundan çýkýþ yaptý.
[27/11/2019, 00:14] 001(127.0.0.1) sunucuya giriþ yaptý.
[27/11/2019, 00:15] (komut) Biddy_Boelter(1): /telefon
[27/11/2019, 00:15] [cmd_me] Biddy_Boelter(1) elini cebine götürür, telefonunu çýkarýr.
[27/11/2019, 00:16] (komut) Biddy_Boelter(1): /git ev 163
[27/11/2019, 00:19] (komut) Biddy_Boelter(1): /restart 1 1
[27/11/2019, 00:19] 001(127.0.0.1) oyundan çýkýþ yaptý.
[27/11/2019, 00:20] 001(127.0.0.1) sunucuya giriþ yaptý.
[27/11/2019, 00:20] (komut) Biddy_Boelter(1): /telefon
[27/11/2019, 00:20] [cmd_me] Biddy_Boelter(1) elini cebine götürür, telefonunu çýkarýr.
[27/11/2019, 00:20] (komut) Biddy_Boelter(1): /ymac
[27/11/2019, 00:20] [cmd_ame] Biddy_Boelter(1) anahtarý saat yönünde çevirir ve aracýn motorunu açmaya çalýþýr.
[27/11/2019, 00:21] (komut) Biddy_Boelter(1): /nos
[27/11/2019, 00:21] (komut) Biddy_Boelter(1): /acevir
[27/11/2019, 00:21] (komut) Biddy_Boelter(1): /git lv
[27/11/2019, 00:21] (komut) Biddy_Boelter(1): /atamir
[27/11/2019, 00:22] (komut) Biddy_Boelter(1): /nos
[27/11/2019, 00:22] (komut) Biddy_Boelter(1): /havayidegistir 0
[27/11/2019, 00:22] (komut) Biddy_Boelter(1): /havayidegistir 0
[27/11/2019, 00:22] (komut) Biddy_Boelter(1): /nos
[27/11/2019, 00:22] (komut) Biddy_Boelter(1): /atamir
[27/11/2019, 00:23] (komut) Biddy_Boelter(1): /aduty
[27/11/2019, 00:23] (komut) viathegod(1): /karakter
[27/11/2019, 00:23] (komut) viathegod(1): /telefon
[27/11/2019, 00:23] (komut) viathegod(1): /aduty
[27/11/2019, 00:23] (komut) Biddy_Boelter(1): /telefon
[27/11/2019, 00:23] [cmd_me] Biddy_Boelter(1) elini cebine götürür, telefonunu çýkarýr.
[27/11/2019, 00:24] (komut) Biddy_Boelter(1): /git ev 7
[27/11/2019, 00:24] (komut) Biddy_Boelter(1): /git ev 
[27/11/2019, 00:24] (komut) Biddy_Boelter(1): /telefon
[27/11/2019, 00:24] [cmd_me] Biddy_Boelter(1) elini cebine götürür, telefonunu çýkarýr.
[27/11/2019, 00:24] (komut) Biddy_Boelter(1): /git ev 164
[27/11/2019, 00:24] (komut) Biddy_Boelter(1): /git ev 78
[27/11/2019, 00:24] (komut) Biddy_Boelter(1): /git ev 76
[27/11/2019, 00:27] (komut) Biddy_Boelter(1): /git sf
[27/11/2019, 00:27] (komut) Biddy_Boelter(1): /acc
[27/11/2019, 00:27] (komut) Biddy_Boelter(1): /telefon
[27/11/2019, 00:27] [cmd_me] Biddy_Boelter(1) elini cebine götürür, telefonunu çýkarýr.
[27/11/2019, 00:41] Biddy_Boelter(255.255.255.255) oyundan çýkýþ yaptý.
[27/11/2019, 02:48] 538(25.5.84.199) sunucuya giriþ yaptý.
[27/11/2019, 02:49] (komut) Alexander_Mahone(32): /telefon
[27/11/2019, 02:49] [cmd_me] Alexander_Mahone(32) elini cebine götürür, telefonunu çýkarýr.
[27/11/2019, 02:49] (komut) Alexander_Mahone(32): /ymac
[27/11/2019, 02:49] [cmd_ame] Alexander_Mahone(32) anahtarý saat yönünde çevirir ve aracýn motorunu açmaya çalýþýr.
[27/11/2019, 02:49] (komut) Alexander_Mahone(32): /yaracver 0 nrg
[27/11/2019, 02:49] 001(127.0.0.1) sunucuya giriþ yaptý.
[27/11/2019, 02:49] (komut) Alexander_Mahone(32): /yaracver
[27/11/2019, 02:49] (komut) Alexander_Mahone(32): /aracver 0 nrg
[27/11/2019, 02:49] Darly(32), Alexander_Mahone(32) adlý kiþiye NRG-500 model arac verdi. (SID: 0)
[27/11/2019, 02:49] (komut) Alexander_Mahone(32): /motor
[27/11/2019, 02:49] [cmd_ame] Alexander_Mahone(32) anahtarý saat yönünde çevirir ve aracýn motorunu açmaya çalýþýr.
[27/11/2019, 02:49] (komut) Veronica_Renfrow(2): /setskin 0 309
[27/11/2019, 02:49] viathegod(2), Alexander_Mahone(32) adlý kiþinin kýyafetini 309 olarak deðiþtirdi.
[27/11/2019, 02:49] (komut) Veronica_Renfrow(2): /karakter
[27/11/2019, 02:50] (komut) Veronica_Renfrow(2): /setskin 1 309
[27/11/2019, 02:50] viathegod(2), Veronica_Renfrow(2) adlý kiþinin kýyafetini 309 olarak deðiþtirdi.
[27/11/2019, 02:50] (komut) Veronica_Renfrow(2): /telefon
[27/11/2019, 02:50] [cmd_me] Veronica_Renfrow(2) elini cebine götürür, telefonunu çýkarýr.
[27/11/2019, 02:50] (komut) Veronica_Renfrow(2): /telefon
[27/11/2019, 02:50] [cmd_me] Veronica_Renfrow(2) elini cebine götürür, telefonunu çýkarýr.
[27/11/2019, 02:50] (komut) Veronica_Renfrow(2): /git 0
[27/11/2019, 02:50] viathegod(2), Alexander_Mahone(32) adlý kiþiye ýþýnlandý.
[27/11/2019, 02:50] (komut) Veronica_Renfrow(2): /git 0
[27/11/2019, 02:50] viathegod(2), Alexander_Mahone(32) adlý kiþiye ýþýnlandý.
[27/11/2019, 02:50] (komut) Veronica_Renfrow(2): /git 0
[27/11/2019, 02:50] viathegod(2), Alexander_Mahone(32) adlý kiþiye ýþýnlandý.
[27/11/2019, 02:50] (komut) Veronica_Renfrow(2): /git 0
[27/11/2019, 02:50] viathegod(2), Alexander_Mahone(32) adlý kiþiye ýþýnlandý.
[27/11/2019, 02:50] (komut) Veronica_Renfrow(2): /git 0
[27/11/2019, 02:50] viathegod(2), Alexander_Mahone(32) adlý kiþiye ýþýnlandý.
[27/11/2019, 02:50] (komut) Veronica_Renfrow(2): /git y 2
[27/11/2019, 02:50] (komut) Veronica_Renfrow(2): /git y -2
[27/11/2019, 02:50] (komut) Veronica_Renfrow(2): /git y -2
[27/11/2019, 02:51] (komut) Alexander_Mahone(32): /git 1
[27/11/2019, 02:51] Darly(32), Veronica_Renfrow(2) adlý kiþiye ýþýnlandý.
[27/11/2019, 02:51] (komut) Alexander_Mahone(32): /telefon
[27/11/2019, 02:51] [cmd_me] Alexander_Mahone(32) elini cebine götürür, telefonunu çýkarýr.
[27/11/2019, 02:51] (komut) Alexander_Mahone(32): /telefon
[27/11/2019, 02:51] [cmd_me] Alexander_Mahone(32) elini cebine götürür, telefonunu çýkarýr.
[27/11/2019, 02:51] (komut) Alexander_Mahone(32): /git
[27/11/2019, 02:51] (komut) Alexander_Mahone(32): /telefon
[27/11/2019, 02:51] [cmd_me] Alexander_Mahone(32) elini cebine götürür, telefonunu çýkarýr.
[27/11/2019, 02:51] (komut) Alexander_Mahone(32): /git 30
[27/11/2019, 02:52] (komut) Alexander_Mahone(32): /git isyeri 30
[27/11/2019, 02:52] (komut) Veronica_Renfrow(2): /git 
[27/11/2019, 02:52] (komut) Veronica_Renfrow(2): /git 0
[27/11/2019, 02:52] viathegod(2), Alexander_Mahone(32) adlý kiþiye ýþýnlandý.
[27/11/2019, 02:52] (komut) Alexander_Mahone(32): /isyeri
[27/11/2019, 02:52] (komut) Alexander_Mahone(32): /telefon
[27/11/2019, 02:52] [cmd_me] Alexander_Mahone(32) elini cebine götürür, telefonunu çýkarýr.
[27/11/2019, 02:52] (komut) Veronica_Renfrow(2): /telefon
[27/11/2019, 02:52] [cmd_me] Veronica_Renfrow(2) elini cebine götürür, telefonunu çýkarýr.
[27/11/2019, 02:52] (komut) Veronica_Renfrow(2): /telefon
[27/11/2019, 02:52] [cmd_me] Veronica_Renfrow(2) elini cebine götürür, telefonunu çýkarýr.
[27/11/2019, 02:52] (komut) Alexander_Mahone(32): /gpsifirla
[27/11/2019, 02:52] (komut) Alexander_Mahone(32): /cpsifirla
[27/11/2019, 02:52] (komut) Alexander_Mahone(32): /telefon
[27/11/2019, 02:52] [cmd_me] Alexander_Mahone(32) elini cebine götürür, telefonunu çýkarýr.
[27/11/2019, 02:53] (komut) Alexander_Mahone(32): /telefon
[27/11/2019, 02:53] [cmd_me] Alexander_Mahone(32) elini cebine götürür, telefonunu çýkarýr.
[27/11/2019, 02:53] (komut) Alexander_Mahone(32): /git isyeri 45,
[27/11/2019, 02:53] (komut) Alexander_Mahone(32): /git isyeri 45
[27/11/2019, 02:53] (komut) Alexander_Mahone(32): /cpsifirla
[27/11/2019, 02:53] (komut) Alexander_Mahone(32): /telefon
[27/11/2019, 02:53] [cmd_me] Alexander_Mahone(32) elini cebine götürür, telefonunu çýkarýr.
[27/11/2019, 02:53] (komut) Alexander_Mahone(32): /cpsifirla
[27/11/2019, 02:53] (komut) Alexander_Mahone(32): /araclarim
[27/11/2019, 02:53] (komut) Alexander_Mahone(32): /aracsifirla
[27/11/2019, 02:53] (komut) Alexander_Mahone(32): /git 1
[27/11/2019, 02:53] Darly(32), Veronica_Renfrow(2) adlý kiþiye ýþýnlandý.
[27/11/2019, 02:54] (komut) Alexander_Mahone(32): /telefon
[27/11/2019, 02:54] [cmd_me] Alexander_Mahone(32) elini cebine götürür, telefonunu çýkarýr.
[27/11/2019, 02:54] (komut) Alexander_Mahone(32): /telefon
[27/11/2019, 02:54] [cmd_me] Alexander_Mahone(32) elini cebine götürür, telefonunu çýkarýr.
[27/11/2019, 02:54] (komut) Alexander_Mahone(32): /aracver 0 nrg
[27/11/2019, 02:54] Darly(32), Alexander_Mahone(32) adlý kiþiye NRG-500 model arac verdi. (SID: 0)
[27/11/2019, 02:54] (komut) Alexander_Mahone(32): /amotor
[27/11/2019, 02:54] [cmd_ame] Alexander_Mahone(32) anahtarý saat yönünde çevirir ve aracýn motorunu açmaya çalýþýr.
[27/11/2019, 02:55] (komut) Alexander_Mahone(32): /telefon
[27/11/2019, 02:55] [cmd_me] Alexander_Mahone(32) elini cebine götürür, telefonunu çýkarýr.
[27/11/2019, 02:55] (komut) Alexander_Mahone(32): /telefon
[27/11/2019, 02:55] [cmd_me] Alexander_Mahone(32) elini cebine götürür, telefonunu çýkarýr.
[27/11/2019, 02:55] (komut) Alexander_Mahone(32): /git ev 40
[27/11/2019, 02:56] (komut) Alexander_Mahone(32): /araclarisiflra
[27/11/2019, 02:56] (komut) Alexander_Mahone(32): /araclarim
[27/11/2019, 02:56] (komut) Alexander_Mahone(32): /cek arac 8
[27/11/2019, 02:56] (komut) Alexander_Mahone(32): /git arac 9
[27/11/2019, 02:56] (komut) Alexander_Mahone(32): /git 0
[27/11/2019, 02:56] (komut) Alexander_Mahone(32): /git 1
[27/11/2019, 02:56] Darly(32), Veronica_Renfrow(2) adlý kiþiye ýþýnlandý.
[27/11/2019, 02:56] (komut) Alexander_Mahone(32): /git 1
[27/11/2019, 02:56] Darly(32), Veronica_Renfrow(2) adlý kiþiye ýþýnlandý.
[27/11/2019, 02:56] (komut) Alexander_Mahone(32): /cekarac
[27/11/2019, 02:56] (komut) Alexander_Mahone(32): /aracicek
[27/11/2019, 02:56] (komut) Alexander_Mahone(32): /acek 9
[27/11/2019, 02:56] Darly(32) bir aracý yanýna çekti. (SQL: 24)
[27/11/2019, 02:57] (komut) Alexander_Mahone(32): /karakter
[27/11/2019, 02:57] (komut) Veronica_Renfrow(2): /git 0
[27/11/2019, 02:57] viathegod(2), Alexander_Mahone(32) adlý kiþiye ýþýnlandý.
[27/11/2019, 02:57] (komut) Veronica_Renfrow(2): /havayidegistir
[27/11/2019, 02:57] (komut) Veronica_Renfrow(2): /havayidegistir 3
[27/11/2019, 02:57] (komut) Veronica_Renfrow(2): /havayidegistir 4
[27/11/2019, 02:57] (komut) Veronica_Renfrow(2): /havayidegistir 5
[27/11/2019, 02:57] (komut) Veronica_Renfrow(2): /havayidegistir 6
[27/11/2019, 02:57] (komut) Veronica_Renfrow(2): /havayidegistir 7
[27/11/2019, 02:57] (komut) Veronica_Renfrow(2): /havayidegistir 10
[27/11/2019, 02:57] (komut) Alexander_Mahone(32): /cekilisyap
[27/11/2019, 02:57] (komut) Veronica_Renfrow(2): /havayidegistir 11
[27/11/2019, 02:57] (komut) Veronica_Renfrow(2): /havayidegistir 12
[27/11/2019, 02:57] (komut) Veronica_Renfrow(2): /havayidegistir 13
[27/11/2019, 02:57] (komut) Alexander_Mahone(32): /cekilis
[27/11/2019, 02:57] (komut) Veronica_Renfrow(2): /havayidegistir 22
[27/11/2019, 02:57] (komut) Veronica_Renfrow(2): /havayidegistir 24
[27/11/2019, 02:57] (komut) Veronica_Renfrow(2): /havayidegistir 25
[27/11/2019, 02:57] (komut) Veronica_Renfrow(2): /havayidegistir 26
[27/11/2019, 02:57] (komut) Veronica_Renfrow(2): /havayidegistir 27
[27/11/2019, 02:57] (komut) Veronica_Renfrow(2): /havayidegistir 28
[27/11/2019, 02:57] (komut) Veronica_Renfrow(2): /havayidegistir 29
[27/11/2019, 02:57] (komut) Veronica_Renfrow(2): /havayidegistir 30
[27/11/2019, 02:57] (komut) Veronica_Renfrow(2): /havayidegistir 35
[27/11/2019, 02:57] (komut) Veronica_Renfrow(2): /havayidegistir 40
[27/11/2019, 02:57] (komut) Veronica_Renfrow(2): /havayidegistir 41
[27/11/2019, 02:57] (komut) Veronica_Renfrow(2): /havayidegistir 42
[27/11/2019, 02:57] (komut) Veronica_Renfrow(2): /havayidegistir 43
[27/11/2019, 02:57] (komut) Veronica_Renfrow(2): /havayidegistir 44
[27/11/2019, 02:57] (komut) Alexander_Mahone(32): /git grotti
[27/11/2019, 02:57] (komut) Veronica_Renfrow(2): /havayidegistir 45
[27/11/2019, 02:57] (komut) Veronica_Renfrow(2): /havayidegistir 46
[27/11/2019, 02:57] (komut) Veronica_Renfrow(2): /havayidegistir 47
[27/11/2019, 02:57] (komut) Veronica_Renfrow(2): /havayidegistir 49
[27/11/2019, 02:57] (komut) Veronica_Renfrow(2): /havayidegistir 50
[27/11/2019, 02:57] (komut) Veronica_Renfrow(2): /havayidegistir 51
[27/11/2019, 02:58] (komut) Veronica_Renfrow(2): /havayidegistir 52
[27/11/2019, 02:58] (komut) Veronica_Renfrow(2): /havayidegistir 53
[27/11/2019, 02:58] (komut) Veronica_Renfrow(2): /havayidegistir 54
[27/11/2019, 02:58] (komut) Veronica_Renfrow(2): /havayidegistir 55
[27/11/2019, 02:58] (komut) Alexander_Mahone(32): /git jefferson
[27/11/2019, 02:58] (komut) Veronica_Renfrow(2): /havayidegistir 0
[27/11/2019, 02:58] (komut) Veronica_Renfrow(2): /havayidegistir 1
[27/11/2019, 02:58] (komut) Veronica_Renfrow(2): /cpsifirla
[27/11/2019, 02:58] (komut) Veronica_Renfrow(2): /karakter
[27/11/2019, 02:58] (komut) Veronica_Renfrow(2): /karakter 0
[27/11/2019, 02:58] (komut) Veronica_Renfrow(2): /karakter 0
[27/11/2019, 02:58] (komut) Veronica_Renfrow(2): /karakter 0
[27/11/2019, 02:59] (komut) Alexander_Mahone(32): /yardim
[27/11/2019, 02:59] (komut) Veronica_Renfrow(2): /havaalanikapi
[27/11/2019, 02:59] (komut) Alexander_Mahone(32): /havaalanikapi
[27/11/2019, 02:59] (komut) Alexander_Mahone(32): /git ls
[27/11/2019, 02:59] (komut) Veronica_Renfrow(2): /git ev 5
[27/11/2019, 02:59] (komut) Alexander_Mahone(32): /acek 9
[27/11/2019, 02:59] Darly(32) bir aracý yanýna çekti. (SQL: 24)
[27/11/2019, 02:59] (komut) Alexander_Mahone(32): /cek 1
[27/11/2019, 02:59] Darly(32), Veronica_Renfrow(2) adlý kiþiyi yanýna çekti.
[27/11/2019, 02:59] (komut) Veronica_Renfrow(2): /telefon
[27/11/2019, 02:59] [cmd_me] Veronica_Renfrow(2) elini cebine götürür, telefonunu çýkarýr.
[27/11/2019, 02:59] (komut) Alexander_Mahone(32): /amotor
[27/11/2019, 02:59] [cmd_ame] Alexander_Mahone(32) anahtarý saat yönünde çevirir ve aracýn motorunu açmaya çalýþýr.
[27/11/2019, 03:00] (komut) Alexander_Mahone(32): /yardim
[27/11/2019, 03:00] (komut) Veronica_Renfrow(2): /telefon
[27/11/2019, 03:00] [cmd_me] Veronica_Renfrow(2) elini cebine götürür, telefonunu çýkarýr.
[27/11/2019, 03:00] (komut) Alexander_Mahone(32): /telefon
[27/11/2019, 03:00] [cmd_me] Alexander_Mahone(32) elini cebine götürür, telefonunu çýkarýr.
[27/11/2019, 03:01] (komut) Alexander_Mahone(32): /oykullan
[27/11/2019, 03:01] (komut) Veronica_Renfrow(2): /git 0
[27/11/2019, 03:01] viathegod(2), Alexander_Mahone(32) adlý kiþiye ýþýnlandý.
[27/11/2019, 03:01] (komut) Veronica_Renfrow(2): /telefon
[27/11/2019, 03:01] [cmd_me] Veronica_Renfrow(2) elini cebine götürür, telefonunu çýkarýr.
[27/11/2019, 03:02] (komut) Alexander_Mahone(32): /telefon
[27/11/2019, 03:02] [cmd_me] Alexander_Mahone(32) elini cebine götürür, telefonunu çýkarýr.
[27/11/2019, 03:02] (komut) Veronica_Renfrow(2): /telefon
[27/11/2019, 03:02] [cmd_me] Veronica_Renfrow(2) elini cebine götürür, telefonunu çýkarýr.
[27/11/2019, 03:02] (komut) Veronica_Renfrow(2): /aracsat
[27/11/2019, 03:02] (komut) Veronica_Renfrow(2): /sat
[27/11/2019, 03:02] (komut) Alexander_Mahone(32): /aracsat
[27/11/2019, 03:02] (komut) Veronica_Renfrow(2): /arac
[27/11/2019, 03:02] (komut) Alexander_Mahone(32): /arac
[27/11/2019, 03:03] (komut) Alexander_Mahone(32): /git 1
[27/11/2019, 03:03] Darly(32), Veronica_Renfrow(2) adlý kiþiye ýþýnlandý.
[27/11/2019, 03:03] (komut) Veronica_Renfrow(2): /git 0
[27/11/2019, 03:03] viathegod(2), Alexander_Mahone(32) adlý kiþiye ýþýnlandý.
[27/11/2019, 03:04] (komut) Alexander_Mahone(32): /git 1
[27/11/2019, 03:04] Darly(32), Veronica_Renfrow(2) adlý kiþiye ýþýnlandý.
[27/11/2019, 03:04] (komut) Veronica_Renfrow(2): /git 0
[27/11/2019, 03:04] viathegod(2), Alexander_Mahone(32) adlý kiþiye ýþýnlandý.
[27/11/2019, 03:04] (komut) Veronica_Renfrow(2): /git 0
[27/11/2019, 03:04] viathegod(2), Alexander_Mahone(32) adlý kiþiye ýþýnlandý.
[27/11/2019, 03:04] (komut) Veronica_Renfrow(2): /setskin 0 299
[27/11/2019, 03:04] viathegod(2), Alexander_Mahone(32) adlý kiþinin kýyafetini 299 olarak deðiþtirdi.
[27/11/2019, 03:04] (komut) Veronica_Renfrow(2): /restart 1 1
[27/11/2019, 03:04] 538(25.5.84.199) oyundan çýkýþ yaptý.
[27/11/2019, 03:04] 001(127.0.0.1) oyundan çýkýþ yaptý.
[27/11/2019, 03:04] 538(25.5.84.199) sunucuya giriþ yaptý.
[27/11/2019, 03:04] 001(127.0.0.1) sunucuya giriþ yaptý.
[27/11/2019, 03:04] (komut) Michael_Sherwood(3): /git 0
[27/11/2019, 03:04] viathegod(3), Alexander_Mahone(32) adlý kiþiye ýþýnlandý.
[27/11/2019, 03:05] (komut) Alexander_Mahone(32): /telefon
[27/11/2019, 03:05] [cmd_me] Alexander_Mahone(32) elini cebine götürür, telefonunu çýkarýr.
[27/11/2019, 03:05] (komut) Michael_Sherwood(3): /telefon
[27/11/2019, 03:05] [cmd_me] Michael_Sherwood(3) elini cebine götürür, telefonunu çýkarýr.
[27/11/2019, 03:05] (komut) Alexander_Mahone(32): /telefon
[27/11/2019, 03:05] [cmd_me] Alexander_Mahone(32) elini cebine götürür, telefonunu çýkarýr.
[27/11/2019, 03:05] (komut) Michael_Sherwood(3): /git isyeri 35
[27/11/2019, 03:05] (komut) Michael_Sherwood(3): /git isyeri 30
[27/11/2019, 03:05] (komut) Alexander_Mahone(32): /telefon
[27/11/2019, 03:05] [cmd_me] Alexander_Mahone(32) elini cebine götürür, telefonunu çýkarýr.
[27/11/2019, 03:06] (komut) Alexander_Mahone(32): /git isyeri 30
[27/11/2019, 03:06] (komut) Alexander_Mahone(32): /setskin 0 1
[27/11/2019, 03:06] Darly(32), Alexander_Mahone(32) adlý kiþinin kýyafetini 1 olarak deðiþtirdi.
[27/11/2019, 03:06] (komut) Alexander_Mahone(32): /setskin 0 3
[27/11/2019, 03:06] Darly(32), Alexander_Mahone(32) adlý kiþinin kýyafetini 3 olarak deðiþtirdi.
[27/11/2019, 03:06] (komut) Alexander_Mahone(32): /setskin 0 2
[27/11/2019, 03:06] Darly(32), Alexander_Mahone(32) adlý kiþinin kýyafetini 2 olarak deðiþtirdi.
[27/11/2019, 03:06] (komut) Michael_Sherwood(3): /restart 1 1
[27/11/2019, 03:06] 538(25.5.84.199) oyundan çýkýþ yaptý.
[27/11/2019, 03:06] 001(127.0.0.1) oyundan çýkýþ yaptý.
[27/11/2019, 03:06] 538(25.5.84.199) sunucuya giriþ yaptý.
[27/11/2019, 03:06] 001(127.0.0.1) sunucuya giriþ yaptý.
[27/11/2019, 03:06] 001(127.0.0.1) oyundan çýkýþ yaptý.
[27/11/2019, 03:07] 538(255.255.255.255) oyundan çýkýþ yaptý.
[27/11/2019, 03:07] 001(127.0.0.1) sunucuya giriþ yaptý.
[27/11/2019, 03:07] 538(25.5.84.199) sunucuya giriþ yaptý.
[27/11/2019, 03:07] (komut) Biddy_Boelter(1): /git 0
[27/11/2019, 03:07] (komut) Biddy_Boelter(1): /git 1
[27/11/2019, 03:07] viathegod(1), Alexander_Mahone(32) adlý kiþiye ýþýnlandý.
[27/11/2019, 03:09] (komut) Alexander_Mahone(32): /birlik
[27/11/2019, 03:09] (komut) Alexander_Mahone(32): /birlik
[27/11/2019, 03:09] (komut) Biddy_Boelter(1): /restart 1 1
[27/11/2019, 03:09] 001(127.0.0.1) oyundan çýkýþ yaptý.
[27/11/2019, 03:09] 538(25.5.84.199) oyundan çýkýþ yaptý.
[27/11/2019, 03:09] 001(127.0.0.1) sunucuya giriþ yaptý.
[27/11/2019, 03:09] 538(25.5.84.199) sunucuya giriþ yaptý.
[27/11/2019, 03:10] (komut) Alexander_Mahone(32): /asilahver 0 31
[27/11/2019, 03:10] Darly(32), Biddy_Boelter(1) adlý kiþiye M4 model silah verdi.
[27/11/2019, 03:10] (komut) Biddy_Boelter(1): /asilahver 1 31
[27/11/2019, 03:10] viathegod(1), Alexander_Mahone(32) adlý kiþiye M4 model silah verdi.
[27/11/2019, 03:10] (komut) Alexander_Mahone(32): /asilahver 1 31
[27/11/2019, 03:10] Darly(32), Alexander_Mahone(32) adlý kiþiye M4 model silah verdi.
[27/11/2019, 03:10] (komut) Biddy_Boelter(1): /herkesecan
[27/11/2019, 03:10] viathegod(1) sunucudaki herkese can verdi. (2 kiþi)
[27/11/2019, 03:10] (komut) Alexander_Mahone(32): /canver 1 
[27/11/2019, 03:10] (komut) Alexander_Mahone(32): /canver 1  100
[27/11/2019, 03:10] Darly(32), Alexander_Mahone(32) adlý kiþinin canýný 100 olarak deðiþtirdi.
[27/11/2019, 03:11] (komut) Biddy_Boelter(1): /asilahsifirla 1
[27/11/2019, 03:11] viathegod(1), Alexander_Mahone(32) adlý kiþinin silahlarýný sýfýrladý.
[27/11/2019, 03:11] (komut) Biddy_Boelter(1): /setname
[27/11/2019, 03:11] (komut) Biddy_Boelter(1): /aisimdegistir 1
[27/11/2019, 03:11] (komut) Biddy_Boelter(1): /aisimdegistir 1 Darly_Test
[27/11/2019, 03:11] viathegod(1), Alexander_Mahone(32) adlý kiþinin ismini Darly_Test olarak deðiþtirdi.
[27/11/2019, 03:11] (komut) Biddy_Boelter(1): /aisimdegistir 1 Batuhan_Test
[27/11/2019, 03:11] viathegod(1), Darly_Test(32) adlý kiþinin ismini Batuhan_Test olarak deðiþtirdi.
[27/11/2019, 03:11] (komut) Batuhan_Test(32): /wank 2
[27/11/2019, 03:11] (komut) Batuhan_Test(32): /idles 5
[27/11/2019, 03:11] (komut) Batuhan_Test(32): /sethp 1 75
[27/11/2019, 03:11] Darly(32), Batuhan_Test(32) adlý kiþinin canýný 75 olarak deðiþtirdi.
[27/11/2019, 03:12] (komut) Batuhan_Test(32): /sethp 1 70
[27/11/2019, 03:12] Darly(32), Batuhan_Test(32) adlý kiþinin canýný 70 olarak deðiþtirdi.
[27/11/2019, 03:12] (komut) Batuhan_Test(32): /sethp 1 45
[27/11/2019, 03:12] Darly(32), Batuhan_Test(32) adlý kiþinin canýný 45 olarak deðiþtirdi.
[27/11/2019, 03:12] Batuhan Test(HESAP ID: 538) can hilesi kullanýyor olabilir. (#015)
[27/11/2019, 03:12] (komut) Batuhan_Test(32): /sethp 1 25
[27/11/2019, 03:12] Darly(32), Batuhan_Test(32) adlý kiþinin canýný 25 olarak deðiþtirdi.
[27/11/2019, 03:12] Batuhan Test(HESAP ID: 538) can hilesi kullanýyor olabilir. (#015)
[27/11/2019, 03:12] (komut) Batuhan_Test(32): /sethp 1 20
[27/11/2019, 03:12] Darly(32), Batuhan_Test(32) adlý kiþinin canýný 20 olarak deðiþtirdi.
[27/11/2019, 03:12] Batuhan Test(HESAP ID: 538) can hilesi kullanýyor olabilir. (#015)
[27/11/2019, 03:12] (komut) Batuhan_Test(32): /sethp 1 1
[27/11/2019, 03:12] Darly(32), Batuhan_Test(32) adlý kiþinin canýný 1 olarak deðiþtirdi.
[27/11/2019, 03:12] Batuhan Test(HESAP ID: 538) can hilesi kullanýyor olabilir. (#015)
[27/11/2019, 03:12] (komut) Batuhan_Test(32): /sethp 1 100
[27/11/2019, 03:12] Darly(32), Batuhan_Test(32) adlý kiþinin canýný 100 olarak deðiþtirdi.
[27/11/2019, 03:13] (komut) Batuhan_Test(32): /mp3
[27/11/2019, 03:13] (komut) Batuhan_Test(32): /telefon
[27/11/2019, 03:13] [cmd_me] Batuhan_Test(32) elini cebine götürür, telefonunu çýkarýr.
[27/11/2019, 03:13] (komut) Batuhan_Test(32): /telefon
[27/11/2019, 03:13] [cmd_me] Batuhan_Test(32) elini cebine götürür, telefonunu çýkarýr.
[27/11/2019, 03:19] 126(25.6.24.251) sunucuya giriþ yaptý.
[27/11/2019, 03:20] (komut) Allen_Hox(17): /ysilhver
[27/11/2019, 03:20] (komut) Allen_Hox(17): /ysilahver
[27/11/2019, 03:20] (komut) Allen_Hox(17): /ysilahver 31 444444
[27/11/2019, 03:20] Orkun(17), Allen_Hox(17) adlý kiþiye M4 model silah verdi.
[27/11/2019, 03:21] (komut) Allen_Hox(17): /gate
[27/11/2019, 03:21] (komut) Allen_Hox(17): /jetpack
[27/11/2019, 03:21] (komut) Allen_Hox(17): /gi 1
[27/11/2019, 03:21] (komut) Allen_Hox(17): /git 1
[27/11/2019, 03:21] Orkun(17), Batuhan_Test(32) adlý kiþiye ýþýnlandý.
[27/11/2019, 03:21] (komut) Allen_Hox(17): /motor
[27/11/2019, 03:21] (komut) Allen_Hox(17): /jetpack
[27/11/2019, 03:21] (komut) Allen_Hox(17): /name
[27/11/2019, 03:21] (komut) Allen_Hox(17): /ah
[27/11/2019, 03:21] (komut) Allen_Hox(17): /oyuncuduzenle
[27/11/2019, 03:21] (komut) Allen_Hox(17): /oyuncuduzenle isim
[27/11/2019, 03:22] (komut) Allen_Hox(17): /oyuncuduzenle 2 isim
[27/11/2019, 03:22] (komut) Allen_Hox(17): /ah
[27/11/2019, 03:22] (komut) Allen_Hox(17): /sunucu
[27/11/2019, 03:22] (komut) Allen_Hox(17): /sunucu
[27/11/2019, 03:22] (komut) Allen_Hox(17): /ah
[27/11/2019, 03:22] (komut) Allen_Hox(17): /aoyuncu
[27/11/2019, 03:22] (komut) Allen_Hox(17): /ah
[27/11/2019, 03:23] (komut) Allen_Hox(17): /karakter
[27/11/2019, 03:23] (komut) Allen_Hox(17): /oyuncuduzenle
[27/11/2019, 03:23] (komut) Allen_Hox(17): /karakterdegistir
[27/11/2019, 03:23] (komut) Allen_Hox(17): /ah
[27/11/2019, 03:23] (komut) Allen_Hox(17): /karaktersec
[27/11/2019, 03:23] Allen_Hox(25.6.24.251) oyundan çýkýþ yaptý.
[27/11/2019, 03:23] 126(25.6.24.251) sunucuya giriþ yaptý.
[27/11/2019, 03:23] (komut) Maria_Navista(1652): //aduty
[27/11/2019, 03:23] (komut) Maria_Navista(1652): /aduty
[27/11/2019, 03:24] (komut) Orkun(1652): /aduty
[27/11/2019, 03:24] (komut) Maria_Navista(1652): /karaktersec
[27/11/2019, 03:24] Maria_Navista(25.6.24.251) oyundan çýkýþ yaptý.
[27/11/2019, 03:24] 126(25.6.24.251) sunucuya giriþ yaptý.
[27/11/2019, 03:24] (komut) Biddy_Boelter(1): /acc
[27/11/2019, 03:24] (komut) Biddy_Boelter(1): /telefon
[27/11/2019, 03:24] [cmd_me] Biddy_Boelter(1) elini cebine götürür, telefonunu çýkarýr.
[27/11/2019, 03:24] 126(255.255.255.255) oyundan çýkýþ yaptý.
[27/11/2019, 03:25] (komut) Biddy_Boelter(1): /telefon
[27/11/2019, 03:25] [cmd_me] Biddy_Boelter(1) elini cebine götürür, telefonunu çýkarýr.
[27/11/2019, 03:37] 390(127.0.0.1) sunucuya giriþ yaptý.
[27/11/2019, 03:38] (komut) Biddy_Boelter(1): /cek 2
[27/11/2019, 03:38] viathegod(1), Kaitlyn_Rogers(1333) adlý kiþiyi yanýna çekti.
[27/11/2019, 03:38] (komut) Biddy_Boelter(1): /asilahsifirla
[27/11/2019, 03:38] (komut) Biddy_Boelter(1): /asilahsifirla 0
[27/11/2019, 03:38] viathegod(1), Biddy_Boelter(1) adlý kiþinin silahlarýný sýfýrladý.
[27/11/2019, 03:38] (komut) Biddy_Boelter(1): /setskin 2 306
[27/11/2019, 03:38] viathegod(1), Kaitlyn_Rogers(1333) adlý kiþinin kýyafetini 306 olarak deðiþtirdi.
[27/11/2019, 03:38] Kaitlyn Rogers(HESAP ID: 390) teleport hilesi kullanýyor olabilir. (#019)
[27/11/2019, 03:38] (komut) Biddy_Boelter(1): /cek 2
[27/11/2019, 03:38] viathegod(1), Kaitlyn_Rogers(1333) adlý kiþiyi yanýna çekti.
[27/11/2019, 03:38] (komut) Biddy_Boelter(1): /herkesecan
[27/11/2019, 03:38] viathegod(1) sunucudaki herkese can verdi. (3 kiþi)
[27/11/2019, 03:39] (komut) Biddy_Boelter(1): /canver 2 100
[27/11/2019, 03:39] viathegod(1), Kaitlyn_Rogers(1333) adlý kiþinin canýný 100 olarak deðiþtirdi.
[27/11/2019, 03:40] (komut) Biddy_Boelter(1): /asilahver 2 24
[27/11/2019, 03:40] viathegod(1), Kaitlyn_Rogers(1333) adlý kiþiye Desert Eagle model silah verdi.
[27/11/2019, 03:40] (komut) Biddy_Boelter(1): /asilahver 0 24
[27/11/2019, 03:40] viathegod(1), Biddy_Boelter(1) adlý kiþiye Desert Eagle model silah verdi.
[27/11/2019, 03:40] Batuhan_Test(32), Biddy_Boelter(1) tarafýndan öldürüldü. (sebep: 24)
[27/11/2019, 03:40] (komut) Biddy_Boelter(1): /asilahver 2 31
[27/11/2019, 03:40] viathegod(1), Kaitlyn_Rogers(1333) adlý kiþiye M4 model silah verdi.
[27/11/2019, 03:40] (komut) Biddy_Boelter(1): /asilahver 0 31
[27/11/2019, 03:40] viathegod(1), Biddy_Boelter(1) adlý kiþiye M4 model silah verdi.
[27/11/2019, 03:40] (komut) Biddy_Boelter(1): /canlandir 1
[27/11/2019, 03:40] viathegod(1), Batuhan_Test(32) adlý kiþiyi yaralý durumdan çýkardý.
[27/11/2019, 03:40] Batuhan_Test(32), Biddy_Boelter(1) tarafýndan öldürüldü. (sebep: 31)
[27/11/2019, 03:41] (komut) Biddy_Boelter(1): /canlandir 1
[27/11/2019, 03:41] viathegod(1), Batuhan_Test(32) adlý kiþiyi yaralý durumdan çýkardý.
[27/11/2019, 03:41] (komut) Biddy_Boelter(1): /herkesecan
[27/11/2019, 03:41] viathegod(1) sunucudaki herkese can verdi. (3 kiþi)
[27/11/2019, 03:41] (komut) Biddy_Boelter(1): /herkesezirh
[27/11/2019, 03:41] viathegod(1) sunucudaki herkese zýrh verdi. (3 kiþi)
[27/11/2019, 03:41] (komut) Biddy_Boelter(1): /asilahver 2 35
[27/11/2019, 03:41] viathegod(1), Kaitlyn_Rogers(1333) adlý kiþiye Rocket Launcher model silah verdi.
[27/11/2019, 03:41] (komut) Biddy_Boelter(1): /asilahver 0 35
[27/11/2019, 03:41] viathegod(1), Biddy_Boelter(1) adlý kiþiye Rocket Launcher model silah verdi.
[27/11/2019, 03:41] Kaitlyn Rogers(HESAP ID: 390) hile yaptýðý için kicklendi. (#013-37)
[27/11/2019, 03:41] Kaitlyn_Rogers(255.255.255.255) oyundan çýkýþ yaptý.
[27/11/2019, 03:41] 390(127.0.0.1) sunucuya giriþ yaptý.
[27/11/2019, 03:41] Biddy_Boelter(255.255.255.255) oyundan çýkýþ yaptý.
[27/11/2019, 03:41] 390(255.255.255.255) oyundan çýkýþ yaptý.
[27/11/2019, 03:47] Batuhan_Test(255.255.255.255) oyundan çýkýþ yaptý.
[27/11/2019, 04:06] 001(127.0.0.1) sunucuya giriþ yaptý.
[27/11/2019, 04:07] (komut) Biddy_Boelter(1): /canlandir 0
[27/11/2019, 04:07] viathegod(1), Biddy_Boelter(1) adlý kiþiyi yaralý durumdan çýkardý.
[27/11/2019, 04:07] (komut) Biddy_Boelter(1): /karakter
[27/11/2019, 04:07] (komut) Biddy_Boelter(1): /karakter
[27/11/2019, 04:07] (komut) Biddy_Boelter(1): /telefon
[27/11/2019, 04:07] [cmd_me] Biddy_Boelter(1) elini cebine götürür, telefonunu çýkarýr.
[27/11/2019, 04:07] (komut) Biddy_Boelter(1): /git atm 0
[27/11/2019, 04:07] (komut) Biddy_Boelter(1): /telefon
[27/11/2019, 04:07] [cmd_me] Biddy_Boelter(1) elini cebine götürür, telefonunu çýkarýr.
[27/11/2019, 04:07] (komut) Biddy_Boelter(1): /telefon
[27/11/2019, 04:07] [cmd_me] Biddy_Boelter(1) elini cebine götürür, telefonunu çýkarýr.
[27/11/2019, 04:07] (komut) Biddy_Boelter(1): /telefon
[27/11/2019, 04:07] [cmd_me] Biddy_Boelter(1) elini cebine götürür, telefonunu çýkarýr.
[27/11/2019, 04:25] (komut) Biddy_Boelter(1): /restart 1 1
[27/11/2019, 04:25] 001(127.0.0.1) oyundan çýkýþ yaptý.
[27/11/2019, 04:25] 001(127.0.0.1) sunucuya giriþ yaptý.
[27/11/2019, 04:25] (komut) Biddy_Boelter(1): /ATM
[27/11/2019, 04:25] (komut) Biddy_Boelter(1): /karaktersec
[27/11/2019, 04:25] Biddy_Boelter(127.0.0.1) oyundan çýkýþ yaptý.
[27/11/2019, 04:25] 001(127.0.0.1) sunucuya giriþ yaptý.
[27/11/2019, 04:26] 001(127.0.0.1) oyundan çýkýþ yaptý.
[27/11/2019, 04:26] 001(127.0.0.1) sunucuya giriþ yaptý.
[27/11/2019, 04:26] (komut) Biddy_Boelter(1): /karaktersec
[27/11/2019, 04:26] Biddy_Boelter(127.0.0.1) oyundan çýkýþ yaptý.
[27/11/2019, 04:26] 001(127.0.0.1) sunucuya giriþ yaptý.
[27/11/2019, 04:27] (komut) Veronica_Renfrow(2): /git banka
[27/11/2019, 04:27] (komut) Veronica_Renfrow(2): /git atm 0
[27/11/2019, 04:27] (komut) Veronica_Renfrow(2): /atm
[27/11/2019, 04:27] (komut) Veronica_Renfrow(2): /git banka
[27/11/2019, 04:27] (komut) Veronica_Renfrow(2): /telefon
[27/11/2019, 04:27] [cmd_me] Veronica_Renfrow(2) elini cebine götürür, telefonunu çýkarýr.
[27/11/2019, 04:27] (komut) Veronica_Renfrow(2): /telefon
[27/11/2019, 04:27] [cmd_me] Veronica_Renfrow(2) elini cebine götürür, telefonunu çýkarýr.
[27/11/2019, 04:27] (komut) Veronica_Renfrow(2): /banka
[27/11/2019, 04:27] (komut) Veronica_Renfrow(2): /telefon
[27/11/2019, 04:27] [cmd_me] Veronica_Renfrow(2) elini cebine götürür, telefonunu çýkarýr.
[27/11/2019, 04:29] (komut) Veronica_Renfrow(2): /telefon
[27/11/2019, 04:29] [cmd_me] Veronica_Renfrow(2) elini cebine götürür, telefonunu çýkarýr.
[27/11/2019, 04:31] (komut) Veronica_Renfrow(2): /karakter
[27/11/2019, 04:31] (komut) Veronica_Renfrow(2): /restart 1 1
[27/11/2019, 04:31] 001(127.0.0.1) oyundan çýkýþ yaptý.
[27/11/2019, 04:31] 001(127.0.0.1) sunucuya giriþ yaptý.
[27/11/2019, 04:32] 001(127.0.0.1) oyundan çýkýþ yaptý.
[27/11/2019, 04:32] 001(127.0.0.1) sunucuya giriþ yaptý.
[27/11/2019, 04:32] (komut) Veronica_Renfrow(2): /telefon
[27/11/2019, 04:32] [cmd_me] Veronica_Renfrow(2) elini cebine götürür, telefonunu çýkarýr.
[27/11/2019, 04:32] (komut) Veronica_Renfrow(2): /banka
[27/11/2019, 04:32] Veronica_Renfrow(2), banka hesabýndan $5,000 çekti.
[27/11/2019, 04:32] (komut) Veronica_Renfrow(2): /telefon
[27/11/2019, 04:32] [cmd_me] Veronica_Renfrow(2) elini cebine götürür, telefonunu çýkarýr.
[27/11/2019, 04:32] (komut) Veronica_Renfrow(2): /telefon
[27/11/2019, 04:32] [cmd_me] Veronica_Renfrow(2) elini cebine götürür, telefonunu çýkarýr.
[27/11/2019, 04:32] (komut) Veronica_Renfrow(2): /banka
[27/11/2019, 04:33] Veronica_Renfrow(2), banka hesabýna $2,500 yatýrdý.
[27/11/2019, 04:36] (komut) Veronica_Renfrow(2): /restart 1 1
[27/11/2019, 04:36] 001(127.0.0.1) oyundan çýkýþ yaptý.
[27/11/2019, 04:36] 001(127.0.0.1) sunucuya giriþ yaptý.
[27/11/2019, 04:36] (komut) Veronica_Renfrow(2): /telefon
[27/11/2019, 04:36] [cmd_me] Veronica_Renfrow(2) elini cebine götürür, telefonunu çýkarýr.
[27/11/2019, 04:37] (komut) Veronica_Renfrow(2): /git ls
[27/11/2019, 04:37] (komut) Veronica_Renfrow(2): /acc
[27/11/2019, 04:37] (komut) Veronica_Renfrow(2): /telefon
[27/11/2019, 04:37] [cmd_me] Veronica_Renfrow(2) elini cebine götürür, telefonunu çýkarýr.
[27/11/2019, 04:38] 126(25.6.24.251) sunucuya giriþ yaptý.
[27/11/2019, 04:38] (komut) Veronica_Renfrow(2): /a hesap id
[27/11/2019, 04:38] [adm-chat] Veronica_Renfrow(2): hesap id
[27/11/2019, 04:38] (komut) Allen_Hox(17): /goto 1
[27/11/2019, 04:39] (komut) Allen_Hox(17): /goto 0
[27/11/2019, 04:39] Orkun(17), Veronica_Renfrow(2) adlý kiþiye ýþýnlandý.
[27/11/2019, 04:39] (komut) Allen_Hox(17): /karakter
[27/11/2019, 04:39] (komut) Veronica_Renfrow(2): /karakter
[27/11/2019, 04:39] (komut) Allen_Hox(17): /giy banka
[27/11/2019, 04:39] (komut) Allen_Hox(17): /git banka
[27/11/2019, 04:39] (komut) Veronica_Renfrow(2): /a /telefon
[27/11/2019, 04:39] [adm-chat] Veronica_Renfrow(2): /telefon
[27/11/2019, 04:39] (komut) Allen_Hox(17): /banka
[27/11/2019, 04:39] (komut) Veronica_Renfrow(2): /a vinebank
[27/11/2019, 04:39] [adm-chat] Veronica_Renfrow(2): vinebank
[27/11/2019, 04:39] (komut) Veronica_Renfrow(2): /a hesap detaylarý
[27/11/2019, 04:39] [adm-chat] Veronica_Renfrow(2): hesap detaylarý
[27/11/2019, 04:39] (komut) Veronica_Renfrow(2): /izle 1
[27/11/2019, 04:39] (komut) Allen_Hox(17): /telefon
[27/11/2019, 04:39] [cmd_me] Allen_Hox(17) elini cebine götürür, telefonunu çýkarýr.
[27/11/2019, 04:39] (komut) Veronica_Renfrow(2): /izle 1
[27/11/2019, 04:39] (komut) Veronica_Renfrow(2): /izle bitir
[27/11/2019, 04:39] Veronica Renfrow(HESAP ID: 1) can hilesi kullanýyor olabilir. (#015)
[27/11/2019, 04:39] (komut) Allen_Hox(17): /telefon
[27/11/2019, 04:39] [cmd_me] Allen_Hox(17) elini cebine götürür, telefonunu çýkarýr.
[27/11/2019, 04:40] (komut) Allen_Hox(17): /a hesap sahibi allen hox yazýyor kanka numara yok
[27/11/2019, 04:40] [adm-chat] Allen_Hox(17): hesap sahibi allen hox yazýyor kanka numara yok
[27/11/2019, 04:40] (komut) Veronica_Renfrow(2): /a lan altýnda var
[27/11/2019, 04:40] [adm-chat] Veronica_Renfrow(2): lan altýnda var
[27/11/2019, 04:40] (komut) Allen_Hox(17): /banka
[27/11/2019, 04:40] (komut) Veronica_Renfrow(2): /telefon
[27/11/2019, 04:40] [cmd_me] Veronica_Renfrow(2) elini cebine götürür, telefonunu çýkarýr.
[27/11/2019, 04:40] (komut) Veronica_Renfrow(2): /a hesap no yazýyo bak
[27/11/2019, 04:40] [adm-chat] Veronica_Renfrow(2): hesap no yazýyo bak
[27/11/2019, 04:40] (komut) Allen_Hox(17): /a 437497
[27/11/2019, 04:40] [adm-chat] Allen_Hox(17): 437497
[27/11/2019, 04:40] (komut) Veronica_Renfrow(2): /telefon
[27/11/2019, 04:40] [cmd_me] Veronica_Renfrow(2) elini cebine götürür, telefonunu çýkarýr.
[27/11/2019, 04:40] (komut) Allen_Hox(17): /telefon
[27/11/2019, 04:40] [cmd_me] Allen_Hox(17) elini cebine götürür, telefonunu çýkarýr.
[27/11/2019, 04:40] (komut) Allen_Hox(17): /a ben onu para sandým aq
[27/11/2019, 04:40] [adm-chat] Allen_Hox(17): ben onu para sandým aq
[27/11/2019, 04:40] (komut) Allen_Hox(17): /git 1
[27/11/2019, 04:40] Veronica_Renfrow(2), Allen_Hox(17) adlý kiþiye $2,000 transfer etti.
[27/11/2019, 04:40] (komut) Allen_Hox(17): /git 0
[27/11/2019, 04:40] Orkun(17), Veronica_Renfrow(2) adlý kiþiye ýþýnlandý.
[27/11/2019, 04:40] (komut) Veronica_Renfrow(2): /telefon
[27/11/2019, 04:40] [cmd_me] Veronica_Renfrow(2) elini cebine götürür, telefonunu çýkarýr.
[27/11/2019, 04:40] (komut) Allen_Hox(17): /telefon
[27/11/2019, 04:40] [cmd_me] Allen_Hox(17) elini cebine götürür, telefonunu çýkarýr.
[27/11/2019, 04:41] (komut) Veronica_Renfrow(2): /a sende bana at bi 5k falan
[27/11/2019, 04:41] [adm-chat] Veronica_Renfrow(2): sende bana at bi 5k falan
[27/11/2019, 04:41] (komut) Veronica_Renfrow(2): /a bankadan
[27/11/2019, 04:41] [adm-chat] Veronica_Renfrow(2): bankadan
[27/11/2019, 04:41] Allen_Hox(17), Veronica_Renfrow(2) adlý kiþiye $5,000 transfer etti.
[27/11/2019, 04:41] (komut) Veronica_Renfrow(2): /telefon
[27/11/2019, 04:41] [cmd_me] Veronica_Renfrow(2) elini cebine götürür, telefonunu çýkarýr.
[27/11/2019, 04:41] (komut) Allen_Hox(17): /a oldu mu kank
[27/11/2019, 04:41] [adm-chat] Allen_Hox(17): oldu mu kank
[27/11/2019, 04:41] (komut) Allen_Hox(17): /a oldu mu kanka
[27/11/2019, 04:41] [adm-chat] Allen_Hox(17): oldu mu kanka
[27/11/2019, 04:41] (komut) Veronica_Renfrow(2): /a oldu oldu
[27/11/2019, 04:41] [adm-chat] Veronica_Renfrow(2): oldu oldu
[27/11/2019, 04:41] (komut) Veronica_Renfrow(2): /atm
[27/11/2019, 04:41] (komut) Allen_Hox(17): /atm
[27/11/2019, 04:41] (komut) Veronica_Renfrow(2): /atm
[27/11/2019, 04:41] (komut) Allen_Hox(17): /a kart iþini nasýl halledeiyoruz
[27/11/2019, 04:41] [adm-chat] Allen_Hox(17): kart iþini nasýl halledeiyoruz
[27/11/2019, 04:41] (komut) Veronica_Renfrow(2): /telefon
[27/11/2019, 04:41] [cmd_me] Veronica_Renfrow(2) elini cebine götürür, telefonunu çýkarýr.
[27/11/2019, 04:41] (komut) Allen_Hox(17): /atm
[27/11/2019, 04:42] Allen_Hox(17), banka hesabýna $40,000 yatýrdý.
[27/11/2019, 04:42] (komut) Allen_Hox(17): /git 0
[27/11/2019, 04:42] Orkun(17), Veronica_Renfrow(2) adlý kiþiye ýþýnlandý.
[27/11/2019, 04:42] (komut) Allen_Hox(17): /wank 2
[27/11/2019, 04:42] (komut) Allen_Hox(17): /wank 2
[27/11/2019, 04:42] (komut) Allen_Hox(17): /wank 3
[27/11/2019, 04:42] (komut) Allen_Hox(17): /soyun
[27/11/2019, 04:42] (komut) Allen_Hox(17): /aduty
[27/11/2019, 04:42] (komut) Orkun(17): /aduty
[27/11/2019, 04:42] (komut) Allen_Hox(17): /soyun
[27/11/2019, 04:42] (komut) Allen_Hox(17): /rozet
[27/11/2019, 04:42] (komut) Allen_Hox(17): /isbasi
[27/11/2019, 04:43] (komut) Veronica_Renfrow(2): /a tamam güzel oldu
[27/11/2019, 04:43] [adm-chat] Veronica_Renfrow(2): tamam güzel oldu
[27/11/2019, 04:43] (komut) Veronica_Renfrow(2): /a ben uyuyorum
[27/11/2019, 04:43] [adm-chat] Veronica_Renfrow(2): ben uyuyorum
[27/11/2019, 04:43] (komut) Allen_Hox(17): /a tamam balým
[27/11/2019, 04:43] [adm-chat] Allen_Hox(17): tamam balým
[27/11/2019, 04:43] (komut) Veronica_Renfrow(2): /a yarýn kartla ödeme sistemine baþlarým belki emin deðilim ama
[27/11/2019, 04:43] [adm-chat] Veronica_Renfrow(2): yarýn kartla ödeme sistemine baþlarým belki emin deðilim ama
[27/11/2019, 04:43] Allen_Hox(255.255.255.255) oyundan çýkýþ yaptý.
[27/11/2019, 04:43] (komut) Veronica_Renfrow(2): /a halletcez
[27/11/2019, 04:43] [adm-chat] Veronica_Renfrow(2): halletcez
[27/11/2019, 04:43] (komut) Veronica_Renfrow(2): /a hadi ig
[27/11/2019, 04:43] [adm-chat] Veronica_Renfrow(2): hadi ig
[27/11/2019, 04:43] Veronica_Renfrow(255.255.255.255) oyundan çýkýþ yaptý.
[27/11/2019, 15:17] 001(127.0.0.1) sunucuya giriþ yaptý.
[27/11/2019, 15:17] (komut) Biddy_Boelter(1): /KARAKTER
[27/11/2019, 15:17] (komut) Biddy_Boelter(1): /asilahsifirla 0
[27/11/2019, 15:17] viathegod(1), Biddy_Boelter(1) adlý kiþinin silahlarýný sýfýrladý.
[27/11/2019, 15:17] (komut) Biddy_Boelter(1): /git ls
[27/11/2019, 15:18] (komut) Biddy_Boelter(1): /yardim
[27/11/2019, 15:18] (komut) Biddy_Boelter(1): /telefon
[27/11/2019, 15:18] [cmd_me] Biddy_Boelter(1) elini cebine götürür, telefonunu çýkarýr.
[27/11/2019, 15:18] (komut) Biddy_Boelter(1): /telefon
[27/11/2019, 15:18] [cmd_me] Biddy_Boelter(1) elini cebine götürür, telefonunu çýkarýr.
[27/11/2019, 15:18] (komut) Biddy_Boelter(1): /telefon
[27/11/2019, 15:18] [cmd_me] Biddy_Boelter(1) elini cebine götürür, telefonunu çýkarýr.
[27/11/2019, 15:18] (komut) Biddy_Boelter(1): /git
[27/11/2019, 15:18] (komut) Biddy_Boelter(1): /git idlewood
[27/11/2019, 15:18] (komut) Biddy_Boelter(1): /telefon
[27/11/2019, 15:18] [cmd_me] Biddy_Boelter(1) elini cebine götürür, telefonunu çýkarýr.
[27/11/2019, 15:18] (komut) Biddy_Boelter(1): /git atm 1
[27/11/2019, 15:19] (komut) Biddy_Boelter(1): /aliste
[27/11/2019, 15:19] (komut) Biddy_Boelter(1): /git santa
[27/11/2019, 15:19] (komut) Biddy_Boelter(1): /telefon
[27/11/2019, 15:19] [cmd_me] Biddy_Boelter(1) elini cebine götürür, telefonunu çýkarýr.
[27/11/2019, 15:19] (komut) Biddy_Boelter(1): /karaktersec
[27/11/2019, 15:19] Biddy_Boelter(127.0.0.1) oyundan çýkýþ yaptý.
[27/11/2019, 15:19] 001(127.0.0.1) sunucuya giriþ yaptý.
[27/11/2019, 15:19] (komut) Veronica_Renfrow(2): /git santa
[27/11/2019, 15:19] (komut) Veronica_Renfrow(2): /setskin 0 20001
[27/11/2019, 15:19] viathegod(2), Veronica_Renfrow(2) adlý kiþinin kýyafetini 20001 olarak deðiþtirdi.
[27/11/2019, 15:19] (komut) Veronica_Renfrow(2): /telefon
[27/11/2019, 15:19] [cmd_me] Veronica_Renfrow(2) elini cebine götürür, telefonunu çýkarýr.
[27/11/2019, 15:19] (komut) Veronica_Renfrow(2): /telefon
[27/11/2019, 15:19] [cmd_me] Veronica_Renfrow(2) elini cebine götürür, telefonunu çýkarýr.
[27/11/2019, 15:20] (komut) Veronica_Renfrow(2): /telefon
[27/11/2019, 15:20] [cmd_me] Veronica_Renfrow(2) elini cebine götürür, telefonunu çýkarýr.
[27/11/2019, 15:20] (komut) Veronica_Renfrow(2): /git atm 3
[27/11/2019, 15:20] (komut) Veronica_Renfrow(2): /git atm 2
[27/11/2019, 15:20] (komut) Veronica_Renfrow(2): /git atm 4
[27/11/2019, 15:20] (komut) Veronica_Renfrow(2): /git atm 5
[27/11/2019, 15:20] (komut) Veronica_Renfrow(2): /git atm 6
[27/11/2019, 15:20] (komut) Veronica_Renfrow(2): /git atm 7
[27/11/2019, 15:20] (komut) Veronica_Renfrow(2): /git atm 8
[27/11/2019, 15:20] (komut) Veronica_Renfrow(2): /git atm 10
[27/11/2019, 15:20] (komut) Veronica_Renfrow(2): /git atm 12
[27/11/2019, 15:20] (komut) Veronica_Renfrow(2): /git atm 13
[27/11/2019, 15:20] (komut) Veronica_Renfrow(2): /git atm 14
[27/11/2019, 15:20] (komut) Veronica_Renfrow(2): /git atm 15
[27/11/2019, 15:20] (komut) Veronica_Renfrow(2): /git atm 16
[27/11/2019, 15:20] (komut) Veronica_Renfrow(2): /git atm 17
[27/11/2019, 15:20] (komut) Veronica_Renfrow(2): /git atm 18
[27/11/2019, 15:20] (komut) Veronica_Renfrow(2): /git atm 19
[27/11/2019, 15:20] (komut) Veronica_Renfrow(2): /git atm 20
[27/11/2019, 15:20] (komut) Veronica_Renfrow(2): /git atm 21
[27/11/2019, 15:20] (komut) Veronica_Renfrow(2): /cpsifirla
[27/11/2019, 15:20] (komut) Veronica_Renfrow(2): /gps
[27/11/2019, 15:20] (komut) Veronica_Renfrow(2): /git isyeri 0
[27/11/2019, 15:20] (komut) Veronica_Renfrow(2): /satinal
[27/11/2019, 15:21] (komut) Veronica_Renfrow(2): /gps
[27/11/2019, 15:21] (komut) Veronica_Renfrow(2): /gps
[27/11/2019, 15:21] (komut) Veronica_Renfrow(2): /gps
[27/11/2019, 15:21] (komut) Veronica_Renfrow(2): /gps
[27/11/2019, 15:27] Veronica_Renfrow(255.255.255.255) oyundan çýkýþ yaptý.
