[05/07/2019, 19:12] 001(127.0.0.1) sunucuya giriþ yaptý.
[05/07/2019, 19:12] (komut) Michael_Sherwood(3): /yaris
[05/07/2019, 19:12] (komut) Michael_Sherwood(3): /abirlik 35 onay
[05/07/2019, 19:12] (komut) Michael_Sherwood(3): /abirlik 35 izin
[05/07/2019, 19:12] (komut) Michael_Sherwood(3): /birlikler
[05/07/2019, 19:12] (komut) Michael_Sherwood(3): /abirlik 30 izin
[05/07/2019, 19:12] [ADM]Berkay(3) birlik onayý düzenledi. (ID: 79 / Yarýþçý: var)
[05/07/2019, 19:12] (komut) Michael_Sherwood(3): /yaris
[05/07/2019, 19:12] (komut) Michael_Sherwood(3): /yaris
[05/07/2019, 19:13] (komut) Michael_Sherwood(3): /yaris
[05/07/2019, 19:13] (komut) Michael_Sherwood(3): /yaris
[05/07/2019, 19:13] (komut) Michael_Sherwood(3): /kabul yaris 0
[05/07/2019, 19:13] (komut) Michael_Sherwood(3): /yaris
[05/07/2019, 19:13] (komut) Michael_Sherwood(3): /yaris
[05/07/2019, 19:15] (komut) Michael_Sherwood(3): /yaris
[05/07/2019, 19:15] (komut) Michael_Sherwood(3): /yaris
[05/07/2019, 19:15] Michael_Sherwood(255.255.255.255) oyundan çýkýþ yaptý.
[05/07/2019, 19:15] 001(127.0.0.1) sunucuya giriþ yaptý.
[05/07/2019, 19:15] (komut) Michael_Sherwood(3): /yaris
[05/07/2019, 19:15] (komut) Michael_Sherwood(3): /yaris
[05/07/2019, 19:15] (komut) Michael_Sherwood(3): /yaris
[05/07/2019, 19:15] (komut) Michael_Sherwood(3): /yaris
[05/07/2019, 19:15] (komut) Michael_Sherwood(3): /yaris
[05/07/2019, 19:18] (komut) Michael_Sherwood(3): /garaj
[05/07/2019, 19:18] (komut) Michael_Sherwood(3): /agaraj
[05/07/2019, 19:18] (komut) Michael_Sherwood(3): /agaraj yarat
[05/07/2019, 19:18] (komut) Michael_Sherwood(3): /kilit
[05/07/2019, 19:18] [cmd_me] Michael_Sherwood(3) anahtarý saat yönünde çevirir ve aracýn motorunu açmaya çalýþýr.
[05/07/2019, 19:18] (komut) Michael_Sherwood(3): /garaj
[05/07/2019, 19:18] [cmd_me] Michael_Sherwood(3) sað eliyle kontaðý çevirir ve aracýn motorunu kapatýr.
[05/07/2019, 19:18] (komut) Michael_Sherwood(3): /garaj
[05/07/2019, 19:18] (komut) Michael_Sherwood(3): /garaj
[05/07/2019, 19:19] (komut) Michael_Sherwood(3): /araclarim
[05/07/2019, 19:19] (komut) Michael_Sherwood(3): /acek 533
[05/07/2019, 19:19] Berkay(3) bir aracý yanýna çekti. (SQL: 17876)
[05/07/2019, 19:19] (komut) Michael_Sherwood(3): /garaj
[05/07/2019, 19:19] Michael_Sherwood(255.255.255.255) oyundan çýkýþ yaptý.
[05/07/2019, 19:23] 001(127.0.0.1) sunucuya giriþ yaptý.
[05/07/2019, 19:23] (komut) Michael_Sherwood(3): /garaj
[05/07/2019, 19:23] (komut) Michael_Sherwood(3): /kilit
[05/07/2019, 19:23] (komut) Michael_Sherwood(3): /kilit
[05/07/2019, 19:23] [cmd_me] Michael_Sherwood(3) anahtarý saat yönünde çevirir ve aracýn motorunu açmaya çalýþýr.
[05/07/2019, 19:23] (komut) Michael_Sherwood(3): /garaj
[05/07/2019, 19:23] [cmd_me] Michael_Sherwood(3) sað eliyle kontaðý çevirir ve aracýn motorunu kapatýr.
[05/07/2019, 19:23] (komut) Michael_Sherwood(3): /garaj
[05/07/2019, 19:24] (komut) Michael_Sherwood(3): /agaraj 1
[05/07/2019, 19:24] (komut) Michael_Sherwood(3): /agaraj 1 cikis
[05/07/2019, 19:24] (komut) Michael_Sherwood(3): /agaraj 1 limit 2
[05/07/2019, 19:24] (komut) Michael_Sherwood(3): /garaj
[05/07/2019, 19:24] (komut) Michael_Sherwood(3): /garaj
[05/07/2019, 19:24] (komut) Michael_Sherwood(3): /agaraj 1 sahip 0
[05/07/2019, 19:24] (komut) Michael_Sherwood(3): /garaj
[05/07/2019, 19:24] (komut) Michael_Sherwood(3): /garaj
[05/07/2019, 19:24] (komut) Michael_Sherwood(3): /yaracspawn
[05/07/2019, 19:24] (komut) Michael_Sherwood(3): /garaj
[05/07/2019, 19:24] [cmd_me] Michael_Sherwood(3) anahtarý saat yönünde çevirir ve aracýn motorunu açmaya çalýþýr.
[05/07/2019, 19:24] (komut) Michael_Sherwood(3): /garaj
[05/07/2019, 19:24] (komut) Michael_Sherwood(3): /garaj
[05/07/2019, 19:24] (komut) Michael_Sherwood(3): /garaj
[05/07/2019, 19:24] (komut) Michael_Sherwood(3): /garaj
[05/07/2019, 19:25] (komut) Michael_Sherwood(3): /garaj
[05/07/2019, 19:25] (komut) Michael_Sherwood(3): /garaj
[05/07/2019, 19:25] [cmd_me] Michael_Sherwood(3) sað eliyle kontaðý çevirir ve aracýn motorunu kapatýr.
[05/07/2019, 19:25] (komut) Michael_Sherwood(3): /garaj
[05/07/2019, 19:25] (komut) Michael_Sherwood(3): /yaris
[05/07/2019, 19:25] (komut) Michael_Sherwood(3): /yaris
[05/07/2019, 19:25] (komut) Michael_Sherwood(3): /yaris
[05/07/2019, 19:25] (komut) Michael_Sherwood(3): /yaris
[05/07/2019, 19:25] (komut) Michael_Sherwood(3): /yaris
[05/07/2019, 19:26] (komut) Michael_Sherwood(3): /yaris
[05/07/2019, 19:28] (komut) Michael_Sherwood(3): /restart 1 1
[05/07/2019, 19:28] 001(127.0.0.1) oyundan çýkýþ yaptý.
[05/07/2019, 19:28] 001(127.0.0.1) sunucuya giriþ yaptý.
[05/07/2019, 19:28] (komut) Michael_Sherwood(3): /yaris
[05/07/2019, 19:28] (komut) Michael_Sherwood(3): /yaris
[05/07/2019, 19:29] (komut) Michael_Sherwood(3): /yaris
[05/07/2019, 19:29] (komut) Michael_Sherwood(3): /yaris
[05/07/2019, 19:29] (komut) Michael_Sherwood(3): /yaris
[05/07/2019, 19:29] (komut) Michael_Sherwood(3): /kabul yaris 0
[05/07/2019, 19:29] (komut) Michael_Sherwood(3): /kilit
[05/07/2019, 19:29] [cmd_me] Michael_Sherwood(3) anahtarý saat yönünde çevirir ve aracýn motorunu açmaya çalýþýr.
[05/07/2019, 19:29] (komut) Michael_Sherwood(3): /kilit
[05/07/2019, 19:29] (komut) Michael_Sherwood(3): /kilit
[05/07/2019, 19:29] (komut) Michael_Sherwood(3): /yaris
[05/07/2019, 19:29] (komut) Michael_Sherwood(3): /yaris
[05/07/2019, 19:30] (komut) Michael_Sherwood(3): /yaris
[05/07/2019, 19:30] (komut) Michael_Sherwood(3): /yaris
[05/07/2019, 19:30] (komut) Michael_Sherwood(3): /yaris
[05/07/2019, 19:30] (komut) Michael_Sherwood(3): /yaris
[05/07/2019, 19:30] (komut) Michael_Sherwood(3): /yaris
[05/07/2019, 19:30] (komut) Michael_Sherwood(3): /yaris
[05/07/2019, 19:30] (komut) Michael_Sherwood(3): /yaris
[05/07/2019, 19:30] Michael_Sherwood(255.255.255.255) oyundan çýkýþ yaptý.
