[07/07/2019, 03:16] 001(127.0.0.1) sunucuya giriþ yaptý.
[07/07/2019, 03:16] (komut) Michael_Sherwood(3): /karakter
[07/07/2019, 03:16] (komut) Michael_Sherwood(3): /yayin
[07/07/2019, 03:16] (komut) Michael_Sherwood(3): /abirlik
[07/07/2019, 03:16] (komut) Michael_Sherwood(3): /birlikler
[07/07/2019, 03:16] (komut) Michael_Sherwood(3): /abirlik 30 tur 
[07/07/2019, 03:16] (komut) Michael_Sherwood(3): /abirlik 30 tip
[07/07/2019, 03:16] (komut) Michael_Sherwood(3): /abirlik 30 tip 4
[07/07/2019, 03:16] [ADM]Berkay(3) birlik türünü deðiþtirdi. (ID: 79 / Tur: Haber Ajansý)
[07/07/2019, 03:16] (komut) Michael_Sherwood(3): /yayin
[07/07/2019, 03:16] (komut) Michael_Sherwood(3): /abirlik 30 tip 4
[07/07/2019, 03:16] [ADM]Berkay(3) birlik türünü deðiþtirdi. (ID: 79 / Tur: Haber Ajansý)
[07/07/2019, 03:16] (komut) Michael_Sherwood(3): /birlikler
[07/07/2019, 03:17] (komut) Michael_Sherwood(3): /yayin
[07/07/2019, 03:17] (komut) Michael_Sherwood(3): /karakter
[07/07/2019, 03:17] (komut) Michael_Sherwood(3): /abirlik 30 
[07/07/2019, 03:17] (komut) Michael_Sherwood(3): /abirlik 30 dolap
[07/07/2019, 03:17] [ADM]Berkay(3) birliðin dolap yerini deðiþtirdi. (ID: 79 / isim: Sherwood's Crew)
[07/07/2019, 03:17] (komut) Michael_Sherwood(3): /yayin
[07/07/2019, 03:17] (komut) Michael_Sherwood(3): /birlik
[07/07/2019, 03:17] (komut) Michael_Sherwood(3): /birlik
[07/07/2019, 03:17] Michael_Sherwood(3), Michael_Sherwood(3) adlý kiþi tarafýndan birime alýndý. (birim: Yayýn)
[07/07/2019, 03:17] (komut) Michael_Sherwood(3): /birlik
[07/07/2019, 03:17] (komut) Michael_Sherwood(3): /yayin
[07/07/2019, 03:17] Michael_Sherwood(3) bir yayýn baþlattý. (Birlik: Sherwood's Crew)
[07/07/2019, 03:17] (komut) Michael_Sherwood(3): /yayin
[07/07/2019, 03:21] (komut) Michael_Sherwood(3): /karakter
[07/07/2019, 03:23] (komut) Michael_Sherwood(3): /setvw 0 0
[07/07/2019, 03:23] Berkay(3), Michael_Sherwood(3) adlý kiþinin VW'sini 0 olarak deðiþtirdi.
[07/07/2019, 03:23] (komut) Michael_Sherwood(3): /restart 1 1
[07/07/2019, 03:23] 001(127.0.0.1) sunucuya giriþ yaptý.
[07/07/2019, 03:23] (komut) Michael_Sherwood(3): /yayin
[07/07/2019, 03:23] (komut) Michael_Sherwood(3): /birlik
[07/07/2019, 03:24] Michael_Sherwood(3), Michael_Sherwood(3) adlý kiþi tarafýndan birime alýndý. (birim: Yay?n)
[07/07/2019, 03:24] (komut) Michael_Sherwood(3): /birlik
[07/07/2019, 03:24] (komut) Michael_Sherwood(3): /yayin
[07/07/2019, 03:24] Michael_Sherwood(3) bir yayýn baþlattý. (Birlik: Sherwood's Crew)
[07/07/2019, 03:24] (komut) Michael_Sherwood(3): /yayin
[07/07/2019, 03:24] (komut) Michael_Sherwood(3): /yayindinle
[07/07/2019, 03:24] (komut) Michael_Sherwood(3): /yayindinle
[07/07/2019, 03:24] (komut) Michael_Sherwood(3): /birlik
[07/07/2019, 03:24] (komut) Michael_Sherwood(3): /yayin
[07/07/2019, 03:24] (komut) Michael_Sherwood(3): /birlik
[07/07/2019, 03:24] (komut) Michael_Sherwood(3): /git ev 6
[07/07/2019, 03:24] (komut) Michael_Sherwood(3): /git ev 7
[07/07/2019, 03:24] (komut) Michael_Sherwood(3): /git ev 5
[07/07/2019, 03:24] (komut) Michael_Sherwood(3): /evlamba
[07/07/2019, 03:24] [cmd_me] Michael_Sherwood(3) ýþýklarý açar.
[07/07/2019, 03:25] (komut) Michael_Sherwood(3): /birlik
[07/07/2019, 03:25] Michael_Sherwood(3) birlik kasasýna $666 yatýrdý. (Sherwood's Crew)
[07/07/2019, 03:25] (komut) Michael_Sherwood(3): /git ls
[07/07/2019, 03:25] (komut) Michael_Sherwood(3): /git ev 88
[07/07/2019, 03:25] (komut) Michael_Sherwood(3): /mulklerim
[07/07/2019, 03:25] (komut) Michael_Sherwood(3): /git ev 82
[07/07/2019, 03:25] (komut) Michael_Sherwood(3): /yayin
[07/07/2019, 03:25] (komut) Michael_Sherwood(3): /yayin
[07/07/2019, 03:25] (komut) Michael_Sherwood(3): /yayin
[07/07/2019, 03:25] (komut) Michael_Sherwood(3): /yayin
[07/07/2019, 03:26] (komut) Michael_Sherwood(3): /karakter
[07/07/2019, 03:26] (komut) Michael_Sherwood(3): /yayin
[07/07/2019, 03:26] (komut) Michael_Sherwood(3): /yayin
[07/07/2019, 03:27] (komut) Michael_Sherwood(3): /karakter
[07/07/2019, 03:27] (komut) Michael_Sherwood(3): /yayin
[07/07/2019, 03:27] (komut) Michael_Sherwood(3): /yayin
[07/07/2019, 03:27] (komut) Michael_Sherwood(3): /yayin
[07/07/2019, 03:27] (komut) Michael_Sherwood(3): /yayin
[07/07/2019, 03:27] (komut) Michael_Sherwood(3): /yayindinle
[07/07/2019, 03:27] (komut) Michael_Sherwood(3): /yayindinle
[07/07/2019, 03:27] (komut) Michael_Sherwood(3): /yayin
[07/07/2019, 03:27] (komut) Michael_Sherwood(3): /yayin
[07/07/2019, 04:43] 001(127.0.0.1) sunucuya giriþ yaptý.
[07/07/2019, 04:44] (komut) Michael_Sherwood(3): /karakter
[07/07/2019, 04:44] (komut) Michael_Sherwood(3): /adminyap
[07/07/2019, 04:44] (komut) Michael_Sherwood(3): /adminyap 0 8
[07/07/2019, 04:44] Berkay(3), Michael_Sherwood(3) adlý kiþinin admin levelini 8 yaptý.
[07/07/2019, 04:44] (komut) Michael_Sherwood(3): /o test
[07/07/2019, 04:44] [adm-ooc] Berkay(3): test
[07/07/2019, 04:44] (komut) Michael_Sherwood(3): /karakter
[07/07/2019, 04:44] (komut) Michael_Sherwood(3): /a merhabalar aQ
[07/07/2019, 04:44] [adm-chat] Michael_Sherwood(3): merhabalar aQ
[07/07/2019, 04:44] Michael_Sherwood(255.255.255.255) oyundan çýkýþ yaptý.
