[22/07/2019, 16:42] 001(127.0.0.1) sunucuya giriþ yaptý.
[22/07/2019, 16:42] (komut) Biddy_Boelter(1): /git ls
[22/07/2019, 16:42] (komut) Biddy_Boelter(1): /karakter
[22/07/2019, 16:42] (komut) Biddy_Boelter(1): /coz 0
[22/07/2019, 16:43] (komut) Biddy_Boelter(1): /git ls
[22/07/2019, 16:43] (komut) Biddy_Boelter(1): /git sf
[22/07/2019, 16:43] (komut) Biddy_Boelter(1): /vwduzelt
[22/07/2019, 16:43] (komut) Biddy_Boelter(1): /git sf
[22/07/2019, 16:44] (komut) Biddy_Boelter(1): /git ls
[22/07/2019, 16:44] (komut) Biddy_Boelter(1): /yaracres
[22/07/2019, 16:44] (komut) Biddy_Boelter(1): /yaracspawn
[22/07/2019, 16:45] (komut) Biddy_Boelter(1): /abagla 409
[22/07/2019, 16:45] Berkay(1) bir araç baðladý. (JX2 T16813 / Benson)
[22/07/2019, 16:45] (komut) Biddy_Boelter(1): /abagla 168
[22/07/2019, 16:45] Berkay(1) bir araç baðladý. (HI9 U6167 / Benson)
[22/07/2019, 16:45] (komut) Biddy_Boelter(1): /abagla 533
[22/07/2019, 16:45] Berkay(1) bir araç baðladý. (SW4 H17894 / Admiral)
[22/07/2019, 16:45] (komut) Biddy_Boelter(1): /abagla 182
[22/07/2019, 16:45] Berkay(1) bir araç baðladý. (LZ8 K17491 / Windsor)
[22/07/2019, 16:45] (komut) Biddy_Boelter(1): /abagla 359
[22/07/2019, 16:45] Berkay(1) bir araç baðladý. (EC4 K13311 / Phoenix)
[22/07/2019, 16:45] (komut) Biddy_Boelter(1): /abagla 108
[22/07/2019, 16:45] Berkay(1) bir araç baðladý. (SJ2 C4945 / Hustler)
[22/07/2019, 16:45] (komut) Biddy_Boelter(1): /abagla 47
[22/07/2019, 16:45] Berkay(1) bir araç baðladý. (ZR2 G1896 / Glendale)
[22/07/2019, 16:45] (komut) Biddy_Boelter(1): /abagla 166
[22/07/2019, 16:45] Berkay(1) bir araç baðladý. (NC6 E17362 / Burrito)
[22/07/2019, 16:45] (komut) Biddy_Boelter(1): /abagla 493
[22/07/2019, 16:45] Berkay(1) bir araç baðladý. (QM4 Y16640 / Windsor)
[22/07/2019, 16:45] (komut) Biddy_Boelter(1): /haracres
[22/07/2019, 16:45] (komut) Biddy_Boelter(1): /haracres 3
[22/07/2019, 16:45] Berkay(1) tüm araçlarý respawnladý. (576 adet)
[22/07/2019, 16:45] (komut) Biddy_Boelter(1): /abagla 383
[22/07/2019, 16:45] Berkay(1) bir araç baðladý. (HM2 D14950 / Landstalker)
[22/07/2019, 16:45] (komut) Biddy_Boelter(1): /karakter
[22/07/2019, 16:46] (komut) Biddy_Boelter(1): /aksesuar
[22/07/2019, 16:46] (komut) Biddy_Boelter(1): /karaktersec
[22/07/2019, 16:46] Biddy_Boelter(127.0.0.1) oyundan çýkýþ yaptý.
[22/07/2019, 16:46] 001(127.0.0.1) sunucuya giriþ yaptý.
[22/07/2019, 16:46] 001(255.255.255.255) oyundan çýkýþ yaptý.
[22/07/2019, 16:46] 001(127.0.0.1) sunucuya giriþ yaptý.
[22/07/2019, 16:46] (komut) Michael_Sherwood(3): /AKSESUAR
[22/07/2019, 17:40] Michael_Sherwood(255.255.255.255) oyundan çýkýþ yaptý.
