[15/01/2020, 05:59] 001(127.0.0.1) sunucuya giriþ yaptý.
[15/01/2020, 06:00] (komut) Clara_Sherwood(3): /jetpack
[15/01/2020, 06:00] (komut) Clara_Sherwood(3): /sethp 0 0
[15/01/2020, 06:00] Berkay(3), Clara_Sherwood(3) adlý kiþinin canýný 0 olarak deðiþtirdi.
[15/01/2020, 06:00] (komut) Clara_Sherwood(3): /canlandir 0
[15/01/2020, 06:00] Berkay(3), Clara_Sherwood(3) adlý kiþiyi yaralý durumdan çýkardý.
[15/01/2020, 06:00] (komut) Clara_Sherwood(3): /canver 0 50
[15/01/2020, 06:00] Berkay(3), Clara_Sherwood(3) adlý kiþinin canýný 50 olarak deðiþtirdi.
[15/01/2020, 06:01] [cmd_ame] Clara_Sherwood(3) anahtarý saat yönünde çevirir ve aracýn motorunu açmaya çalýþýr.
[15/01/2020, 06:01] [cmd_ame] Clara_Sherwood(3) sað eliyle kontaðý çevirir ve aracýn motorunu kapatýr.
[15/01/2020, 06:01] Clara_Sherwood(255.255.255.255) oyundan çýkýþ yaptý.
[15/01/2020, 07:54] 001(127.0.0.1) sunucuya giriþ yaptý.
[15/01/2020, 07:55] (komut) Clara_Sherwood(3): /sethp 0
[15/01/2020, 07:55] (komut) Clara_Sherwood(3): /sethp 0 75
[15/01/2020, 07:55] Berkay(3), Clara_Sherwood(3) adlý kiþinin canýný 75 olarak deðiþtirdi.
[15/01/2020, 07:55] (komut) Clara_Sherwood(3): /sethp 0 100
[15/01/2020, 07:55] Berkay(3), Clara_Sherwood(3) adlý kiþinin canýný 100 olarak deðiþtirdi.
[15/01/2020, 07:55] (komut) Clara_Sherwood(3): /jetpack
[15/01/2020, 07:55] (komut) Clara_Sherwood(3): /ymac
[15/01/2020, 07:55] [cmd_ame] Clara_Sherwood(3) anahtarý saat yönünde çevirir ve aracýn motorunu açmaya çalýþýr.
[15/01/2020, 07:55] (komut) Clara_Sherwood(3): /sethp 0 0
[15/01/2020, 07:55] Berkay(3), Clara_Sherwood(3) adlý kiþinin canýný 0 olarak deðiþtirdi.
[15/01/2020, 07:56] (komut) Clara_Sherwood(3): /canlandir 0
[15/01/2020, 07:56] Berkay(3), Clara_Sherwood(3) adlý kiþiyi yaralý durumdan çýkardý.
[15/01/2020, 07:57] [cmd_ame] Clara_Sherwood(3) sað eliyle kontaðý çevirir ve aracýn motorunu kapatýr.
[15/01/2020, 07:57] (komut) Clara_Sherwood(3): /lisanslar
[15/01/2020, 07:57] (komut) Clara_Sherwood(3): /lisans
[15/01/2020, 07:57] (komut) Clara_Sherwood(3): /lisans
[15/01/2020, 07:57] (komut) Clara_Sherwood(3): /lisans
[15/01/2020, 07:57] (komut) Clara_Sherwood(3): /lisans
[15/01/2020, 07:57] (komut) Clara_Sherwood(3): /lisans
[15/01/2020, 07:57] (komut) Clara_Sherwood(3): /lisans
[15/01/2020, 07:57] (komut) Clara_Sherwood(3): /lisans
[15/01/2020, 07:57] Clara_Sherwood(255.255.255.255) oyundan çýkýþ yaptý.
