[19/01/2020, 02:32] 001(127.0.0.1) sunucuya giriþ yaptý.
[19/01/2020, 02:32] 001(255.255.255.255) oyundan çýkýþ yaptý.
[19/01/2020, 02:35] 001(127.0.0.1) sunucuya giriþ yaptý.
[19/01/2020, 02:36] (komut) Clara_Sherwood(3): /setskin
[19/01/2020, 02:36] (komut) Clara_Sherwood(3): /setskin 0 2001
[19/01/2020, 02:36] (komut) Clara_Sherwood(3): /setskin 0 20049
[19/01/2020, 02:36] Berkay(3), Clara_Sherwood(3) adlý kiþinin kýyafetini 20049 olarak deðiþtirdi.
[19/01/2020, 02:36] (komut) Clara_Sherwood(3): /setskin 0 20069
[19/01/2020, 02:36] Berkay(3), Clara_Sherwood(3) adlý kiþinin kýyafetini 20069 olarak deðiþtirdi.
[19/01/2020, 02:36] (komut) Clara_Sherwood(3): /setskin 0 20059
[19/01/2020, 02:36] Berkay(3), Clara_Sherwood(3) adlý kiþinin kýyafetini 20059 olarak deðiþtirdi.
[19/01/2020, 02:36] (komut) Clara_Sherwood(3): /setskin 0 20058
[19/01/2020, 02:36] Berkay(3), Clara_Sherwood(3) adlý kiþinin kýyafetini 20058 olarak deðiþtirdi.
[19/01/2020, 02:37] (komut) Clara_Sherwood(3): /setskin 0 20050
[19/01/2020, 02:37] Berkay(3), Clara_Sherwood(3) adlý kiþinin kýyafetini 20050 olarak deðiþtirdi.
[19/01/2020, 02:37] (komut) Clara_Sherwood(3): /setskin 0 20051
[19/01/2020, 02:37] Berkay(3), Clara_Sherwood(3) adlý kiþinin kýyafetini 20051 olarak deðiþtirdi.
[19/01/2020, 02:37] (komut) Clara_Sherwood(3): /setskin 0 20052
[19/01/2020, 02:37] Berkay(3), Clara_Sherwood(3) adlý kiþinin kýyafetini 20052 olarak deðiþtirdi.
[19/01/2020, 02:37] (komut) Clara_Sherwood(3): /setskin 0 20053
[19/01/2020, 02:37] Berkay(3), Clara_Sherwood(3) adlý kiþinin kýyafetini 20053 olarak deðiþtirdi.
[19/01/2020, 02:37] (komut) Clara_Sherwood(3): /setskin 0 20054
[19/01/2020, 02:37] Berkay(3), Clara_Sherwood(3) adlý kiþinin kýyafetini 20054 olarak deðiþtirdi.
[19/01/2020, 02:37] (komut) Clara_Sherwood(3): /setskin 0 20055
[19/01/2020, 02:37] Berkay(3), Clara_Sherwood(3) adlý kiþinin kýyafetini 20055 olarak deðiþtirdi.
[19/01/2020, 02:37] (komut) Clara_Sherwood(3): /setskin 0 20056
[19/01/2020, 02:37] Berkay(3), Clara_Sherwood(3) adlý kiþinin kýyafetini 20056 olarak deðiþtirdi.
[19/01/2020, 02:37] (komut) Clara_Sherwood(3): /setskin 0 20057
[19/01/2020, 02:37] Berkay(3), Clara_Sherwood(3) adlý kiþinin kýyafetini 20057 olarak deðiþtirdi.
[19/01/2020, 02:37] (komut) Clara_Sherwood(3): /setskin 0 20058
[19/01/2020, 02:37] Berkay(3), Clara_Sherwood(3) adlý kiþinin kýyafetini 20058 olarak deðiþtirdi.
[19/01/2020, 02:37] (komut) Clara_Sherwood(3): /setskin 0 20059
[19/01/2020, 02:37] Berkay(3), Clara_Sherwood(3) adlý kiþinin kýyafetini 20059 olarak deðiþtirdi.
[19/01/2020, 02:37] (komut) Clara_Sherwood(3): /setskin 0 20060
[19/01/2020, 02:37] Berkay(3), Clara_Sherwood(3) adlý kiþinin kýyafetini 20060 olarak deðiþtirdi.
[19/01/2020, 02:37] (komut) Clara_Sherwood(3): /setskin 0 20061
[19/01/2020, 02:37] Berkay(3), Clara_Sherwood(3) adlý kiþinin kýyafetini 20061 olarak deðiþtirdi.
[19/01/2020, 02:37] (komut) Clara_Sherwood(3): /setskin 0 20062
[19/01/2020, 02:37] Berkay(3), Clara_Sherwood(3) adlý kiþinin kýyafetini 20062 olarak deðiþtirdi.
[19/01/2020, 02:37] (komut) Clara_Sherwood(3): /setskin 0 20063
[19/01/2020, 02:37] Berkay(3), Clara_Sherwood(3) adlý kiþinin kýyafetini 20063 olarak deðiþtirdi.
[19/01/2020, 02:37] (komut) Clara_Sherwood(3): /setskin 0 20064
[19/01/2020, 02:37] Berkay(3), Clara_Sherwood(3) adlý kiþinin kýyafetini 20064 olarak deðiþtirdi.
[19/01/2020, 02:37] (komut) Clara_Sherwood(3): /setskin 0 20065
[19/01/2020, 02:37] Berkay(3), Clara_Sherwood(3) adlý kiþinin kýyafetini 20065 olarak deðiþtirdi.
[19/01/2020, 02:37] (komut) Clara_Sherwood(3): /setskin 0 20066
[19/01/2020, 02:37] Berkay(3), Clara_Sherwood(3) adlý kiþinin kýyafetini 20066 olarak deðiþtirdi.
[19/01/2020, 02:37] (komut) Clara_Sherwood(3): /setskin 0 20067
[19/01/2020, 02:37] Berkay(3), Clara_Sherwood(3) adlý kiþinin kýyafetini 20067 olarak deðiþtirdi.
[19/01/2020, 02:37] (komut) Clara_Sherwood(3): /setskin 0 20068
[19/01/2020, 02:37] Berkay(3), Clara_Sherwood(3) adlý kiþinin kýyafetini 20068 olarak deðiþtirdi.
[19/01/2020, 02:37] (komut) Clara_Sherwood(3): /setskin 0 20069
[19/01/2020, 02:37] Berkay(3), Clara_Sherwood(3) adlý kiþinin kýyafetini 20069 olarak deðiþtirdi.
[19/01/2020, 02:37] (komut) Clara_Sherwood(3): /setskin 0 20070
[19/01/2020, 02:37] Berkay(3), Clara_Sherwood(3) adlý kiþinin kýyafetini 20070 olarak deðiþtirdi.
[19/01/2020, 02:37] (komut) Clara_Sherwood(3): /setskin 0 20071
[19/01/2020, 02:37] Berkay(3), Clara_Sherwood(3) adlý kiþinin kýyafetini 20071 olarak deðiþtirdi.
[19/01/2020, 02:37] (komut) Clara_Sherwood(3): /setskin 0 20072
[19/01/2020, 02:37] Berkay(3), Clara_Sherwood(3) adlý kiþinin kýyafetini 20072 olarak deðiþtirdi.
[19/01/2020, 02:37] (komut) Clara_Sherwood(3): /setskin 0 20073
[19/01/2020, 02:37] Berkay(3), Clara_Sherwood(3) adlý kiþinin kýyafetini 20073 olarak deðiþtirdi.
[19/01/2020, 02:37] (komut) Clara_Sherwood(3): /setskin 0 20074
[19/01/2020, 02:37] Berkay(3), Clara_Sherwood(3) adlý kiþinin kýyafetini 20074 olarak deðiþtirdi.
[19/01/2020, 02:40] (komut) Clara_Sherwood(3): /posgit 723.474,-459.048,4.143  0
[19/01/2020, 02:40] (komut) Clara_Sherwood(3): /posgit 723.474,-459.048,4.143  0
[19/01/2020, 02:40] (komut) Clara_Sherwood(3): /posgit 723.474,-459.048,4.143  1
[19/01/2020, 02:40] (komut) Clara_Sherwood(3): /git ls
[19/01/2020, 02:40] (komut) Clara_Sherwood(3): /posgit 723.474,-459.048,4.143  0
[19/01/2020, 02:40] (komut) Clara_Sherwood(3): /git ls
[19/01/2020, 02:40] (komut) Clara_Sherwood(3): /posgit 484.023,-1737.686,0.064 0
[19/01/2020, 02:40] (komut) Clara_Sherwood(3): /posgit 484.023,-1737.686,0.064 0
[19/01/2020, 02:40] (komut) Clara_Sherwood(3): /posgit 484.023,-1737.686,3.064 
[19/01/2020, 02:41] (komut) Clara_Sherwood(3): /git ls
[19/01/2020, 02:41] (komut) Clara_Sherwood(3): /ymac
[19/01/2020, 02:41] [cmd_ame] Clara_Sherwood(3) anahtarý saat yönünde çevirir ve aracýn motorunu açmaya çalýþýr.
[19/01/2020, 02:41] (komut) Clara_Sherwood(3): /git temple
[19/01/2020, 02:41] (komut) Clara_Sherwood(3): /git temp
[19/01/2020, 02:41] (komut) Clara_Sherwood(3): /git 
[19/01/2020, 02:41] (komut) Clara_Sherwood(3): /git fbi
[19/01/2020, 02:42] (komut) Clara_Sherwood(3): /git
[19/01/2020, 02:42] (komut) Clara_Sherwood(3): /git ls
[19/01/2020, 02:42] (komut) Clara_Sherwood(3): /posgit 1555.038,-1674.306,23.341 0
[19/01/2020, 02:43] (komut) Clara_Sherwood(3): /git 
[19/01/2020, 02:43] (komut) Clara_Sherwood(3): /git igs
[19/01/2020, 02:43] (komut) Clara_Sherwood(3): /git fbi
[19/01/2020, 02:44] (komut) Clara_Sherwood(3): /aobje
[19/01/2020, 02:44] (komut) Clara_Sherwood(3): /aobje olustur
[19/01/2020, 02:44] Berkay(3) bir obje oluþturdu. (0)
[19/01/2020, 02:44] (komut) Clara_Sherwood(3): /aobje 0 
[19/01/2020, 02:44] (komut) Clara_Sherwood(3): /aobje 0 model 972
[19/01/2020, 02:44] Berkay(3) bir objenin modelini deðiþtirdi. (ID: 1 | Model: 972)
[19/01/2020, 02:44] (komut) Clara_Sherwood(3): /aobje 0 sil
[19/01/2020, 02:44] (3) bir obje sildi. (SQLID: 1)
[19/01/2020, 02:47] (komut) Clara_Sherwood(3): /aobje
[19/01/2020, 02:47] (komut) Clara_Sherwood(3): /aobje olustur
[19/01/2020, 02:47] Berkay(3) bir obje oluþturdu. (0)
[19/01/2020, 02:47] (komut) Clara_Sherwood(3): /aobje 0 model 1680
[19/01/2020, 02:47] Berkay(3) bir objenin modelini deðiþtirdi. (ID: 2 | Model: 1680)
[19/01/2020, 02:47] (komut) Clara_Sherwood(3): /aobje 0 model 1676
[19/01/2020, 02:47] Berkay(3) bir objenin modelini deðiþtirdi. (ID: 2 | Model: 1676)
[19/01/2020, 02:47] (komut) Clara_Sherwood(3): /aobje 0 model 1686
[19/01/2020, 02:47] Berkay(3) bir objenin modelini deðiþtirdi. (ID: 2 | Model: 1686)
[19/01/2020, 02:50] (komut) Clara_Sherwood(3): /posgit 
[19/01/2020, 02:50] (komut) Clara_Sherwood(3): /posgit 1968.32361, 2162.83911, 12.31660 0
[19/01/2020, 02:51] (komut) Clara_Sherwood(3): /git ls
[19/01/2020, 02:51] (komut) Clara_Sherwood(3): /git fbi
[19/01/2020, 02:52] (komut) Clara_Sherwood(3): /aobje 0 sil
[19/01/2020, 02:52] (3) bir obje sildi. (SQLID: 2)
[19/01/2020, 02:58] (komut) Clara_Sherwood(3): /git igs
[19/01/2020, 02:59] (komut) Clara_Sherwood(3): /havayidegistir
[19/01/2020, 02:59] (komut) Clara_Sherwood(3): /havayidegistir 0
[19/01/2020, 02:59] (komut) Clara_Sherwood(3): /havayidegistir 1
[19/01/2020, 02:59] (komut) Clara_Sherwood(3): /havayidegistir 23
[19/01/2020, 03:08] (komut) Clara_Sherwood(3): /posgit 368.054, -2028.242, 8.734 0
[19/01/2020, 03:08] (komut) Clara_Sherwood(3): /izle bitir
[19/01/2020, 03:12] (komut) Clara_Sherwood(3): /acek
[19/01/2020, 03:12] (komut) Clara_Sherwood(3): /acek 0
[19/01/2020, 03:12] (komut) Clara_Sherwood(3): /acek 1
[19/01/2020, 03:12] Berkay(3) bir aracý yanýna çekti. (SQL: 1)
[19/01/2020, 03:12] (komut) Clara_Sherwood(3): /acek 2
[19/01/2020, 03:12] Berkay(3) bir aracý yanýna çekti. (SQL: 2)
[19/01/2020, 03:12] (komut) Clara_Sherwood(3): /acek 3
[19/01/2020, 03:12] Berkay(3) bir aracý yanýna çekti. (SQL: 3)
[19/01/2020, 03:15] (komut) Clara_Sherwood(3): /git interior
[19/01/2020, 03:15] (komut) Clara_Sherwood(3): /git interior
[19/01/2020, 03:15] (komut) Clara_Sherwood(3): /git interior
[19/01/2020, 03:15] (komut) Clara_Sherwood(3): /git interior
[19/01/2020, 03:15] (komut) Clara_Sherwood(3): /git interior
[19/01/2020, 03:16] (komut) Clara_Sherwood(3): /git interior
[19/01/2020, 03:16] (komut) Clara_Sherwood(3): /git interior
[19/01/2020, 03:16] (komut) Clara_Sherwood(3): /git interior
[19/01/2020, 03:16] (komut) Clara_Sherwood(3): /git interior
[19/01/2020, 03:16] (komut) Clara_Sherwood(3): /git interior
[19/01/2020, 03:16] (komut) Clara_Sherwood(3): /git interior
[19/01/2020, 03:17] (komut) Clara_Sherwood(3): /git interior
[19/01/2020, 03:17] (komut) Clara_Sherwood(3): /git interior
[19/01/2020, 03:17] (komut) Clara_Sherwood(3): /git interior
[19/01/2020, 03:17] (komut) Clara_Sherwood(3): /git interior
[19/01/2020, 03:17] (komut) Clara_Sherwood(3): /git interior
[19/01/2020, 03:17] (komut) Clara_Sherwood(3): /git interior
[19/01/2020, 03:17] (komut) Clara_Sherwood(3): /git interior
[19/01/2020, 03:17] Clara Sherwood(HESAP ID: 1) teleport hilesi kullanýyor olabilir. (#019)
[19/01/2020, 03:17] Clara Sherwood(HESAP ID: 1) teleport hilesi kullanýyor olabilir. (#019)
[19/01/2020, 03:18] (komut) Clara_Sherwood(3): /git interior
[19/01/2020, 03:18] (komut) Clara_Sherwood(3): /git interior
[19/01/2020, 03:18] (komut) Clara_Sherwood(3): /git interior
[19/01/2020, 03:18] (komut) Clara_Sherwood(3): /git interior
[19/01/2020, 03:59] Clara_Sherwood(255.255.255.255) oyundan çýkýþ yaptý.
[19/01/2020, 12:07] 001(127.0.0.1) sunucuya giriþ yaptý.
[19/01/2020, 12:07] (komut) Clara_Sherwood(3): /git ls
[19/01/2020, 12:07] (komut) Clara_Sherwood(3): /git santa
[19/01/2020, 12:07] (komut) Clara_Sherwood(3): /jetpack
[19/01/2020, 12:09] (komut) Clara_Sherwood(3): /git santa
[19/01/2020, 12:09] (komut) Clara_Sherwood(3): /jetpack
[19/01/2020, 12:10] (komut) Clara_Sherwood(3): /balikci
[19/01/2020, 12:10] (komut) Clara_Sherwood(3): /balikci
[19/01/2020, 12:10] (komut) Clara_Sherwood(3): /balikci
[19/01/2020, 12:11] (komut) Clara_Sherwood(3): /restart 1 1
[19/01/2020, 12:11] 001(127.0.0.1) oyundan çýkýþ yaptý.
[19/01/2020, 12:11] 001(127.0.0.1) sunucuya giriþ yaptý.
[19/01/2020, 12:12] (komut) Clara_Sherwood(3): /balikci
[19/01/2020, 12:12] (komut) Clara_Sherwood(3): /balikci
[19/01/2020, 12:14] (komut) Clara_Sherwood(3): /ayarlar
[19/01/2020, 12:15] (komut) Clara_Sherwood(3): /ayarlar
[19/01/2020, 12:17] (komut) Clara_Sherwood(3): /git atm
[19/01/2020, 12:17] (komut) Clara_Sherwood(3): /git atm 1
[19/01/2020, 12:17] (komut) Clara_Sherwood(3): /atm
[19/01/2020, 12:17] (komut) Clara_Sherwood(3): /git banka
[19/01/2020, 12:18] Clara_Sherwood(255.255.255.255) oyundan çýkýþ yaptý.
[19/01/2020, 12:23] 001(127.0.0.1) sunucuya giriþ yaptý.
[19/01/2020, 12:26] Clara_Sherwood(255.255.255.255) oyundan çýkýþ yaptý.
[19/01/2020, 12:36] 001(127.0.0.1) sunucuya giriþ yaptý.
[19/01/2020, 12:36] (komut) Clara_Sherwood(10): /git 
[19/01/2020, 12:36] (komut) Clara_Sherwood(10): /git santa
[19/01/2020, 12:36] (komut) Clara_Sherwood(10): /jetpack
[19/01/2020, 12:36] (komut) Clara_Sherwood(10): /balikci
[19/01/2020, 12:40] Clara_Sherwood(255.255.255.255) oyundan çýkýþ yaptý.
