[26/01/2020, 05:42] 001(127.0.0.1) sunucuya giriþ yaptý.
[26/01/2020, 05:43] (komut) Clara_Sherwood(10): /aisyeri
[26/01/2020, 05:43] (komut) Clara_Sherwood(10): /aisyeri olustur
[26/01/2020, 05:43] via(10), bir iþyeri oluþturdu. (SID: 0)
[26/01/2020, 05:44] (komut) Clara_Sherwood(10): /aisyeri 16 tur
[26/01/2020, 05:44] (komut) Clara_Sherwood(10): /aisyeri 16 tur 11
[26/01/2020, 05:44] via(10), iþyeri türünü Düþük Galeri yaptý. (SID: 27)
[26/01/2020, 05:44] (komut) Clara_Sherwood(10): /aisyeri 16 tur 13
[26/01/2020, 05:44] via(10), iþyeri türünü Uçak Galerisi yaptý. (SID: 27)
[26/01/2020, 05:44] (komut) Clara_Sherwood(10): /aisyeri 16 tur 14
[26/01/2020, 05:44] via(10), iþyeri türünü Tekne Galerisi yaptý. (SID: 27)
[26/01/2020, 05:44] (komut) Clara_Sherwood(10): /aisyeri 16 tur 4
[26/01/2020, 05:44] via(10), iþyeri türünü Motor Galerisi yaptý. (SID: 27)
[26/01/2020, 05:44] (komut) Clara_Sherwood(10): /aisyeri 16 tur 4
[26/01/2020, 05:44] via(10), iþyeri türünü Motor Galerisi yaptý. (SID: 27)
[26/01/2020, 05:44] (komut) Clara_Sherwood(10): /aisyeri 16 tur 14
[26/01/2020, 05:44] via(10), iþyeri türünü Tekne Galerisi yaptý. (SID: 27)
[26/01/2020, 05:44] (komut) Clara_Sherwood(10): /aisyeri 16 tur 13
[26/01/2020, 05:44] via(10), iþyeri türünü Uçak Galerisi yaptý. (SID: 27)
[26/01/2020, 06:48] (komut) Clara_Sherwood(10): /restart 1 1
[26/01/2020, 06:48] 001(127.0.0.1) oyundan çýkýþ yaptý.
[26/01/2020, 06:48] 001(127.0.0.1) sunucuya giriþ yaptý.
[26/01/2020, 06:49] (komut) Clara_Sherwood(10): /aisyeri 16 sahip devlet
[26/01/2020, 06:49] via(10), iþyerini devlete sattý. (SID: 27)
[26/01/2020, 06:49] (komut) Clara_Sherwood(10): /satinal
[26/01/2020, 06:58] (komut) Clara_Sherwood(10): /restart 1 t
[26/01/2020, 06:58] 001(127.0.0.1) oyundan çýkýþ yaptý.
[26/01/2020, 06:58] 001(127.0.0.1) sunucuya giriþ yaptý.
[26/01/2020, 06:58] (komut) Clara_Sherwood(10): /satinal
[26/01/2020, 06:58] (komut) Clara_Sherwood(10): /satinal
