[26/09/2022, 14:45] 001(127.0.0.1) sunucuya giriþ yaptý.
[26/09/2022, 14:46] Rage_Sawyer(255.255.255.255) oyundan çýkýþ yaptý.
[26/09/2022, 14:48] 001(127.0.0.1) sunucuya giriþ yaptý.
[26/09/2022, 14:49] Rage Sawyer(HESAP ID: 1) teleport hilesi kullanýyor olabilir. (#019)
[26/09/2022, 14:50] (komut) Rage_Sawyer(1): 
[26/09/2022, 14:50] (komut) Rage_Sawyer(1): 
[26/09/2022, 14:51] (komut) Rage_Sawyer(1): 
[26/09/2022, 14:51] (komut) Rage_Sawyer(1): 
[26/09/2022, 14:51] (komut) Rage_Sawyer(1): 411 1 1
[26/09/2022, 14:51] Yok(1), Infernus model araç yarattý.
[26/09/2022, 14:51] (komut) Rage_Sawyer(1): 
[26/09/2022, 14:51] (komut) Rage_Sawyer(1): 
[26/09/2022, 14:51] (komut) Rage_Sawyer(1): sahip 0
[26/09/2022, 14:52] (komut) Rage_Sawyer(1): 1 sahip 0
[26/09/2022, 14:52] Yok bir aracýn sahibini deðiþtirdi. (ID: 82 | Sahip: Yok)
[26/09/2022, 14:52] (komut) Rage_Sawyer(1): 
[26/09/2022, 14:52] [callcmd::ame] Rage_Sawyer(1) anahtarý saat yönünde çevirir ve aracýn motorunu açmaya çalýþýr.
[26/09/2022, 14:53] (komut) Rage_Sawyer(1): 
[26/09/2022, 14:53] (komut) Rage_Sawyer(1): 
[26/09/2022, 14:54] (komut) Rage_Sawyer(1): 
[26/09/2022, 14:54] (komut) Rage_Sawyer(1): 
[26/09/2022, 14:54] (komut) Rage_Sawyer(1): 
[26/09/2022, 14:55] (komut) Rage_Sawyer(1): 
[26/09/2022, 14:55] (komut) Rage_Sawyer(1): 
[26/09/2022, 14:55] Yok(1), bir iþyeri oluþturdu. (SID: 0)
[26/09/2022, 14:55] (komut) Rage_Sawyer(1): 0
[26/09/2022, 14:55] (komut) Rage_Sawyer(1): 0 tur
[26/09/2022, 14:55] (komut) Rage_Sawyer(1): 0 tur 1
[26/09/2022, 14:55] Yok(1), iþyeri türünü Market yaptý. (SID: 1)
[26/09/2022, 14:55] (komut) Rage_Sawyer(1): 0 urun
[26/09/2022, 14:56] (komut) Rage_Sawyer(1): 0 urun 1000
[26/09/2022, 14:56] Yok(1), iþyeri ürün sayýsýný 1000 yaptý. (SID: 1)
[26/09/2022, 14:57] (komut) Rage_Sawyer(1): 
[26/09/2022, 14:57] 
(1) bir meslek noktasýný oluþturdu.
[26/09/2022, 14:57] (komut) Rage_Sawyer(1): 0 tur
[26/09/2022, 14:57] (komut) Rage_Sawyer(1): 0 
[26/09/2022, 14:57] (komut) Rage_Sawyer(1): 0 tur 1
[26/09/2022, 14:57] 
(1) bir mesleðin türünü deðiþtirdi. (ID: 1 | Tür: Kamyon Þöförü)
[26/09/2022, 14:58] (komut) Rage_Sawyer(1): 
[26/09/2022, 14:58] (komut) Rage_Sawyer(1): 
[26/09/2022, 14:58] (komut) Rage_Sawyer(1): 
[26/09/2022, 14:58] [callcmd::ame] Rage_Sawyer(1) anahtarý saat yönünde çevirir ve aracýn motorunu açmaya çalýþýr.
[26/09/2022, 14:58] (komut) Rage_Sawyer(1): 
[26/09/2022, 14:59] (komut) Rage_Sawyer(1): 
[26/09/2022, 14:59] (komut) Rage_Sawyer(1): 
[26/09/2022, 15:01] Rage_Sawyer(127.0.0.1) sunucuya giriþ yaptý.
[26/09/2022, 15:01] Rage_Sawyer(255.255.255.255) oyundan çýkýþ yaptý.
[26/09/2022, 15:02] 001(127.0.0.1) sunucuya giriþ yaptý.
[26/09/2022, 15:02] (komut) Rage_Sawyer(1): 
[26/09/2022, 15:02] (komut) Rage_Sawyer(1): 
[26/09/2022, 15:02] (komut) Rage_Sawyer(1): meslek
[26/09/2022, 15:02] (komut) Rage_Sawyer(1): meslek 0
[26/09/2022, 15:03] (komut) Rage_Sawyer(1): 
[26/09/2022, 15:03] (komut) Rage_Sawyer(1): 
[26/09/2022, 15:03] (komut) Rage_Sawyer(1): 
[26/09/2022, 15:03] (komut) Rage_Sawyer(1): 
[26/09/2022, 15:03] [callcmd::ame] Rage_Sawyer(1) anahtarý saat yönünde çevirir ve aracýn motorunu açmaya çalýþýr.
[26/09/2022, 15:03] (komut) Rage_Sawyer(1): 
[26/09/2022, 15:03:27] Rage_Sawyer(1) mesleðe baþladý.
[26/09/2022, 15:06:14] Rage_Sawyer(1) mesleði bitirdi.
[26/09/2022, 15:08] (komut) Rage_Sawyer(1): isyeri 1
[26/09/2022, 15:08] (komut) Rage_Sawyer(1): isyeri 0
[26/09/2022, 15:08] (komut) Rage_Sawyer(1): 0 
[26/09/2022, 15:08] (komut) Rage_Sawyer(1): 0 interior
[26/09/2022, 15:08] Yok(1), bir iþyeri interiorunu deðiþtirdi. (SID: 1)
[26/09/2022, 15:09] (komut) Rage_Sawyer(1): 
[26/09/2022, 15:09] (komut) Rage_Sawyer(1): 0 100000000
[26/09/2022, 15:09] (komut) Rage_Sawyer(1): 0 10000000
[26/09/2022, 15:09] (komut) Rage_Sawyer(1): 0 100000
[26/09/2022, 15:09] Yok(1), Rage_Sawyer(1) adlý kiþiye $100,000 verdi.
[26/09/2022, 15:09] (komut) Rage_Sawyer(1): 0 1000000
[26/09/2022, 15:09] Yok(1), Rage_Sawyer(1) adlý kiþiye $1,000,000 verdi.
[26/09/2022, 15:09] (komut) Rage_Sawyer(1): 
[26/09/2022, 15:09] Rage_Sawyer(1), bir iþyeri satýn aldý. (SQL: 1)
[26/09/2022, 15:09] (komut) Rage_Sawyer(1): 
[26/09/2022, 15:10] (komut) Rage_Sawyer(1): 
[26/09/2022, 15:11] Rage_Sawyer(127.0.0.1) sunucuya giriþ yaptý.
[26/09/2022, 15:11] Rage_Sawyer(255.255.255.255) oyundan çýkýþ yaptý.
[26/09/2022, 15:11] 001(127.0.0.1) sunucuya giriþ yaptý.
[26/09/2022, 15:12] (komut) Rage_Sawyer(1): 
[26/09/2022, 15:12] (komut) Rage_Sawyer(1): 
[26/09/2022, 15:12] (komut) Rage_Sawyer(1): 
[26/09/2022, 15:12] Rage_Sawyer(255.255.255.255) oyundan çýkýþ yaptý.
[26/09/2022, 15:21] 001(127.0.0.1) sunucuya giriþ yaptý.
[26/09/2022, 15:22] (komut) Rage_Sawyer(1): 
[26/09/2022, 15:55] Rage_Sawyer(255.255.255.255) oyundan çýkýþ yaptý.
[26/09/2022, 15:55] 001(127.0.0.1) sunucuya giriþ yaptý.
[26/09/2022, 15:56] (komut) Rage_Sawyer(1): 
[26/09/2022, 15:56] (komut) Rage_Sawyer(1): 
[26/09/2022, 15:56] Yok(1), bir iþyeri oluþturdu. (SID: 0)
[26/09/2022, 15:58] (komut) Rage_Sawyer(1): 
[26/09/2022, 15:58] (komut) Rage_Sawyer(1): 
[26/09/2022, 15:59] (komut) Rage_Sawyer(1): 
[26/09/2022, 15:59] (komut) Rage_Sawyer(1): 
[26/09/2022, 15:59] (komut) Rage_Sawyer(1): 1
[26/09/2022, 15:59] Yok(1) bir aracý yanýna çekti. (SQL: 1)
[26/09/2022, 15:59] (komut) Rage_Sawyer(1): 
[26/09/2022, 15:59] (komut) Rage_Sawyer(1): 
[26/09/2022, 15:59] (komut) Rage_Sawyer(1): arac 1
[26/09/2022, 15:59] (komut) Rage_Sawyer(1): isyeri 1
[26/09/2022, 15:59] (komut) Rage_Sawyer(1): 0 1
[26/09/2022, 15:59] Yok(1), Rage_Sawyer(1) adlý kiþinin VW'sini 1 olarak deðiþtirdi.
[26/09/2022, 15:59] (komut) Rage_Sawyer(1): 0 0
[26/09/2022, 15:59] Yok(1), Rage_Sawyer(1) adlý kiþinin VW'sini 0 olarak deðiþtirdi.
[26/09/2022, 16:00] (komut) Rage_Sawyer(1): 1
[26/09/2022, 16:00] Yok(1) bir aracý yanýna çekti. (SQL: 1)
[26/09/2022, 16:00] (komut) Rage_Sawyer(1): arac 1
[26/09/2022, 16:00] (komut) Rage_Sawyer(1): arac 0
[26/09/2022, 16:00] Rage_Sawyer(255.255.255.255) oyundan çýkýþ yaptý.
[26/09/2022, 22:00] 001(127.0.0.1) sunucuya giriþ yaptý.
[26/09/2022, 22:00] Rage_Sawyer(255.255.255.255) oyundan çýkýþ yaptý.
[26/09/2022, 22:01] 001(127.0.0.1) sunucuya giriþ yaptý.
[26/09/2022, 22:02] (komut) Rage_Sawyer(1): 
[26/09/2022, 22:02] Rage_Sawyer(255.255.255.255) oyundan çýkýþ yaptý.
