[01/09/2019, 14:18] 001(127.0.0.1) sunucuya giriþ yaptý.
[01/09/2019, 14:18] (komut) Michael_Sherwood(3): /karaktersec
[01/09/2019, 14:18] Michael_Sherwood(127.0.0.1) oyundan çýkýþ yaptý.
[01/09/2019, 14:18] 001(127.0.0.1) sunucuya giriþ yaptý.
[01/09/2019, 14:18] (komut) Biddy_Boelter(1): /setskin 0 22000
[01/09/2019, 14:18] Berkay(1), Biddy_Boelter(1) adlý kiþinin kýyafetini 22000 olarak deðiþtirdi.
[01/09/2019, 14:18] (komut) Biddy_Boelter(1): /setskin 0 22001
[01/09/2019, 14:18] Berkay(1), Biddy_Boelter(1) adlý kiþinin kýyafetini 22001 olarak deðiþtirdi.
[01/09/2019, 14:18] (komut) Biddy_Boelter(1): /setskin 0 22002
[01/09/2019, 14:18] Berkay(1), Biddy_Boelter(1) adlý kiþinin kýyafetini 22002 olarak deðiþtirdi.
[01/09/2019, 14:18] (komut) Biddy_Boelter(1): /setskin 0 22003
[01/09/2019, 14:18] Berkay(1), Biddy_Boelter(1) adlý kiþinin kýyafetini 22003 olarak deðiþtirdi.
[01/09/2019, 14:18] (komut) Biddy_Boelter(1): /setskin 0 22004
[01/09/2019, 14:18] Berkay(1), Biddy_Boelter(1) adlý kiþinin kýyafetini 22004 olarak deðiþtirdi.
[01/09/2019, 14:18] (komut) Biddy_Boelter(1): /setskin 0 22005
[01/09/2019, 14:18] Berkay(1), Biddy_Boelter(1) adlý kiþinin kýyafetini 22005 olarak deðiþtirdi.
[01/09/2019, 14:18] (komut) Biddy_Boelter(1): /setskin 0 22006
[01/09/2019, 14:18] Berkay(1), Biddy_Boelter(1) adlý kiþinin kýyafetini 22006 olarak deðiþtirdi.
[01/09/2019, 14:18] (komut) Biddy_Boelter(1): /setskin 0 22007
[01/09/2019, 14:18] Berkay(1), Biddy_Boelter(1) adlý kiþinin kýyafetini 22007 olarak deðiþtirdi.
[01/09/2019, 14:18] (komut) Biddy_Boelter(1): /setskin 0 22008
[01/09/2019, 14:18] Berkay(1), Biddy_Boelter(1) adlý kiþinin kýyafetini 22008 olarak deðiþtirdi.
[01/09/2019, 14:19] (komut) Biddy_Boelter(1): /setskin 0 22009
[01/09/2019, 14:19] Berkay(1), Biddy_Boelter(1) adlý kiþinin kýyafetini 22009 olarak deðiþtirdi.
[01/09/2019, 14:19] (komut) Biddy_Boelter(1): /setskin 0 22008
[01/09/2019, 14:19] Berkay(1), Biddy_Boelter(1) adlý kiþinin kýyafetini 22008 olarak deðiþtirdi.
[01/09/2019, 14:19] Biddy_Boelter(255.255.255.255) oyundan çýkýþ yaptý.
[01/09/2019, 14:21] 001(127.0.0.1) sunucuya giriþ yaptý.
[01/09/2019, 14:21] Biddy_Boelter(255.255.255.255) oyundan çýkýþ yaptý.
[01/09/2019, 14:23] 001(127.0.0.1) sunucuya giriþ yaptý.
[01/09/2019, 14:39] Biddy Boelter(HESAP ID: 1) can hilesi kullanýyor olabilir. (#015)
[01/09/2019, 14:57] (komut) Biddy_Boelter(1): /setskin 0 22000
[01/09/2019, 14:57] Berkay(1), Biddy_Boelter(1) adlý kiþinin kýyafetini 22000 olarak deðiþtirdi.
[01/09/2019, 14:57] (komut) Biddy_Boelter(1): /setskin 0 22001
[01/09/2019, 14:57] Berkay(1), Biddy_Boelter(1) adlý kiþinin kýyafetini 22001 olarak deðiþtirdi.
[01/09/2019, 14:57] (komut) Biddy_Boelter(1): /setskin 0 22003
[01/09/2019, 14:57] Berkay(1), Biddy_Boelter(1) adlý kiþinin kýyafetini 22003 olarak deðiþtirdi.
[01/09/2019, 14:57] (komut) Biddy_Boelter(1): /setskin 0 22004
[01/09/2019, 14:57] Berkay(1), Biddy_Boelter(1) adlý kiþinin kýyafetini 22004 olarak deðiþtirdi.
[01/09/2019, 14:57] (komut) Biddy_Boelter(1): /setskin 0 22005
[01/09/2019, 14:57] Berkay(1), Biddy_Boelter(1) adlý kiþinin kýyafetini 22005 olarak deðiþtirdi.
[01/09/2019, 14:57] (komut) Biddy_Boelter(1): /setskin 0 22006
[01/09/2019, 14:57] Berkay(1), Biddy_Boelter(1) adlý kiþinin kýyafetini 22006 olarak deðiþtirdi.
[01/09/2019, 14:57] (komut) Biddy_Boelter(1): /setskin 0 22007
[01/09/2019, 14:57] Berkay(1), Biddy_Boelter(1) adlý kiþinin kýyafetini 22007 olarak deðiþtirdi.
[01/09/2019, 14:57] Biddy_Boelter(255.255.255.255) oyundan çýkýþ yaptý.
[01/09/2019, 15:29] 001(127.0.0.1) sunucuya giriþ yaptý.
[01/09/2019, 15:32] (komut) Biddy_Boelter(1): /SETSKÝN 0 22001
[01/09/2019, 15:32] (komut) Biddy_Boelter(1): /setskin 0 22001
[01/09/2019, 15:32] Berkay(1), Biddy_Boelter(1) adlý kiþinin kýyafetini 22001 olarak deðiþtirdi.
[01/09/2019, 15:32] (komut) Biddy_Boelter(1): /setskin 0 22002
[01/09/2019, 15:32] Berkay(1), Biddy_Boelter(1) adlý kiþinin kýyafetini 22002 olarak deðiþtirdi.
[01/09/2019, 15:32] (komut) Biddy_Boelter(1): /setskin 0 22003
[01/09/2019, 15:32] Berkay(1), Biddy_Boelter(1) adlý kiþinin kýyafetini 22003 olarak deðiþtirdi.
[01/09/2019, 15:32] (komut) Biddy_Boelter(1): /coz 0
[01/09/2019, 15:32] (komut) Biddy_Boelter(1): /setskin 0 22004
[01/09/2019, 15:32] Berkay(1), Biddy_Boelter(1) adlý kiþinin kýyafetini 22004 olarak deðiþtirdi.
[01/09/2019, 15:32] (komut) Biddy_Boelter(1): /setskin 0 22005
[01/09/2019, 15:32] Berkay(1), Biddy_Boelter(1) adlý kiþinin kýyafetini 22005 olarak deðiþtirdi.
[01/09/2019, 15:32] (komut) Biddy_Boelter(1): /setskin 0 22007
[01/09/2019, 15:32] Berkay(1), Biddy_Boelter(1) adlý kiþinin kýyafetini 22007 olarak deðiþtirdi.
[01/09/2019, 15:32] (komut) Biddy_Boelter(1): /setskin 0 22008
[01/09/2019, 15:32] Berkay(1), Biddy_Boelter(1) adlý kiþinin kýyafetini 22008 olarak deðiþtirdi.
[01/09/2019, 15:32] (komut) Biddy_Boelter(1): /setskin 0 22009
[01/09/2019, 15:32] Berkay(1), Biddy_Boelter(1) adlý kiþinin kýyafetini 22009 olarak deðiþtirdi.
[01/09/2019, 15:32] (komut) Biddy_Boelter(1): /setskin 0 22010
[01/09/2019, 15:32] Berkay(1), Biddy_Boelter(1) adlý kiþinin kýyafetini 22010 olarak deðiþtirdi.
[01/09/2019, 15:32] (komut) Biddy_Boelter(1): /setskin 0 22011
[01/09/2019, 15:32] Berkay(1), Biddy_Boelter(1) adlý kiþinin kýyafetini 22011 olarak deðiþtirdi.
[01/09/2019, 15:32] (komut) Biddy_Boelter(1): /setskin 0 22012
[01/09/2019, 15:32] Berkay(1), Biddy_Boelter(1) adlý kiþinin kýyafetini 22012 olarak deðiþtirdi.
[01/09/2019, 15:32] (komut) Biddy_Boelter(1): /setskin 0 22013
[01/09/2019, 15:32] Berkay(1), Biddy_Boelter(1) adlý kiþinin kýyafetini 22013 olarak deðiþtirdi.
[01/09/2019, 15:32] (komut) Biddy_Boelter(1): /setskin 0 22012
[01/09/2019, 15:32] Berkay(1), Biddy_Boelter(1) adlý kiþinin kýyafetini 22012 olarak deðiþtirdi.
[01/09/2019, 15:32] (komut) Biddy_Boelter(1): /setskin 0 22014
[01/09/2019, 15:32] Berkay(1), Biddy_Boelter(1) adlý kiþinin kýyafetini 22014 olarak deðiþtirdi.
[01/09/2019, 15:32] (komut) Biddy_Boelter(1): /setskin 0 22015
[01/09/2019, 15:32] Berkay(1), Biddy_Boelter(1) adlý kiþinin kýyafetini 22015 olarak deðiþtirdi.
[01/09/2019, 15:32] (komut) Biddy_Boelter(1): /setskin 0 22017
[01/09/2019, 15:32] Berkay(1), Biddy_Boelter(1) adlý kiþinin kýyafetini 22017 olarak deðiþtirdi.
[01/09/2019, 15:32] (komut) Biddy_Boelter(1): /setskin 0 22018
[01/09/2019, 15:32] Berkay(1), Biddy_Boelter(1) adlý kiþinin kýyafetini 22018 olarak deðiþtirdi.
[01/09/2019, 15:32] (komut) Biddy_Boelter(1): /setskin 0 22020
[01/09/2019, 15:32] Berkay(1), Biddy_Boelter(1) adlý kiþinin kýyafetini 22020 olarak deðiþtirdi.
[01/09/2019, 15:32] (komut) Biddy_Boelter(1): /setskin 0 22019
[01/09/2019, 15:32] Berkay(1), Biddy_Boelter(1) adlý kiþinin kýyafetini 22019 olarak deðiþtirdi.
[01/09/2019, 15:33] (komut) Biddy_Boelter(1): /setskin 0 22017
[01/09/2019, 15:33] Berkay(1), Biddy_Boelter(1) adlý kiþinin kýyafetini 22017 olarak deðiþtirdi.
[01/09/2019, 15:33] (komut) Biddy_Boelter(1): /setskin 0 22018
[01/09/2019, 15:33] Berkay(1), Biddy_Boelter(1) adlý kiþinin kýyafetini 22018 olarak deðiþtirdi.
[01/09/2019, 15:33] (komut) Biddy_Boelter(1): /setskin 0 22020
[01/09/2019, 15:33] Berkay(1), Biddy_Boelter(1) adlý kiþinin kýyafetini 22020 olarak deðiþtirdi.
[01/09/2019, 15:33] (komut) Biddy_Boelter(1): /setskin 0 22021
[01/09/2019, 15:33] Berkay(1), Biddy_Boelter(1) adlý kiþinin kýyafetini 22021 olarak deðiþtirdi.
[01/09/2019, 15:33] (komut) Biddy_Boelter(1): /setskin 0 22022
[01/09/2019, 15:33] Berkay(1), Biddy_Boelter(1) adlý kiþinin kýyafetini 22022 olarak deðiþtirdi.
[01/09/2019, 15:33] (komut) Biddy_Boelter(1): /setskin 0 22023
[01/09/2019, 15:33] Berkay(1), Biddy_Boelter(1) adlý kiþinin kýyafetini 22023 olarak deðiþtirdi.
[01/09/2019, 15:33] (komut) Biddy_Boelter(1): /setskin 0 22024
[01/09/2019, 15:33] Berkay(1), Biddy_Boelter(1) adlý kiþinin kýyafetini 22024 olarak deðiþtirdi.
[01/09/2019, 15:33] (komut) Biddy_Boelter(1): /setskin 0 22025
[01/09/2019, 15:33] Berkay(1), Biddy_Boelter(1) adlý kiþinin kýyafetini 22025 olarak deðiþtirdi.
[01/09/2019, 15:33] (komut) Biddy_Boelter(1): /setskin 0 22024
[01/09/2019, 15:33] Berkay(1), Biddy_Boelter(1) adlý kiþinin kýyafetini 22024 olarak deðiþtirdi.
[01/09/2019, 15:33] (komut) Biddy_Boelter(1): /setskin 0 22016
[01/09/2019, 15:33] Berkay(1), Biddy_Boelter(1) adlý kiþinin kýyafetini 22016 olarak deðiþtirdi.
[01/09/2019, 15:33] (komut) Biddy_Boelter(1): /setskin 0 22019
[01/09/2019, 15:33] Berkay(1), Biddy_Boelter(1) adlý kiþinin kýyafetini 22019 olarak deðiþtirdi.
[01/09/2019, 15:33] (komut) Biddy_Boelter(1): /setskin 0 22011
[01/09/2019, 15:33] Berkay(1), Biddy_Boelter(1) adlý kiþinin kýyafetini 22011 olarak deðiþtirdi.
[01/09/2019, 15:33] (komut) Biddy_Boelter(1): /git ev 5
[01/09/2019, 15:33] (komut) Biddy_Boelter(1): /karakter
[01/09/2019, 15:33] (komut) Biddy_Boelter(1): /amaas
[01/09/2019, 15:34] (komut) Biddy_Boelter(1): /karakter
[01/09/2019, 15:34] (komut) Biddy_Boelter(1): /adminyap 0 6
[01/09/2019, 15:34] (komut) Biddy_Boelter(1): /adminyap 0 6
[01/09/2019, 15:34] Berkay(1), Biddy_Boelter(1) adlý kiþinin admin levelini 6 yaptý.
[01/09/2019, 15:34] (komut) Biddy_Boelter(1): /karakter
[01/09/2019, 15:34] (komut) Biddy_Boelter(1): /amaas
[01/09/2019, 15:37] (komut) Biddy_Boelter(1): /amaas
[01/09/2019, 15:37] (komut) Biddy_Boelter(1): /adminyap 0 7
[01/09/2019, 15:37] Berkay(1), Biddy_Boelter(1) adlý kiþinin admin levelini 7 yaptý.
[01/09/2019, 15:37] (komut) Biddy_Boelter(1): /amaas
[01/09/2019, 15:42] Biddy_Boelter(255.255.255.255) oyundan çýkýþ yaptý.
